#
# There is insufficient memory for the Java Runtime Environment to continue.
# Native memory allocation (mmap) failed to map 32505856 bytes for Failed to commit area from 0x0000000089800000 to 0x000000008b700000 of length 32505856.
# Possible reasons:
#   The system is out of physical RAM or swap space
#   The process is running with CompressedOops enabled, and the Java Heap may be blocking the growth of the native heap
# Possible solutions:
#   Reduce memory load on the system
#   Increase physical memory or swap space
#   Check if swap backing store is full
#   Decrease Java heap size (-Xmx/-Xms)
#   Decrease number of Java threads
#   Decrease Java thread stack sizes (-Xss)
#   Set larger code cache with -XX:ReservedCodeCacheSize=
#   JVM is running with Unscaled Compressed Oops mode in which the Java heap is
#     placed in the first 4GB address space. The Java Heap base address is the
#     maximum limit for the native heap growth. Please use -XX:HeapBaseMinAddress
#     to set the Java Heap base and to place the Java Heap above 4GB virtual address.
# This output file may be truncated or incomplete.
#
#  Out of Memory Error (./src/hotspot/os/windows/os_windows.cpp:3301), pid=10276, tid=16740
#
# JRE version: OpenJDK Runtime Environment (11.0.10) (build 11.0.10+0-b96-7249189)
# Java VM: OpenJDK 64-Bit Server VM (11.0.10+0-b96-7249189, mixed mode, tiered, compressed oops, g1 gc, windows-amd64)
# No core dump will be written. Minidumps are not enabled by default on client versions of Windows
#

---------------  S U M M A R Y ------------

Command Line: --add-opens=java.base/java.util=ALL-UNNAMED --add-opens=java.base/java.lang=ALL-UNNAMED --add-opens=java.base/java.lang.invoke=ALL-UNNAMED --add-opens=java.prefs/java.util.prefs=ALL-UNNAMED -Xmx2048m -Dfile.encoding=UTF-8 -Duser.country=US -Duser.language=en -Duser.variant org.gradle.launcher.daemon.bootstrap.GradleDaemon 6.5

Host: Intel(R) Core(TM) i7-7500U CPU @ 2.70GHz, 4 cores, 7G,  Windows 10 , 64 bit Build 19041 (10.0.19041.1151)
Time: Thu Sep  9 13:34:01 2021 West Asia Standard Time elapsed time: 9.663767 seconds (0d 0h 0m 9s)

---------------  T H R E A D  ---------------

Current thread (0x000001e87fd1e800):  VMThread "VM Thread" [stack: 0x00000080a3a00000,0x00000080a3b00000] [id=16740]

Stack: [0x00000080a3a00000,0x00000080a3b00000]
[error occurred during error reporting (printing stack bounds), id 0xc0000005, EXCEPTION_ACCESS_VIOLATION (0xc0000005) at pc=0x000001e86dc30f2d]

Native frames: (J=compiled Java code, j=interpreted, Vv=VM code, C=native code)
V  [jvm.dll+0x5ecfaa]
V  [jvm.dll+0x722bd5]
V  [jvm.dll+0x72412d]
V  [jvm.dll+0x724745]
V  [jvm.dll+0x7246fb]
V  [jvm.dll+0x5ec348]
V  [jvm.dll+0x5ecad8]
C  [ntdll.dll+0xa217f]
C  [ntdll.dll+0x51454]
C  [ntdll.dll+0xa0cae]
C  0x000001e86dc30f2d

VM_Operation (0x00000080a50f77d0): G1CollectForAllocation, mode: safepoint, requested by thread 0x000001e8061ee800


---------------  P R O C E S S  ---------------

Threads class SMR info:
_java_thread_list=0x000001e80bb82ee0, length=148, elements={
0x000001e867fdd000, 0x000001e87fd23000, 0x000001e87fd26000, 0x000001e87fd45800,
0x000001e87fd46000, 0x000001e87fd48000, 0x000001e87fd4b800, 0x000001e80488c800,
0x000001e804892000, 0x000001e80497f800, 0x000001e806663000, 0x000001e806051800,
0x000001e805b63000, 0x000001e8067ca800, 0x000001e805504800, 0x000001e8066a3800,
0x000001e8061ee800, 0x000001e806637000, 0x000001e806672000, 0x000001e8062e4000,
0x000001e8062e1800, 0x000001e8062de800, 0x000001e8062e0000, 0x000001e806c73000,
0x000001e8062e3000, 0x000001e8062e2800, 0x000001e8062e0800, 0x000001e8062e5000,
0x000001e8062df000, 0x000001e808e26800, 0x000001e808e29000, 0x000001e808e25000,
0x000001e808e23000, 0x000001e808e24000, 0x000001e808e2a800, 0x000001e808e2a000,
0x000001e808e25800, 0x000001e808e28000, 0x000001e808e2c000, 0x000001e808e2b800,
0x000001e808e2d000, 0x000001e808e27800, 0x000001e808e32000, 0x000001e808e2e000,
0x000001e808e30800, 0x000001e808e2e800, 0x000001e808e31000, 0x000001e808e2f800,
0x000001e80925e800, 0x000001e809263000, 0x000001e809260800, 0x000001e80925e000,
0x000001e809261000, 0x000001e809267800, 0x000001e809265000, 0x000001e809262000,
0x000001e809266000, 0x000001e809263800, 0x000001e809268800, 0x000001e809267000,
0x000001e80926a000, 0x000001e809269800, 0x000001e809264800, 0x000001e80926b000,
0x000001e80926b800, 0x000001e809380000, 0x000001e809382800, 0x000001e809384800,
0x000001e809387000, 0x000001e809381000, 0x000001e809382000, 0x000001e809385000,
0x000001e809386000, 0x000001e809387800, 0x000001e809388800, 0x000001e809389000,
0x000001e809383800, 0x000001e80938a000, 0x000001e80938b800, 0x000001e80938b000,
0x000001e80938c800, 0x000001e80938f000, 0x000001e80938d800, 0x000001e80938e000,
0x000001e80b65e800, 0x000001e80b65f800, 0x000001e80b65b000, 0x000001e80b65d800,
0x000001e80b660000, 0x000001e80b65d000, 0x000001e80b65a800, 0x000001e80b661800,
0x000001e80b65c000, 0x000001e80b661000, 0x000001e80b666000, 0x000001e80b663800,
0x000001e80b665000, 0x000001e80b666800, 0x000001e80b667800, 0x000001e80b664000,
0x000001e80b668000, 0x000001e80b662800, 0x000001e80b669000, 0x000001e808ee6000,
0x000001e808ee7000, 0x000001e808ee8000, 0x000001e808ee8800, 0x000001e808ee5800,
0x000001e808ee4000, 0x000001e808ee3000, 0x000001e808ee9800, 0x000001e808ee4800,
0x000001e808eec800, 0x000001e808eee800, 0x000001e808eec000, 0x000001e808eea800,
0x000001e808eef000, 0x000001e808ef0000, 0x000001e808eed800, 0x000001e808ef1000,
0x000001e808eeb000, 0x000001e808ef1800, 0x000001e809195000, 0x000001e809196000,
0x000001e809196800, 0x000001e809193800, 0x000001e809197800, 0x000001e80919a000,
0x000001e809198800, 0x000001e809194000, 0x000001e80919c800, 0x000001e80919e000,
0x000001e80919f000, 0x000001e80919d000, 0x000001e809199000, 0x000001e80919b800,
0x000001e8091a0800, 0x000001e80919f800, 0x000001e80919b000, 0x000001e8091a1800,
0x000001e8091a2000, 0x000001e80b8c8800, 0x000001e80b8ca800, 0x000001e80b8c8000,
0x000001e80b8c6800, 0x000001e80b8c9800, 0x000001e80b8cb000, 0x000001e80b8cc000
}

Java Threads: ( => current thread )
  0x000001e867fdd000 JavaThread "main" [_thread_blocked, id=11272, stack(0x00000080a3400000,0x00000080a3500000)]
  0x000001e87fd23000 JavaThread "Reference Handler" daemon [_thread_blocked, id=9460, stack(0x00000080a3b00000,0x00000080a3c00000)]
  0x000001e87fd26000 JavaThread "Finalizer" daemon [_thread_blocked, id=7408, stack(0x00000080a3c00000,0x00000080a3d00000)]
  0x000001e87fd45800 JavaThread "Signal Dispatcher" daemon [_thread_blocked, id=14304, stack(0x00000080a3d00000,0x00000080a3e00000)]
  0x000001e87fd46000 JavaThread "Attach Listener" daemon [_thread_blocked, id=12024, stack(0x00000080a3e00000,0x00000080a3f00000)]
  0x000001e87fd48000 JavaThread "Service Thread" daemon [_thread_blocked, id=4044, stack(0x00000080a3f00000,0x00000080a4000000)]
  0x000001e87fd4b800 JavaThread "C2 CompilerThread0" daemon [_thread_blocked, id=12120, stack(0x00000080a4000000,0x00000080a4100000)]
  0x000001e80488c800 JavaThread "C1 CompilerThread0" daemon [_thread_blocked, id=15992, stack(0x00000080a4100000,0x00000080a4200000)]
  0x000001e804892000 JavaThread "Sweeper thread" daemon [_thread_blocked, id=7956, stack(0x00000080a4200000,0x00000080a4300000)]
  0x000001e80497f800 JavaThread "Common-Cleaner" daemon [_thread_blocked, id=8800, stack(0x00000080a4300000,0x00000080a4400000)]
  0x000001e806663000 JavaThread "Daemon health stats" [_thread_blocked, id=7820, stack(0x00000080a4800000,0x00000080a4900000)]
  0x000001e806051800 JavaThread "Incoming local TCP Connector on port 65461" [_thread_in_native, id=10740, stack(0x00000080a4a00000,0x00000080a4b00000)]
  0x000001e805b63000 JavaThread "Daemon periodic checks" [_thread_blocked, id=2788, stack(0x00000080a4b00000,0x00000080a4c00000)]
  0x000001e8067ca800 JavaThread "Daemon" [_thread_blocked, id=11184, stack(0x00000080a4c00000,0x00000080a4d00000)]
  0x000001e805504800 JavaThread "Handler for socket connection from /127.0.0.1:65461 to /127.0.0.1:65462" [_thread_in_native, id=10448, stack(0x00000080a4d00000,0x00000080a4e00000)]
  0x000001e8066a3800 JavaThread "Cancel handler" [_thread_blocked, id=1140, stack(0x00000080a4f00000,0x00000080a5000000)]
  0x000001e8061ee800 JavaThread "Daemon worker" [_thread_blocked, id=14100, stack(0x00000080a5000000,0x00000080a5100000)]
  0x000001e806637000 JavaThread "Asynchronous log dispatcher for DefaultDaemonConnection: socket connection from /127.0.0.1:65461 to /127.0.0.1:65462" [_thread_blocked, id=14264, stack(0x00000080a5100000,0x00000080a5200000)]
  0x000001e806672000 JavaThread "Stdin handler" [_thread_blocked, id=11520, stack(0x00000080a5200000,0x00000080a5300000)]
  0x000001e8062e4000 JavaThread "Thread-8" [_thread_blocked, id=14796, stack(0x00000080a5300000,0x00000080a5400000)]
  0x000001e8062e1800 JavaThread "Cache worker for journal cache (C:\Users\Lenovo\.gradle\caches\journal-1)" [_thread_blocked, id=12328, stack(0x00000080a5400000,0x00000080a5500000)]
  0x000001e8062de800 JavaThread "File lock request listener" [_thread_in_native, id=8576, stack(0x00000080a5500000,0x00000080a5600000)]
  0x000001e8062e0000 JavaThread "Cache worker for file hash cache (C:\Users\Lenovo\.gradle\caches\6.5\fileHashes)" [_thread_blocked, id=15868, stack(0x00000080a5700000,0x00000080a5800000)]
  0x000001e806c73000 JavaThread "C2 CompilerThread1" daemon [_thread_in_native, id=15436, stack(0x00000080a4e00000,0x00000080a4f00000)]
  0x000001e8062e3000 JavaThread "Cache worker for file hash cache (D:\PDP\Android\Homework\lesson29 mediaPlayer\.gradle\6.5\fileHashes)" [_thread_blocked, id=16512, stack(0x00000080a5800000,0x00000080a5900000)]
  0x000001e8062e2800 JavaThread "jar transforms" [_thread_blocked, id=13660, stack(0x00000080a5900000,0x00000080a5a00000)]
  0x000001e8062e0800 JavaThread "jar transforms Thread 2" [_thread_blocked, id=17092, stack(0x00000080a5a00000,0x00000080a5b00000)]
  0x000001e8062e5000 JavaThread "jar transforms Thread 3" [_thread_blocked, id=8536, stack(0x00000080a5b00000,0x00000080a5c00000)]
  0x000001e8062df000 JavaThread "jar transforms Thread 4" [_thread_blocked, id=9380, stack(0x00000080a5c00000,0x00000080a5d00000)]
  0x000001e808e26800 JavaThread "jar transforms Thread 5" [_thread_blocked, id=15044, stack(0x00000080a5d00000,0x00000080a5e00000)]
  0x000001e808e29000 JavaThread "jar transforms Thread 6" [_thread_blocked, id=8384, stack(0x00000080a5e00000,0x00000080a5f00000)]
  0x000001e808e25000 JavaThread "jar transforms Thread 7" [_thread_blocked, id=10388, stack(0x00000080a5f00000,0x00000080a6000000)]
  0x000001e808e23000 JavaThread "jar transforms Thread 8" [_thread_blocked, id=14164, stack(0x00000080a6000000,0x00000080a6100000)]
  0x000001e808e24000 JavaThread "jar transforms Thread 9" [_thread_blocked, id=4036, stack(0x00000080a6100000,0x00000080a6200000)]
  0x000001e808e2a800 JavaThread "jar transforms Thread 10" [_thread_blocked, id=6284, stack(0x00000080a6200000,0x00000080a6300000)]
  0x000001e808e2a000 JavaThread "jar transforms Thread 11" [_thread_blocked, id=2636, stack(0x00000080a6300000,0x00000080a6400000)]
  0x000001e808e25800 JavaThread "jar transforms Thread 12" [_thread_blocked, id=5396, stack(0x00000080a6400000,0x00000080a6500000)]
  0x000001e808e28000 JavaThread "jar transforms Thread 13" [_thread_blocked, id=14228, stack(0x00000080a6500000,0x00000080a6600000)]
  0x000001e808e2c000 JavaThread "jar transforms Thread 14" [_thread_blocked, id=14484, stack(0x00000080a6600000,0x00000080a6700000)]
  0x000001e808e2b800 JavaThread "jar transforms Thread 15" [_thread_blocked, id=8556, stack(0x00000080a6700000,0x00000080a6800000)]
  0x000001e808e2d000 JavaThread "jar transforms Thread 16" [_thread_blocked, id=6208, stack(0x00000080a6800000,0x00000080a6900000)]
  0x000001e808e27800 JavaThread "jar transforms Thread 17" [_thread_blocked, id=17304, stack(0x00000080a6900000,0x00000080a6a00000)]
  0x000001e808e32000 JavaThread "jar transforms Thread 18" [_thread_blocked, id=12404, stack(0x00000080a6a00000,0x00000080a6b00000)]
  0x000001e808e2e000 JavaThread "jar transforms Thread 19" [_thread_blocked, id=11072, stack(0x00000080a6b00000,0x00000080a6c00000)]
  0x000001e808e30800 JavaThread "jar transforms Thread 20" [_thread_blocked, id=12440, stack(0x00000080a6c00000,0x00000080a6d00000)]
  0x000001e808e2e800 JavaThread "Cache worker for checksums cache (D:\PDP\Android\Homework\lesson29 mediaPlayer\.gradle\checksums)" [_thread_blocked, id=16848, stack(0x00000080a6d00000,0x00000080a6e00000)]
  0x000001e808e31000 JavaThread "Cache worker for cache directory md-supplier (C:\Users\Lenovo\.gradle\caches\6.5\md-supplier)" [_thread_blocked, id=14656, stack(0x00000080a6e00000,0x00000080a6f00000)]
  0x000001e808e2f800 JavaThread "Cache worker for cache directory md-rule (C:\Users\Lenovo\.gradle\caches\6.5\md-rule)" [_thread_blocked, id=16736, stack(0x00000080a6f00000,0x00000080a7000000)]
  0x000001e80925e800 JavaThread "Cache worker for execution history cache (C:\Users\Lenovo\.gradle\caches\6.5\executionHistory)" [_thread_blocked, id=3972, stack(0x00000080a7000000,0x00000080a7100000)]
  0x000001e809263000 JavaThread "Cache worker for file content cache (C:\Users\Lenovo\.gradle\caches\6.5\fileContent)" [_thread_blocked, id=14684, stack(0x00000080a7100000,0x00000080a7200000)]
  0x000001e809260800 JavaThread "Cache worker for Build Output Cleanup Cache (D:\PDP\Android\Homework\lesson29 mediaPlayer\.gradle\buildOutputCleanup)" [_thread_blocked, id=572, stack(0x00000080a7200000,0x00000080a7300000)]
  0x000001e80925e000 JavaThread "Build operations" [_thread_blocked, id=10220, stack(0x00000080a7300000,0x00000080a7400000)]
  0x000001e809261000 JavaThread "Build operations Thread 2" [_thread_blocked, id=16768, stack(0x00000080a7400000,0x00000080a7500000)]
  0x000001e809267800 JavaThread "Build operations Thread 3" [_thread_blocked, id=12272, stack(0x00000080a7500000,0x00000080a7600000)]
  0x000001e809265000 JavaThread "Build operations Thread 4" [_thread_blocked, id=16356, stack(0x00000080a7600000,0x00000080a7700000)]
  0x000001e809262000 JavaThread "jar transforms Thread 21" [_thread_blocked, id=7404, stack(0x00000080a7700000,0x00000080a7800000)]
  0x000001e809266000 JavaThread "jar transforms Thread 22" [_thread_blocked, id=12112, stack(0x00000080a7800000,0x00000080a7900000)]
  0x000001e809263800 JavaThread "jar transforms Thread 23" [_thread_blocked, id=12524, stack(0x00000080a7900000,0x00000080a7a00000)]
  0x000001e809268800 JavaThread "jar transforms Thread 24" [_thread_blocked, id=12216, stack(0x00000080a7a00000,0x00000080a7b00000)]
  0x000001e809267000 JavaThread "jar transforms Thread 25" [_thread_blocked, id=15296, stack(0x00000080a7b00000,0x00000080a7c00000)]
  0x000001e80926a000 JavaThread "jar transforms Thread 26" [_thread_blocked, id=13764, stack(0x00000080a7c00000,0x00000080a7d00000)]
  0x000001e809269800 JavaThread "jar transforms Thread 27" [_thread_blocked, id=13452, stack(0x00000080a7d00000,0x00000080a7e00000)]
  0x000001e809264800 JavaThread "jar transforms Thread 28" [_thread_blocked, id=15172, stack(0x00000080a7e00000,0x00000080a7f00000)]
  0x000001e80926b000 JavaThread "jar transforms Thread 29" [_thread_blocked, id=14868, stack(0x00000080a7f00000,0x00000080a8000000)]
  0x000001e80926b800 JavaThread "jar transforms Thread 30" [_thread_blocked, id=13596, stack(0x00000080a8000000,0x00000080a8100000)]
  0x000001e809380000 JavaThread "jar transforms Thread 31" [_thread_blocked, id=14768, stack(0x00000080a8100000,0x00000080a8200000)]
  0x000001e809382800 JavaThread "jar transforms Thread 32" [_thread_blocked, id=16972, stack(0x00000080a8200000,0x00000080a8300000)]
  0x000001e809384800 JavaThread "jar transforms Thread 33" [_thread_blocked, id=13416, stack(0x00000080a8300000,0x00000080a8400000)]
  0x000001e809387000 JavaThread "jar transforms Thread 34" [_thread_blocked, id=7936, stack(0x00000080a8400000,0x00000080a8500000)]
  0x000001e809381000 JavaThread "jar transforms Thread 35" [_thread_blocked, id=14812, stack(0x00000080a8500000,0x00000080a8600000)]
  0x000001e809382000 JavaThread "jar transforms Thread 36" [_thread_blocked, id=14244, stack(0x00000080a8600000,0x00000080a8700000)]
  0x000001e809385000 JavaThread "jar transforms Thread 37" [_thread_blocked, id=11812, stack(0x00000080a8700000,0x00000080a8800000)]
  0x000001e809386000 JavaThread "jar transforms Thread 38" [_thread_blocked, id=12188, stack(0x00000080a8800000,0x00000080a8900000)]
  0x000001e809387800 JavaThread "jar transforms Thread 39" [_thread_blocked, id=5236, stack(0x00000080a8900000,0x00000080a8a00000)]
  0x000001e809388800 JavaThread "jar transforms Thread 40" [_thread_blocked, id=3824, stack(0x00000080a8a00000,0x00000080a8b00000)]
  0x000001e809389000 JavaThread "jar transforms Thread 41" [_thread_blocked, id=7752, stack(0x00000080a8b00000,0x00000080a8c00000)]
  0x000001e809383800 JavaThread "jar transforms Thread 42" [_thread_blocked, id=12184, stack(0x00000080a8c00000,0x00000080a8d00000)]
  0x000001e80938a000 JavaThread "jar transforms Thread 43" [_thread_blocked, id=7888, stack(0x00000080a8d00000,0x00000080a8e00000)]
  0x000001e80938b800 JavaThread "jar transforms Thread 44" [_thread_blocked, id=11136, stack(0x00000080a8e00000,0x00000080a8f00000)]
  0x000001e80938b000 JavaThread "jar transforms Thread 45" [_thread_blocked, id=5440, stack(0x00000080a8f00000,0x00000080a9000000)]
  0x000001e80938c800 JavaThread "jar transforms Thread 46" [_thread_blocked, id=6864, stack(0x00000080a9000000,0x00000080a9100000)]
  0x000001e80938f000 JavaThread "jar transforms Thread 47" [_thread_blocked, id=17364, stack(0x00000080a9100000,0x00000080a9200000)]
  0x000001e80938d800 JavaThread "jar transforms Thread 48" [_thread_blocked, id=11780, stack(0x00000080a9200000,0x00000080a9300000)]
  0x000001e80938e000 JavaThread "jar transforms Thread 49" [_thread_blocked, id=8568, stack(0x00000080a9300000,0x00000080a9400000)]
  0x000001e80b65e800 JavaThread "jar transforms Thread 50" [_thread_blocked, id=13276, stack(0x00000080a9400000,0x00000080a9500000)]
  0x000001e80b65f800 JavaThread "jar transforms Thread 51" [_thread_blocked, id=15776, stack(0x00000080a9500000,0x00000080a9600000)]
  0x000001e80b65b000 JavaThread "jar transforms Thread 52" [_thread_blocked, id=3296, stack(0x00000080a9600000,0x00000080a9700000)]
  0x000001e80b65d800 JavaThread "jar transforms Thread 53" [_thread_blocked, id=11580, stack(0x00000080a9700000,0x00000080a9800000)]
  0x000001e80b660000 JavaThread "jar transforms Thread 54" [_thread_blocked, id=15756, stack(0x00000080a9800000,0x00000080a9900000)]
  0x000001e80b65d000 JavaThread "jar transforms Thread 55" [_thread_blocked, id=11256, stack(0x00000080a9900000,0x00000080a9a00000)]
  0x000001e80b65a800 JavaThread "jar transforms Thread 56" [_thread_blocked, id=13920, stack(0x00000080a9a00000,0x00000080a9b00000)]
  0x000001e80b661800 JavaThread "jar transforms Thread 57" [_thread_blocked, id=3696, stack(0x00000080a9b00000,0x00000080a9c00000)]
  0x000001e80b65c000 JavaThread "jar transforms Thread 58" [_thread_blocked, id=15520, stack(0x00000080a9c00000,0x00000080a9d00000)]
  0x000001e80b661000 JavaThread "jar transforms Thread 59" [_thread_blocked, id=16804, stack(0x00000080a9d00000,0x00000080a9e00000)]
  0x000001e80b666000 JavaThread "jar transforms Thread 60" [_thread_blocked, id=7132, stack(0x00000080a9e00000,0x00000080a9f00000)]
  0x000001e80b663800 JavaThread "jar transforms Thread 61" [_thread_blocked, id=1408, stack(0x00000080a9f00000,0x00000080aa000000)]
  0x000001e80b665000 JavaThread "jar transforms Thread 62" [_thread_blocked, id=12584, stack(0x00000080aa000000,0x00000080aa100000)]
  0x000001e80b666800 JavaThread "jar transforms Thread 63" [_thread_blocked, id=11396, stack(0x00000080aa100000,0x00000080aa200000)]
  0x000001e80b667800 JavaThread "jar transforms Thread 64" [_thread_blocked, id=9180, stack(0x00000080aa200000,0x00000080aa300000)]
  0x000001e80b664000 JavaThread "jar transforms Thread 65" [_thread_blocked, id=13460, stack(0x00000080aa300000,0x00000080aa400000)]
  0x000001e80b668000 JavaThread "jar transforms Thread 66" [_thread_blocked, id=220, stack(0x00000080aa400000,0x00000080aa500000)]
  0x000001e80b662800 JavaThread "jar transforms Thread 67" [_thread_blocked, id=14084, stack(0x00000080aa500000,0x00000080aa600000)]
  0x000001e80b669000 JavaThread "jar transforms Thread 68" [_thread_blocked, id=8504, stack(0x00000080aa600000,0x00000080aa700000)]
  0x000001e808ee6000 JavaThread "jar transforms Thread 69" [_thread_blocked, id=6964, stack(0x00000080aa700000,0x00000080aa800000)]
  0x000001e808ee7000 JavaThread "jar transforms Thread 70" [_thread_blocked, id=12980, stack(0x00000080aa800000,0x00000080aa900000)]
  0x000001e808ee8000 JavaThread "jar transforms Thread 71" [_thread_blocked, id=16352, stack(0x00000080aa900000,0x00000080aaa00000)]
  0x000001e808ee8800 JavaThread "jar transforms Thread 72" [_thread_blocked, id=13184, stack(0x00000080aaa00000,0x00000080aab00000)]
  0x000001e808ee5800 JavaThread "jar transforms Thread 73" [_thread_blocked, id=10476, stack(0x00000080aab00000,0x00000080aac00000)]
  0x000001e808ee4000 JavaThread "jar transforms Thread 74" [_thread_blocked, id=6492, stack(0x00000080aac00000,0x00000080aad00000)]
  0x000001e808ee3000 JavaThread "jar transforms Thread 75" [_thread_blocked, id=16636, stack(0x00000080aad00000,0x00000080aae00000)]
  0x000001e808ee9800 JavaThread "jar transforms Thread 76" [_thread_blocked, id=16564, stack(0x00000080aae00000,0x00000080aaf00000)]
  0x000001e808ee4800 JavaThread "jar transforms Thread 77" [_thread_blocked, id=3544, stack(0x00000080aaf00000,0x00000080ab000000)]
  0x000001e808eec800 JavaThread "jar transforms Thread 78" [_thread_blocked, id=9104, stack(0x00000080ab000000,0x00000080ab100000)]
  0x000001e808eee800 JavaThread "jar transforms Thread 79" [_thread_blocked, id=1880, stack(0x00000080ab100000,0x00000080ab200000)]
  0x000001e808eec000 JavaThread "jar transforms Thread 80" [_thread_blocked, id=11544, stack(0x00000080ab200000,0x00000080ab300000)]
  0x000001e808eea800 JavaThread "jar transforms Thread 81" [_thread_blocked, id=10368, stack(0x00000080ab300000,0x00000080ab400000)]
  0x000001e808eef000 JavaThread "jar transforms Thread 82" [_thread_blocked, id=10832, stack(0x00000080ab400000,0x00000080ab500000)]
  0x000001e808ef0000 JavaThread "jar transforms Thread 83" [_thread_blocked, id=5640, stack(0x00000080ab500000,0x00000080ab600000)]
  0x000001e808eed800 JavaThread "jar transforms Thread 84" [_thread_blocked, id=16612, stack(0x00000080ab600000,0x00000080ab700000)]
  0x000001e808ef1000 JavaThread "jar transforms Thread 85" [_thread_blocked, id=13136, stack(0x00000080ab700000,0x00000080ab800000)]
  0x000001e808eeb000 JavaThread "jar transforms Thread 86" [_thread_blocked, id=1240, stack(0x00000080ab800000,0x00000080ab900000)]
  0x000001e808ef1800 JavaThread "jar transforms Thread 87" [_thread_blocked, id=9612, stack(0x00000080ab900000,0x00000080aba00000)]
  0x000001e809195000 JavaThread "jar transforms Thread 88" [_thread_blocked, id=11388, stack(0x00000080aba00000,0x00000080abb00000)]
  0x000001e809196000 JavaThread "jar transforms Thread 89" [_thread_blocked, id=15052, stack(0x00000080abb00000,0x00000080abc00000)]
  0x000001e809196800 JavaThread "jar transforms Thread 90" [_thread_blocked, id=4628, stack(0x00000080abc00000,0x00000080abd00000)]
  0x000001e809193800 JavaThread "jar transforms Thread 91" [_thread_blocked, id=7160, stack(0x00000080abd00000,0x00000080abe00000)]
  0x000001e809197800 JavaThread "jar transforms Thread 92" [_thread_blocked, id=15084, stack(0x00000080abe00000,0x00000080abf00000)]
  0x000001e80919a000 JavaThread "jar transforms Thread 93" [_thread_blocked, id=17180, stack(0x00000080abf00000,0x00000080ac000000)]
  0x000001e809198800 JavaThread "jar transforms Thread 94" [_thread_blocked, id=1844, stack(0x00000080ac000000,0x00000080ac100000)]
  0x000001e809194000 JavaThread "jar transforms Thread 95" [_thread_blocked, id=11952, stack(0x00000080ac100000,0x00000080ac200000)]
  0x000001e80919c800 JavaThread "jar transforms Thread 96" [_thread_blocked, id=4708, stack(0x00000080ac200000,0x00000080ac300000)]
  0x000001e80919e000 JavaThread "jar transforms Thread 97" [_thread_blocked, id=4212, stack(0x00000080ac300000,0x00000080ac400000)]
  0x000001e80919f000 JavaThread "jar transforms Thread 98" [_thread_blocked, id=8888, stack(0x00000080ac400000,0x00000080ac500000)]
  0x000001e80919d000 JavaThread "jar transforms Thread 99" [_thread_blocked, id=9184, stack(0x00000080ac500000,0x00000080ac600000)]
  0x000001e809199000 JavaThread "jar transforms Thread 100" [_thread_blocked, id=15040, stack(0x00000080ac600000,0x00000080ac700000)]
  0x000001e80919b800 JavaThread "jar transforms Thread 101" [_thread_blocked, id=11076, stack(0x00000080ac700000,0x00000080ac800000)]
  0x000001e8091a0800 JavaThread "jar transforms Thread 102" [_thread_blocked, id=12496, stack(0x00000080ac800000,0x00000080ac900000)]
  0x000001e80919f800 JavaThread "jar transforms Thread 103" [_thread_blocked, id=8196, stack(0x00000080ac900000,0x00000080aca00000)]
  0x000001e80919b000 JavaThread "jar transforms Thread 104" [_thread_blocked, id=8944, stack(0x00000080aca00000,0x00000080acb00000)]
  0x000001e8091a1800 JavaThread "jar transforms Thread 105" [_thread_blocked, id=12260, stack(0x00000080acb00000,0x00000080acc00000)]
  0x000001e8091a2000 JavaThread "jar transforms Thread 106" [_thread_blocked, id=6200, stack(0x00000080acc00000,0x00000080acd00000)]
  0x000001e80b8c8800 JavaThread "jar transforms Thread 107" [_thread_blocked, id=10160, stack(0x00000080acd00000,0x00000080ace00000)]
  0x000001e80b8ca800 JavaThread "jar transforms Thread 108" [_thread_blocked, id=12464, stack(0x00000080ace00000,0x00000080acf00000)]
  0x000001e80b8c8000 JavaThread "jar transforms Thread 109" [_thread_blocked, id=9760, stack(0x00000080acf00000,0x00000080ad000000)]
  0x000001e80b8c6800 JavaThread "jar transforms Thread 110" [_thread_blocked, id=10944, stack(0x00000080ad000000,0x00000080ad100000)]
  0x000001e80b8c9800 JavaThread "jar transforms Thread 111" [_thread_blocked, id=10248, stack(0x00000080ad100000,0x00000080ad200000)]
  0x000001e80b8cb000 JavaThread "jar transforms Thread 112" [_thread_blocked, id=10736, stack(0x00000080ad200000,0x00000080ad300000)]
  0x000001e80b8cc000 JavaThread "jar transforms Thread 113" [_thread_blocked, id=13748, stack(0x00000080ad300000,0x00000080ad400000)]

Other Threads:
=>0x000001e87fd1e800 VMThread "VM Thread" [stack: 0x00000080a3a00000,0x00000080a3b00000] [id=16740]
  0x000001e8049e3000 WatcherThread [stack: 0x00000080a4400000,0x00000080a4500000] [id=8584]
  0x000001e86a15a000 GCTaskThread "GC Thread#0" [stack: 0x00000080a3500000,0x00000080a3600000] [id=1232]
  0x000001e8051e7800 GCTaskThread "GC Thread#1" [stack: 0x00000080a4500000,0x00000080a4600000] [id=16212]
  0x000001e804da9800 GCTaskThread "GC Thread#2" [stack: 0x00000080a4600000,0x00000080a4700000] [id=3136]
  0x000001e806944800 GCTaskThread "GC Thread#3" [stack: 0x00000080a5600000,0x00000080a5700000] [id=12964]
  0x000001e86a18b800 ConcurrentGCThread "G1 Main Marker" [stack: 0x00000080a3600000,0x00000080a3700000] [id=8600]
  0x000001e86a18c800 ConcurrentGCThread "G1 Conc#0" [stack: 0x00000080a3700000,0x00000080a3800000] [id=3472]
  0x000001e86a21b000 ConcurrentGCThread "G1 Refine#0" [stack: 0x00000080a3800000,0x00000080a3900000] [id=8544]
  0x000001e86a21c000 ConcurrentGCThread "G1 Young RemSet Sampling" [stack: 0x00000080a3900000,0x00000080a3a00000] [id=10876]

Threads with active compile tasks:
C2 CompilerThread0   9676 5662       4       java.lang.Class::getMethodsRecursive (99 bytes)
C2 CompilerThread1   9676 5563       4       java.net.URLClassLoader$1::run (5 bytes)

VM state:at safepoint (normal execution)

VM Mutex/Monitor currently owned by a thread:  ([mutex/lock_event])
[0x000001e86a1432a0] Threads_lock - owner thread: 0x000001e87fd1e800
[0x000001e86a142f40] Heap_lock - owner thread: 0x000001e8061ee800

Heap address: 0x0000000080000000, size: 2048 MB, Compressed Oops mode: 32-bit
Narrow klass base: 0x0000000000000000, Narrow klass shift: 3
Compressed class space size: 1073741824 Address: 0x0000000100000000

Heap:
 garbage-first heap   total 187392K, used 70089K [0x0000000080000000, 0x0000000100000000)
  region size 1024K, 6 young (6144K), 6 survivors (6144K)
 Metaspace       used 63094K, capacity 64743K, committed 65104K, reserved 1105920K
  class space    used 7933K, capacity 8463K, committed 8576K, reserved 1048576K
Heap Regions: E=young(eden), S=young(survivor), O=old, HS=humongous(starts), HC=humongous(continues), CS=collection set, F=free, A=archive, TAMS=top-at-mark-start (previous, next)
|   0|0x0000000080000000, 0x0000000080100000, 0x0000000080100000|100%| O|  |TAMS 0x0000000080100000, 0x0000000080100000| Untracked 
|   1|0x0000000080100000, 0x0000000080200000, 0x0000000080200000|100%| O|  |TAMS 0x0000000080200000, 0x0000000080200000| Untracked 
|   2|0x0000000080200000, 0x0000000080300000, 0x0000000080300000|100%| O|  |TAMS 0x0000000080300000, 0x0000000080300000| Untracked 
|   3|0x0000000080300000, 0x0000000080400000, 0x0000000080400000|100%|HS|  |TAMS 0x0000000080400000, 0x0000000080400000| Complete 
|   4|0x0000000080400000, 0x0000000080500000, 0x0000000080500000|100%|HC|  |TAMS 0x0000000080500000, 0x0000000080500000| Complete 
|   5|0x0000000080500000, 0x0000000080600000, 0x0000000080600000|100%|HC|  |TAMS 0x0000000080600000, 0x0000000080600000| Complete 
|   6|0x0000000080600000, 0x0000000080700000, 0x0000000080700000|100%| O|  |TAMS 0x0000000080700000, 0x0000000080700000| Untracked 
|   7|0x0000000080700000, 0x0000000080800000, 0x0000000080800000|100%| O|  |TAMS 0x0000000080800000, 0x0000000080800000| Untracked 
|   8|0x0000000080800000, 0x0000000080900000, 0x0000000080900000|100%| O|  |TAMS 0x0000000080900000, 0x0000000080900000| Untracked 
|   9|0x0000000080900000, 0x0000000080a00000, 0x0000000080a00000|100%| O|  |TAMS 0x0000000080a00000, 0x0000000080a00000| Untracked 
|  10|0x0000000080a00000, 0x0000000080b00000, 0x0000000080b00000|100%| O|  |TAMS 0x0000000080b00000, 0x0000000080b00000| Untracked 
|  11|0x0000000080b00000, 0x0000000080c00000, 0x0000000080c00000|100%| O|  |TAMS 0x0000000080c00000, 0x0000000080c00000| Untracked 
|  12|0x0000000080c00000, 0x0000000080d00000, 0x0000000080d00000|100%| O|  |TAMS 0x0000000080d00000, 0x0000000080d00000| Untracked 
|  13|0x0000000080d00000, 0x0000000080e00000, 0x0000000080e00000|100%|HS|  |TAMS 0x0000000080e00000, 0x0000000080e00000| Complete 
|  14|0x0000000080e00000, 0x0000000080f00000, 0x0000000080f00000|100%|HC|  |TAMS 0x0000000080f00000, 0x0000000080f00000| Complete 
|  15|0x0000000080f00000, 0x0000000081000000, 0x0000000081000000|100%|HS|  |TAMS 0x0000000081000000, 0x0000000081000000| Complete 
|  16|0x0000000081000000, 0x0000000081100000, 0x0000000081100000|100%|HC|  |TAMS 0x0000000081100000, 0x0000000081100000| Complete 
|  17|0x0000000081100000, 0x0000000081200000, 0x0000000081200000|100%|HC|  |TAMS 0x0000000081200000, 0x0000000081200000| Complete 
|  18|0x0000000081200000, 0x0000000081300000, 0x0000000081300000|100%|HS|  |TAMS 0x0000000081300000, 0x0000000081300000| Complete 
|  19|0x0000000081300000, 0x0000000081400000, 0x0000000081400000|100%|HC|  |TAMS 0x0000000081400000, 0x0000000081400000| Complete 
|  20|0x0000000081400000, 0x0000000081500000, 0x0000000081500000|100%|HC|  |TAMS 0x0000000081500000, 0x0000000081500000| Complete 
|  21|0x0000000081500000, 0x0000000081600000, 0x0000000081600000|100%|HC|  |TAMS 0x0000000081600000, 0x0000000081600000| Complete 
|  22|0x0000000081600000, 0x0000000081700000, 0x0000000081700000|100%|HC|  |TAMS 0x0000000081700000, 0x0000000081700000| Complete 
|  23|0x0000000081700000, 0x0000000081800000, 0x0000000081800000|100%| O|  |TAMS 0x0000000081800000, 0x0000000081800000| Untracked 
|  24|0x0000000081800000, 0x0000000081900000, 0x0000000081900000|100%| O|  |TAMS 0x0000000081900000, 0x0000000081900000| Untracked 
|  25|0x0000000081900000, 0x0000000081a00000, 0x0000000081a00000|100%| O|  |TAMS 0x0000000081a00000, 0x0000000081a00000| Untracked 
|  26|0x0000000081a00000, 0x0000000081b00000, 0x0000000081b00000|100%| O|  |TAMS 0x0000000081b00000, 0x0000000081b00000| Untracked 
|  27|0x0000000081b00000, 0x0000000081c00000, 0x0000000081c00000|100%| O|  |TAMS 0x0000000081c00000, 0x0000000081c00000| Untracked 
|  28|0x0000000081c00000, 0x0000000081d00000, 0x0000000081d00000|100%| O|  |TAMS 0x0000000081d00000, 0x0000000081d00000| Untracked 
|  29|0x0000000081d00000, 0x0000000081e00000, 0x0000000081e00000|100%| O|  |TAMS 0x0000000081e00000, 0x0000000081e00000| Untracked 
|  30|0x0000000081e00000, 0x0000000081f00000, 0x0000000081f00000|100%| O|  |TAMS 0x0000000081f00000, 0x0000000081f00000| Untracked 
|  31|0x0000000081f00000, 0x0000000082000000, 0x0000000082000000|100%| O|  |TAMS 0x0000000082000000, 0x0000000082000000| Untracked 
|  32|0x0000000082000000, 0x0000000082100000, 0x0000000082100000|100%| O|  |TAMS 0x0000000082100000, 0x0000000082100000| Untracked 
|  33|0x0000000082100000, 0x0000000082200000, 0x0000000082200000|100%| O|  |TAMS 0x0000000082200000, 0x0000000082200000| Untracked 
|  34|0x0000000082200000, 0x0000000082300000, 0x0000000082300000|100%| O|  |TAMS 0x0000000082300000, 0x0000000082300000| Untracked 
|  35|0x0000000082300000, 0x0000000082400000, 0x0000000082400000|100%| O|  |TAMS 0x0000000082400000, 0x0000000082400000| Untracked 
|  36|0x0000000082400000, 0x0000000082500000, 0x0000000082500000|100%| O|  |TAMS 0x0000000082500000, 0x0000000082500000| Untracked 
|  37|0x0000000082500000, 0x0000000082600000, 0x0000000082600000|100%| O|  |TAMS 0x0000000082600000, 0x0000000082600000| Untracked 
|  38|0x0000000082600000, 0x0000000082700000, 0x0000000082700000|100%| O|  |TAMS 0x0000000082700000, 0x0000000082700000| Untracked 
|  39|0x0000000082700000, 0x0000000082800000, 0x0000000082800000|100%| O|  |TAMS 0x0000000082800000, 0x0000000082800000| Untracked 
|  40|0x0000000082800000, 0x0000000082900000, 0x0000000082900000|100%| O|  |TAMS 0x0000000082900000, 0x0000000082900000| Untracked 
|  41|0x0000000082900000, 0x0000000082a00000, 0x0000000082a00000|100%| O|  |TAMS 0x0000000082a00000, 0x0000000082a00000| Untracked 
|  42|0x0000000082a00000, 0x0000000082b00000, 0x0000000082b00000|100%|HS|  |TAMS 0x0000000082b00000, 0x0000000082b00000| Complete 
|  43|0x0000000082b00000, 0x0000000082c00000, 0x0000000082c00000|100%|HS|  |TAMS 0x0000000082c00000, 0x0000000082c00000| Complete 
|  44|0x0000000082c00000, 0x0000000082d00000, 0x0000000082d00000|100%|HC|  |TAMS 0x0000000082d00000, 0x0000000082d00000| Complete 
|  45|0x0000000082d00000, 0x0000000082e00000, 0x0000000082e00000|100%|HC|  |TAMS 0x0000000082e00000, 0x0000000082e00000| Complete 
|  46|0x0000000082e00000, 0x0000000082f00000, 0x0000000082f00000|100%|HS|  |TAMS 0x0000000082f00000, 0x0000000082f00000| Complete 
|  47|0x0000000082f00000, 0x0000000083000000, 0x0000000083000000|100%|HC|  |TAMS 0x0000000083000000, 0x0000000083000000| Complete 
|  48|0x0000000083000000, 0x0000000083100000, 0x0000000083100000|100%| O|  |TAMS 0x0000000083100000, 0x0000000083100000| Untracked 
|  49|0x0000000083100000, 0x0000000083200000, 0x0000000083200000|100%| O|  |TAMS 0x0000000083200000, 0x0000000083200000| Untracked 
|  50|0x0000000083200000, 0x0000000083300000, 0x0000000083300000|100%| O|  |TAMS 0x0000000083300000, 0x0000000083300000| Untracked 
|  51|0x0000000083300000, 0x0000000083400000, 0x0000000083400000|100%| O|  |TAMS 0x0000000083400000, 0x0000000083400000| Untracked 
|  52|0x0000000083400000, 0x0000000083500000, 0x0000000083500000|100%| O|  |TAMS 0x0000000083500000, 0x0000000083500000| Untracked 
|  53|0x0000000083500000, 0x0000000083600000, 0x0000000083600000|100%| O|  |TAMS 0x0000000083600000, 0x0000000083600000| Untracked 
|  54|0x0000000083600000, 0x0000000083700000, 0x0000000083700000|100%| O|  |TAMS 0x0000000083700000, 0x0000000083700000| Untracked 
|  55|0x0000000083700000, 0x0000000083800000, 0x0000000083800000|100%| O|  |TAMS 0x0000000083800000, 0x0000000083800000| Untracked 
|  56|0x0000000083800000, 0x0000000083900000, 0x0000000083900000|100%| O|  |TAMS 0x0000000083900000, 0x0000000083900000| Untracked 
|  57|0x0000000083900000, 0x0000000083a00000, 0x0000000083a00000|100%| O|  |TAMS 0x0000000083a00000, 0x0000000083a00000| Untracked 
|  58|0x0000000083a00000, 0x0000000083b00000, 0x0000000083b00000|100%| O|  |TAMS 0x0000000083b00000, 0x0000000083b00000| Untracked 
|  59|0x0000000083b00000, 0x0000000083b00000, 0x0000000083c00000|  0%| F|  |TAMS 0x0000000083b00000, 0x0000000083b00000| Untracked 
|  60|0x0000000083c00000, 0x0000000083d00000, 0x0000000083d00000|100%| O|  |TAMS 0x0000000083d00000, 0x0000000083d00000| Untracked 
|  61|0x0000000083d00000, 0x0000000083e00000, 0x0000000083e00000|100%| O|  |TAMS 0x0000000083e00000, 0x0000000083e00000| Untracked 
|  62|0x0000000083e00000, 0x0000000083f00000, 0x0000000083f00000|100%| O|  |TAMS 0x0000000083f00000, 0x0000000083f00000| Untracked 
|  63|0x0000000083f00000, 0x0000000083f95e00, 0x0000000084000000| 58%| O|  |TAMS 0x0000000083f95e00, 0x0000000083f95e00| Untracked 
|  64|0x0000000084000000, 0x0000000084000000, 0x0000000084100000|  0%| F|  |TAMS 0x0000000084000000, 0x0000000084000000| Untracked 
|  65|0x0000000084100000, 0x0000000084100000, 0x0000000084200000|  0%| F|  |TAMS 0x0000000084100000, 0x0000000084100000| Untracked 
|  66|0x0000000084200000, 0x0000000084200000, 0x0000000084300000|  0%| F|  |TAMS 0x0000000084200000, 0x0000000084200000| Untracked 
|  67|0x0000000084300000, 0x0000000084300000, 0x0000000084400000|  0%| F|  |TAMS 0x0000000084300000, 0x0000000084300000| Untracked 
|  68|0x0000000084400000, 0x0000000084400000, 0x0000000084500000|  0%| F|  |TAMS 0x0000000084400000, 0x0000000084400000| Untracked 
|  69|0x0000000084500000, 0x0000000084500000, 0x0000000084600000|  0%| F|  |TAMS 0x0000000084500000, 0x0000000084500000| Untracked 
|  70|0x0000000084600000, 0x0000000084600000, 0x0000000084700000|  0%| F|  |TAMS 0x0000000084600000, 0x0000000084600000| Untracked 
|  71|0x0000000084700000, 0x0000000084700000, 0x0000000084800000|  0%| F|  |TAMS 0x0000000084700000, 0x0000000084700000| Untracked 
|  72|0x0000000084800000, 0x0000000084800000, 0x0000000084900000|  0%| F|  |TAMS 0x0000000084800000, 0x0000000084800000| Untracked 
|  73|0x0000000084900000, 0x0000000084900000, 0x0000000084a00000|  0%| F|  |TAMS 0x0000000084900000, 0x0000000084900000| Untracked 
|  74|0x0000000084a00000, 0x0000000084a00000, 0x0000000084b00000|  0%| F|  |TAMS 0x0000000084a00000, 0x0000000084a00000| Untracked 
|  75|0x0000000084b00000, 0x0000000084b00000, 0x0000000084c00000|  0%| F|  |TAMS 0x0000000084b00000, 0x0000000084b00000| Untracked 
|  76|0x0000000084c00000, 0x0000000084c00000, 0x0000000084d00000|  0%| F|  |TAMS 0x0000000084c00000, 0x0000000084c00000| Untracked 
|  77|0x0000000084d00000, 0x0000000084d00000, 0x0000000084e00000|  0%| F|  |TAMS 0x0000000084d00000, 0x0000000084d00000| Untracked 
|  78|0x0000000084e00000, 0x0000000084e00000, 0x0000000084f00000|  0%| F|  |TAMS 0x0000000084e00000, 0x0000000084e00000| Untracked 
|  79|0x0000000084f00000, 0x0000000084f00000, 0x0000000085000000|  0%| F|  |TAMS 0x0000000084f00000, 0x0000000084f00000| Untracked 
|  80|0x0000000085000000, 0x0000000085000000, 0x0000000085100000|  0%| F|  |TAMS 0x0000000085000000, 0x0000000085000000| Untracked 
|  81|0x0000000085100000, 0x0000000085100000, 0x0000000085200000|  0%| F|  |TAMS 0x0000000085100000, 0x0000000085100000| Untracked 
|  82|0x0000000085200000, 0x0000000085200000, 0x0000000085300000|  0%| F|  |TAMS 0x0000000085200000, 0x0000000085200000| Untracked 
|  83|0x0000000085300000, 0x0000000085300000, 0x0000000085400000|  0%| F|  |TAMS 0x0000000085300000, 0x0000000085300000| Untracked 
|  84|0x0000000085400000, 0x0000000085400000, 0x0000000085500000|  0%| F|  |TAMS 0x0000000085400000, 0x0000000085400000| Untracked 
|  85|0x0000000085500000, 0x0000000085500000, 0x0000000085600000|  0%| F|  |TAMS 0x0000000085500000, 0x0000000085500000| Untracked 
|  86|0x0000000085600000, 0x0000000085600000, 0x0000000085700000|  0%| F|  |TAMS 0x0000000085600000, 0x0000000085600000| Untracked 
|  87|0x0000000085700000, 0x0000000085700000, 0x0000000085800000|  0%| F|  |TAMS 0x0000000085700000, 0x0000000085700000| Untracked 
|  88|0x0000000085800000, 0x0000000085800000, 0x0000000085900000|  0%| F|  |TAMS 0x0000000085800000, 0x0000000085800000| Untracked 
|  89|0x0000000085900000, 0x0000000085900000, 0x0000000085a00000|  0%| F|  |TAMS 0x0000000085900000, 0x0000000085900000| Untracked 
|  90|0x0000000085a00000, 0x0000000085a00000, 0x0000000085b00000|  0%| F|  |TAMS 0x0000000085a00000, 0x0000000085a00000| Untracked 
|  91|0x0000000085b00000, 0x0000000085b00000, 0x0000000085c00000|  0%| F|  |TAMS 0x0000000085b00000, 0x0000000085b00000| Untracked 
|  92|0x0000000085c00000, 0x0000000085c00000, 0x0000000085d00000|  0%| F|  |TAMS 0x0000000085c00000, 0x0000000085c00000| Untracked 
|  93|0x0000000085d00000, 0x0000000085d00000, 0x0000000085e00000|  0%| F|  |TAMS 0x0000000085d00000, 0x0000000085d00000| Untracked 
|  94|0x0000000085e00000, 0x0000000085e00000, 0x0000000085f00000|  0%| F|  |TAMS 0x0000000085e00000, 0x0000000085e00000| Untracked 
|  95|0x0000000085f00000, 0x0000000085f00000, 0x0000000086000000|  0%| F|  |TAMS 0x0000000085f00000, 0x0000000085f00000| Untracked 
|  96|0x0000000086000000, 0x0000000086000000, 0x0000000086100000|  0%| F|  |TAMS 0x0000000086000000, 0x0000000086000000| Untracked 
|  97|0x0000000086100000, 0x0000000086100000, 0x0000000086200000|  0%| F|  |TAMS 0x0000000086100000, 0x0000000086100000| Untracked 
|  98|0x0000000086200000, 0x0000000086200000, 0x0000000086300000|  0%| F|  |TAMS 0x0000000086200000, 0x0000000086200000| Untracked 
|  99|0x0000000086300000, 0x00000000863dc9c0, 0x0000000086400000| 86%| S|CS|TAMS 0x0000000086300000, 0x0000000086300000| Complete 
| 100|0x0000000086400000, 0x0000000086500000, 0x0000000086500000|100%| S|CS|TAMS 0x0000000086400000, 0x0000000086400000| Complete 
| 101|0x0000000086500000, 0x0000000086600000, 0x0000000086600000|100%| S|CS|TAMS 0x0000000086500000, 0x0000000086500000| Complete 
| 102|0x0000000086600000, 0x0000000086700000, 0x0000000086700000|100%| S|CS|TAMS 0x0000000086600000, 0x0000000086600000| Complete 
| 103|0x0000000086700000, 0x0000000086800000, 0x0000000086800000|100%| S|CS|TAMS 0x0000000086700000, 0x0000000086700000| Complete 
| 104|0x0000000086800000, 0x0000000086900000, 0x0000000086900000|100%| S|CS|TAMS 0x0000000086800000, 0x0000000086800000| Complete 
| 105|0x0000000086900000, 0x0000000086900000, 0x0000000086a00000|  0%| F|  |TAMS 0x0000000086900000, 0x0000000086900000| Untracked 
| 106|0x0000000086a00000, 0x0000000086a00000, 0x0000000086b00000|  0%| F|  |TAMS 0x0000000086a00000, 0x0000000086a00000| Untracked 
| 107|0x0000000086b00000, 0x0000000086b00000, 0x0000000086c00000|  0%| F|  |TAMS 0x0000000086b00000, 0x0000000086b00000| Untracked 
| 108|0x0000000086c00000, 0x0000000086c00000, 0x0000000086d00000|  0%| F|  |TAMS 0x0000000086c00000, 0x0000000086c00000| Untracked 
| 109|0x0000000086d00000, 0x0000000086d00000, 0x0000000086e00000|  0%| F|  |TAMS 0x0000000086d00000, 0x0000000086d00000| Untracked 
| 110|0x0000000086e00000, 0x0000000086e00000, 0x0000000086f00000|  0%| F|  |TAMS 0x0000000086e00000, 0x0000000086e00000| Untracked 
| 111|0x0000000086f00000, 0x0000000086f00000, 0x0000000087000000|  0%| F|  |TAMS 0x0000000086f00000, 0x0000000086f00000| Untracked 
| 112|0x0000000087000000, 0x0000000087000000, 0x0000000087100000|  0%| F|  |TAMS 0x0000000087000000, 0x0000000087000000| Untracked 
| 113|0x0000000087100000, 0x0000000087100000, 0x0000000087200000|  0%| F|  |TAMS 0x0000000087100000, 0x0000000087100000| Untracked 
| 114|0x0000000087200000, 0x0000000087200000, 0x0000000087300000|  0%| F|  |TAMS 0x0000000087200000, 0x0000000087200000| Untracked 
| 115|0x0000000087300000, 0x0000000087300000, 0x0000000087400000|  0%| F|  |TAMS 0x0000000087300000, 0x0000000087300000| Untracked 
| 116|0x0000000087400000, 0x0000000087400000, 0x0000000087500000|  0%| F|  |TAMS 0x0000000087400000, 0x0000000087400000| Untracked 
| 117|0x0000000087500000, 0x0000000087500000, 0x0000000087600000|  0%| F|  |TAMS 0x0000000087500000, 0x0000000087500000| Untracked 
| 118|0x0000000087600000, 0x0000000087600000, 0x0000000087700000|  0%| F|  |TAMS 0x0000000087600000, 0x0000000087600000| Untracked 
| 119|0x0000000087700000, 0x0000000087700000, 0x0000000087800000|  0%| F|  |TAMS 0x0000000087700000, 0x0000000087700000| Untracked 
| 120|0x0000000087800000, 0x0000000087800000, 0x0000000087900000|  0%| F|  |TAMS 0x0000000087800000, 0x0000000087800000| Untracked 
| 121|0x0000000087900000, 0x0000000087900000, 0x0000000087a00000|  0%| F|  |TAMS 0x0000000087900000, 0x0000000087900000| Untracked 
| 122|0x0000000087a00000, 0x0000000087a00000, 0x0000000087b00000|  0%| F|  |TAMS 0x0000000087a00000, 0x0000000087a00000| Untracked 
| 123|0x0000000087b00000, 0x0000000087b00000, 0x0000000087c00000|  0%| F|  |TAMS 0x0000000087b00000, 0x0000000087b00000| Untracked 
| 124|0x0000000087c00000, 0x0000000087c00000, 0x0000000087d00000|  0%| F|  |TAMS 0x0000000087c00000, 0x0000000087c00000| Untracked 
| 125|0x0000000087d00000, 0x0000000087d00000, 0x0000000087e00000|  0%| F|  |TAMS 0x0000000087d00000, 0x0000000087d00000| Untracked 
| 126|0x0000000087e00000, 0x0000000087e00000, 0x0000000087f00000|  0%| F|  |TAMS 0x0000000087e00000, 0x0000000087e00000| Untracked 
| 127|0x0000000087f00000, 0x0000000087f00000, 0x0000000088000000|  0%| F|  |TAMS 0x0000000087f00000, 0x0000000087f00000| Untracked 
| 128|0x0000000088000000, 0x0000000088000000, 0x0000000088100000|  0%| F|  |TAMS 0x0000000088000000, 0x0000000088000000| Untracked 
| 129|0x0000000088100000, 0x0000000088100000, 0x0000000088200000|  0%| F|  |TAMS 0x0000000088100000, 0x0000000088100000| Untracked 
| 130|0x0000000088200000, 0x0000000088200000, 0x0000000088300000|  0%| F|  |TAMS 0x0000000088200000, 0x0000000088200000| Untracked 
| 131|0x0000000088300000, 0x0000000088300000, 0x0000000088400000|  0%| F|  |TAMS 0x0000000088300000, 0x0000000088300000| Untracked 
| 132|0x0000000088400000, 0x0000000088400000, 0x0000000088500000|  0%| F|  |TAMS 0x0000000088400000, 0x0000000088400000| Untracked 
| 133|0x0000000088500000, 0x0000000088500000, 0x0000000088600000|  0%| F|  |TAMS 0x0000000088500000, 0x0000000088500000| Untracked 
| 134|0x0000000088600000, 0x0000000088600000, 0x0000000088700000|  0%| F|  |TAMS 0x0000000088600000, 0x0000000088600000| Untracked 
| 135|0x0000000088700000, 0x0000000088700000, 0x0000000088800000|  0%| F|  |TAMS 0x0000000088700000, 0x0000000088700000| Untracked 
| 136|0x0000000088800000, 0x0000000088800000, 0x0000000088900000|  0%| F|  |TAMS 0x0000000088800000, 0x0000000088800000| Untracked 
| 137|0x0000000088900000, 0x0000000088900000, 0x0000000088a00000|  0%| F|  |TAMS 0x0000000088900000, 0x0000000088900000| Untracked 
| 138|0x0000000088a00000, 0x0000000088a00000, 0x0000000088b00000|  0%| F|  |TAMS 0x0000000088a00000, 0x0000000088a00000| Untracked 
| 139|0x0000000088b00000, 0x0000000088b00000, 0x0000000088c00000|  0%| F|  |TAMS 0x0000000088b00000, 0x0000000088b00000| Untracked 
| 140|0x0000000088c00000, 0x0000000088c00000, 0x0000000088d00000|  0%| F|  |TAMS 0x0000000088c00000, 0x0000000088c00000| Untracked 
| 141|0x0000000088d00000, 0x0000000088d00000, 0x0000000088e00000|  0%| F|  |TAMS 0x0000000088d00000, 0x0000000088d00000| Untracked 
| 142|0x0000000088e00000, 0x0000000088e00000, 0x0000000088f00000|  0%| F|  |TAMS 0x0000000088e00000, 0x0000000088e00000| Untracked 
| 143|0x0000000088f00000, 0x0000000088f00000, 0x0000000089000000|  0%| F|  |TAMS 0x0000000088f00000, 0x0000000088f00000| Untracked 
| 144|0x0000000089000000, 0x0000000089000000, 0x0000000089100000|  0%| F|  |TAMS 0x0000000089000000, 0x0000000089000000| Untracked 
| 145|0x0000000089100000, 0x0000000089100000, 0x0000000089200000|  0%| F|  |TAMS 0x0000000089100000, 0x0000000089100000| Untracked 
| 146|0x0000000089200000, 0x0000000089200000, 0x0000000089300000|  0%| F|  |TAMS 0x0000000089200000, 0x0000000089200000| Untracked 
| 147|0x0000000089300000, 0x0000000089300000, 0x0000000089400000|  0%| F|  |TAMS 0x0000000089300000, 0x0000000089300000| Untracked 
| 148|0x0000000089400000, 0x0000000089400000, 0x0000000089500000|  0%| F|  |TAMS 0x0000000089400000, 0x0000000089400000| Untracked 
| 149|0x0000000089500000, 0x0000000089500000, 0x0000000089600000|  0%| F|  |TAMS 0x0000000089500000, 0x0000000089500000| Untracked 
| 150|0x0000000089600000, 0x0000000089600000, 0x0000000089700000|  0%| F|  |TAMS 0x0000000089600000, 0x0000000089600000| Untracked 
| 151|0x0000000089700000, 0x0000000089700000, 0x0000000089800000|  0%| F|  |TAMS 0x0000000089700000, 0x0000000089700000| Untracked 

Card table byte_map: [0x000001e87d030000,0x000001e87d430000] _byte_map_base: 0x000001e87cc30000

Marking Bits (Prev, Next): (CMBitMap*) 0x000001e86a1828c0, (CMBitMap*) 0x000001e86a182888
 Prev Bits: [0x000001e800000000, 0x000001e802000000)
 Next Bits: [0x000001e87d830000, 0x000001e87f830000)

Polling page: 0x000001e868130000

Metaspace:

Usage:
  Non-class:     54.96 MB capacity,    53.87 MB ( 98%) used,   979.33 KB (  2%) free+waste,   140.06 KB ( <1%) overhead. 
      Class:      8.26 MB capacity,     7.75 MB ( 94%) used,   462.80 KB (  5%) free+waste,    66.25 KB ( <1%) overhead. 
       Both:     63.23 MB capacity,    61.62 MB ( 97%) used,     1.41 MB (  2%) free+waste,   206.31 KB ( <1%) overhead. 

Virtual space:
  Non-class space:       56.00 MB reserved,      55.20 MB ( 99%) committed 
      Class space:        1.00 GB reserved,       8.38 MB ( <1%) committed 
             Both:        1.05 GB reserved,      63.58 MB (  6%) committed 

Chunk freelists:
   Non-Class:  56.00 KB
       Class:  17.00 KB
        Both:  73.00 KB

MaxMetaspaceSize: 17179869184.00 GB
CompressedClassSpaceSize: 1.00 GB

CodeHeap 'non-profiled nmethods': size=120064Kb used=2935Kb max_used=2935Kb free=117128Kb
 bounds [0x000001e8756f0000, 0x000001e8759d0000, 0x000001e87cc30000]
CodeHeap 'profiled nmethods': size=120000Kb used=12753Kb max_used=12753Kb free=107246Kb
 bounds [0x000001e86e1c0000, 0x000001e86ee40000, 0x000001e8756f0000]
CodeHeap 'non-nmethods': size=5696Kb used=2240Kb max_used=2275Kb free=3455Kb
 bounds [0x000001e86dc30000, 0x000001e86dea0000, 0x000001e86e1c0000]
 total_blobs=6500 nmethods=5678 adapters=733
 compilation: enabled
              stopped_count=0, restarted_count=0
 full_count=0

Compilation events (20 events):
Event: 9.625 Thread 0x000001e80488c800 5693   !   3       com.sun.beans.introspect.MethodInfo::get (143 bytes)
Event: 9.627 Thread 0x000001e80488c800 nmethod 5693 0x000001e86ee2eb90 code [0x000001e86ee2ef00, 0x000001e86ee30588]
Event: 9.627 Thread 0x000001e80488c800 5694       3       java.lang.String::toUpperCase (8 bytes)
Event: 9.627 Thread 0x000001e80488c800 nmethod 5694 0x000001e86ee30d10 code [0x000001e86ee30f00, 0x000001e86ee31278]
Event: 9.628 Thread 0x000001e80488c800 5695       3       org.codehaus.groovy.util.FastArray::get (7 bytes)
Event: 9.628 Thread 0x000001e80488c800 nmethod 5695 0x000001e86ee31390 code [0x000001e86ee31540, 0x000001e86ee31678]
Event: 9.628 Thread 0x000001e80488c800 5697       3       org.codehaus.groovy.reflection.AccessPermissionChecker::checkAccessPermission (70 bytes)
Event: 9.629 Thread 0x000001e80488c800 nmethod 5697 0x000001e86ee31790 code [0x000001e86ee319e0, 0x000001e86ee32148]
Event: 9.629 Thread 0x000001e80488c800 5696       1       groovy.lang.Closure::getResolveStrategy (5 bytes)
Event: 9.629 Thread 0x000001e80488c800 nmethod 5696 0x000001e8759cd890 code [0x000001e8759cda40, 0x000001e8759cdaf8]
Event: 9.639 Thread 0x000001e80488c800 5698   !   3       org.codehaus.groovy.reflection.AccessPermissionChecker::checkAccessPermission (26 bytes)
Event: 9.640 Thread 0x000001e80488c800 nmethod 5698 0x000001e86ee32390 code [0x000001e86ee32560, 0x000001e86ee327b8]
Event: 9.644 Thread 0x000001e80488c800 5699       3       org.codehaus.groovy.runtime.metaclass.MetaMethodIndex::copyNonPrivateNonNewMetaMethods (24 bytes)
Event: 9.644 Thread 0x000001e80488c800 nmethod 5699 0x000001e86ee32910 code [0x000001e86ee32ae0, 0x000001e86ee32ce8]
Event: 9.648 Thread 0x000001e80488c800 5701       3       org.gradle.api.internal.collections.AbstractIterationOrderRetainingElementSource$RealizedElementCollectionIterator::updateNext (157 bytes)
Event: 9.649 Thread 0x000001e80488c800 nmethod 5701 0x000001e86ee32e10 code [0x000001e86ee330c0, 0x000001e86ee33f98]
Event: 9.649 Thread 0x000001e80488c800 5702       3       org.gradle.api.internal.collections.AbstractIterationOrderRetainingElementSource$RealizedElementCollectionIterator::hasNext (13 bytes)
Event: 9.649 Thread 0x000001e80488c800 nmethod 5702 0x000001e86ee34410 code [0x000001e86ee345c0, 0x000001e86ee34718]
Event: 9.649 Thread 0x000001e80488c800 5703       1       org.gradle.api.internal.collections.AbstractIterationOrderRetainingElementSource::getInserted (5 bytes)
Event: 9.649 Thread 0x000001e80488c800 nmethod 5703 0x000001e8759cdb90 code [0x000001e8759cdd40, 0x000001e8759cddf8]

GC Heap History (20 events):
Event: 4.511 GC heap after
{Heap after GC invocations=5 (full 0):
 garbage-first heap   total 129024K, used 16381K [0x0000000080000000, 0x0000000100000000)
  region size 1024K, 3 young (3072K), 3 survivors (3072K)
 Metaspace       used 20733K, capacity 21187K, committed 21248K, reserved 1069056K
  class space    used 2431K, capacity 2553K, committed 2560K, reserved 1048576K
}
Event: 5.083 GC heap before
{Heap before GC invocations=6 (full 0):
 garbage-first heap   total 129024K, used 60413K [0x0000000080000000, 0x0000000100000000)
  region size 1024K, 46 young (47104K), 3 survivors (3072K)
 Metaspace       used 25881K, capacity 26549K, committed 26620K, reserved 1073152K
  class space    used 3279K, capacity 3514K, committed 3584K, reserved 1048576K
}
Event: 5.090 GC heap after
{Heap after GC invocations=7 (full 0):
 garbage-first heap   total 129024K, used 18429K [0x0000000080000000, 0x0000000100000000)
  region size 1024K, 5 young (5120K), 5 survivors (5120K)
 Metaspace       used 25881K, capacity 26549K, committed 26620K, reserved 1073152K
  class space    used 3279K, capacity 3514K, committed 3584K, reserved 1048576K
}
Event: 5.642 GC heap before
{Heap before GC invocations=7 (full 0):
 garbage-first heap   total 129024K, used 74749K [0x0000000080000000, 0x0000000100000000)
  region size 1024K, 51 young (52224K), 5 survivors (5120K)
 Metaspace       used 30768K, capacity 31488K, committed 31740K, reserved 1077248K
  class space    used 4019K, capacity 4289K, committed 4352K, reserved 1048576K
}
Event: 5.654 GC heap after
{Heap after GC invocations=8 (full 0):
 garbage-first heap   total 129024K, used 33301K [0x0000000080000000, 0x0000000100000000)
  region size 1024K, 7 young (7168K), 7 survivors (7168K)
 Metaspace       used 30768K, capacity 31488K, committed 31740K, reserved 1077248K
  class space    used 4019K, capacity 4289K, committed 4352K, reserved 1048576K
}
Event: 5.895 GC heap before
{Heap before GC invocations=8 (full 0):
 garbage-first heap   total 129024K, used 45589K [0x0000000080000000, 0x0000000100000000)
  region size 1024K, 21 young (21504K), 7 survivors (7168K)
 Metaspace       used 35161K, capacity 35905K, committed 36048K, reserved 1081344K
  class space    used 4471K, capacity 4781K, committed 4864K, reserved 1048576K
}
Event: 5.904 GC heap after
{Heap after GC invocations=9 (full 0):
 garbage-first heap   total 129024K, used 36099K [0x0000000080000000, 0x0000000100000000)
  region size 1024K, 3 young (3072K), 3 survivors (3072K)
 Metaspace       used 35161K, capacity 35905K, committed 36048K, reserved 1081344K
  class space    used 4471K, capacity 4781K, committed 4864K, reserved 1048576K
}
Event: 6.409 GC heap before
{Heap before GC invocations=10 (full 0):
 garbage-first heap   total 129024K, used 79107K [0x0000000080000000, 0x0000000100000000)
  region size 1024K, 43 young (44032K), 3 survivors (3072K)
 Metaspace       used 39880K, capacity 40771K, committed 41040K, reserved 1085440K
  class space    used 5033K, capacity 5381K, committed 5504K, reserved 1048576K
}
Event: 6.415 GC heap after
{Heap after GC invocations=11 (full 0):
 garbage-first heap   total 129024K, used 37992K [0x0000000080000000, 0x0000000100000000)
  region size 1024K, 5 young (5120K), 5 survivors (5120K)
 Metaspace       used 39880K, capacity 40771K, committed 41040K, reserved 1085440K
  class space    used 5033K, capacity 5381K, committed 5504K, reserved 1048576K
}
Event: 6.992 GC heap before
{Heap before GC invocations=11 (full 0):
 garbage-first heap   total 129024K, used 82024K [0x0000000080000000, 0x0000000100000000)
  region size 1024K, 48 young (49152K), 5 survivors (5120K)
 Metaspace       used 42950K, capacity 43979K, committed 44240K, reserved 1087488K
  class space    used 5447K, capacity 5820K, committed 5888K, reserved 1048576K
}
Event: 7.003 GC heap after
{Heap after GC invocations=12 (full 0):
 garbage-first heap   total 129024K, used 42106K [0x0000000080000000, 0x0000000100000000)
  region size 1024K, 6 young (6144K), 6 survivors (6144K)
 Metaspace       used 42950K, capacity 43979K, committed 44240K, reserved 1087488K
  class space    used 5447K, capacity 5820K, committed 5888K, reserved 1048576K
}
Event: 7.481 GC heap before
{Heap before GC invocations=12 (full 0):
 garbage-first heap   total 129024K, used 86138K [0x0000000080000000, 0x0000000100000000)
  region size 1024K, 49 young (50176K), 6 survivors (6144K)
 Metaspace       used 45534K, capacity 46799K, committed 46928K, reserved 1089536K
  class space    used 5839K, capacity 6227K, committed 6272K, reserved 1048576K
}
Event: 7.496 GC heap after
{Heap after GC invocations=13 (full 0):
 garbage-first heap   total 155648K, used 45950K [0x0000000080000000, 0x0000000100000000)
  region size 1024K, 4 young (4096K), 4 survivors (4096K)
 Metaspace       used 45534K, capacity 46799K, committed 46928K, reserved 1089536K
  class space    used 5839K, capacity 6227K, committed 6272K, reserved 1048576K
}
Event: 8.047 GC heap before
{Heap before GC invocations=13 (full 0):
 garbage-first heap   total 155648K, used 103294K [0x0000000080000000, 0x0000000100000000)
  region size 1024K, 55 young (56320K), 4 survivors (4096K)
 Metaspace       used 48744K, capacity 50158K, committed 50256K, reserved 1093632K
  class space    used 6281K, capacity 6702K, committed 6784K, reserved 1048576K
}
Event: 8.056 GC heap after
{Heap after GC invocations=14 (full 0):
 garbage-first heap   total 155648K, used 60146K [0x0000000080000000, 0x0000000100000000)
  region size 1024K, 7 young (7168K), 7 survivors (7168K)
 Metaspace       used 48744K, capacity 50158K, committed 50256K, reserved 1093632K
  class space    used 6281K, capacity 6702K, committed 6784K, reserved 1048576K
}
Event: 8.670 GC heap before
{Heap before GC invocations=14 (full 0):
 garbage-first heap   total 155648K, used 109298K [0x0000000080000000, 0x0000000100000000)
  region size 1024K, 56 young (57344K), 7 survivors (7168K)
 Metaspace       used 55944K, capacity 57424K, committed 57552K, reserved 1099776K
  class space    used 7097K, capacity 7587K, committed 7680K, reserved 1048576K
}
Event: 8.678 GC heap after
{Heap after GC invocations=15 (full 0):
 garbage-first heap   total 155648K, used 64271K [0x0000000080000000, 0x0000000100000000)
  region size 1024K, 4 young (4096K), 4 survivors (4096K)
 Metaspace       used 55944K, capacity 57424K, committed 57552K, reserved 1099776K
  class space    used 7097K, capacity 7587K, committed 7680K, reserved 1048576K
}
Event: 9.028 GC heap before
{Heap before GC invocations=15 (full 0):
 garbage-first heap   total 155648K, used 91919K [0x0000000080000000, 0x0000000100000000)
  region size 1024K, 31 young (31744K), 4 survivors (4096K)
 Metaspace       used 58865K, capacity 60377K, committed 60496K, reserved 1101824K
  class space    used 7444K, capacity 7963K, committed 8064K, reserved 1048576K
}
Event: 9.036 GC heap after
{Heap after GC invocations=16 (full 0):
 garbage-first heap   total 155648K, used 66493K [0x0000000080000000, 0x0000000100000000)
  region size 1024K, 3 young (3072K), 3 survivors (3072K)
 Metaspace       used 58865K, capacity 60377K, committed 60496K, reserved 1101824K
  class space    used 7444K, capacity 7963K, committed 8064K, reserved 1048576K
}
Event: 9.654 GC heap before
{Heap before GC invocations=17 (full 0):
 garbage-first heap   total 155648K, used 111549K [0x0000000080000000, 0x0000000100000000)
  region size 1024K, 47 young (48128K), 3 survivors (3072K)
 Metaspace       used 63094K, capacity 64743K, committed 65104K, reserved 1105920K
  class space    used 7933K, capacity 8463K, committed 8576K, reserved 1048576K
}

Deoptimization events (20 events):
Event: 9.342 Thread 0x000001e8061ee800 DEOPT PACKING pc=0x000001e86e3c7991 sp=0x00000080a50f8e30
Event: 9.342 Thread 0x000001e8061ee800 DEOPT UNPACKING pc=0x000001e86dc576ce sp=0x00000080a50f8310 mode 0
Event: 9.344 Thread 0x000001e8061ee800 DEOPT PACKING pc=0x000001e86e3c7991 sp=0x00000080a50f8e40
Event: 9.344 Thread 0x000001e8061ee800 DEOPT UNPACKING pc=0x000001e86dc576ce sp=0x00000080a50f8318 mode 0
Event: 9.345 Thread 0x000001e8061ee800 Uncommon trap: trap_request=0xffffff4d fr.pc=0x000001e875783c24 relative=0x00000000000005e4
Event: 9.345 Thread 0x000001e8061ee800 Uncommon trap: reason=unstable_if action=reinterpret pc=0x000001e875783c24 method=java.lang.String.replace(CC)Ljava/lang/String; @ 2 c2
Event: 9.345 Thread 0x000001e8061ee800 DEOPT PACKING pc=0x000001e875783c24 sp=0x00000080a50f8f40
Event: 9.345 Thread 0x000001e8061ee800 DEOPT UNPACKING pc=0x000001e86dc578af sp=0x00000080a50f8ef0 mode 2
Event: 9.348 Thread 0x000001e8061ee800 Uncommon trap: trap_request=0xffffff4d fr.pc=0x000001e8759062e0 relative=0x0000000000000460
Event: 9.348 Thread 0x000001e8061ee800 Uncommon trap: reason=unstable_if action=reinterpret pc=0x000001e8759062e0 method=org.codehaus.groovy.runtime.metaclass.MetaMethodIndex.copyNonPrivateNonNewMetaMethods(Lorg/codehaus/groovy/runtime/metaclass/MetaMethodIndex$Entry;Lorg/codehaus/groovy/runti
Event: 9.348 Thread 0x000001e8061ee800 DEOPT PACKING pc=0x000001e8759062e0 sp=0x00000080a50f8c50
Event: 9.348 Thread 0x000001e8061ee800 DEOPT UNPACKING pc=0x000001e86dc578af sp=0x00000080a50f8c08 mode 2
Event: 9.348 Thread 0x000001e8061ee800 Uncommon trap: trap_request=0xffffff4d fr.pc=0x000001e8758a20a0 relative=0x0000000000005680
Event: 9.348 Thread 0x000001e8061ee800 Uncommon trap: reason=unstable_if action=reinterpret pc=0x000001e8758a20a0 method=groovy.lang.MetaClassImpl$1MOPIter.methodNameAction(Ljava/lang/Class;Lorg/codehaus/groovy/runtime/metaclass/MetaMethodIndex$Entry;)V @ 182 c2
Event: 9.348 Thread 0x000001e8061ee800 DEOPT PACKING pc=0x000001e8758a20a0 sp=0x00000080a50f8c10
Event: 9.348 Thread 0x000001e8061ee800 DEOPT UNPACKING pc=0x000001e86dc578af sp=0x00000080a50f8c10 mode 2
Event: 9.439 Thread 0x000001e8061ee800 Uncommon trap: trap_request=0xffffff4d fr.pc=0x000001e875978828 relative=0x0000000000001988
Event: 9.439 Thread 0x000001e8061ee800 Uncommon trap: reason=unstable_if action=reinterpret pc=0x000001e875978828 method=java.util.concurrent.ConcurrentHashMap.putVal(Ljava/lang/Object;Ljava/lang/Object;Z)Ljava/lang/Object; @ 245 c2
Event: 9.439 Thread 0x000001e8061ee800 DEOPT PACKING pc=0x000001e875978828 sp=0x00000080a50f8970
Event: 9.439 Thread 0x000001e8061ee800 DEOPT UNPACKING pc=0x000001e86dc578af sp=0x00000080a50f88f8 mode 2

Classes redefined (0 events):
No events

Internal exceptions (20 events):
Event: 9.620 Thread 0x000001e8061ee800 Exception <a 'java/lang/ClassNotFoundException'{0x0000000086d2bf90}: org/gradle/api/JavaVersionBeanInfo> (0x0000000086d2bf90) thrown at [./src/hotspot/share/classfile/systemDictionary.cpp, line 231]
Event: 9.620 Thread 0x000001e8061ee800 Exception <a 'java/lang/ClassNotFoundException'{0x0000000086d35930}: java/lang/EnumBeanInfo> (0x0000000086d35930) thrown at [./src/hotspot/share/classfile/systemDictionary.cpp, line 231]
Event: 9.621 Thread 0x000001e8061ee800 Exception <a 'java/lang/ClassNotFoundException'{0x0000000086d3f058}: java/lang/EnumCustomizer> (0x0000000086d3f058) thrown at [./src/hotspot/share/classfile/systemDictionary.cpp, line 231]
Event: 9.622 Thread 0x000001e8061ee800 Exception <a 'java/lang/ClassNotFoundException'{0x0000000086d65a98}: org/gradle/api/JavaVersionCustomizer> (0x0000000086d65a98) thrown at [./src/hotspot/share/classfile/systemDictionary.cpp, line 231]
Event: 9.625 Thread 0x000001e8061ee800 Exception <a 'java/lang/ClassNotFoundException'{0x0000000086db4d28}: com/android/build/gradle/internal/CompileOptions_DecoratedBeanInfo> (0x0000000086db4d28) thrown at [./src/hotspot/share/classfile/systemDictionary.cpp, line 231]
Event: 9.625 Thread 0x000001e8061ee800 Exception <a 'java/lang/ClassNotFoundException'{0x0000000086dc8f80}: com/android/build/gradle/internal/CompileOptionsBeanInfo> (0x0000000086dc8f80) thrown at [./src/hotspot/share/classfile/systemDictionary.cpp, line 231]
Event: 9.625 Thread 0x000001e8061ee800 Exception <a 'java/lang/ClassNotFoundException'{0x0000000086ddd918}: com/android/build/gradle/internal/CompileOptionsCustomizer> (0x0000000086ddd918) thrown at [./src/hotspot/share/classfile/systemDictionary.cpp, line 231]
Event: 9.626 Thread 0x000001e8061ee800 Exception <a 'java/lang/ClassNotFoundException'{0x0000000086dfe968}: com/android/build/gradle/internal/CompileOptions_DecoratedCustomizer> (0x0000000086dfe968) thrown at [./src/hotspot/share/classfile/systemDictionary.cpp, line 231]
Event: 9.637 Thread 0x000001e8061ee800 Exception <a 'java/lang/ClassNotFoundException'{0x0000000086b299d8}: org/jetbrains/kotlin/gradle/dsl/KotlinJvmOptionsImplBeanInfo> (0x0000000086b299d8) thrown at [./src/hotspot/share/classfile/systemDictionary.cpp, line 231]
Event: 9.637 Thread 0x000001e8061ee800 Exception <a 'java/lang/ClassNotFoundException'{0x0000000086b3d830}: org/jetbrains/kotlin/gradle/dsl/KotlinJvmOptionsBaseBeanInfo> (0x0000000086b3d830) thrown at [./src/hotspot/share/classfile/systemDictionary.cpp, line 231]
Event: 9.637 Thread 0x000001e8061ee800 Exception <a 'java/lang/ClassNotFoundException'{0x0000000086b516d0}: org/jetbrains/kotlin/gradle/dsl/KotlinJvmOptionsBaseCustomizer> (0x0000000086b516d0) thrown at [./src/hotspot/share/classfile/systemDictionary.cpp, line 231]
Event: 9.638 Thread 0x000001e8061ee800 Exception <a 'java/lang/ClassNotFoundException'{0x0000000086b79d40}: org/jetbrains/kotlin/gradle/dsl/KotlinJvmOptionsImplCustomizer> (0x0000000086b79d40) thrown at [./src/hotspot/share/classfile/systemDictionary.cpp, line 231]
Event: 9.641 Thread 0x000001e8061ee800 Exception <a 'java/lang/ClassNotFoundException'{0x0000000086be9258}: org/gradle/api/plugins/internal/DefaultBasePluginConventionBeanInfo> (0x0000000086be9258) thrown at [./src/hotspot/share/classfile/systemDictionary.cpp, line 231]
Event: 9.641 Thread 0x000001e8061ee800 Exception <a 'java/lang/ClassNotFoundException'{0x0000000086a16d30}: org/gradle/api/plugins/BasePluginConventionBeanInfo> (0x0000000086a16d30) thrown at [./src/hotspot/share/classfile/systemDictionary.cpp, line 231]
Event: 9.642 Thread 0x000001e8061ee800 Exception <a 'java/lang/ClassNotFoundException'{0x0000000086a44360}: org/gradle/api/plugins/BasePluginConventionCustomizer> (0x0000000086a44360) thrown at [./src/hotspot/share/classfile/systemDictionary.cpp, line 231]
Event: 9.643 Thread 0x000001e8061ee800 Exception <a 'java/lang/ClassNotFoundException'{0x0000000086a854d8}: org/gradle/api/plugins/internal/DefaultBasePluginConventionCustomizer> (0x0000000086a854d8) thrown at [./src/hotspot/share/classfile/systemDictionary.cpp, line 231]
Event: 9.645 Thread 0x000001e8061ee800 Exception <a 'java/lang/ClassNotFoundException'{0x0000000086afb3c0}: org/gradle/api/plugins/internal/DefaultJavaPluginConventionBeanInfo> (0x0000000086afb3c0) thrown at [./src/hotspot/share/classfile/systemDictionary.cpp, line 231]
Event: 9.645 Thread 0x000001e8061ee800 Exception <a 'java/lang/ClassNotFoundException'{0x0000000086928e68}: org/gradle/api/plugins/JavaPluginConventionBeanInfo> (0x0000000086928e68) thrown at [./src/hotspot/share/classfile/systemDictionary.cpp, line 231]
Event: 9.646 Thread 0x000001e8061ee800 Exception <a 'java/lang/ClassNotFoundException'{0x0000000086956498}: org/gradle/api/plugins/JavaPluginConventionCustomizer> (0x0000000086956498) thrown at [./src/hotspot/share/classfile/systemDictionary.cpp, line 231]
Event: 9.647 Thread 0x000001e8061ee800 Exception <a 'java/lang/ClassNotFoundException'{0x000000008699ced8}: org/gradle/api/plugins/internal/DefaultJavaPluginConventionCustomizer> (0x000000008699ced8) thrown at [./src/hotspot/share/classfile/systemDictionary.cpp, line 231]

Events (20 events):
Event: 9.646 loading class org/gradle/api/plugins/internal/DefaultJavaPluginConventionCustomizer done
Event: 9.646 loading class org/gradle/api/plugins/internal/DefaultJavaPluginConventionCustomizer
Event: 9.646 loading class org/gradle/api/plugins/internal/DefaultJavaPluginConventionCustomizer done
Event: 9.646 loading class org/gradle/api/plugins/internal/DefaultJavaPluginConventionCustomizer
Event: 9.646 loading class org/gradle/api/plugins/internal/DefaultJavaPluginConventionCustomizer done
Event: 9.647 loading class org/gradle/api/plugins/internal/DefaultJavaPluginConventionCustomizer
Event: 9.647 loading class org/gradle/api/plugins/internal/DefaultJavaPluginConventionCustomizer done
Event: 9.647 loading class org/gradle/internal/extensibility/ExtensibleDynamicObject$1
Event: 9.647 loading class org/gradle/internal/extensibility/ExtensibleDynamicObject$1 done
Event: 9.650 loading class org/gradle/api/tasks/Upload
Event: 9.650 loading class org/gradle/api/tasks/Upload done
Event: 9.652 loading class org/gradle/api/initialization/dsl/ScriptHandler
Event: 9.652 loading class org/gradle/api/initialization/dsl/ScriptHandler done
Event: 9.652 loading class org/gradle/api/internal/artifacts/configurations/DefaultConfiguration$ConfigurationResolvableDependencies$LenientResolutionResult
Event: 9.652 loading class org/gradle/api/internal/artifacts/configurations/DefaultConfiguration$ConfigurationResolvableDependencies$LenientResolutionResult done
Event: 9.653 loading class org/gradle/api/artifacts/result/ResolutionResult
Event: 9.653 loading class org/gradle/api/artifacts/result/ResolutionResult done
Event: 9.654 loading class org/gradle/api/internal/artifacts/ivyservice/resolveengine/result/DefaultResolutionResultBuilder
Event: 9.654 loading class org/gradle/api/internal/artifacts/ivyservice/resolveengine/result/DefaultResolutionResultBuilder done
Event: 9.654 Executing VM operation: G1CollectForAllocation


Dynamic libraries:
0x00007ff629d60000 - 0x00007ff629d6a000 	C:\Program Files\Android\Android Studio\jre\bin\java.exe
0x00007ffc25930000 - 0x00007ffc25b25000 	C:\WINDOWS\SYSTEM32\ntdll.dll
0x00007ffc01170000 - 0x00007ffc01185000 	C:\Program Files\AVG\Antivirus\aswhook.dll
0x00007ffc23ac0000 - 0x00007ffc23b7d000 	C:\WINDOWS\System32\KERNEL32.DLL
0x00007ffc23190000 - 0x00007ffc23459000 	C:\WINDOWS\System32\KERNELBASE.dll
0x00007ffc23510000 - 0x00007ffc23610000 	C:\WINDOWS\System32\ucrtbase.dll
0x00007ffc006d0000 - 0x00007ffc006e7000 	C:\Program Files\Android\Android Studio\jre\bin\VCRUNTIME140.dll
0x00007ffc0b180000 - 0x00007ffc0b199000 	C:\Program Files\Android\Android Studio\jre\bin\jli.dll
0x00007ffc25730000 - 0x00007ffc258d0000 	C:\WINDOWS\System32\USER32.dll
0x00007ffc236f0000 - 0x00007ffc23712000 	C:\WINDOWS\System32\win32u.dll
0x00007ffc23fb0000 - 0x00007ffc23fda000 	C:\WINDOWS\System32\GDI32.dll
0x00007ffc23880000 - 0x00007ffc2398b000 	C:\WINDOWS\System32\gdi32full.dll
0x00007ffc230f0000 - 0x00007ffc2318d000 	C:\WINDOWS\System32\msvcp_win.dll
0x00007ffc0b4e0000 - 0x00007ffc0b77a000 	C:\WINDOWS\WinSxS\amd64_microsoft.windows.common-controls_6595b64144ccf1df_6.0.19041.1110_none_60b5254171f9507e\COMCTL32.dll
0x00007ffc23de0000 - 0x00007ffc23e7e000 	C:\WINDOWS\System32\msvcrt.dll
0x00007ffc25650000 - 0x00007ffc25680000 	C:\WINDOWS\System32\IMM32.DLL
0x00007ffbecda0000 - 0x00007ffbece3d000 	C:\Program Files\Android\Android Studio\jre\bin\msvcp140.dll
0x00007ffbda9e0000 - 0x00007ffbdb4af000 	C:\Program Files\Android\Android Studio\jre\bin\server\jvm.dll
0x00007ffc25240000 - 0x00007ffc252ec000 	C:\WINDOWS\System32\ADVAPI32.dll
0x00007ffc23ce0000 - 0x00007ffc23d7b000 	C:\WINDOWS\System32\sechost.dll
0x00007ffc23ff0000 - 0x00007ffc2411a000 	C:\WINDOWS\System32\RPCRT4.dll
0x00007ffc24e40000 - 0x00007ffc24e48000 	C:\WINDOWS\System32\PSAPI.DLL
0x00007ffc11fa0000 - 0x00007ffc11fa9000 	C:\WINDOWS\SYSTEM32\WSOCK32.dll
0x00007ffc241b0000 - 0x00007ffc2421b000 	C:\WINDOWS\System32\WS2_32.dll
0x00007ffc1c9b0000 - 0x00007ffc1c9d7000 	C:\WINDOWS\SYSTEM32\WINMM.dll
0x00007ffc1e7f0000 - 0x00007ffc1e7fa000 	C:\WINDOWS\SYSTEM32\VERSION.dll
0x00007ffc20f70000 - 0x00007ffc20f82000 	C:\WINDOWS\SYSTEM32\kernel.appcore.dll
0x00007ffc1ae50000 - 0x00007ffc1ae61000 	C:\Program Files\Android\Android Studio\jre\bin\verify.dll
0x00007ffc1b880000 - 0x00007ffc1ba64000 	C:\WINDOWS\SYSTEM32\DBGHELP.DLL
0x00007ffc1be90000 - 0x00007ffc1bebc000 	C:\WINDOWS\SYSTEM32\dbgcore.DLL
0x00007ffc23060000 - 0x00007ffc230e3000 	C:\WINDOWS\System32\bcryptPrimitives.dll
0x00007ffc0a900000 - 0x00007ffc0a929000 	C:\Program Files\Android\Android Studio\jre\bin\java.dll
0x00007ffc20420000 - 0x00007ffc2042b000 	C:\Program Files\Android\Android Studio\jre\bin\jimage.dll
0x00007ffc17f50000 - 0x00007ffc17f68000 	C:\Program Files\Android\Android Studio\jre\bin\zip.dll
0x00007ffc246a0000 - 0x00007ffc24ddf000 	C:\WINDOWS\System32\SHELL32.dll
0x00007ffc21170000 - 0x00007ffc21900000 	C:\WINDOWS\SYSTEM32\windows.storage.dll
0x00007ffc252f0000 - 0x00007ffc25645000 	C:\WINDOWS\System32\combase.dll
0x00007ffc229f0000 - 0x00007ffc22a1c000 	C:\WINDOWS\SYSTEM32\Wldp.dll
0x00007ffc24e50000 - 0x00007ffc24efe000 	C:\WINDOWS\System32\SHCORE.dll
0x00007ffc23d80000 - 0x00007ffc23dd5000 	C:\WINDOWS\System32\shlwapi.dll
0x00007ffc22fa0000 - 0x00007ffc22fbf000 	C:\WINDOWS\SYSTEM32\profapi.dll
0x00007ffc17bf0000 - 0x00007ffc17c0a000 	C:\Program Files\Android\Android Studio\jre\bin\net.dll
0x00007ffc12920000 - 0x00007ffc12a28000 	C:\WINDOWS\SYSTEM32\WINHTTP.dll
0x00007ffc22750000 - 0x00007ffc227ba000 	C:\WINDOWS\system32\mswsock.dll
0x00007ffc154c0000 - 0x00007ffc154d4000 	C:\Program Files\Android\Android Studio\jre\bin\nio.dll
0x00007ffc0c580000 - 0x00007ffc0c5a7000 	C:\Users\Lenovo\.gradle\native\f6784746aeab05261644944871eae4fe03e0ef1612fff0a4a95f87b438bc6780\windows-amd64\native-platform.dll
0x00007ffc1fc70000 - 0x00007ffc1fc7a000 	C:\Program Files\Android\Android Studio\jre\bin\management.dll
0x00007ffc1fa80000 - 0x00007ffc1fa8c000 	C:\Program Files\Android\Android Studio\jre\bin\management_ext.dll
0x00007ffc22950000 - 0x00007ffc22968000 	C:\WINDOWS\SYSTEM32\CRYPTSP.dll
0x00007ffc220d0000 - 0x00007ffc22104000 	C:\WINDOWS\system32\rsaenh.dll
0x00007ffc23610000 - 0x00007ffc23637000 	C:\WINDOWS\System32\bcrypt.dll
0x00007ffc22f60000 - 0x00007ffc22f8e000 	C:\WINDOWS\SYSTEM32\USERENV.dll
0x00007ffc22940000 - 0x00007ffc2294c000 	C:\WINDOWS\SYSTEM32\CRYPTBASE.dll
0x00007ffc22440000 - 0x00007ffc2247b000 	C:\WINDOWS\SYSTEM32\IPHLPAPI.DLL
0x00007ffc23e80000 - 0x00007ffc23e88000 	C:\WINDOWS\System32\NSI.dll
0x00007ffc1c040000 - 0x00007ffc1c057000 	C:\WINDOWS\SYSTEM32\dhcpcsvc6.DLL
0x00007ffc1c230000 - 0x00007ffc1c24d000 	C:\WINDOWS\SYSTEM32\dhcpcsvc.DLL
0x00007ffc22480000 - 0x00007ffc2254c000 	C:\WINDOWS\SYSTEM32\DNSAPI.dll
0x00007ffc1c500000 - 0x00007ffc1c50b000 	C:\WINDOWS\SYSTEM32\WINNSI.DLL

dbghelp: loaded successfully - version: 4.0.5 - missing functions: none
symbol engine: initialized successfully - sym options: 0x614 - pdb path: .;C:\Program Files\Android\Android Studio\jre\bin;C:\WINDOWS\SYSTEM32;C:\Program Files\AVG\Antivirus;C:\WINDOWS\WinSxS\amd64_microsoft.windows.common-controls_6595b64144ccf1df_6.0.19041.1110_none_60b5254171f9507e;C:\Program Files\Android\Android Studio\jre\bin\server;C:\Users\Lenovo\.gradle\native\f6784746aeab05261644944871eae4fe03e0ef1612fff0a4a95f87b438bc6780\windows-amd64

VM Arguments:
jvm_args: --add-opens=java.base/java.util=ALL-UNNAMED --add-opens=java.base/java.lang=ALL-UNNAMED --add-opens=java.base/java.lang.invoke=ALL-UNNAMED --add-opens=java.prefs/java.util.prefs=ALL-UNNAMED -Xmx2048m -Dfile.encoding=UTF-8 -Duser.country=US -Duser.language=en -Duser.variant 
java_command: org.gradle.launcher.daemon.bootstrap.GradleDaemon 6.5
java_class_path (initial): C:\Users\Lenovo\.gradle\wrapper\dists\gradle-6.5-bin\6nifqtx7604sqp1q6g8wikw7p\gradle-6.5\lib\gradle-launcher-6.5.jar
Launcher Type: SUN_STANDARD

[Global flags]
     intx CICompilerCount                          = 3                                         {product} {ergonomic}
     uint ConcGCThreads                            = 1                                         {product} {ergonomic}
     uint G1ConcRefinementThreads                  = 4                                         {product} {ergonomic}
   size_t G1HeapRegionSize                         = 1048576                                   {product} {ergonomic}
    uintx GCDrainStackTargetSize                   = 64                                        {product} {ergonomic}
   size_t InitialHeapSize                          = 132120576                                 {product} {ergonomic}
   size_t MarkStackSize                            = 4194304                                   {product} {ergonomic}
   size_t MaxHeapSize                              = 2147483648                                {product} {command line}
   size_t MaxNewSize                               = 1287651328                                {product} {ergonomic}
   size_t MinHeapDeltaBytes                        = 1048576                                   {product} {ergonomic}
    uintx NonNMethodCodeHeapSize                   = 5830732                                {pd product} {ergonomic}
    uintx NonProfiledCodeHeapSize                  = 122913754                              {pd product} {ergonomic}
    uintx ProfiledCodeHeapSize                     = 122913754                              {pd product} {ergonomic}
    uintx ReservedCodeCacheSize                    = 251658240                              {pd product} {ergonomic}
     bool SegmentedCodeCache                       = true                                      {product} {ergonomic}
     bool UseCompressedClassPointers               = true                                 {lp64_product} {ergonomic}
     bool UseCompressedOops                        = true                                 {lp64_product} {ergonomic}
     bool UseG1GC                                  = true                                      {product} {ergonomic}
     bool UseLargePagesIndividualAllocation        = false                                  {pd product} {ergonomic}

Logging:
Log output configuration:
 #0: stdout all=warning uptime,level,tags
 #1: stderr all=off uptime,level,tags

Environment Variables:
JAVA_HOME=C:\Program Files\Java\jdk1.8.0_261
PATH=C:\Program Files (x86)\Intel\Intel(R) Management Engine Components\iCLS\;C:\Program Files\Intel\Intel(R) Management Engine Components\iCLS\;C:\Program Files (x86)\NVIDIA Corporation\PhysX\Common;C:\Program Files (x86)\Common Files\Intel\Shared Libraries\redist\intel64\compiler;C:\Program Files (x86)\Google\Chrome\Application;C:\Windows\system32;C:\Windows;C:\Windows\System32\Wbem;C:\Windows\System32\WindowsPowerShell\v1.0\;C:\Windows\System32\OpenSSH\;C:\Users\Lenovo\AppData\Local\Microsoft\WindowsApps;C:\adb;C:\WINDOWS\system32;C:\WINDOWS;C:\WINDOWS\System32\Wbem;C:\WINDOWS\System32\WindowsPowerShell\v1.0\;C:\WINDOWS\System32\OpenSSH\;c:\Program Files (x86)\Intel\Intel(R) Management Engine Components\DAL;c:\Program Files\Intel\Intel(R) Management Engine Components\DAL;c:\Program Files (x86)\Intel\Intel(R) Management Engine Components\IPT;c:\Program Files\Intel\Intel(R) Management Engine Components\IPT;D:\3dMax\;C:\Program Files\Common Files\Autodesk Shared\;C:\Program Files\Git\cmd;C:\Users\Lenovo\AppData\Local\Microsoft\WindowsApps;
USERNAME=Lenovo
OS=Windows_NT
PROCESSOR_IDENTIFIER=Intel64 Family 6 Model 142 Stepping 9, GenuineIntel



---------------  S Y S T E M  ---------------

OS: Windows 10 , 64 bit Build 19041 (10.0.19041.1151)
OS uptime: 12 days 23:05 hours

CPU:total 4 (initial active 4) (2 cores per cpu, 2 threads per core) family 6 model 142 stepping 9 microcode 0xde, cmov, cx8, fxsr, mmx, sse, sse2, sse3, ssse3, sse4.1, sse4.2, popcnt, avx, avx2, aes, clmul, erms, 3dnowpref, lzcnt, ht, tsc, tscinvbit, bmi1, bmi2, adx, fma

Memory: 4k page, system-wide physical 8058M (578M free)
TotalPageFile size 12058M (AvailPageFile size 10M)
current process WorkingSet (physical memory assigned to process): 353M, peak: 355M
current process commit charge ("private bytes"): 394M, peak: 425M

vm_info: OpenJDK 64-Bit Server VM (11.0.10+0-b96-7249189) for windows-amd64 JRE (11.0.10+0-b96-7249189), built on Mar 31 2021 21:44:00 by "builder" with MS VC++ 14.0 (VS2015)

END.
