#
# There is insufficient memory for the Java Runtime Environment to continue.
# Native memory allocation (mmap) failed to map 32505856 bytes for Failed to commit area from 0x0000000089800000 to 0x000000008b700000 of length 32505856.
# Possible reasons:
#   The system is out of physical RAM or swap space
#   The process is running with CompressedOops enabled, and the Java Heap may be blocking the growth of the native heap
# Possible solutions:
#   Reduce memory load on the system
#   Increase physical memory or swap space
#   Check if swap backing store is full
#   Decrease Java heap size (-Xmx/-Xms)
#   Decrease number of Java threads
#   Decrease Java thread stack sizes (-Xss)
#   Set larger code cache with -XX:ReservedCodeCacheSize=
#   JVM is running with Unscaled Compressed Oops mode in which the Java heap is
#     placed in the first 4GB address space. The Java Heap base address is the
#     maximum limit for the native heap growth. Please use -XX:HeapBaseMinAddress
#     to set the Java Heap base and to place the Java Heap above 4GB virtual address.
# This output file may be truncated or incomplete.
#
#  Out of Memory Error (./src/hotspot/os/windows/os_windows.cpp:3301), pid=14268, tid=15036
#
# JRE version: OpenJDK Runtime Environment (11.0.10) (build 11.0.10+0-b96-7249189)
# Java VM: OpenJDK 64-Bit Server VM (11.0.10+0-b96-7249189, mixed mode, tiered, compressed oops, g1 gc, windows-amd64)
# No core dump will be written. Minidumps are not enabled by default on client versions of Windows
#

---------------  S U M M A R Y ------------

Command Line: --add-opens=java.base/java.util=ALL-UNNAMED --add-opens=java.base/java.lang=ALL-UNNAMED --add-opens=java.base/java.lang.invoke=ALL-UNNAMED --add-opens=java.prefs/java.util.prefs=ALL-UNNAMED -Xmx2048m -Dfile.encoding=UTF-8 -Duser.country=US -Duser.language=en -Duser.variant org.gradle.launcher.daemon.bootstrap.GradleDaemon 6.5

Host: Intel(R) Core(TM) i7-7500U CPU @ 2.70GHz, 4 cores, 7G,  Windows 10 , 64 bit Build 19041 (10.0.19041.1151)
Time: Thu Sep  9 13:33:50 2021 West Asia Standard Time elapsed time: 6.978788 seconds (0d 0h 0m 6s)

---------------  T H R E A D  ---------------

Current thread (0x0000016721c81000):  VMThread "VM Thread" [stack: 0x0000005581f00000,0x0000005582000000] [id=15036]

Stack: [0x0000005581f00000,0x0000005582000000]
[error occurred during error reporting (printing stack bounds), id 0xc0000005, EXCEPTION_ACCESS_VIOLATION (0xc0000005) at pc=0x000001670bba0f2d]

Native frames: (J=compiled Java code, j=interpreted, Vv=VM code, C=native code)
V  [jvm.dll+0x5ecfaa]
V  [jvm.dll+0x722bd5]
V  [jvm.dll+0x72412d]
V  [jvm.dll+0x724745]
V  [jvm.dll+0x7246fb]
V  [jvm.dll+0x5ec348]
V  [jvm.dll+0x5ecad8]
C  [ntdll.dll+0xa217f]
C  [ntdll.dll+0x51454]
C  [ntdll.dll+0xa0cae]
C  0x000001670bba0f2d

VM_Operation (0x00000055834f4720): G1CollectForAllocation, mode: safepoint, requested by thread 0x0000016724487000


---------------  P R O C E S S  ---------------

Threads class SMR info:
_java_thread_list=0x0000016726e81dd0, length=148, elements={
0x0000016705f3c000, 0x0000016721c86000, 0x0000016721c87000, 0x0000016721ca3000,
0x0000016721ca4000, 0x0000016721ca6800, 0x0000016721cac000, 0x0000016721cb3000,
0x0000016721cbc800, 0x0000016722773800, 0x000001672400d000, 0x0000016723d54000,
0x0000016723939800, 0x0000016723f9a000, 0x0000016724471000, 0x000001672444b800,
0x0000016724487000, 0x00000167237cd000, 0x00000167238b1800, 0x0000016721cb9800,
0x0000016721cb4800, 0x0000016721cb5800, 0x0000016721cb9000, 0x0000016721cb7000,
0x0000016721cb6800, 0x0000016721cb8000, 0x0000016721cb4000, 0x0000016727b14800,
0x0000016727b12000, 0x0000016727b12800, 0x0000016727b11000, 0x0000016727b17800,
0x0000016727b1c800, 0x0000016727b19800, 0x0000016727b17000, 0x0000016727b1d800,
0x0000016727b1a000, 0x0000016727b18800, 0x0000016727b1b000, 0x0000016727b1e000,
0x0000016727b1f000, 0x0000016727b1b800, 0x00000167271fe800, 0x00000167271fd000,
0x00000167271fb000, 0x00000167271fd800, 0x00000167271f9800, 0x00000167271ff000,
0x00000167271fc000, 0x0000016727200000, 0x00000167271fa800, 0x0000016727205000,
0x0000016727202800, 0x0000016727201800, 0x0000016727203800, 0x0000016727206000,
0x0000016727206800, 0x0000016727201000, 0x0000016727204000, 0x0000016727207800,
0x0000016727208000, 0x0000016726db4000, 0x0000016726db1000, 0x0000016726db5000,
0x0000016726db0000, 0x0000016726db6000, 0x0000016726db6800, 0x0000016726db3800,
0x0000016726db7800, 0x0000016726db2800, 0x0000016726db1800, 0x0000016726dbc800,
0x0000016726dba000, 0x0000016726db8800, 0x0000016726dbd000, 0x0000016726db9000,
0x0000016726dbe000, 0x0000016726dba800, 0x0000016726dbb800, 0x0000016726dbf000,
0x000001672745b800, 0x000001672745c000, 0x000001672745a800, 0x0000016727460800,
0x000001672745e000, 0x0000016727462000, 0x000001672745e800, 0x000001672745f800,
0x0000016727461000, 0x0000016727463000, 0x000001672745d000, 0x0000016727465000,
0x0000016727464800, 0x0000016727466000, 0x0000016727467000, 0x0000016727467800,
0x0000016727468800, 0x0000016727469800, 0x0000016727463800, 0x0000016726ff4800,
0x0000016726ff2000, 0x0000016726ff5800, 0x0000016726ff7000, 0x0000016726ff1000,
0x0000016726ff6000, 0x0000016726ff7800, 0x0000016726ff3800, 0x0000016726ff3000,
0x0000016726ffb000, 0x0000016726ff9800, 0x0000016726ffc000, 0x0000016726ffc800,
0x0000016726ffa000, 0x0000016726ffd800, 0x0000016726ffe000, 0x0000016726ff8800,
0x0000016726fff000, 0x0000016727000000, 0x00000167270cc800, 0x00000167270cd000,
0x00000167270cb800, 0x00000167270ca800, 0x00000167270ce000, 0x00000167270cf800,
0x00000167270ce800, 0x00000167270ca000, 0x00000167270d0800, 0x00000167270d4800,
0x00000167270d5800, 0x00000167270d3000, 0x00000167270d7000, 0x00000167270d1000,
0x00000167270d6000, 0x00000167270d7800, 0x00000167270d3800, 0x00000167270d2000,
0x00000167270d8800, 0x0000016726b4c800, 0x0000016726b52000, 0x0000016726b53000,
0x0000016726b51800, 0x0000016726b50800, 0x0000016726b4d000, 0x0000016726b53800,
0x0000016726b4e000, 0x0000016726b54800, 0x0000016726b4f000, 0x0000016726b5a800
}

Java Threads: ( => current thread )
  0x0000016705f3c000 JavaThread "main" [_thread_blocked, id=11052, stack(0x0000005581900000,0x0000005581a00000)]
  0x0000016721c86000 JavaThread "Reference Handler" daemon [_thread_blocked, id=4056, stack(0x0000005582000000,0x0000005582100000)]
  0x0000016721c87000 JavaThread "Finalizer" daemon [_thread_blocked, id=10528, stack(0x0000005582100000,0x0000005582200000)]
  0x0000016721ca3000 JavaThread "Signal Dispatcher" daemon [_thread_blocked, id=14560, stack(0x0000005582200000,0x0000005582300000)]
  0x0000016721ca4000 JavaThread "Attach Listener" daemon [_thread_blocked, id=6872, stack(0x0000005582300000,0x0000005582400000)]
  0x0000016721ca6800 JavaThread "Service Thread" daemon [_thread_blocked, id=16460, stack(0x0000005582400000,0x0000005582500000)]
  0x0000016721cac000 JavaThread "C2 CompilerThread0" daemon [_thread_blocked, id=6624, stack(0x0000005582500000,0x0000005582600000)]
  0x0000016721cb3000 JavaThread "C1 CompilerThread0" daemon [_thread_blocked, id=16888, stack(0x0000005582600000,0x0000005582700000)]
  0x0000016721cbc800 JavaThread "Sweeper thread" daemon [_thread_blocked, id=8788, stack(0x0000005582700000,0x0000005582800000)]
  0x0000016722773800 JavaThread "Common-Cleaner" daemon [_thread_blocked, id=7164, stack(0x0000005582800000,0x0000005582900000)]
  0x000001672400d000 JavaThread "Daemon health stats" [_thread_blocked, id=5784, stack(0x0000005582d00000,0x0000005582e00000)]
  0x0000016723d54000 JavaThread "Incoming local TCP Connector on port 65435" [_thread_in_native, id=4644, stack(0x0000005582f00000,0x0000005583000000)]
  0x0000016723939800 JavaThread "Daemon periodic checks" [_thread_blocked, id=10880, stack(0x0000005583000000,0x0000005583100000)]
  0x0000016723f9a000 JavaThread "Daemon" [_thread_blocked, id=8344, stack(0x0000005583100000,0x0000005583200000)]
  0x0000016724471000 JavaThread "Handler for socket connection from /127.0.0.1:65435 to /127.0.0.1:65437" [_thread_in_native, id=7780, stack(0x0000005583200000,0x0000005583300000)]
  0x000001672444b800 JavaThread "Cancel handler" [_thread_blocked, id=11716, stack(0x0000005583300000,0x0000005583400000)]
  0x0000016724487000 JavaThread "Daemon worker" [_thread_blocked, id=10512, stack(0x0000005583400000,0x0000005583500000)]
  0x00000167237cd000 JavaThread "Asynchronous log dispatcher for DefaultDaemonConnection: socket connection from /127.0.0.1:65435 to /127.0.0.1:65437" [_thread_blocked, id=6552, stack(0x0000005583500000,0x0000005583600000)]
  0x00000167238b1800 JavaThread "Stdin handler" [_thread_blocked, id=11252, stack(0x0000005583600000,0x0000005583700000)]
  0x0000016721cb9800 JavaThread "Thread-8" [_thread_blocked, id=16200, stack(0x0000005583700000,0x0000005583800000)]
  0x0000016721cb4800 JavaThread "Cache worker for journal cache (C:\Users\Lenovo\.gradle\caches\journal-1)" [_thread_blocked, id=12824, stack(0x0000005583800000,0x0000005583900000)]
  0x0000016721cb5800 JavaThread "File lock request listener" [_thread_in_native, id=9316, stack(0x0000005583900000,0x0000005583a00000)]
  0x0000016721cb9000 JavaThread "Cache worker for file hash cache (C:\Users\Lenovo\.gradle\caches\6.5\fileHashes)" [_thread_blocked, id=8212, stack(0x0000005583b00000,0x0000005583c00000)]
  0x0000016721cb7000 JavaThread "C2 CompilerThread1" daemon [_thread_in_native, id=15316, stack(0x0000005583c00000,0x0000005583d00000)]
  0x0000016721cb6800 JavaThread "Cache worker for file hash cache (D:\PDP\Android\Homework\lesson29 mediaPlayer\.gradle\6.5\fileHashes)" [_thread_blocked, id=15548, stack(0x0000005583d00000,0x0000005583e00000)]
  0x0000016721cb8000 JavaThread "Cache worker for checksums cache (D:\PDP\Android\Homework\lesson29 mediaPlayer\.gradle\checksums)" [_thread_blocked, id=17276, stack(0x0000005583e00000,0x0000005583f00000)]
  0x0000016721cb4000 JavaThread "Cache worker for cache directory md-supplier (C:\Users\Lenovo\.gradle\caches\6.5\md-supplier)" [_thread_blocked, id=13808, stack(0x0000005583f00000,0x0000005584000000)]
  0x0000016727b14800 JavaThread "Cache worker for cache directory md-rule (C:\Users\Lenovo\.gradle\caches\6.5\md-rule)" [_thread_blocked, id=13704, stack(0x0000005584000000,0x0000005584100000)]
  0x0000016727b12000 JavaThread "Cache worker for execution history cache (C:\Users\Lenovo\.gradle\caches\6.5\executionHistory)" [_thread_blocked, id=4964, stack(0x0000005584100000,0x0000005584200000)]
  0x0000016727b12800 JavaThread "jar transforms" [_thread_blocked, id=8304, stack(0x0000005584200000,0x0000005584300000)]
  0x0000016727b11000 JavaThread "Cache worker for file content cache (C:\Users\Lenovo\.gradle\caches\6.5\fileContent)" [_thread_blocked, id=7296, stack(0x0000005584300000,0x0000005584400000)]
  0x0000016727b17800 JavaThread "Build operations" [_thread_blocked, id=10616, stack(0x0000005584400000,0x0000005584500000)]
  0x0000016727b1c800 JavaThread "Build operations Thread 2" [_thread_blocked, id=2408, stack(0x0000005584500000,0x0000005584600000)]
  0x0000016727b19800 JavaThread "Build operations Thread 3" [_thread_blocked, id=14824, stack(0x0000005584600000,0x0000005584700000)]
  0x0000016727b17000 JavaThread "Build operations Thread 4" [_thread_blocked, id=1460, stack(0x0000005584700000,0x0000005584800000)]
  0x0000016727b1d800 JavaThread "jar transforms Thread 2" [_thread_blocked, id=17120, stack(0x0000005584800000,0x0000005584900000)]
  0x0000016727b1a000 JavaThread "jar transforms Thread 3" [_thread_blocked, id=16448, stack(0x0000005584900000,0x0000005584a00000)]
  0x0000016727b18800 JavaThread "jar transforms Thread 4" [_thread_blocked, id=16224, stack(0x0000005584a00000,0x0000005584b00000)]
  0x0000016727b1b000 JavaThread "jar transforms Thread 5" [_thread_blocked, id=1552, stack(0x0000005584b00000,0x0000005584c00000)]
  0x0000016727b1e000 JavaThread "jar transforms Thread 6" [_thread_blocked, id=10000, stack(0x0000005584c00000,0x0000005584d00000)]
  0x0000016727b1f000 JavaThread "jar transforms Thread 7" [_thread_blocked, id=16640, stack(0x0000005584d00000,0x0000005584e00000)]
  0x0000016727b1b800 JavaThread "jar transforms Thread 8" [_thread_blocked, id=12784, stack(0x0000005584e00000,0x0000005584f00000)]
  0x00000167271fe800 JavaThread "jar transforms Thread 9" [_thread_blocked, id=12560, stack(0x0000005584f00000,0x0000005585000000)]
  0x00000167271fd000 JavaThread "jar transforms Thread 10" [_thread_blocked, id=14588, stack(0x0000005585000000,0x0000005585100000)]
  0x00000167271fb000 JavaThread "jar transforms Thread 11" [_thread_blocked, id=6328, stack(0x0000005585100000,0x0000005585200000)]
  0x00000167271fd800 JavaThread "jar transforms Thread 12" [_thread_blocked, id=12348, stack(0x0000005585200000,0x0000005585300000)]
  0x00000167271f9800 JavaThread "jar transforms Thread 13" [_thread_blocked, id=16852, stack(0x0000005585300000,0x0000005585400000)]
  0x00000167271ff000 JavaThread "jar transforms Thread 14" [_thread_blocked, id=16632, stack(0x0000005585400000,0x0000005585500000)]
  0x00000167271fc000 JavaThread "jar transforms Thread 15" [_thread_blocked, id=13388, stack(0x0000005585500000,0x0000005585600000)]
  0x0000016727200000 JavaThread "jar transforms Thread 16" [_thread_blocked, id=8640, stack(0x0000005585600000,0x0000005585700000)]
  0x00000167271fa800 JavaThread "jar transforms Thread 17" [_thread_blocked, id=9208, stack(0x0000005585700000,0x0000005585800000)]
  0x0000016727205000 JavaThread "jar transforms Thread 18" [_thread_blocked, id=15744, stack(0x0000005585800000,0x0000005585900000)]
  0x0000016727202800 JavaThread "jar transforms Thread 19" [_thread_blocked, id=9132, stack(0x0000005585900000,0x0000005585a00000)]
  0x0000016727201800 JavaThread "jar transforms Thread 20" [_thread_blocked, id=15976, stack(0x0000005585a00000,0x0000005585b00000)]
  0x0000016727203800 JavaThread "jar transforms Thread 21" [_thread_blocked, id=15420, stack(0x0000005585b00000,0x0000005585c00000)]
  0x0000016727206000 JavaThread "jar transforms Thread 22" [_thread_blocked, id=14140, stack(0x0000005585c00000,0x0000005585d00000)]
  0x0000016727206800 JavaThread "jar transforms Thread 23" [_thread_blocked, id=14708, stack(0x0000005585d00000,0x0000005585e00000)]
  0x0000016727201000 JavaThread "jar transforms Thread 24" [_thread_blocked, id=14988, stack(0x0000005585e00000,0x0000005585f00000)]
  0x0000016727204000 JavaThread "jar transforms Thread 25" [_thread_blocked, id=3320, stack(0x0000005585f00000,0x0000005586000000)]
  0x0000016727207800 JavaThread "jar transforms Thread 26" [_thread_blocked, id=7648, stack(0x0000005586000000,0x0000005586100000)]
  0x0000016727208000 JavaThread "jar transforms Thread 27" [_thread_blocked, id=12500, stack(0x0000005586100000,0x0000005586200000)]
  0x0000016726db4000 JavaThread "jar transforms Thread 28" [_thread_blocked, id=5232, stack(0x0000005586200000,0x0000005586300000)]
  0x0000016726db1000 JavaThread "jar transforms Thread 29" [_thread_blocked, id=8132, stack(0x0000005586300000,0x0000005586400000)]
  0x0000016726db5000 JavaThread "jar transforms Thread 30" [_thread_blocked, id=2240, stack(0x0000005586400000,0x0000005586500000)]
  0x0000016726db0000 JavaThread "jar transforms Thread 31" [_thread_blocked, id=6932, stack(0x0000005586500000,0x0000005586600000)]
  0x0000016726db6000 JavaThread "jar transforms Thread 32" [_thread_blocked, id=13048, stack(0x0000005586600000,0x0000005586700000)]
  0x0000016726db6800 JavaThread "jar transforms Thread 33" [_thread_blocked, id=7532, stack(0x0000005586700000,0x0000005586800000)]
  0x0000016726db3800 JavaThread "jar transforms Thread 34" [_thread_blocked, id=5116, stack(0x0000005586800000,0x0000005586900000)]
  0x0000016726db7800 JavaThread "jar transforms Thread 35" [_thread_blocked, id=8676, stack(0x0000005586900000,0x0000005586a00000)]
  0x0000016726db2800 JavaThread "jar transforms Thread 36" [_thread_blocked, id=12672, stack(0x0000005586a00000,0x0000005586b00000)]
  0x0000016726db1800 JavaThread "jar transforms Thread 37" [_thread_blocked, id=5792, stack(0x0000005586b00000,0x0000005586c00000)]
  0x0000016726dbc800 JavaThread "jar transforms Thread 38" [_thread_blocked, id=820, stack(0x0000005586c00000,0x0000005586d00000)]
  0x0000016726dba000 JavaThread "jar transforms Thread 39" [_thread_blocked, id=11664, stack(0x0000005586d00000,0x0000005586e00000)]
  0x0000016726db8800 JavaThread "jar transforms Thread 40" [_thread_blocked, id=16732, stack(0x0000005586e00000,0x0000005586f00000)]
  0x0000016726dbd000 JavaThread "jar transforms Thread 41" [_thread_blocked, id=8292, stack(0x0000005586f00000,0x0000005587000000)]
  0x0000016726db9000 JavaThread "jar transforms Thread 42" [_thread_blocked, id=13936, stack(0x0000005587000000,0x0000005587100000)]
  0x0000016726dbe000 JavaThread "jar transforms Thread 43" [_thread_blocked, id=15580, stack(0x0000005587100000,0x0000005587200000)]
  0x0000016726dba800 JavaThread "jar transforms Thread 44" [_thread_blocked, id=6652, stack(0x0000005587200000,0x0000005587300000)]
  0x0000016726dbb800 JavaThread "jar transforms Thread 45" [_thread_blocked, id=2732, stack(0x0000005587300000,0x0000005587400000)]
  0x0000016726dbf000 JavaThread "jar transforms Thread 46" [_thread_blocked, id=9228, stack(0x0000005587400000,0x0000005587500000)]
  0x000001672745b800 JavaThread "jar transforms Thread 47" [_thread_blocked, id=7824, stack(0x0000005587500000,0x0000005587600000)]
  0x000001672745c000 JavaThread "jar transforms Thread 48" [_thread_blocked, id=3504, stack(0x0000005587600000,0x0000005587700000)]
  0x000001672745a800 JavaThread "jar transforms Thread 49" [_thread_blocked, id=12664, stack(0x0000005587700000,0x0000005587800000)]
  0x0000016727460800 JavaThread "jar transforms Thread 50" [_thread_blocked, id=12512, stack(0x0000005587800000,0x0000005587900000)]
  0x000001672745e000 JavaThread "jar transforms Thread 51" [_thread_blocked, id=9108, stack(0x0000005587900000,0x0000005587a00000)]
  0x0000016727462000 JavaThread "jar transforms Thread 52" [_thread_blocked, id=13084, stack(0x0000005587a00000,0x0000005587b00000)]
  0x000001672745e800 JavaThread "jar transforms Thread 53" [_thread_blocked, id=16156, stack(0x0000005587b00000,0x0000005587c00000)]
  0x000001672745f800 JavaThread "jar transforms Thread 54" [_thread_blocked, id=9412, stack(0x0000005587c00000,0x0000005587d00000)]
  0x0000016727461000 JavaThread "jar transforms Thread 55" [_thread_blocked, id=9824, stack(0x0000005587d00000,0x0000005587e00000)]
  0x0000016727463000 JavaThread "jar transforms Thread 56" [_thread_blocked, id=17116, stack(0x0000005587e00000,0x0000005587f00000)]
  0x000001672745d000 JavaThread "jar transforms Thread 57" [_thread_blocked, id=10788, stack(0x0000005587f00000,0x0000005588000000)]
  0x0000016727465000 JavaThread "jar transforms Thread 58" [_thread_blocked, id=16616, stack(0x0000005588000000,0x0000005588100000)]
  0x0000016727464800 JavaThread "jar transforms Thread 59" [_thread_blocked, id=5300, stack(0x0000005588100000,0x0000005588200000)]
  0x0000016727466000 JavaThread "jar transforms Thread 60" [_thread_blocked, id=2880, stack(0x0000005588200000,0x0000005588300000)]
  0x0000016727467000 JavaThread "jar transforms Thread 61" [_thread_blocked, id=2844, stack(0x0000005588300000,0x0000005588400000)]
  0x0000016727467800 JavaThread "jar transforms Thread 62" [_thread_blocked, id=7400, stack(0x0000005588400000,0x0000005588500000)]
  0x0000016727468800 JavaThread "jar transforms Thread 63" [_thread_blocked, id=9444, stack(0x0000005588500000,0x0000005588600000)]
  0x0000016727469800 JavaThread "jar transforms Thread 64" [_thread_blocked, id=14968, stack(0x0000005588600000,0x0000005588700000)]
  0x0000016727463800 JavaThread "jar transforms Thread 65" [_thread_blocked, id=12416, stack(0x0000005588700000,0x0000005588800000)]
  0x0000016726ff4800 JavaThread "jar transforms Thread 66" [_thread_blocked, id=9164, stack(0x0000005588800000,0x0000005588900000)]
  0x0000016726ff2000 JavaThread "jar transforms Thread 67" [_thread_blocked, id=9372, stack(0x0000005588900000,0x0000005588a00000)]
  0x0000016726ff5800 JavaThread "jar transforms Thread 68" [_thread_blocked, id=14700, stack(0x0000005588a00000,0x0000005588b00000)]
  0x0000016726ff7000 JavaThread "jar transforms Thread 69" [_thread_blocked, id=16872, stack(0x0000005588b00000,0x0000005588c00000)]
  0x0000016726ff1000 JavaThread "jar transforms Thread 70" [_thread_blocked, id=7224, stack(0x0000005588c00000,0x0000005588d00000)]
  0x0000016726ff6000 JavaThread "jar transforms Thread 71" [_thread_blocked, id=15816, stack(0x0000005588d00000,0x0000005588e00000)]
  0x0000016726ff7800 JavaThread "jar transforms Thread 72" [_thread_blocked, id=16480, stack(0x0000005588e00000,0x0000005588f00000)]
  0x0000016726ff3800 JavaThread "jar transforms Thread 73" [_thread_blocked, id=13040, stack(0x0000005588f00000,0x0000005589000000)]
  0x0000016726ff3000 JavaThread "jar transforms Thread 74" [_thread_blocked, id=12356, stack(0x0000005589000000,0x0000005589100000)]
  0x0000016726ffb000 JavaThread "jar transforms Thread 75" [_thread_blocked, id=11180, stack(0x0000005589100000,0x0000005589200000)]
  0x0000016726ff9800 JavaThread "jar transforms Thread 76" [_thread_blocked, id=4148, stack(0x0000005589200000,0x0000005589300000)]
  0x0000016726ffc000 JavaThread "jar transforms Thread 77" [_thread_blocked, id=17384, stack(0x0000005589300000,0x0000005589400000)]
  0x0000016726ffc800 JavaThread "jar transforms Thread 78" [_thread_blocked, id=7696, stack(0x0000005589400000,0x0000005589500000)]
  0x0000016726ffa000 JavaThread "jar transforms Thread 79" [_thread_blocked, id=15688, stack(0x0000005589500000,0x0000005589600000)]
  0x0000016726ffd800 JavaThread "jar transforms Thread 80" [_thread_blocked, id=3428, stack(0x0000005589600000,0x0000005589700000)]
  0x0000016726ffe000 JavaThread "jar transforms Thread 81" [_thread_blocked, id=12868, stack(0x0000005589700000,0x0000005589800000)]
  0x0000016726ff8800 JavaThread "jar transforms Thread 82" [_thread_blocked, id=5648, stack(0x0000005589800000,0x0000005589900000)]
  0x0000016726fff000 JavaThread "jar transforms Thread 83" [_thread_blocked, id=13528, stack(0x0000005589900000,0x0000005589a00000)]
  0x0000016727000000 JavaThread "jar transforms Thread 84" [_thread_blocked, id=14500, stack(0x0000005589a00000,0x0000005589b00000)]
  0x00000167270cc800 JavaThread "jar transforms Thread 85" [_thread_blocked, id=7668, stack(0x0000005589b00000,0x0000005589c00000)]
  0x00000167270cd000 JavaThread "jar transforms Thread 86" [_thread_blocked, id=15240, stack(0x0000005589c00000,0x0000005589d00000)]
  0x00000167270cb800 JavaThread "jar transforms Thread 87" [_thread_blocked, id=14532, stack(0x0000005589d00000,0x0000005589e00000)]
  0x00000167270ca800 JavaThread "jar transforms Thread 88" [_thread_blocked, id=15964, stack(0x0000005589e00000,0x0000005589f00000)]
  0x00000167270ce000 JavaThread "jar transforms Thread 89" [_thread_blocked, id=11108, stack(0x0000005589f00000,0x000000558a000000)]
  0x00000167270cf800 JavaThread "jar transforms Thread 90" [_thread_blocked, id=3752, stack(0x000000558a000000,0x000000558a100000)]
  0x00000167270ce800 JavaThread "jar transforms Thread 91" [_thread_blocked, id=17052, stack(0x000000558a100000,0x000000558a200000)]
  0x00000167270ca000 JavaThread "jar transforms Thread 92" [_thread_blocked, id=6940, stack(0x000000558a200000,0x000000558a300000)]
  0x00000167270d0800 JavaThread "jar transforms Thread 93" [_thread_blocked, id=15424, stack(0x000000558a300000,0x000000558a400000)]
  0x00000167270d4800 JavaThread "jar transforms Thread 94" [_thread_blocked, id=14716, stack(0x000000558a400000,0x000000558a500000)]
  0x00000167270d5800 JavaThread "jar transforms Thread 95" [_thread_blocked, id=12508, stack(0x000000558a500000,0x000000558a600000)]
  0x00000167270d3000 JavaThread "jar transforms Thread 96" [_thread_blocked, id=8400, stack(0x000000558a600000,0x000000558a700000)]
  0x00000167270d7000 JavaThread "jar transforms Thread 97" [_thread_blocked, id=8668, stack(0x000000558a700000,0x000000558a800000)]
  0x00000167270d1000 JavaThread "jar transforms Thread 98" [_thread_blocked, id=7732, stack(0x000000558a800000,0x000000558a900000)]
  0x00000167270d6000 JavaThread "jar transforms Thread 99" [_thread_blocked, id=3672, stack(0x000000558a900000,0x000000558aa00000)]
  0x00000167270d7800 JavaThread "jar transforms Thread 100" [_thread_blocked, id=16028, stack(0x000000558aa00000,0x000000558ab00000)]
  0x00000167270d3800 JavaThread "jar transforms Thread 101" [_thread_blocked, id=12236, stack(0x000000558ab00000,0x000000558ac00000)]
  0x00000167270d2000 JavaThread "jar transforms Thread 102" [_thread_blocked, id=7664, stack(0x000000558ac00000,0x000000558ad00000)]
  0x00000167270d8800 JavaThread "jar transforms Thread 103" [_thread_blocked, id=8996, stack(0x000000558ad00000,0x000000558ae00000)]
  0x0000016726b4c800 JavaThread "jar transforms Thread 104" [_thread_blocked, id=11656, stack(0x000000558ae00000,0x000000558af00000)]
  0x0000016726b52000 JavaThread "jar transforms Thread 105" [_thread_blocked, id=11844, stack(0x000000558af00000,0x000000558b000000)]
  0x0000016726b53000 JavaThread "jar transforms Thread 106" [_thread_blocked, id=12008, stack(0x000000558b000000,0x000000558b100000)]
  0x0000016726b51800 JavaThread "jar transforms Thread 107" [_thread_blocked, id=15536, stack(0x000000558b100000,0x000000558b200000)]
  0x0000016726b50800 JavaThread "jar transforms Thread 108" [_thread_blocked, id=10812, stack(0x000000558b200000,0x000000558b300000)]
  0x0000016726b4d000 JavaThread "jar transforms Thread 109" [_thread_blocked, id=16664, stack(0x000000558b300000,0x000000558b400000)]
  0x0000016726b53800 JavaThread "jar transforms Thread 110" [_thread_blocked, id=17256, stack(0x000000558b400000,0x000000558b500000)]
  0x0000016726b4e000 JavaThread "jar transforms Thread 111" [_thread_blocked, id=9004, stack(0x000000558b500000,0x000000558b600000)]
  0x0000016726b54800 JavaThread "jar transforms Thread 112" [_thread_blocked, id=16592, stack(0x000000558b600000,0x000000558b700000)]
  0x0000016726b4f000 JavaThread "jar transforms Thread 113" [_thread_blocked, id=12140, stack(0x000000558b700000,0x000000558b800000)]
  0x0000016726b5a800 JavaThread "Cache worker for Build Output Cleanup Cache (D:\PDP\Android\Homework\lesson29 mediaPlayer\.gradle\buildOutputCleanup)" [_thread_blocked, id=2428, stack(0x000000558b800000,0x000000558b900000)]

Other Threads:
=>0x0000016721c81000 VMThread "VM Thread" [stack: 0x0000005581f00000,0x0000005582000000] [id=15036]
  0x0000016722779000 WatcherThread [stack: 0x0000005582900000,0x0000005582a00000] [id=7156]
  0x00000167080c9800 GCTaskThread "GC Thread#0" [stack: 0x0000005581a00000,0x0000005581b00000] [id=14292]
  0x0000016722e57800 GCTaskThread "GC Thread#1" [stack: 0x0000005582b00000,0x0000005582c00000] [id=12656]
  0x0000016722feb800 GCTaskThread "GC Thread#2" [stack: 0x0000005582c00000,0x0000005582d00000] [id=14040]
  0x0000016724872800 GCTaskThread "GC Thread#3" [stack: 0x0000005583a00000,0x0000005583b00000] [id=13172]
  0x00000167080fd000 ConcurrentGCThread "G1 Main Marker" [stack: 0x0000005581b00000,0x0000005581c00000] [id=10960]
  0x00000167080fe800 ConcurrentGCThread "G1 Conc#0" [stack: 0x0000005581c00000,0x0000005581d00000] [id=16420]
  0x000001670818d800 ConcurrentGCThread "G1 Refine#0" [stack: 0x0000005581d00000,0x0000005581e00000] [id=8300]
  0x0000016721ad2800 ConcurrentGCThread "G1 Young RemSet Sampling" [stack: 0x0000005581e00000,0x0000005581f00000] [id=7024]

Threads with active compile tasks:
C2 CompilerThread0   6990 4919       4       java.util.TreeMap::put (247 bytes)
C2 CompilerThread1   6990 4908       4       com.google.gson.stream.JsonReader::nextQuotedValue (270 bytes)

VM state:at safepoint (normal execution)

VM Mutex/Monitor currently owned by a thread:  ([mutex/lock_event])
[0x00000167080b1e80] Threads_lock - owner thread: 0x0000016721c81000
[0x00000167080b1d60] Heap_lock - owner thread: 0x0000016724487000

Heap address: 0x0000000080000000, size: 2048 MB, Compressed Oops mode: 32-bit
Narrow klass base: 0x0000000000000000, Narrow klass shift: 3
Compressed class space size: 1073741824 Address: 0x0000000100000000

Heap:
 garbage-first heap   total 187392K, used 49306K [0x0000000080000000, 0x0000000100000000)
  region size 1024K, 7 young (7168K), 7 survivors (7168K)
 Metaspace       used 56635K, capacity 57965K, committed 58064K, reserved 1099776K
  class space    used 7158K, capacity 7595K, committed 7680K, reserved 1048576K
Heap Regions: E=young(eden), S=young(survivor), O=old, HS=humongous(starts), HC=humongous(continues), CS=collection set, F=free, A=archive, TAMS=top-at-mark-start (previous, next)
|   0|0x0000000080000000, 0x0000000080100000, 0x0000000080100000|100%| O|  |TAMS 0x0000000080100000, 0x0000000080000000| Untracked 
|   1|0x0000000080100000, 0x0000000080200000, 0x0000000080200000|100%| O|  |TAMS 0x0000000080200000, 0x0000000080100000| Untracked 
|   2|0x0000000080200000, 0x0000000080300000, 0x0000000080300000|100%| O|  |TAMS 0x0000000080300000, 0x0000000080200000| Untracked 
|   3|0x0000000080300000, 0x0000000080400000, 0x0000000080400000|100%|HS|  |TAMS 0x0000000080400000, 0x0000000080300000| Complete 
|   4|0x0000000080400000, 0x0000000080500000, 0x0000000080500000|100%|HC|  |TAMS 0x0000000080500000, 0x0000000080400000| Complete 
|   5|0x0000000080500000, 0x0000000080600000, 0x0000000080600000|100%|HC|  |TAMS 0x0000000080600000, 0x0000000080500000| Complete 
|   6|0x0000000080600000, 0x0000000080700000, 0x0000000080700000|100%| O|  |TAMS 0x0000000080700000, 0x0000000080600000| Untracked 
|   7|0x0000000080700000, 0x0000000080800000, 0x0000000080800000|100%| O|  |TAMS 0x0000000080800000, 0x0000000080700000| Untracked 
|   8|0x0000000080800000, 0x0000000080900000, 0x0000000080900000|100%| O|  |TAMS 0x0000000080900000, 0x0000000080800000| Untracked 
|   9|0x0000000080900000, 0x0000000080a00000, 0x0000000080a00000|100%| O|  |TAMS 0x0000000080a00000, 0x0000000080900000| Untracked 
|  10|0x0000000080a00000, 0x0000000080b00000, 0x0000000080b00000|100%| O|  |TAMS 0x0000000080b00000, 0x0000000080a00000| Untracked 
|  11|0x0000000080b00000, 0x0000000080c00000, 0x0000000080c00000|100%| O|  |TAMS 0x0000000080c00000, 0x0000000080b00000| Untracked 
|  12|0x0000000080c00000, 0x0000000080d00000, 0x0000000080d00000|100%| O|  |TAMS 0x0000000080c85c00, 0x0000000080c00000| Untracked 
|  13|0x0000000080d00000, 0x0000000080e00000, 0x0000000080e00000|100%|HS|  |TAMS 0x0000000080d00000, 0x0000000080d00000| Complete 
|  14|0x0000000080e00000, 0x0000000080f00000, 0x0000000080f00000|100%|HS|  |TAMS 0x0000000080e00000, 0x0000000080e00000| Complete 
|  15|0x0000000080f00000, 0x0000000081000000, 0x0000000081000000|100%|HC|  |TAMS 0x0000000080f00000, 0x0000000080f00000| Complete 
|  16|0x0000000081000000, 0x0000000081100000, 0x0000000081100000|100%| O|  |TAMS 0x0000000081000000, 0x0000000081000000| Untracked 
|  17|0x0000000081100000, 0x0000000081200000, 0x0000000081200000|100%| O|  |TAMS 0x0000000081100000, 0x0000000081100000| Untracked 
|  18|0x0000000081200000, 0x0000000081300000, 0x0000000081300000|100%| O|  |TAMS 0x0000000081200000, 0x0000000081200000| Untracked 
|  19|0x0000000081300000, 0x0000000081400000, 0x0000000081400000|100%| O|  |TAMS 0x0000000081300000, 0x0000000081300000| Untracked 
|  20|0x0000000081400000, 0x0000000081500000, 0x0000000081500000|100%| O|  |TAMS 0x0000000081400000, 0x0000000081400000| Untracked 
|  21|0x0000000081500000, 0x0000000081600000, 0x0000000081600000|100%|HS|  |TAMS 0x0000000081500000, 0x0000000081500000| Complete 
|  22|0x0000000081600000, 0x0000000081700000, 0x0000000081700000|100%|HC|  |TAMS 0x0000000081600000, 0x0000000081600000| Complete 
|  23|0x0000000081700000, 0x0000000081800000, 0x0000000081800000|100%|HC|  |TAMS 0x0000000081700000, 0x0000000081700000| Complete 
|  24|0x0000000081800000, 0x0000000081900000, 0x0000000081900000|100%| O|  |TAMS 0x0000000081800000, 0x0000000081800000| Untracked 
|  25|0x0000000081900000, 0x0000000081a00000, 0x0000000081a00000|100%| O|  |TAMS 0x0000000081900000, 0x0000000081900000| Untracked 
|  26|0x0000000081a00000, 0x0000000081b00000, 0x0000000081b00000|100%| O|  |TAMS 0x0000000081a00000, 0x0000000081a00000| Untracked 
|  27|0x0000000081b00000, 0x0000000081c00000, 0x0000000081c00000|100%| O|  |TAMS 0x0000000081b00000, 0x0000000081b00000| Untracked 
|  28|0x0000000081c00000, 0x0000000081d00000, 0x0000000081d00000|100%| O|  |TAMS 0x0000000081c00000, 0x0000000081c00000| Untracked 
|  29|0x0000000081d00000, 0x0000000081d00000, 0x0000000081e00000|  0%| F|  |TAMS 0x0000000081d00000, 0x0000000081d00000| Untracked 
|  30|0x0000000081e00000, 0x0000000081f00000, 0x0000000081f00000|100%| O|  |TAMS 0x0000000081e00000, 0x0000000081e00000| Untracked 
|  31|0x0000000081f00000, 0x0000000082000000, 0x0000000082000000|100%| O|  |TAMS 0x0000000081f00000, 0x0000000081f00000| Untracked 
|  32|0x0000000082000000, 0x0000000082100000, 0x0000000082100000|100%| O|  |TAMS 0x0000000082000000, 0x0000000082000000| Untracked 
|  33|0x0000000082100000, 0x0000000082200000, 0x0000000082200000|100%| O|  |TAMS 0x0000000082100000, 0x0000000082100000| Untracked 
|  34|0x0000000082200000, 0x0000000082300000, 0x0000000082300000|100%| O|  |TAMS 0x0000000082200000, 0x0000000082200000| Untracked 
|  35|0x0000000082300000, 0x0000000082400000, 0x0000000082400000|100%| O|  |TAMS 0x0000000082300000, 0x0000000082300000| Untracked 
|  36|0x0000000082400000, 0x0000000082500000, 0x0000000082500000|100%| O|  |TAMS 0x0000000082400000, 0x0000000082400000| Untracked 
|  37|0x0000000082500000, 0x0000000082600000, 0x0000000082600000|100%| O|  |TAMS 0x0000000082500000, 0x0000000082500000| Untracked 
|  38|0x0000000082600000, 0x0000000082700000, 0x0000000082700000|100%| O|  |TAMS 0x0000000082600000, 0x0000000082600000| Untracked 
|  39|0x0000000082700000, 0x0000000082800000, 0x0000000082800000|100%| O|  |TAMS 0x0000000082700000, 0x0000000082700000| Untracked 
|  40|0x0000000082800000, 0x0000000082900000, 0x0000000082900000|100%| O|  |TAMS 0x0000000082800000, 0x0000000082800000| Untracked 
|  41|0x0000000082900000, 0x0000000082a00000, 0x0000000082a00000|100%| O|  |TAMS 0x0000000082900000, 0x0000000082900000| Untracked 
|  42|0x0000000082a00000, 0x0000000082abc000, 0x0000000082b00000| 73%| O|  |TAMS 0x0000000082a00000, 0x0000000082a00000| Untracked 
|  43|0x0000000082b00000, 0x0000000082b00000, 0x0000000082c00000|  0%| F|  |TAMS 0x0000000082b00000, 0x0000000082b00000| Untracked 
|  44|0x0000000082c00000, 0x0000000082c00000, 0x0000000082d00000|  0%| F|  |TAMS 0x0000000082c00000, 0x0000000082c00000| Untracked 
|  45|0x0000000082d00000, 0x0000000082d00000, 0x0000000082e00000|  0%| F|  |TAMS 0x0000000082d00000, 0x0000000082d00000| Untracked 
|  46|0x0000000082e00000, 0x0000000082e00000, 0x0000000082f00000|  0%| F|  |TAMS 0x0000000082e00000, 0x0000000082e00000| Untracked 
|  47|0x0000000082f00000, 0x0000000082f00000, 0x0000000083000000|  0%| F|  |TAMS 0x0000000082f00000, 0x0000000082f00000| Untracked 
|  48|0x0000000083000000, 0x0000000083000000, 0x0000000083100000|  0%| F|  |TAMS 0x0000000083000000, 0x0000000083000000| Untracked 
|  49|0x0000000083100000, 0x0000000083100000, 0x0000000083200000|  0%| F|  |TAMS 0x0000000083100000, 0x0000000083100000| Untracked 
|  50|0x0000000083200000, 0x0000000083200000, 0x0000000083300000|  0%| F|  |TAMS 0x0000000083200000, 0x0000000083200000| Untracked 
|  51|0x0000000083300000, 0x0000000083300000, 0x0000000083400000|  0%| F|  |TAMS 0x0000000083300000, 0x0000000083300000| Untracked 
|  52|0x0000000083400000, 0x0000000083400000, 0x0000000083500000|  0%| F|  |TAMS 0x0000000083400000, 0x0000000083400000| Untracked 
|  53|0x0000000083500000, 0x0000000083500000, 0x0000000083600000|  0%| F|  |TAMS 0x0000000083500000, 0x0000000083500000| Untracked 
|  54|0x0000000083600000, 0x0000000083600000, 0x0000000083700000|  0%| F|  |TAMS 0x0000000083600000, 0x0000000083600000| Untracked 
|  55|0x0000000083700000, 0x0000000083700000, 0x0000000083800000|  0%| F|  |TAMS 0x0000000083700000, 0x0000000083700000| Untracked 
|  56|0x0000000083800000, 0x0000000083800000, 0x0000000083900000|  0%| F|  |TAMS 0x0000000083800000, 0x0000000083800000| Untracked 
|  57|0x0000000083900000, 0x0000000083900000, 0x0000000083a00000|  0%| F|  |TAMS 0x0000000083900000, 0x0000000083900000| Untracked 
|  58|0x0000000083a00000, 0x0000000083a00000, 0x0000000083b00000|  0%| F|  |TAMS 0x0000000083a00000, 0x0000000083a00000| Untracked 
|  59|0x0000000083b00000, 0x0000000083b00000, 0x0000000083c00000|  0%| F|  |TAMS 0x0000000083b00000, 0x0000000083b00000| Untracked 
|  60|0x0000000083c00000, 0x0000000083c00000, 0x0000000083d00000|  0%| F|  |TAMS 0x0000000083c00000, 0x0000000083c00000| Untracked 
|  61|0x0000000083d00000, 0x0000000083d00000, 0x0000000083e00000|  0%| F|  |TAMS 0x0000000083d00000, 0x0000000083d00000| Untracked 
|  62|0x0000000083e00000, 0x0000000083e00000, 0x0000000083f00000|  0%| F|  |TAMS 0x0000000083e00000, 0x0000000083e00000| Untracked 
|  63|0x0000000083f00000, 0x0000000083f00000, 0x0000000084000000|  0%| F|  |TAMS 0x0000000083f00000, 0x0000000083f00000| Untracked 
|  64|0x0000000084000000, 0x0000000084000000, 0x0000000084100000|  0%| F|  |TAMS 0x0000000084000000, 0x0000000084000000| Untracked 
|  65|0x0000000084100000, 0x0000000084100000, 0x0000000084200000|  0%| F|  |TAMS 0x0000000084100000, 0x0000000084100000| Untracked 
|  66|0x0000000084200000, 0x0000000084200000, 0x0000000084300000|  0%| F|  |TAMS 0x0000000084200000, 0x0000000084200000| Untracked 
|  67|0x0000000084300000, 0x0000000084300000, 0x0000000084400000|  0%| F|  |TAMS 0x0000000084300000, 0x0000000084300000| Untracked 
|  68|0x0000000084400000, 0x0000000084400000, 0x0000000084500000|  0%| F|  |TAMS 0x0000000084400000, 0x0000000084400000| Untracked 
|  69|0x0000000084500000, 0x0000000084500000, 0x0000000084600000|  0%| F|  |TAMS 0x0000000084500000, 0x0000000084500000| Untracked 
|  70|0x0000000084600000, 0x0000000084600000, 0x0000000084700000|  0%| F|  |TAMS 0x0000000084600000, 0x0000000084600000| Untracked 
|  71|0x0000000084700000, 0x0000000084700000, 0x0000000084800000|  0%| F|  |TAMS 0x0000000084700000, 0x0000000084700000| Untracked 
|  72|0x0000000084800000, 0x000000008486aa68, 0x0000000084900000| 41%| S|CS|TAMS 0x0000000084800000, 0x0000000084800000| Complete 
|  73|0x0000000084900000, 0x0000000084a00000, 0x0000000084a00000|100%| S|CS|TAMS 0x0000000084900000, 0x0000000084900000| Complete 
|  74|0x0000000084a00000, 0x0000000084b00000, 0x0000000084b00000|100%| S|CS|TAMS 0x0000000084a00000, 0x0000000084a00000| Complete 
|  75|0x0000000084b00000, 0x0000000084c00000, 0x0000000084c00000|100%| S|CS|TAMS 0x0000000084b00000, 0x0000000084b00000| Complete 
|  76|0x0000000084c00000, 0x0000000084d00000, 0x0000000084d00000|100%| S|CS|TAMS 0x0000000084c00000, 0x0000000084c00000| Complete 
|  77|0x0000000084d00000, 0x0000000084e00000, 0x0000000084e00000|100%| S|CS|TAMS 0x0000000084d00000, 0x0000000084d00000| Complete 
|  78|0x0000000084e00000, 0x0000000084f00000, 0x0000000084f00000|100%| S|CS|TAMS 0x0000000084e00000, 0x0000000084e00000| Complete 
|  79|0x0000000084f00000, 0x0000000084f00000, 0x0000000085000000|  0%| F|  |TAMS 0x0000000084f00000, 0x0000000084f00000| Untracked 
|  80|0x0000000085000000, 0x0000000085000000, 0x0000000085100000|  0%| F|  |TAMS 0x0000000085000000, 0x0000000085000000| Untracked 
|  81|0x0000000085100000, 0x0000000085100000, 0x0000000085200000|  0%| F|  |TAMS 0x0000000085100000, 0x0000000085100000| Untracked 
|  82|0x0000000085200000, 0x0000000085200000, 0x0000000085300000|  0%| F|  |TAMS 0x0000000085200000, 0x0000000085200000| Untracked 
|  83|0x0000000085300000, 0x0000000085300000, 0x0000000085400000|  0%| F|  |TAMS 0x0000000085300000, 0x0000000085300000| Untracked 
|  84|0x0000000085400000, 0x0000000085400000, 0x0000000085500000|  0%| F|  |TAMS 0x0000000085400000, 0x0000000085400000| Untracked 
|  85|0x0000000085500000, 0x0000000085500000, 0x0000000085600000|  0%| F|  |TAMS 0x0000000085500000, 0x0000000085500000| Untracked 
|  86|0x0000000085600000, 0x0000000085600000, 0x0000000085700000|  0%| F|  |TAMS 0x0000000085600000, 0x0000000085600000| Untracked 
|  87|0x0000000085700000, 0x0000000085700000, 0x0000000085800000|  0%| F|  |TAMS 0x0000000085700000, 0x0000000085700000| Untracked 
|  88|0x0000000085800000, 0x0000000085800000, 0x0000000085900000|  0%| F|  |TAMS 0x0000000085800000, 0x0000000085800000| Untracked 
|  89|0x0000000085900000, 0x0000000085900000, 0x0000000085a00000|  0%| F|  |TAMS 0x0000000085900000, 0x0000000085900000| Untracked 
|  90|0x0000000085a00000, 0x0000000085a00000, 0x0000000085b00000|  0%| F|  |TAMS 0x0000000085a00000, 0x0000000085a00000| Untracked 
|  91|0x0000000085b00000, 0x0000000085b00000, 0x0000000085c00000|  0%| F|  |TAMS 0x0000000085b00000, 0x0000000085b00000| Untracked 
|  92|0x0000000085c00000, 0x0000000085c00000, 0x0000000085d00000|  0%| F|  |TAMS 0x0000000085c00000, 0x0000000085c00000| Untracked 
|  93|0x0000000085d00000, 0x0000000085d00000, 0x0000000085e00000|  0%| F|  |TAMS 0x0000000085d00000, 0x0000000085d00000| Untracked 
|  94|0x0000000085e00000, 0x0000000085e00000, 0x0000000085f00000|  0%| F|  |TAMS 0x0000000085e00000, 0x0000000085e00000| Untracked 
|  95|0x0000000085f00000, 0x0000000085f00000, 0x0000000086000000|  0%| F|  |TAMS 0x0000000085f00000, 0x0000000085f00000| Untracked 
|  96|0x0000000086000000, 0x0000000086000000, 0x0000000086100000|  0%| F|  |TAMS 0x0000000086000000, 0x0000000086000000| Untracked 
|  97|0x0000000086100000, 0x0000000086100000, 0x0000000086200000|  0%| F|  |TAMS 0x0000000086100000, 0x0000000086100000| Untracked 
|  98|0x0000000086200000, 0x0000000086200000, 0x0000000086300000|  0%| F|  |TAMS 0x0000000086200000, 0x0000000086200000| Untracked 
|  99|0x0000000086300000, 0x0000000086300000, 0x0000000086400000|  0%| F|  |TAMS 0x0000000086300000, 0x0000000086300000| Untracked 
| 100|0x0000000086400000, 0x0000000086400000, 0x0000000086500000|  0%| F|  |TAMS 0x0000000086400000, 0x0000000086400000| Untracked 
| 101|0x0000000086500000, 0x0000000086500000, 0x0000000086600000|  0%| F|  |TAMS 0x0000000086500000, 0x0000000086500000| Untracked 
| 102|0x0000000086600000, 0x0000000086600000, 0x0000000086700000|  0%| F|  |TAMS 0x0000000086600000, 0x0000000086600000| Untracked 
| 103|0x0000000086700000, 0x0000000086700000, 0x0000000086800000|  0%| F|  |TAMS 0x0000000086700000, 0x0000000086700000| Untracked 
| 104|0x0000000086800000, 0x0000000086800000, 0x0000000086900000|  0%| F|  |TAMS 0x0000000086800000, 0x0000000086800000| Untracked 
| 105|0x0000000086900000, 0x0000000086900000, 0x0000000086a00000|  0%| F|  |TAMS 0x0000000086900000, 0x0000000086900000| Untracked 
| 106|0x0000000086a00000, 0x0000000086a00000, 0x0000000086b00000|  0%| F|  |TAMS 0x0000000086a00000, 0x0000000086a00000| Untracked 
| 107|0x0000000086b00000, 0x0000000086b00000, 0x0000000086c00000|  0%| F|  |TAMS 0x0000000086b00000, 0x0000000086b00000| Untracked 
| 108|0x0000000086c00000, 0x0000000086c00000, 0x0000000086d00000|  0%| F|  |TAMS 0x0000000086c00000, 0x0000000086c00000| Untracked 
| 109|0x0000000086d00000, 0x0000000086d00000, 0x0000000086e00000|  0%| F|  |TAMS 0x0000000086d00000, 0x0000000086d00000| Untracked 
| 110|0x0000000086e00000, 0x0000000086e00000, 0x0000000086f00000|  0%| F|  |TAMS 0x0000000086e00000, 0x0000000086e00000| Untracked 
| 111|0x0000000086f00000, 0x0000000086f00000, 0x0000000087000000|  0%| F|  |TAMS 0x0000000086f00000, 0x0000000086f00000| Untracked 
| 112|0x0000000087000000, 0x0000000087000000, 0x0000000087100000|  0%| F|  |TAMS 0x0000000087000000, 0x0000000087000000| Untracked 
| 113|0x0000000087100000, 0x0000000087100000, 0x0000000087200000|  0%| F|  |TAMS 0x0000000087100000, 0x0000000087100000| Untracked 
| 114|0x0000000087200000, 0x0000000087200000, 0x0000000087300000|  0%| F|  |TAMS 0x0000000087200000, 0x0000000087200000| Untracked 
| 115|0x0000000087300000, 0x0000000087300000, 0x0000000087400000|  0%| F|  |TAMS 0x0000000087300000, 0x0000000087300000| Untracked 
| 116|0x0000000087400000, 0x0000000087400000, 0x0000000087500000|  0%| F|  |TAMS 0x0000000087400000, 0x0000000087400000| Untracked 
| 117|0x0000000087500000, 0x0000000087500000, 0x0000000087600000|  0%| F|  |TAMS 0x0000000087500000, 0x0000000087500000| Untracked 
| 118|0x0000000087600000, 0x0000000087600000, 0x0000000087700000|  0%| F|  |TAMS 0x0000000087600000, 0x0000000087600000| Untracked 
| 119|0x0000000087700000, 0x0000000087700000, 0x0000000087800000|  0%| F|  |TAMS 0x0000000087700000, 0x0000000087700000| Untracked 
| 120|0x0000000087800000, 0x0000000087800000, 0x0000000087900000|  0%| F|  |TAMS 0x0000000087800000, 0x0000000087800000| Untracked 
| 121|0x0000000087900000, 0x0000000087900000, 0x0000000087a00000|  0%| F|  |TAMS 0x0000000087900000, 0x0000000087900000| Untracked 
| 122|0x0000000087a00000, 0x0000000087a00000, 0x0000000087b00000|  0%| F|  |TAMS 0x0000000087a00000, 0x0000000087a00000| Untracked 
| 123|0x0000000087b00000, 0x0000000087b00000, 0x0000000087c00000|  0%| F|  |TAMS 0x0000000087b00000, 0x0000000087b00000| Untracked 
| 124|0x0000000087c00000, 0x0000000087c00000, 0x0000000087d00000|  0%| F|  |TAMS 0x0000000087c00000, 0x0000000087c00000| Untracked 
| 125|0x0000000087d00000, 0x0000000087d00000, 0x0000000087e00000|  0%| F|  |TAMS 0x0000000087d00000, 0x0000000087d00000| Untracked 
| 126|0x0000000087e00000, 0x0000000087e00000, 0x0000000087f00000|  0%| F|  |TAMS 0x0000000087e00000, 0x0000000087e00000| Untracked 
| 127|0x0000000087f00000, 0x0000000087f00000, 0x0000000088000000|  0%| F|  |TAMS 0x0000000087f00000, 0x0000000087f00000| Untracked 
| 128|0x0000000088000000, 0x0000000088000000, 0x0000000088100000|  0%| F|  |TAMS 0x0000000088000000, 0x0000000088000000| Untracked 
| 129|0x0000000088100000, 0x0000000088100000, 0x0000000088200000|  0%| F|  |TAMS 0x0000000088100000, 0x0000000088100000| Untracked 
| 130|0x0000000088200000, 0x0000000088200000, 0x0000000088300000|  0%| F|  |TAMS 0x0000000088200000, 0x0000000088200000| Untracked 
| 131|0x0000000088300000, 0x0000000088300000, 0x0000000088400000|  0%| F|  |TAMS 0x0000000088300000, 0x0000000088300000| Untracked 
| 132|0x0000000088400000, 0x0000000088400000, 0x0000000088500000|  0%| F|  |TAMS 0x0000000088400000, 0x0000000088400000| Untracked 
| 133|0x0000000088500000, 0x0000000088500000, 0x0000000088600000|  0%| F|  |TAMS 0x0000000088500000, 0x0000000088500000| Untracked 
| 134|0x0000000088600000, 0x0000000088600000, 0x0000000088700000|  0%| F|  |TAMS 0x0000000088600000, 0x0000000088600000| Untracked 
| 135|0x0000000088700000, 0x0000000088700000, 0x0000000088800000|  0%| F|  |TAMS 0x0000000088700000, 0x0000000088700000| Untracked 
| 136|0x0000000088800000, 0x0000000088800000, 0x0000000088900000|  0%| F|  |TAMS 0x0000000088800000, 0x0000000088800000| Untracked 
| 137|0x0000000088900000, 0x0000000088900000, 0x0000000088a00000|  0%| F|  |TAMS 0x0000000088900000, 0x0000000088900000| Untracked 
| 138|0x0000000088a00000, 0x0000000088a00000, 0x0000000088b00000|  0%| F|  |TAMS 0x0000000088a00000, 0x0000000088a00000| Untracked 
| 139|0x0000000088b00000, 0x0000000088b00000, 0x0000000088c00000|  0%| F|  |TAMS 0x0000000088b00000, 0x0000000088b00000| Untracked 
| 140|0x0000000088c00000, 0x0000000088c00000, 0x0000000088d00000|  0%| F|  |TAMS 0x0000000088c00000, 0x0000000088c00000| Untracked 
| 141|0x0000000088d00000, 0x0000000088d00000, 0x0000000088e00000|  0%| F|  |TAMS 0x0000000088d00000, 0x0000000088d00000| Untracked 
| 142|0x0000000088e00000, 0x0000000088e00000, 0x0000000088f00000|  0%| F|  |TAMS 0x0000000088e00000, 0x0000000088e00000| Untracked 
| 143|0x0000000088f00000, 0x0000000088f00000, 0x0000000089000000|  0%| F|  |TAMS 0x0000000088f00000, 0x0000000088f00000| Untracked 
| 144|0x0000000089000000, 0x0000000089000000, 0x0000000089100000|  0%| F|  |TAMS 0x0000000089000000, 0x0000000089000000| Untracked 
| 145|0x0000000089100000, 0x0000000089100000, 0x0000000089200000|  0%| F|  |TAMS 0x0000000089100000, 0x0000000089100000| Untracked 
| 146|0x0000000089200000, 0x0000000089200000, 0x0000000089300000|  0%| F|  |TAMS 0x0000000089200000, 0x0000000089200000| Untracked 
| 147|0x0000000089300000, 0x0000000089300000, 0x0000000089400000|  0%| F|  |TAMS 0x0000000089300000, 0x0000000089300000| Untracked 
| 148|0x0000000089400000, 0x0000000089400000, 0x0000000089500000|  0%| F|  |TAMS 0x0000000089400000, 0x0000000089400000| Untracked 
| 149|0x0000000089500000, 0x0000000089500000, 0x0000000089600000|  0%| F|  |TAMS 0x0000000089500000, 0x0000000089500000| Untracked 
| 150|0x0000000089600000, 0x0000000089600000, 0x0000000089700000|  0%| F|  |TAMS 0x0000000089600000, 0x0000000089600000| Untracked 
| 151|0x0000000089700000, 0x0000000089700000, 0x0000000089800000|  0%| F|  |TAMS 0x0000000089700000, 0x0000000089700000| Untracked 

Card table byte_map: [0x000001671afa0000,0x000001671b3a0000] _byte_map_base: 0x000001671aba0000

Marking Bits (Prev, Next): (CMBitMap*) 0x00000167080f46a8, (CMBitMap*) 0x00000167080f46e0
 Prev Bits: [0x000001671b7a0000, 0x000001671d7a0000)
 Next Bits: [0x000001671d7a0000, 0x000001671f7a0000)

Polling page: 0x00000167060a0000

Metaspace:

Usage:
  Non-class:     49.19 MB capacity,    48.32 MB ( 98%) used,   771.91 KB (  2%) free+waste,   121.31 KB ( <1%) overhead. 
      Class:      7.42 MB capacity,     6.99 MB ( 94%) used,   379.70 KB (  5%) free+waste,    56.81 KB ( <1%) overhead. 
       Both:     56.61 MB capacity,    55.31 MB ( 98%) used,     1.12 MB (  2%) free+waste,   178.13 KB ( <1%) overhead. 

Virtual space:
  Non-class space:       50.00 MB reserved,      49.20 MB ( 98%) committed 
      Class space:        1.00 GB reserved,       7.50 MB ( <1%) committed 
             Both:        1.05 GB reserved,      56.70 MB (  5%) committed 

Chunk freelists:
   Non-Class:  14.00 KB
       Class:  21.00 KB
        Both:  35.00 KB

MaxMetaspaceSize: 17179869184.00 GB
CompressedClassSpaceSize: 1.00 GB

CodeHeap 'non-profiled nmethods': size=120064Kb used=2678Kb max_used=2678Kb free=117385Kb
 bounds [0x0000016713660000, 0x0000016713900000, 0x000001671aba0000]
CodeHeap 'profiled nmethods': size=120000Kb used=10469Kb max_used=10469Kb free=109530Kb
 bounds [0x000001670c130000, 0x000001670cb70000, 0x0000016713660000]
CodeHeap 'non-nmethods': size=5696Kb used=2226Kb max_used=2261Kb free=3469Kb
 bounds [0x000001670bba0000, 0x000001670be10000, 0x000001670c130000]
 total_blobs=5716 nmethods=4915 adapters=712
 compilation: enabled
              stopped_count=0, restarted_count=0
 full_count=0

Compilation events (20 events):
Event: 6.934 Thread 0x0000016721cb3000 4907       3       com.google.gson.stream.JsonReader::nextString (197 bytes)
Event: 6.935 Thread 0x0000016721cb3000 nmethod 4907 0x000001670cb60e10 code [0x000001670cb61160, 0x000001670cb62398]
Event: 6.935 Thread 0x0000016721cb3000 4917       3       com.google.gson.internal.bind.TypeAdapterRuntimeTypeWrapper::read (9 bytes)
Event: 6.935 Thread 0x0000016721cb3000 nmethod 4917 0x000001670cb62990 code [0x000001670cb62b40, 0x000001670cb62d08]
Event: 6.935 Thread 0x0000016721cb3000 4911       3       jdk.internal.reflect.UnsafeQualifiedObjectFieldAccessorImpl::set (56 bytes)
Event: 6.936 Thread 0x0000016721cb3000 nmethod 4911 0x000001670cb62e10 code [0x000001670cb63120, 0x000001670cb64408]
Event: 6.936 Thread 0x0000016721cb3000 4918       3       com.google.gson.stream.JsonReader$1::promoteNameToValue (112 bytes)
Event: 6.937 Thread 0x0000016721cb3000 nmethod 4918 0x000001670cb64a10 code [0x000001670cb64d00, 0x000001670cb65e08]
Event: 6.937 Thread 0x0000016721cb3000 4915       3       com.google.gson.stream.JsonReader::push (118 bytes)
Event: 6.938 Thread 0x0000016721cac000 nmethod 4880 0x00000167138fab10 code [0x00000167138fae20, 0x00000167138fc250]
Event: 6.938 Thread 0x0000016721cb3000 nmethod 4915 0x000001670cb66290 code [0x000001670cb664a0, 0x000001670cb66b48]
Event: 6.938 Thread 0x0000016721cb3000 4916       3       com.google.gson.stream.JsonReader::beginObject (70 bytes)
Event: 6.938 Thread 0x0000016721cac000 4912       4       com.google.gson.stream.JsonReader::nextNonWhitespace (354 bytes)
Event: 6.938 Thread 0x0000016721cb3000 nmethod 4916 0x000001670cb66d10 code [0x000001670cb66fe0, 0x000001670cb67d68]
Event: 6.938 Thread 0x0000016721cb3000 4921   !   3       java.io.StringReader::read (133 bytes)
Event: 6.939 Thread 0x0000016721cb3000 nmethod 4921 0x000001670cb68190 code [0x000001670cb683c0, 0x000001670cb68c48]
Event: 6.939 Thread 0x0000016721cb3000 4922       3       java.io.StringReader::ensureOpen (18 bytes)
Event: 6.939 Thread 0x0000016721cb3000 nmethod 4922 0x000001670cb69010 code [0x000001670cb691e0, 0x000001670cb693e8]
Event: 6.941 Thread 0x0000016721cac000 nmethod 4912 0x00000167138fd390 code [0x00000167138fd540, 0x00000167138fd748]
Event: 6.941 Thread 0x0000016721cac000 4919       4       java.util.TreeMap::put (247 bytes)

GC Heap History (19 events):
Event: 0.620 GC heap before
{Heap before GC invocations=0 (full 0):
 garbage-first heap   total 129024K, used 19456K [0x0000000080000000, 0x0000000100000000)
  region size 1024K, 14 young (14336K), 0 survivors (0K)
 Metaspace       used 7545K, capacity 7733K, committed 7936K, reserved 1056768K
  class space    used 705K, capacity 749K, committed 768K, reserved 1048576K
}
Event: 0.623 GC heap after
{Heap after GC invocations=1 (full 0):
 garbage-first heap   total 129024K, used 7778K [0x0000000080000000, 0x0000000100000000)
  region size 1024K, 2 young (2048K), 2 survivors (2048K)
 Metaspace       used 7545K, capacity 7733K, committed 7936K, reserved 1056768K
  class space    used 705K, capacity 749K, committed 768K, reserved 1048576K
}
Event: 0.921 GC heap before
{Heap before GC invocations=1 (full 0):
 garbage-first heap   total 129024K, used 20066K [0x0000000080000000, 0x0000000100000000)
  region size 1024K, 14 young (14336K), 2 survivors (2048K)
 Metaspace       used 10491K, capacity 10761K, committed 11008K, reserved 1058816K
  class space    used 1104K, capacity 1164K, committed 1280K, reserved 1048576K
}
Event: 0.924 GC heap after
{Heap after GC invocations=2 (full 0):
 garbage-first heap   total 129024K, used 8494K [0x0000000080000000, 0x0000000100000000)
  region size 1024K, 1 young (1024K), 1 survivors (1024K)
 Metaspace       used 10491K, capacity 10761K, committed 11008K, reserved 1058816K
  class space    used 1104K, capacity 1164K, committed 1280K, reserved 1048576K
}
Event: 1.207 GC heap before
{Heap before GC invocations=2 (full 0):
 garbage-first heap   total 129024K, used 38190K [0x0000000080000000, 0x0000000100000000)
  region size 1024K, 31 young (31744K), 1 survivors (1024K)
 Metaspace       used 10764K, capacity 11041K, committed 11264K, reserved 1058816K
  class space    used 1138K, capacity 1236K, committed 1280K, reserved 1048576K
}
Event: 1.211 GC heap after
{Heap after GC invocations=3 (full 0):
 garbage-first heap   total 129024K, used 12670K [0x0000000080000000, 0x0000000100000000)
  region size 1024K, 4 young (4096K), 4 survivors (4096K)
 Metaspace       used 10764K, capacity 11041K, committed 11264K, reserved 1058816K
  class space    used 1138K, capacity 1236K, committed 1280K, reserved 1048576K
}
Event: 2.186 GC heap before
{Heap before GC invocations=3 (full 0):
 garbage-first heap   total 129024K, used 55678K [0x0000000080000000, 0x0000000100000000)
  region size 1024K, 47 young (48128K), 4 survivors (4096K)
 Metaspace       used 19637K, capacity 20099K, committed 20224K, reserved 1067008K
  class space    used 2367K, capacity 2500K, committed 2560K, reserved 1048576K
}
Event: 2.192 GC heap after
{Heap after GC invocations=4 (full 0):
 garbage-first heap   total 129024K, used 16016K [0x0000000080000000, 0x0000000100000000)
  region size 1024K, 4 young (4096K), 4 survivors (4096K)
 Metaspace       used 19637K, capacity 20099K, committed 20224K, reserved 1067008K
  class space    used 2367K, capacity 2500K, committed 2560K, reserved 1048576K
}
Event: 2.226 GC heap before
{Heap before GC invocations=4 (full 0):
 garbage-first heap   total 129024K, used 19088K [0x0000000080000000, 0x0000000100000000)
  region size 1024K, 7 young (7168K), 4 survivors (4096K)
 Metaspace       used 20614K, capacity 21042K, committed 21248K, reserved 1069056K
  class space    used 2423K, capacity 2541K, committed 2560K, reserved 1048576K
}
Event: 2.230 GC heap after
{Heap after GC invocations=5 (full 0):
 garbage-first heap   total 129024K, used 15895K [0x0000000080000000, 0x0000000100000000)
  region size 1024K, 3 young (3072K), 3 survivors (3072K)
 Metaspace       used 20614K, capacity 21042K, committed 21248K, reserved 1069056K
  class space    used 2423K, capacity 2541K, committed 2560K, reserved 1048576K
}
Event: 2.953 GC heap before
{Heap before GC invocations=6 (full 0):
 garbage-first heap   total 129024K, used 72215K [0x0000000080000000, 0x0000000100000000)
  region size 1024K, 58 young (59392K), 3 survivors (3072K)
 Metaspace       used 27124K, capacity 27785K, committed 28028K, reserved 1073152K
  class space    used 3495K, capacity 3709K, committed 3712K, reserved 1048576K
}
Event: 2.961 GC heap after
{Heap after GC invocations=7 (full 0):
 garbage-first heap   total 155648K, used 18080K [0x0000000080000000, 0x0000000100000000)
  region size 1024K, 6 young (6144K), 6 survivors (6144K)
 Metaspace       used 27124K, capacity 27785K, committed 28028K, reserved 1073152K
  class space    used 3495K, capacity 3709K, committed 3712K, reserved 1048576K
}
Event: 3.542 GC heap before
{Heap before GC invocations=7 (full 0):
 garbage-first heap   total 155648K, used 59040K [0x0000000080000000, 0x0000000100000000)
  region size 1024K, 47 young (48128K), 6 survivors (6144K)
 Metaspace       used 35181K, capacity 35882K, committed 36048K, reserved 1081344K
  class space    used 4491K, capacity 4748K, committed 4864K, reserved 1048576K
}
Event: 3.552 GC heap after
{Heap after GC invocations=8 (full 0):
 garbage-first heap   total 155648K, used 21234K [0x0000000080000000, 0x0000000100000000)
  region size 1024K, 9 young (9216K), 9 survivors (9216K)
 Metaspace       used 35181K, capacity 35882K, committed 36048K, reserved 1081344K
  class space    used 4491K, capacity 4748K, committed 4864K, reserved 1048576K
}
Event: 4.587 GC heap before
{Heap before GC invocations=9 (full 0):
 garbage-first heap   total 155648K, used 95986K [0x0000000080000000, 0x0000000100000000)
  region size 1024K, 79 young (80896K), 9 survivors (9216K)
 Metaspace       used 41602K, capacity 42490K, committed 42832K, reserved 1087488K
  class space    used 5338K, capacity 5643K, committed 5760K, reserved 1048576K
}
Event: 4.600 GC heap after
{Heap after GC invocations=10 (full 0):
 garbage-first heap   total 155648K, used 25646K [0x0000000080000000, 0x0000000100000000)
  region size 1024K, 8 young (8192K), 8 survivors (8192K)
 Metaspace       used 41602K, capacity 42490K, committed 42832K, reserved 1087488K
  class space    used 5338K, capacity 5643K, committed 5760K, reserved 1048576K
}
Event: 5.500 GC heap before
{Heap before GC invocations=10 (full 0):
 garbage-first heap   total 155648K, used 115758K [0x0000000080000000, 0x0000000100000000)
  region size 1024K, 91 young (93184K), 8 survivors (8192K)
 Metaspace       used 46485K, capacity 47675K, committed 47824K, reserved 1091584K
  class space    used 5984K, capacity 6398K, committed 6400K, reserved 1048576K
}
Event: 5.523 GC heap after
{Heap after GC invocations=11 (full 0):
 garbage-first heap   total 155648K, used 41964K [0x0000000080000000, 0x0000000100000000)
  region size 1024K, 12 young (12288K), 12 survivors (12288K)
 Metaspace       used 46485K, capacity 47675K, committed 47824K, reserved 1091584K
  class space    used 5984K, capacity 6398K, committed 6400K, reserved 1048576K
}
Event: 6.951 GC heap before
{Heap before GC invocations=11 (full 0):
 garbage-first heap   total 155648K, used 116716K [0x0000000080000000, 0x0000000100000000)
  region size 1024K, 85 young (87040K), 12 survivors (12288K)
 Metaspace       used 56635K, capacity 57965K, committed 58064K, reserved 1099776K
  class space    used 7158K, capacity 7595K, committed 7680K, reserved 1048576K
}

Deoptimization events (20 events):
Event: 6.906 Thread 0x0000016724487000 DEOPT PACKING pc=0x000001670c38e217 sp=0x00000055834f7b20
Event: 6.906 Thread 0x0000016724487000 DEOPT UNPACKING pc=0x000001670bbc76ce sp=0x00000055834f70a8 mode 0
Event: 6.907 Thread 0x0000016724487000 DEOPT PACKING pc=0x000001670c38e217 sp=0x00000055834f7b20
Event: 6.907 Thread 0x0000016724487000 DEOPT UNPACKING pc=0x000001670bbc76ce sp=0x00000055834f70a8 mode 0
Event: 6.907 Thread 0x0000016724487000 DEOPT PACKING pc=0x000001670c38e217 sp=0x00000055834f7b20
Event: 6.907 Thread 0x0000016724487000 DEOPT UNPACKING pc=0x000001670bbc76ce sp=0x00000055834f70a8 mode 0
Event: 6.907 Thread 0x0000016724487000 DEOPT PACKING pc=0x000001670c38e217 sp=0x00000055834f7b20
Event: 6.907 Thread 0x0000016724487000 DEOPT UNPACKING pc=0x000001670bbc76ce sp=0x00000055834f70a8 mode 0
Event: 6.907 Thread 0x0000016724487000 DEOPT PACKING pc=0x000001670c38e217 sp=0x00000055834f7b20
Event: 6.907 Thread 0x0000016724487000 DEOPT UNPACKING pc=0x000001670bbc76ce sp=0x00000055834f70a8 mode 0
Event: 6.907 Thread 0x0000016724487000 DEOPT PACKING pc=0x000001670c38e217 sp=0x00000055834f7b20
Event: 6.907 Thread 0x0000016724487000 DEOPT UNPACKING pc=0x000001670bbc76ce sp=0x00000055834f70a8 mode 0
Event: 6.907 Thread 0x0000016724487000 DEOPT PACKING pc=0x000001670c38e217 sp=0x00000055834f7b20
Event: 6.907 Thread 0x0000016724487000 DEOPT UNPACKING pc=0x000001670bbc76ce sp=0x00000055834f70a8 mode 0
Event: 6.907 Thread 0x0000016724487000 DEOPT PACKING pc=0x000001670c38e217 sp=0x00000055834f7b20
Event: 6.907 Thread 0x0000016724487000 DEOPT UNPACKING pc=0x000001670bbc76ce sp=0x00000055834f70a8 mode 0
Event: 6.908 Thread 0x0000016724487000 DEOPT PACKING pc=0x000001670c38e217 sp=0x00000055834f7b20
Event: 6.908 Thread 0x0000016724487000 DEOPT UNPACKING pc=0x000001670bbc76ce sp=0x00000055834f70a8 mode 0
Event: 6.908 Thread 0x0000016724487000 DEOPT PACKING pc=0x000001670c38e217 sp=0x00000055834f7b20
Event: 6.908 Thread 0x0000016724487000 DEOPT UNPACKING pc=0x000001670bbc76ce sp=0x00000055834f70a8 mode 0

Classes redefined (0 events):
No events

Internal exceptions (20 events):
Event: 5.225 Thread 0x0000016724487000 Exception <a 'java/lang/ClassNotFoundException'{0x00000000858c23f8}: build_42kyt4bysl03j67a0fxz2mcfkBeanInfo> (0x00000000858c23f8) thrown at [./src/hotspot/share/classfile/systemDictionary.cpp, line 231]
Event: 5.225 Thread 0x0000016724487000 Exception <a 'java/lang/ClassNotFoundException'{0x00000000858ca730}: build_42kyt4bysl03j67a0fxz2mcfkCustomizer> (0x00000000858ca730) thrown at [./src/hotspot/share/classfile/systemDictionary.cpp, line 231]
Event: 5.233 Thread 0x0000016724487000 Exception <a 'java/lang/ClassNotFoundException'{0x00000000857336d8}: org/gradle/plugin/use/internal/PluginRequestCollector$PluginDependenciesSpecImplBeanInfo> (0x00000000857336d8) thrown at [./src/hotspot/share/classfile/systemDictionary.cpp, line 231]
Event: 5.234 Thread 0x0000016724487000 Exception <a 'java/lang/ClassNotFoundException'{0x0000000085755408}: org/gradle/plugin/use/internal/PluginRequestCollector$PluginDependenciesSpecImplCustomizer> (0x0000000085755408) thrown at [./src/hotspot/share/classfile/systemDictionary.cpp, line 231]
Event: 5.241 Thread 0x0000016724487000 Exception <a 'java/lang/NoSuchMethodError'{0x00000000857b70f8}: 'void java.lang.invoke.DirectMethodHandle$Holder.invokeInterface(java.lang.Object, java.lang.Object)'> (0x00000000857b70f8) thrown at [./src/hotspot/share/interpreter/linkResolver.cpp, line 773]
Event: 5.268 Thread 0x0000016724487000 Exception <a 'java/lang/ClassNotFoundException'{0x000000008558fb28}: org/gradle/api/internal/plugins/DefaultObjectConfigurationActionBeanInfo> (0x000000008558fb28) thrown at [./src/hotspot/share/classfile/systemDictionary.cpp, line 231]
Event: 5.269 Thread 0x0000016724487000 Exception <a 'java/lang/ClassNotFoundException'{0x00000000855b5a58}: org/gradle/api/internal/plugins/DefaultObjectConfigurationActionCustomizer> (0x00000000855b5a58) thrown at [./src/hotspot/share/classfile/systemDictionary.cpp, line 231]
Event: 5.332 Thread 0x0000016724487000 Exception <a 'java/lang/NoSuchMethodError'{0x000000008501f408}: 'void java.lang.invoke.DirectMethodHandle$Holder.invokeStatic(java.lang.Object, java.lang.Object, java.lang.Object, java.lang.Object, java.lang.Object)'> (0x000000008501f408) thrown at [./src/hotspot/share/interpreter/linkResolver.cpp, line 773]
Event: 5.414 Thread 0x0000016724487000 Exception <a 'java/lang/NoSuchMethodError'{0x00000000849444e8}: 'java.lang.Object java.lang.invoke.DelegatingMethodHandle$Holder.reinvoke_L(java.lang.Object, java.lang.Object, java.lang.Object, java.lang.Object, java.lang.Object, java.lang.Object, java.lang.Object, java.lang.Object, java.lang.Object, java.lang.Object, java.lang.Object, java.lang.Object, java.lang.Object, java.lang.Object, java.lang.Object, java.lang.Object, java.lang.Object)'> (0x00000000849444e8) thrown at [./src/hotspot/share/interpreter
Event: 5.415 Thread 0x0000016724487000 Exception <a 'java/lang/NoSuchMethodError'{0x000000008494ee38}: 'java.lang.Object java.lang.invoke.Invokers$Holder.invoker(java.lang.Object, java.lang.Object, java.lang.Object, java.lang.Object, java.lang.Object, java.lang.Object, java.lang.Object, java.lang.Object, java.lang.Object, java.lang.Object, java.lang.Object, java.lang.Object, java.lang.Object, java.lang.Object, java.lang.Object, java.lang.Object, java.lang.Object)'> (0x000000008494ee38) thrown at [./src/hotspot/share/interpreter/linkResolver.cpp
Event: 5.415 Thread 0x0000016724487000 Exception <a 'java/lang/NoSuchMethodError'{0x0000000084955740}: 'java.lang.Object java.lang.invoke.DelegatingMethodHandle$Holder.delegate(java.lang.Object, java.lang.Object, java.lang.Object, java.lang.Object, java.lang.Object, java.lang.Object, java.lang.Object, java.lang.Object, java.lang.Object, java.lang.Object, java.lang.Object, java.lang.Object, java.lang.Object, java.lang.Object, java.lang.Object, java.lang.Object, java.lang.Object)'> (0x0000000084955740) thrown at [./src/hotspot/share/interpreter/l
Event: 5.420 Thread 0x0000016724487000 Exception <a 'java/lang/NoSuchMethodError'{0x00000000849ce680}: 'java.lang.Object java.lang.invoke.DirectMethodHandle$Holder.invokeStatic(java.lang.Object, java.lang.Object, java.lang.Object, java.lang.Object, java.lang.Object, java.lang.Object, java.lang.Object, java.lang.Object, java.lang.Object, java.lang.Object, java.lang.Object, java.lang.Object, java.lang.Object, java.lang.Object, java.lang.Object)'> (0x00000000849ce680) thrown at [./src/hotspot/share/interpreter/linkResolver.cpp, line 773]
Event: 5.422 Thread 0x0000016724487000 Exception <a 'java/lang/NoSuchMethodError'{0x00000000849ddb30}: 'java.lang.Object java.lang.invoke.DirectMethodHandle$Holder.invokeStatic(java.lang.Object, java.lang.Object, java.lang.Object, java.lang.Object, java.lang.Object, java.lang.Object, java.lang.Object, java.lang.Object, java.lang.Object, java.lang.Object, java.lang.Object, java.lang.Object, java.lang.Object, java.lang.Object, java.lang.Object, java.lang.Object)'> (0x00000000849ddb30) thrown at [./src/hotspot/share/interpreter/linkResolver.cpp, l
Event: 5.424 Thread 0x0000016724487000 Exception <a 'java/lang/NoSuchMethodError'{0x00000000849ecce0}: 'java.lang.Object java.lang.invoke.DelegatingMethodHandle$Holder.reinvoke_L(java.lang.Object, java.lang.Object, java.lang.Object, java.lang.Object, java.lang.Object, java.lang.Object, java.lang.Object, java.lang.Object, java.lang.Object, java.lang.Object, java.lang.Object, java.lang.Object, java.lang.Object, java.lang.Object, java.lang.Object, java.lang.Object)'> (0x00000000849ecce0) thrown at [./src/hotspot/share/interpreter/linkResolver.cpp,
Event: 5.473 Thread 0x0000016724487000 Exception <a 'java/lang/NoSuchMethodError'{0x0000000083e686a0}: 'java.lang.Object java.lang.invoke.DirectMethodHandle$Holder.invokeStatic(java.lang.Object, java.lang.Object, java.lang.Object, java.lang.Object, int)'> (0x0000000083e686a0) thrown at [./src/hotspot/share/interpreter/linkResolver.cpp, line 773]
Event: 5.473 Thread 0x0000016724487000 Exception <a 'java/lang/NoSuchMethodError'{0x0000000083e6d098}: 'java.lang.Object java.lang.invoke.DirectMethodHandle$Holder.invokeSpecial(java.lang.Object, java.lang.Object, java.lang.Object, java.lang.Object, java.lang.Object, int)'> (0x0000000083e6d098) thrown at [./src/hotspot/share/interpreter/linkResolver.cpp, line 773]
Event: 5.473 Thread 0x0000016724487000 Exception <a 'java/lang/NoSuchMethodError'{0x0000000083e716d8}: 'java.lang.Object java.lang.invoke.Invokers$Holder.linkToTargetMethod(java.lang.Object, java.lang.Object, java.lang.Object, int, java.lang.Object)'> (0x0000000083e716d8) thrown at [./src/hotspot/share/interpreter/linkResolver.cpp, line 773]
Event: 5.722 Thread 0x0000016724487000 Exception <a 'java/lang/IncompatibleClassChangeError'{0x0000000088a22b58}: Found class java.lang.Object, but interface was expected> (0x0000000088a22b58) thrown at [./src/hotspot/share/interpreter/linkResolver.cpp, line 839]
Event: 5.917 Thread 0x0000016724487000 Exception <a 'java/lang/NoSuchMethodError'{0x00000000880af630}: 'void java.lang.invoke.DirectMethodHandle$Holder.invokeInterface(java.lang.Object, java.lang.Object, java.lang.Object, java.lang.Object)'> (0x00000000880af630) thrown at [./src/hotspot/share/interpreter/linkResolver.cpp, line 773]
Event: 6.079 Thread 0x0000016724487000 Implicit null exception at 0x00000167137f830b to 0x00000167137f83e4

Events (20 events):
Event: 6.947 loading class kotlin/sequences/TransformingSequence done
Event: 6.948 loading class kotlin/sequences/TransformingSequence$iterator$1
Event: 6.948 loading class kotlin/sequences/TransformingSequence$iterator$1 done
Event: 6.948 loading class kotlin/text/DelimitedRangesSequence$iterator$1
Event: 6.948 loading class kotlin/text/DelimitedRangesSequence$iterator$1 done
Event: 6.948 loading class kotlin/ranges/RangesKt
Event: 6.948 loading class kotlin/ranges/RangesKt done
Event: 6.949 loading class kotlin/ranges/RangesKt___RangesKt
Event: 6.949 loading class kotlin/ranges/RangesKt___RangesKt done
Event: 6.949 loading class kotlin/ranges/RangesKt__RangesKt
Event: 6.949 loading class kotlin/ranges/RangesKt__RangesKt done
Event: 6.950 loading class kotlin/ranges/IntRange
Event: 6.950 loading class kotlin/ranges/IntRange done
Event: 6.950 loading class kotlin/ranges/ClosedRange
Event: 6.950 loading class kotlin/ranges/ClosedRange done
Event: 6.950 loading class kotlin/ranges/IntProgression
Event: 6.950 loading class kotlin/ranges/IntProgression done
Event: 6.951 loading class kotlin/ranges/IntProgression$Companion
Event: 6.951 loading class kotlin/ranges/IntProgression$Companion done
Event: 6.951 Executing VM operation: G1CollectForAllocation


Dynamic libraries:
0x00007ff629d60000 - 0x00007ff629d6a000 	C:\Program Files\Android\Android Studio\jre\bin\java.exe
0x00007ffc25930000 - 0x00007ffc25b25000 	C:\WINDOWS\SYSTEM32\ntdll.dll
0x00007ffc01170000 - 0x00007ffc01185000 	C:\Program Files\AVG\Antivirus\aswhook.dll
0x00007ffc23ac0000 - 0x00007ffc23b7d000 	C:\WINDOWS\System32\KERNEL32.DLL
0x00007ffc23190000 - 0x00007ffc23459000 	C:\WINDOWS\System32\KERNELBASE.dll
0x00007ffc23510000 - 0x00007ffc23610000 	C:\WINDOWS\System32\ucrtbase.dll
0x00007ffc0b180000 - 0x00007ffc0b199000 	C:\Program Files\Android\Android Studio\jre\bin\jli.dll
0x00007ffc006d0000 - 0x00007ffc006e7000 	C:\Program Files\Android\Android Studio\jre\bin\VCRUNTIME140.dll
0x00007ffc25730000 - 0x00007ffc258d0000 	C:\WINDOWS\System32\USER32.dll
0x00007ffc236f0000 - 0x00007ffc23712000 	C:\WINDOWS\System32\win32u.dll
0x00007ffc23fb0000 - 0x00007ffc23fda000 	C:\WINDOWS\System32\GDI32.dll
0x00007ffc0b4e0000 - 0x00007ffc0b77a000 	C:\WINDOWS\WinSxS\amd64_microsoft.windows.common-controls_6595b64144ccf1df_6.0.19041.1110_none_60b5254171f9507e\COMCTL32.dll
0x00007ffc23880000 - 0x00007ffc2398b000 	C:\WINDOWS\System32\gdi32full.dll
0x00007ffc23de0000 - 0x00007ffc23e7e000 	C:\WINDOWS\System32\msvcrt.dll
0x00007ffc230f0000 - 0x00007ffc2318d000 	C:\WINDOWS\System32\msvcp_win.dll
0x00007ffc25650000 - 0x00007ffc25680000 	C:\WINDOWS\System32\IMM32.DLL
0x00007ffbecda0000 - 0x00007ffbece3d000 	C:\Program Files\Android\Android Studio\jre\bin\msvcp140.dll
0x00007ffbda9e0000 - 0x00007ffbdb4af000 	C:\Program Files\Android\Android Studio\jre\bin\server\jvm.dll
0x00007ffc25240000 - 0x00007ffc252ec000 	C:\WINDOWS\System32\ADVAPI32.dll
0x00007ffc23ce0000 - 0x00007ffc23d7b000 	C:\WINDOWS\System32\sechost.dll
0x00007ffc23ff0000 - 0x00007ffc2411a000 	C:\WINDOWS\System32\RPCRT4.dll
0x00007ffc24e40000 - 0x00007ffc24e48000 	C:\WINDOWS\System32\PSAPI.DLL
0x00007ffc11fa0000 - 0x00007ffc11fa9000 	C:\WINDOWS\SYSTEM32\WSOCK32.dll
0x00007ffc1c9b0000 - 0x00007ffc1c9d7000 	C:\WINDOWS\SYSTEM32\WINMM.dll
0x00007ffc1e7f0000 - 0x00007ffc1e7fa000 	C:\WINDOWS\SYSTEM32\VERSION.dll
0x00007ffc241b0000 - 0x00007ffc2421b000 	C:\WINDOWS\System32\WS2_32.dll
0x00007ffc20f70000 - 0x00007ffc20f82000 	C:\WINDOWS\SYSTEM32\kernel.appcore.dll
0x00007ffc1ae50000 - 0x00007ffc1ae61000 	C:\Program Files\Android\Android Studio\jre\bin\verify.dll
0x00007ffc1b880000 - 0x00007ffc1ba64000 	C:\WINDOWS\SYSTEM32\DBGHELP.DLL
0x00007ffc1be90000 - 0x00007ffc1bebc000 	C:\WINDOWS\SYSTEM32\dbgcore.DLL
0x00007ffc23060000 - 0x00007ffc230e3000 	C:\WINDOWS\System32\bcryptPrimitives.dll
0x00007ffc0a900000 - 0x00007ffc0a929000 	C:\Program Files\Android\Android Studio\jre\bin\java.dll
0x00007ffc20420000 - 0x00007ffc2042b000 	C:\Program Files\Android\Android Studio\jre\bin\jimage.dll
0x00007ffc17f50000 - 0x00007ffc17f68000 	C:\Program Files\Android\Android Studio\jre\bin\zip.dll
0x00007ffc246a0000 - 0x00007ffc24ddf000 	C:\WINDOWS\System32\SHELL32.dll
0x00007ffc21170000 - 0x00007ffc21900000 	C:\WINDOWS\SYSTEM32\windows.storage.dll
0x00007ffc252f0000 - 0x00007ffc25645000 	C:\WINDOWS\System32\combase.dll
0x00007ffc229f0000 - 0x00007ffc22a1c000 	C:\WINDOWS\SYSTEM32\Wldp.dll
0x00007ffc24e50000 - 0x00007ffc24efe000 	C:\WINDOWS\System32\SHCORE.dll
0x00007ffc23d80000 - 0x00007ffc23dd5000 	C:\WINDOWS\System32\shlwapi.dll
0x00007ffc22fa0000 - 0x00007ffc22fbf000 	C:\WINDOWS\SYSTEM32\profapi.dll
0x00007ffc17bf0000 - 0x00007ffc17c0a000 	C:\Program Files\Android\Android Studio\jre\bin\net.dll
0x00007ffc12920000 - 0x00007ffc12a28000 	C:\WINDOWS\SYSTEM32\WINHTTP.dll
0x00007ffc22750000 - 0x00007ffc227ba000 	C:\WINDOWS\system32\mswsock.dll
0x00007ffc154c0000 - 0x00007ffc154d4000 	C:\Program Files\Android\Android Studio\jre\bin\nio.dll
0x00007ffc0c580000 - 0x00007ffc0c5a7000 	C:\Users\Lenovo\.gradle\native\f6784746aeab05261644944871eae4fe03e0ef1612fff0a4a95f87b438bc6780\windows-amd64\native-platform.dll
0x00007ffc1fc70000 - 0x00007ffc1fc7a000 	C:\Program Files\Android\Android Studio\jre\bin\management.dll
0x00007ffc1fa80000 - 0x00007ffc1fa8c000 	C:\Program Files\Android\Android Studio\jre\bin\management_ext.dll
0x00007ffc22950000 - 0x00007ffc22968000 	C:\WINDOWS\SYSTEM32\CRYPTSP.dll
0x00007ffc220d0000 - 0x00007ffc22104000 	C:\WINDOWS\system32\rsaenh.dll
0x00007ffc23610000 - 0x00007ffc23637000 	C:\WINDOWS\System32\bcrypt.dll
0x00007ffc22f60000 - 0x00007ffc22f8e000 	C:\WINDOWS\SYSTEM32\USERENV.dll
0x00007ffc22940000 - 0x00007ffc2294c000 	C:\WINDOWS\SYSTEM32\CRYPTBASE.dll
0x00007ffc22440000 - 0x00007ffc2247b000 	C:\WINDOWS\SYSTEM32\IPHLPAPI.DLL
0x00007ffc23e80000 - 0x00007ffc23e88000 	C:\WINDOWS\System32\NSI.dll
0x00007ffc1c040000 - 0x00007ffc1c057000 	C:\WINDOWS\SYSTEM32\dhcpcsvc6.DLL
0x00007ffc1c230000 - 0x00007ffc1c24d000 	C:\WINDOWS\SYSTEM32\dhcpcsvc.DLL
0x00007ffc22480000 - 0x00007ffc2254c000 	C:\WINDOWS\SYSTEM32\DNSAPI.dll
0x00007ffc1c500000 - 0x00007ffc1c50b000 	C:\WINDOWS\SYSTEM32\WINNSI.DLL

dbghelp: loaded successfully - version: 4.0.5 - missing functions: none
symbol engine: initialized successfully - sym options: 0x614 - pdb path: .;C:\Program Files\Android\Android Studio\jre\bin;C:\WINDOWS\SYSTEM32;C:\Program Files\AVG\Antivirus;C:\WINDOWS\WinSxS\amd64_microsoft.windows.common-controls_6595b64144ccf1df_6.0.19041.1110_none_60b5254171f9507e;C:\Program Files\Android\Android Studio\jre\bin\server;C:\Users\Lenovo\.gradle\native\f6784746aeab05261644944871eae4fe03e0ef1612fff0a4a95f87b438bc6780\windows-amd64

VM Arguments:
jvm_args: --add-opens=java.base/java.util=ALL-UNNAMED --add-opens=java.base/java.lang=ALL-UNNAMED --add-opens=java.base/java.lang.invoke=ALL-UNNAMED --add-opens=java.prefs/java.util.prefs=ALL-UNNAMED -Xmx2048m -Dfile.encoding=UTF-8 -Duser.country=US -Duser.language=en -Duser.variant 
java_command: org.gradle.launcher.daemon.bootstrap.GradleDaemon 6.5
java_class_path (initial): C:\Users\Lenovo\.gradle\wrapper\dists\gradle-6.5-bin\6nifqtx7604sqp1q6g8wikw7p\gradle-6.5\lib\gradle-launcher-6.5.jar
Launcher Type: SUN_STANDARD

[Global flags]
     intx CICompilerCount                          = 3                                         {product} {ergonomic}
     uint ConcGCThreads                            = 1                                         {product} {ergonomic}
     uint G1ConcRefinementThreads                  = 4                                         {product} {ergonomic}
   size_t G1HeapRegionSize                         = 1048576                                   {product} {ergonomic}
    uintx GCDrainStackTargetSize                   = 64                                        {product} {ergonomic}
   size_t InitialHeapSize                          = 132120576                                 {product} {ergonomic}
   size_t MarkStackSize                            = 4194304                                   {product} {ergonomic}
   size_t MaxHeapSize                              = 2147483648                                {product} {command line}
   size_t MaxNewSize                               = 1287651328                                {product} {ergonomic}
   size_t MinHeapDeltaBytes                        = 1048576                                   {product} {ergonomic}
    uintx NonNMethodCodeHeapSize                   = 5830732                                {pd product} {ergonomic}
    uintx NonProfiledCodeHeapSize                  = 122913754                              {pd product} {ergonomic}
    uintx ProfiledCodeHeapSize                     = 122913754                              {pd product} {ergonomic}
    uintx ReservedCodeCacheSize                    = 251658240                              {pd product} {ergonomic}
     bool SegmentedCodeCache                       = true                                      {product} {ergonomic}
     bool UseCompressedClassPointers               = true                                 {lp64_product} {ergonomic}
     bool UseCompressedOops                        = true                                 {lp64_product} {ergonomic}
     bool UseG1GC                                  = true                                      {product} {ergonomic}
     bool UseLargePagesIndividualAllocation        = false                                  {pd product} {ergonomic}

Logging:
Log output configuration:
 #0: stdout all=warning uptime,level,tags
 #1: stderr all=off uptime,level,tags

Environment Variables:
JAVA_HOME=C:\Program Files\Java\jdk1.8.0_261
PATH=C:\Program Files (x86)\Intel\Intel(R) Management Engine Components\iCLS\;C:\Program Files\Intel\Intel(R) Management Engine Components\iCLS\;C:\Program Files (x86)\NVIDIA Corporation\PhysX\Common;C:\Program Files (x86)\Common Files\Intel\Shared Libraries\redist\intel64\compiler;C:\Program Files (x86)\Google\Chrome\Application;C:\Windows\system32;C:\Windows;C:\Windows\System32\Wbem;C:\Windows\System32\WindowsPowerShell\v1.0\;C:\Windows\System32\OpenSSH\;C:\Users\Lenovo\AppData\Local\Microsoft\WindowsApps;C:\adb;C:\WINDOWS\system32;C:\WINDOWS;C:\WINDOWS\System32\Wbem;C:\WINDOWS\System32\WindowsPowerShell\v1.0\;C:\WINDOWS\System32\OpenSSH\;c:\Program Files (x86)\Intel\Intel(R) Management Engine Components\DAL;c:\Program Files\Intel\Intel(R) Management Engine Components\DAL;c:\Program Files (x86)\Intel\Intel(R) Management Engine Components\IPT;c:\Program Files\Intel\Intel(R) Management Engine Components\IPT;D:\3dMax\;C:\Program Files\Common Files\Autodesk Shared\;C:\Program Files\Git\cmd;C:\Users\Lenovo\AppData\Local\Microsoft\WindowsApps;
USERNAME=Lenovo
OS=Windows_NT
PROCESSOR_IDENTIFIER=Intel64 Family 6 Model 142 Stepping 9, GenuineIntel



---------------  S Y S T E M  ---------------

OS: Windows 10 , 64 bit Build 19041 (10.0.19041.1151)
OS uptime: 12 days 23:04 hours

CPU:total 4 (initial active 4) (2 cores per cpu, 2 threads per core) family 6 model 142 stepping 9 microcode 0xde, cmov, cx8, fxsr, mmx, sse, sse2, sse3, ssse3, sse4.1, sse4.2, popcnt, avx, avx2, aes, clmul, erms, 3dnowpref, lzcnt, ht, tsc, tscinvbit, bmi1, bmi2, adx, fma

Memory: 4k page, system-wide physical 8058M (593M free)
TotalPageFile size 12058M (AvailPageFile size 20M)
current process WorkingSet (physical memory assigned to process): 323M, peak: 323M
current process commit charge ("private bytes"): 363M, peak: 392M

vm_info: OpenJDK 64-Bit Server VM (11.0.10+0-b96-7249189) for windows-amd64 JRE (11.0.10+0-b96-7249189), built on Mar 31 2021 21:44:00 by "builder" with MS VC++ 14.0 (VS2015)

END.
