#
# There is insufficient memory for the Java Runtime Environment to continue.
# Native memory allocation (malloc) failed to allocate 1102256 bytes for Chunk::new
# Possible reasons:
#   The system is out of physical RAM or swap space
#   The process is running with CompressedOops enabled, and the Java Heap may be blocking the growth of the native heap
# Possible solutions:
#   Reduce memory load on the system
#   Increase physical memory or swap space
#   Check if swap backing store is full
#   Decrease Java heap size (-Xmx/-Xms)
#   Decrease number of Java threads
#   Decrease Java thread stack sizes (-Xss)
#   Set larger code cache with -XX:ReservedCodeCacheSize=
#   JVM is running with Unscaled Compressed Oops mode in which the Java heap is
#     placed in the first 4GB address space. The Java Heap base address is the
#     maximum limit for the native heap growth. Please use -XX:HeapBaseMinAddress
#     to set the Java Heap base and to place the Java Heap above 4GB virtual address.
# This output file may be truncated or incomplete.
#
#  Out of Memory Error (./src/hotspot/share/memory/arena.cpp:197), pid=6392, tid=16380
#
# JRE version: OpenJDK Runtime Environment (11.0.10) (build 11.0.10+0-b96-7249189)
# Java VM: OpenJDK 64-Bit Server VM (11.0.10+0-b96-7249189, mixed mode, tiered, compressed oops, g1 gc, windows-amd64)
# No core dump will be written. Minidumps are not enabled by default on client versions of Windows
#

---------------  S U M M A R Y ------------

Command Line: --add-opens=java.base/java.util=ALL-UNNAMED --add-opens=java.base/java.lang=ALL-UNNAMED --add-opens=java.base/java.lang.invoke=ALL-UNNAMED --add-opens=java.prefs/java.util.prefs=ALL-UNNAMED -Xmx2048m -Dfile.encoding=UTF-8 -Duser.country=US -Duser.language=en -Duser.variant org.gradle.launcher.daemon.bootstrap.GradleDaemon 6.5

Host: Intel(R) Core(TM) i7-7500U CPU @ 2.70GHz, 4 cores, 7G,  Windows 10 , 64 bit Build 19041 (10.0.19041.1151)
Time: Thu Sep  9 13:29:26 2021 West Asia Standard Time elapsed time: 35.479581 seconds (0d 0h 0m 35s)

---------------  T H R E A D  ---------------

Current thread (0x000001e6d80a9000):  JavaThread "C2 CompilerThread0" daemon [_thread_in_native, id=16380, stack(0x0000000468300000,0x0000000468400000)]


Current CompileTask:
C2:  35480 9561       4       org.gradle.internal.logging.sink.OutputEventTransformer::onOutput (399 bytes)

Stack: [0x0000000468300000,0x0000000468400000]
Native frames: (J=compiled Java code, j=interpreted, Vv=VM code, C=native code)
V  [jvm.dll+0x5ecfaa]
V  [jvm.dll+0x722bd5]
V  [jvm.dll+0x72412d]
V  [jvm.dll+0x7247e3]
V  [jvm.dll+0x242928]
V  [jvm.dll+0xbc4fc]
V  [jvm.dll+0xbca0c]
V  [jvm.dll+0x352d3b]
V  [aswhook.dll+0x320ad3]
V  [jvm.dll+0x31ffca]
V  [jvm.dll+0x1fb602]
V  [jvm.dll+0x1fa7f4]
V  [jvm.dll+0x18354c]
V  [jvm.dll+0x208ee7]
V  [jvm.dll+0x207731]
V  [jvm.dll+0x6eb1cf]
V  [jvm.dll+0x6e3d45]
V  [jvm.dll+0x5ebe96]
C  [ucrtbase.dll+0x21bb2]
C  [KERNEL32.DLL+0x17034]
C  [ntdll.dll+0x52651]


---------------  P R O C E S S  ---------------

Threads class SMR info:
_java_thread_list=0x000001e6df1e2890, length=149, elements={
0x000001e6bc543800, 0x000001e6d88c1800, 0x000001e6d88cf000, 0x000001e6d88da000,
0x000001e6d88db000, 0x000001e6d88df800, 0x000001e6d80a9000, 0x000001e6d80b0000,
0x000001e6d80bc800, 0x000001e6d8a39000, 0x000001e6d966c000, 0x000001e6d8cbd800,
0x000001e6da8e3000, 0x000001e6daa8a000, 0x000001e6da911000, 0x000001e6d9645800,
0x000001e6daa51000, 0x000001e6da415000, 0x000001e6d9bb6800, 0x000001e6da9ee800,
0x000001e6da9ed000, 0x000001e6da9f1000, 0x000001e6da9f0000, 0x000001e6da9f1800,
0x000001e6da9ef000, 0x000001e6da9ec000, 0x000001e6da9f2800, 0x000001e6da9ed800,
0x000001e6dae81000, 0x000001e6dae82000, 0x000001e6dae83000, 0x000001e6dae86000,
0x000001e6dae83800, 0x000001e6dae80800, 0x000001e6dae88800, 0x000001e6dae87000,
0x000001e6dae88000, 0x000001e6dae89800, 0x000001e6dae8a000, 0x000001e6dae84800,
0x000001e6dae85800, 0x000001e6dae8e800, 0x000001e6dae8b000, 0x000001e6dae8c800,
0x000001e6dae8c000, 0x000001e6dae8d800, 0x000001e6dae8f000, 0x000001e6da48a800,
0x000001e6da48f800, 0x000001e6da48c800, 0x000001e6da491000, 0x000001e6da48e000,
0x000001e6da492000, 0x000001e6da493000, 0x000001e6da48f000, 0x000001e6da493800,
0x000001e6da495800, 0x000001e6da494800, 0x000001e6da490800, 0x000001e6da496000,
0x000001e6da497000, 0x000001e6da497800, 0x000001e6da498800, 0x000001e6dec4f000,
0x000001e6dec4f800, 0x000001e6dec4b000, 0x000001e6dec51800, 0x000001e6dec4b800,
0x000001e6dec50800, 0x000001e6dec52000, 0x000001e6dec4c800, 0x000001e6dec53000,
0x000001e6dec4d000, 0x000001e6dec54000, 0x000001e6dec4e000, 0x000001e6dec58800,
0x000001e6dec54800, 0x000001e6dec57000, 0x000001e6dec55800, 0x000001e6dec59800,
0x000001e6dec58000, 0x000001e6dec56000, 0x000001e6dcfd6000, 0x000001e6dcfd3800,
0x000001e6dcfd0800, 0x000001e6dcfd5000, 0x000001e6dcfd7000, 0x000001e6dcfd4800,
0x000001e6dcfd2800, 0x000001e6dcfd1000, 0x000001e6dcfd7800, 0x000001e6dcfd2000,
0x000001e6dcfde000, 0x000001e6dcfd8800, 0x000001e6dcfdb000, 0x000001e6dcfdb800,
0x000001e6dcfdf000, 0x000001e6dcfd9000, 0x000001e6dcfda000, 0x000001e6dcfdc800,
0x000001e6dcfdd800, 0x000001e6df5de800, 0x000001e6df5dd800, 0x000001e6df5df800,
0x000001e6df5db800, 0x000001e6df5e0000, 0x000001e6df5dc000, 0x000001e6df5e1000,
0x000001e6df5e2000, 0x000001e6df5e2800, 0x000001e6df5dd000, 0x000001e6df5e7800,
0x000001e6df5e5000, 0x000001e6df5e9000, 0x000001e6df5e6800, 0x000001e6df5e3800,
0x000001e6df5e8800, 0x000001e6df5e4800, 0x000001e6df5e6000, 0x000001e6df5ea000,
0x000001e6db594800, 0x000001e6db593000, 0x000001e6db58e800, 0x000001e6db595000,
0x000001e6db58f800, 0x000001e6db592000, 0x000001e6db596000, 0x000001e6db590800,
0x000001e6db597000, 0x000001e6db593800, 0x000001e6db591000, 0x000001e6db598800,
0x000001e6db597800, 0x000001e6db59a000, 0x000001e6db59c800, 0x000001e6db599800,
0x000001e6db59b000, 0x000001e6db59c000, 0x000001e6db59d800, 0x000001e6db0da000,
0x000001e6db0dc800, 0x000001e6db0dd000, 0x000001e6db0de000, 0x000001e6db0df000,
0x000001e6db0db800, 0x000001e6db0df800, 0x000001e6db0e0800, 0x000001e6db0e2000,
0x000001e6e0433000
}

Java Threads: ( => current thread )
  0x000001e6bc543800 JavaThread "main" [_thread_blocked, id=13080, stack(0x0000000467700000,0x0000000467800000)]
  0x000001e6d88c1800 JavaThread "Reference Handler" daemon [_thread_blocked, id=12528, stack(0x0000000467e00000,0x0000000467f00000)]
  0x000001e6d88cf000 JavaThread "Finalizer" daemon [_thread_blocked, id=4128, stack(0x0000000467f00000,0x0000000468000000)]
  0x000001e6d88da000 JavaThread "Signal Dispatcher" daemon [_thread_blocked, id=6908, stack(0x0000000468000000,0x0000000468100000)]
  0x000001e6d88db000 JavaThread "Attach Listener" daemon [_thread_blocked, id=13380, stack(0x0000000468100000,0x0000000468200000)]
  0x000001e6d88df800 JavaThread "Service Thread" daemon [_thread_blocked, id=14156, stack(0x0000000468200000,0x0000000468300000)]
=>0x000001e6d80a9000 JavaThread "C2 CompilerThread0" daemon [_thread_in_native, id=16380, stack(0x0000000468300000,0x0000000468400000)]
  0x000001e6d80b0000 JavaThread "C1 CompilerThread0" daemon [_thread_blocked, id=812, stack(0x0000000468400000,0x0000000468500000)]
  0x000001e6d80bc800 JavaThread "Sweeper thread" daemon [_thread_blocked, id=11496, stack(0x0000000468500000,0x0000000468600000)]
  0x000001e6d8a39000 JavaThread "Common-Cleaner" daemon [_thread_blocked, id=14476, stack(0x0000000468600000,0x0000000468700000)]
  0x000001e6d966c000 JavaThread "Daemon health stats" [_thread_blocked, id=10684, stack(0x0000000468b00000,0x0000000468c00000)]
  0x000001e6d8cbd800 JavaThread "Incoming local TCP Connector on port 58643" [_thread_in_native, id=6140, stack(0x0000000468d00000,0x0000000468e00000)]
  0x000001e6da8e3000 JavaThread "Daemon periodic checks" [_thread_blocked, id=13160, stack(0x0000000468e00000,0x0000000468f00000)]
  0x000001e6daa8a000 JavaThread "Daemon" [_thread_blocked, id=17228, stack(0x0000000468f00000,0x0000000469000000)]
  0x000001e6da911000 JavaThread "Handler for socket connection from /127.0.0.1:58643 to /127.0.0.1:58644" [_thread_in_native, id=6944, stack(0x0000000469000000,0x0000000469100000)]
  0x000001e6d9645800 JavaThread "Cancel handler" [_thread_blocked, id=15960, stack(0x0000000469200000,0x0000000469300000)]
  0x000001e6daa51000 JavaThread "Daemon worker" [_thread_blocked, id=8852, stack(0x0000000469300000,0x0000000469400000)]
  0x000001e6da415000 JavaThread "Asynchronous log dispatcher for DefaultDaemonConnection: socket connection from /127.0.0.1:58643 to /127.0.0.1:58644" [_thread_blocked, id=1972, stack(0x0000000469400000,0x0000000469500000)]
  0x000001e6d9bb6800 JavaThread "Stdin handler" [_thread_blocked, id=12984, stack(0x0000000469500000,0x0000000469600000)]
  0x000001e6da9ee800 JavaThread "Thread-8" [_thread_blocked, id=8012, stack(0x0000000469600000,0x0000000469700000)]
  0x000001e6da9ed000 JavaThread "Cache worker for journal cache (C:\Users\Lenovo\.gradle\caches\journal-1)" [_thread_blocked, id=9812, stack(0x0000000469700000,0x0000000469800000)]
  0x000001e6da9f1000 JavaThread "File lock request listener" [_thread_in_native, id=13944, stack(0x0000000469800000,0x0000000469900000)]
  0x000001e6da9f0000 JavaThread "Cache worker for file hash cache (C:\Users\Lenovo\.gradle\caches\6.5\fileHashes)" [_thread_blocked, id=10112, stack(0x0000000469900000,0x0000000469a00000)]
  0x000001e6da9f1800 JavaThread "Cache worker for file hash cache (D:\PDP\Android\Homework\lesson29 mediaPlayer\.gradle\6.5\fileHashes)" [_thread_blocked, id=17100, stack(0x0000000469b00000,0x0000000469c00000)]
  0x000001e6da9ef000 JavaThread "jar transforms" [_thread_blocked, id=11912, stack(0x0000000469a00000,0x0000000469b00000)]
  0x000001e6da9ec000 JavaThread "jar transforms Thread 2" [_thread_blocked, id=17208, stack(0x0000000469c00000,0x0000000469d00000)]
  0x000001e6da9f2800 JavaThread "jar transforms Thread 3" [_thread_blocked, id=8912, stack(0x0000000469d00000,0x0000000469e00000)]
  0x000001e6da9ed800 JavaThread "jar transforms Thread 4" [_thread_blocked, id=32, stack(0x0000000469e00000,0x0000000469f00000)]
  0x000001e6dae81000 JavaThread "jar transforms Thread 5" [_thread_blocked, id=13692, stack(0x0000000469f00000,0x000000046a000000)]
  0x000001e6dae82000 JavaThread "jar transforms Thread 6" [_thread_blocked, id=8984, stack(0x000000046a000000,0x000000046a100000)]
  0x000001e6dae83000 JavaThread "jar transforms Thread 7" [_thread_blocked, id=16928, stack(0x000000046a100000,0x000000046a200000)]
  0x000001e6dae86000 JavaThread "jar transforms Thread 8" [_thread_blocked, id=14904, stack(0x000000046a300000,0x000000046a400000)]
  0x000001e6dae83800 JavaThread "jar transforms Thread 9" [_thread_blocked, id=9976, stack(0x000000046a400000,0x000000046a500000)]
  0x000001e6dae80800 JavaThread "jar transforms Thread 10" [_thread_blocked, id=15968, stack(0x000000046a500000,0x000000046a600000)]
  0x000001e6dae88800 JavaThread "jar transforms Thread 11" [_thread_blocked, id=3852, stack(0x000000046a600000,0x000000046a700000)]
  0x000001e6dae87000 JavaThread "jar transforms Thread 12" [_thread_blocked, id=3528, stack(0x000000046a700000,0x000000046a800000)]
  0x000001e6dae88000 JavaThread "jar transforms Thread 13" [_thread_blocked, id=12048, stack(0x000000046a800000,0x000000046a900000)]
  0x000001e6dae89800 JavaThread "jar transforms Thread 14" [_thread_blocked, id=14024, stack(0x000000046a900000,0x000000046aa00000)]
  0x000001e6dae8a000 JavaThread "jar transforms Thread 15" [_thread_blocked, id=10544, stack(0x000000046aa00000,0x000000046ab00000)]
  0x000001e6dae84800 JavaThread "jar transforms Thread 16" [_thread_blocked, id=3280, stack(0x000000046ab00000,0x000000046ac00000)]
  0x000001e6dae85800 JavaThread "jar transforms Thread 17" [_thread_blocked, id=5744, stack(0x000000046ac00000,0x000000046ad00000)]
  0x000001e6dae8e800 JavaThread "jar transforms Thread 18" [_thread_blocked, id=924, stack(0x000000046ad00000,0x000000046ae00000)]
  0x000001e6dae8b000 JavaThread "jar transforms Thread 19" [_thread_blocked, id=15516, stack(0x000000046ae00000,0x000000046af00000)]
  0x000001e6dae8c800 JavaThread "jar transforms Thread 20" [_thread_blocked, id=13624, stack(0x000000046af00000,0x000000046b000000)]
  0x000001e6dae8c000 JavaThread "Cache worker for checksums cache (D:\PDP\Android\Homework\lesson29 mediaPlayer\.gradle\checksums)" [_thread_blocked, id=10088, stack(0x000000046a200000,0x000000046a300000)]
  0x000001e6dae8d800 JavaThread "Cache worker for cache directory md-supplier (C:\Users\Lenovo\.gradle\caches\6.5\md-supplier)" [_thread_blocked, id=12192, stack(0x000000046b000000,0x000000046b100000)]
  0x000001e6dae8f000 JavaThread "Cache worker for cache directory md-rule (C:\Users\Lenovo\.gradle\caches\6.5\md-rule)" [_thread_blocked, id=872, stack(0x000000046b100000,0x000000046b200000)]
  0x000001e6da48a800 JavaThread "Cache worker for execution history cache (C:\Users\Lenovo\.gradle\caches\6.5\executionHistory)" [_thread_in_native, id=10224, stack(0x000000046b300000,0x000000046b400000)]
  0x000001e6da48f800 JavaThread "Cache worker for file content cache (C:\Users\Lenovo\.gradle\caches\6.5\fileContent)" [_thread_blocked, id=11372, stack(0x000000046b200000,0x000000046b300000)]
  0x000001e6da48c800 JavaThread "Cache worker for Build Output Cleanup Cache (D:\PDP\Android\Homework\lesson29 mediaPlayer\.gradle\buildOutputCleanup)" [_thread_blocked, id=15160, stack(0x000000046b500000,0x000000046b600000)]
  0x000001e6da491000 JavaThread "Build operations" [_thread_blocked, id=7992, stack(0x000000046b400000,0x000000046b500000)]
  0x000001e6da48e000 JavaThread "Build operations Thread 2" [_thread_in_Java, id=9248, stack(0x000000046b600000,0x000000046b700000)]
  0x000001e6da492000 JavaThread "Build operations Thread 3" [_thread_blocked, id=15308, stack(0x000000046b700000,0x000000046b800000)]
  0x000001e6da493000 JavaThread "Build operations Thread 4" [_thread_blocked, id=15112, stack(0x000000046b800000,0x000000046b900000)]
  0x000001e6da48f000 JavaThread "jar transforms Thread 21" [_thread_blocked, id=7940, stack(0x000000046b900000,0x000000046ba00000)]
  0x000001e6da493800 JavaThread "jar transforms Thread 22" [_thread_blocked, id=8508, stack(0x000000046ba00000,0x000000046bb00000)]
  0x000001e6da495800 JavaThread "jar transforms Thread 23" [_thread_blocked, id=13428, stack(0x000000046bb00000,0x000000046bc00000)]
  0x000001e6da494800 JavaThread "jar transforms Thread 24" [_thread_blocked, id=6264, stack(0x000000046bc00000,0x000000046bd00000)]
  0x000001e6da490800 JavaThread "jar transforms Thread 25" [_thread_blocked, id=15928, stack(0x000000046bd00000,0x000000046be00000)]
  0x000001e6da496000 JavaThread "jar transforms Thread 26" [_thread_blocked, id=7896, stack(0x000000046be00000,0x000000046bf00000)]
  0x000001e6da497000 JavaThread "jar transforms Thread 27" [_thread_blocked, id=9820, stack(0x000000046bf00000,0x000000046c000000)]
  0x000001e6da497800 JavaThread "jar transforms Thread 28" [_thread_blocked, id=13236, stack(0x000000046c000000,0x000000046c100000)]
  0x000001e6da498800 JavaThread "jar transforms Thread 29" [_thread_blocked, id=3632, stack(0x000000046c100000,0x000000046c200000)]
  0x000001e6dec4f000 JavaThread "jar transforms Thread 30" [_thread_blocked, id=3848, stack(0x000000046c200000,0x000000046c300000)]
  0x000001e6dec4f800 JavaThread "jar transforms Thread 31" [_thread_blocked, id=17404, stack(0x000000046c300000,0x000000046c400000)]
  0x000001e6dec4b000 JavaThread "jar transforms Thread 32" [_thread_blocked, id=16508, stack(0x000000046c400000,0x000000046c500000)]
  0x000001e6dec51800 JavaThread "jar transforms Thread 33" [_thread_blocked, id=16236, stack(0x000000046c500000,0x000000046c600000)]
  0x000001e6dec4b800 JavaThread "jar transforms Thread 34" [_thread_blocked, id=15376, stack(0x000000046c600000,0x000000046c700000)]
  0x000001e6dec50800 JavaThread "jar transforms Thread 35" [_thread_blocked, id=14952, stack(0x000000046c700000,0x000000046c800000)]
  0x000001e6dec52000 JavaThread "jar transforms Thread 36" [_thread_blocked, id=16492, stack(0x000000046c800000,0x000000046c900000)]
  0x000001e6dec4c800 JavaThread "jar transforms Thread 37" [_thread_blocked, id=17372, stack(0x000000046c900000,0x000000046ca00000)]
  0x000001e6dec53000 JavaThread "jar transforms Thread 38" [_thread_blocked, id=5012, stack(0x000000046ca00000,0x000000046cb00000)]
  0x000001e6dec4d000 JavaThread "jar transforms Thread 39" [_thread_blocked, id=13912, stack(0x000000046cb00000,0x000000046cc00000)]
  0x000001e6dec54000 JavaThread "jar transforms Thread 40" [_thread_blocked, id=16556, stack(0x000000046cc00000,0x000000046cd00000)]
  0x000001e6dec4e000 JavaThread "jar transforms Thread 41" [_thread_blocked, id=9908, stack(0x000000046cd00000,0x000000046ce00000)]
  0x000001e6dec58800 JavaThread "jar transforms Thread 42" [_thread_blocked, id=12844, stack(0x000000046ce00000,0x000000046cf00000)]
  0x000001e6dec54800 JavaThread "jar transforms Thread 43" [_thread_blocked, id=16068, stack(0x000000046cf00000,0x000000046d000000)]
  0x000001e6dec57000 JavaThread "jar transforms Thread 44" [_thread_blocked, id=9456, stack(0x000000046d000000,0x000000046d100000)]
  0x000001e6dec55800 JavaThread "jar transforms Thread 45" [_thread_blocked, id=3540, stack(0x000000046d100000,0x000000046d200000)]
  0x000001e6dec59800 JavaThread "jar transforms Thread 46" [_thread_blocked, id=14976, stack(0x000000046d200000,0x000000046d300000)]
  0x000001e6dec58000 JavaThread "jar transforms Thread 47" [_thread_blocked, id=6132, stack(0x000000046d300000,0x000000046d400000)]
  0x000001e6dec56000 JavaThread "jar transforms Thread 48" [_thread_blocked, id=5432, stack(0x000000046d400000,0x000000046d500000)]
  0x000001e6dcfd6000 JavaThread "jar transforms Thread 49" [_thread_blocked, id=11964, stack(0x000000046d500000,0x000000046d600000)]
  0x000001e6dcfd3800 JavaThread "jar transforms Thread 50" [_thread_blocked, id=5700, stack(0x000000046d600000,0x000000046d700000)]
  0x000001e6dcfd0800 JavaThread "jar transforms Thread 51" [_thread_blocked, id=15260, stack(0x000000046d700000,0x000000046d800000)]
  0x000001e6dcfd5000 JavaThread "jar transforms Thread 52" [_thread_blocked, id=3012, stack(0x000000046d800000,0x000000046d900000)]
  0x000001e6dcfd7000 JavaThread "jar transforms Thread 53" [_thread_blocked, id=4800, stack(0x000000046d900000,0x000000046da00000)]
  0x000001e6dcfd4800 JavaThread "jar transforms Thread 54" [_thread_blocked, id=4100, stack(0x000000046da00000,0x000000046db00000)]
  0x000001e6dcfd2800 JavaThread "jar transforms Thread 55" [_thread_blocked, id=15908, stack(0x000000046db00000,0x000000046dc00000)]
  0x000001e6dcfd1000 JavaThread "jar transforms Thread 56" [_thread_blocked, id=1540, stack(0x000000046dc00000,0x000000046dd00000)]
  0x000001e6dcfd7800 JavaThread "jar transforms Thread 57" [_thread_blocked, id=13508, stack(0x000000046dd00000,0x000000046de00000)]
  0x000001e6dcfd2000 JavaThread "jar transforms Thread 58" [_thread_blocked, id=14668, stack(0x000000046de00000,0x000000046df00000)]
  0x000001e6dcfde000 JavaThread "jar transforms Thread 59" [_thread_blocked, id=15664, stack(0x000000046df00000,0x000000046e000000)]
  0x000001e6dcfd8800 JavaThread "jar transforms Thread 60" [_thread_blocked, id=15404, stack(0x000000046e000000,0x000000046e100000)]
  0x000001e6dcfdb000 JavaThread "jar transforms Thread 61" [_thread_blocked, id=15164, stack(0x000000046e100000,0x000000046e200000)]
  0x000001e6dcfdb800 JavaThread "jar transforms Thread 62" [_thread_blocked, id=15600, stack(0x000000046e200000,0x000000046e300000)]
  0x000001e6dcfdf000 JavaThread "jar transforms Thread 63" [_thread_blocked, id=16712, stack(0x000000046e300000,0x000000046e400000)]
  0x000001e6dcfd9000 JavaThread "jar transforms Thread 64" [_thread_blocked, id=9036, stack(0x000000046e400000,0x000000046e500000)]
  0x000001e6dcfda000 JavaThread "jar transforms Thread 65" [_thread_blocked, id=9268, stack(0x000000046e500000,0x000000046e600000)]
  0x000001e6dcfdc800 JavaThread "jar transforms Thread 66" [_thread_blocked, id=16500, stack(0x000000046e600000,0x000000046e700000)]
  0x000001e6dcfdd800 JavaThread "jar transforms Thread 67" [_thread_blocked, id=248, stack(0x000000046e700000,0x000000046e800000)]
  0x000001e6df5de800 JavaThread "jar transforms Thread 68" [_thread_blocked, id=12232, stack(0x000000046e800000,0x000000046e900000)]
  0x000001e6df5dd800 JavaThread "jar transforms Thread 69" [_thread_blocked, id=1768, stack(0x000000046e900000,0x000000046ea00000)]
  0x000001e6df5df800 JavaThread "jar transforms Thread 70" [_thread_blocked, id=5180, stack(0x000000046ea00000,0x000000046eb00000)]
  0x000001e6df5db800 JavaThread "jar transforms Thread 71" [_thread_blocked, id=2340, stack(0x000000046eb00000,0x000000046ec00000)]
  0x000001e6df5e0000 JavaThread "jar transforms Thread 72" [_thread_blocked, id=5684, stack(0x000000046ec00000,0x000000046ed00000)]
  0x000001e6df5dc000 JavaThread "jar transforms Thread 73" [_thread_blocked, id=7420, stack(0x000000046ed00000,0x000000046ee00000)]
  0x000001e6df5e1000 JavaThread "jar transforms Thread 74" [_thread_blocked, id=11168, stack(0x000000046ee00000,0x000000046ef00000)]
  0x000001e6df5e2000 JavaThread "jar transforms Thread 75" [_thread_blocked, id=17200, stack(0x000000046ef00000,0x000000046f000000)]
  0x000001e6df5e2800 JavaThread "jar transforms Thread 76" [_thread_blocked, id=1812, stack(0x000000046f000000,0x000000046f100000)]
  0x000001e6df5dd000 JavaThread "jar transforms Thread 77" [_thread_blocked, id=4616, stack(0x000000046f100000,0x000000046f200000)]
  0x000001e6df5e7800 JavaThread "jar transforms Thread 78" [_thread_blocked, id=15324, stack(0x000000046f200000,0x000000046f300000)]
  0x000001e6df5e5000 JavaThread "jar transforms Thread 79" [_thread_blocked, id=12588, stack(0x000000046f300000,0x000000046f400000)]
  0x000001e6df5e9000 JavaThread "jar transforms Thread 80" [_thread_blocked, id=6124, stack(0x000000046f400000,0x000000046f500000)]
  0x000001e6df5e6800 JavaThread "jar transforms Thread 81" [_thread_blocked, id=8660, stack(0x000000046f500000,0x000000046f600000)]
  0x000001e6df5e3800 JavaThread "jar transforms Thread 82" [_thread_blocked, id=15792, stack(0x000000046f600000,0x000000046f700000)]
  0x000001e6df5e8800 JavaThread "jar transforms Thread 83" [_thread_blocked, id=12332, stack(0x000000046f700000,0x000000046f800000)]
  0x000001e6df5e4800 JavaThread "jar transforms Thread 84" [_thread_blocked, id=16916, stack(0x000000046f800000,0x000000046f900000)]
  0x000001e6df5e6000 JavaThread "jar transforms Thread 85" [_thread_blocked, id=15352, stack(0x000000046f900000,0x000000046fa00000)]
  0x000001e6df5ea000 JavaThread "jar transforms Thread 86" [_thread_blocked, id=5620, stack(0x000000046fa00000,0x000000046fb00000)]
  0x000001e6db594800 JavaThread "jar transforms Thread 87" [_thread_blocked, id=11760, stack(0x000000046fb00000,0x000000046fc00000)]
  0x000001e6db593000 JavaThread "jar transforms Thread 88" [_thread_blocked, id=10808, stack(0x000000046fc00000,0x000000046fd00000)]
  0x000001e6db58e800 JavaThread "jar transforms Thread 89" [_thread_blocked, id=12864, stack(0x000000046fd00000,0x000000046fe00000)]
  0x000001e6db595000 JavaThread "jar transforms Thread 90" [_thread_blocked, id=8432, stack(0x000000046fe00000,0x000000046ff00000)]
  0x000001e6db58f800 JavaThread "jar transforms Thread 91" [_thread_blocked, id=17084, stack(0x000000046ff00000,0x0000000470000000)]
  0x000001e6db592000 JavaThread "jar transforms Thread 92" [_thread_blocked, id=9876, stack(0x0000000470000000,0x0000000470100000)]
  0x000001e6db596000 JavaThread "jar transforms Thread 93" [_thread_blocked, id=16108, stack(0x0000000470100000,0x0000000470200000)]
  0x000001e6db590800 JavaThread "jar transforms Thread 94" [_thread_blocked, id=9252, stack(0x0000000470200000,0x0000000470300000)]
  0x000001e6db597000 JavaThread "jar transforms Thread 95" [_thread_blocked, id=792, stack(0x0000000470300000,0x0000000470400000)]
  0x000001e6db593800 JavaThread "jar transforms Thread 96" [_thread_blocked, id=6732, stack(0x0000000470400000,0x0000000470500000)]
  0x000001e6db591000 JavaThread "jar transforms Thread 97" [_thread_blocked, id=12504, stack(0x0000000470500000,0x0000000470600000)]
  0x000001e6db598800 JavaThread "jar transforms Thread 98" [_thread_blocked, id=11192, stack(0x0000000470600000,0x0000000470700000)]
  0x000001e6db597800 JavaThread "jar transforms Thread 99" [_thread_blocked, id=1160, stack(0x0000000470700000,0x0000000470800000)]
  0x000001e6db59a000 JavaThread "jar transforms Thread 100" [_thread_blocked, id=15568, stack(0x0000000470800000,0x0000000470900000)]
  0x000001e6db59c800 JavaThread "jar transforms Thread 101" [_thread_blocked, id=15200, stack(0x0000000470900000,0x0000000470a00000)]
  0x000001e6db599800 JavaThread "jar transforms Thread 102" [_thread_blocked, id=8652, stack(0x0000000470a00000,0x0000000470b00000)]
  0x000001e6db59b000 JavaThread "jar transforms Thread 103" [_thread_blocked, id=4860, stack(0x0000000470b00000,0x0000000470c00000)]
  0x000001e6db59c000 JavaThread "jar transforms Thread 104" [_thread_blocked, id=16320, stack(0x0000000470c00000,0x0000000470d00000)]
  0x000001e6db59d800 JavaThread "jar transforms Thread 105" [_thread_blocked, id=7512, stack(0x0000000470d00000,0x0000000470e00000)]
  0x000001e6db0da000 JavaThread "jar transforms Thread 106" [_thread_blocked, id=12720, stack(0x0000000470e00000,0x0000000470f00000)]
  0x000001e6db0dc800 JavaThread "jar transforms Thread 107" [_thread_blocked, id=6820, stack(0x0000000470f00000,0x0000000471000000)]
  0x000001e6db0dd000 JavaThread "jar transforms Thread 108" [_thread_blocked, id=108, stack(0x0000000471000000,0x0000000471100000)]
  0x000001e6db0de000 JavaThread "jar transforms Thread 109" [_thread_blocked, id=16472, stack(0x0000000471100000,0x0000000471200000)]
  0x000001e6db0df000 JavaThread "jar transforms Thread 110" [_thread_blocked, id=12852, stack(0x0000000471200000,0x0000000471300000)]
  0x000001e6db0db800 JavaThread "jar transforms Thread 111" [_thread_blocked, id=8968, stack(0x0000000471300000,0x0000000471400000)]
  0x000001e6db0df800 JavaThread "jar transforms Thread 112" [_thread_blocked, id=9644, stack(0x0000000471400000,0x0000000471500000)]
  0x000001e6db0e0800 JavaThread "jar transforms Thread 113" [_thread_blocked, id=12636, stack(0x0000000471500000,0x0000000471600000)]
  0x000001e6db0e2000 JavaThread "Memory manager" [_thread_blocked, id=1376, stack(0x0000000471700000,0x0000000471800000)]
  0x000001e6e0433000 JavaThread "C2 CompilerThread1" daemon [_thread_blocked, id=15060, stack(0x0000000471600000,0x0000000471700000)]

Other Threads:
  0x000001e6d8059000 VMThread "VM Thread" [stack: 0x0000000467d00000,0x0000000467e00000] [id=6548]
  0x000001e6d8ac3800 WatcherThread [stack: 0x0000000468700000,0x0000000468800000] [id=16684]
  0x000001e6bc55c800 GCTaskThread "GC Thread#0" [stack: 0x0000000467800000,0x0000000467900000] [id=17012]
  0x000001e6d8f9b800 GCTaskThread "GC Thread#1" [stack: 0x0000000468900000,0x0000000468a00000] [id=16044]
  0x000001e6d8e84800 GCTaskThread "GC Thread#2" [stack: 0x0000000468a00000,0x0000000468b00000] [id=5760]
  0x000001e6dae3a800 GCTaskThread "GC Thread#3" [stack: 0x0000000469100000,0x0000000469200000] [id=13668]
  0x000001e6bc58d800 ConcurrentGCThread "G1 Main Marker" [stack: 0x0000000467900000,0x0000000467a00000] [id=13140]
  0x000001e6bc58e800 ConcurrentGCThread "G1 Conc#0" [stack: 0x0000000467a00000,0x0000000467b00000] [id=7872]
  0x000001e6bc61e800 ConcurrentGCThread "G1 Refine#0" [stack: 0x0000000467b00000,0x0000000467c00000] [id=15624]
  0x000001e6d7ec0800 ConcurrentGCThread "G1 Young RemSet Sampling" [stack: 0x0000000467c00000,0x0000000467d00000] [id=5048]

Threads with active compile tasks:
C2 CompilerThread0  35909 9561       4       org.gradle.internal.logging.sink.OutputEventTransformer::onOutput (399 bytes)

VM state:not at safepoint (normal execution)

VM Mutex/Monitor currently owned by a thread: None

Heap address: 0x0000000080000000, size: 2048 MB, Compressed Oops mode: 32-bit
Narrow klass base: 0x0000000000000000, Narrow klass shift: 3
Compressed class space size: 1073741824 Address: 0x0000000100000000

Heap:
 garbage-first heap   total 155648K, used 102208K [0x0000000080000000, 0x0000000100000000)
  region size 1024K, 15 young (15360K), 3 survivors (3072K)
 Metaspace       used 87896K, capacity 90017K, committed 90068K, reserved 1128448K
  class space    used 11062K, capacity 11773K, committed 11776K, reserved 1048576K
Heap Regions: E=young(eden), S=young(survivor), O=old, HS=humongous(starts), HC=humongous(continues), CS=collection set, F=free, A=archive, TAMS=top-at-mark-start (previous, next)
|   0|0x0000000080000000, 0x0000000080100000, 0x0000000080100000|100%| O|  |TAMS 0x0000000080100000, 0x0000000080000000| Untracked 
|   1|0x0000000080100000, 0x0000000080200000, 0x0000000080200000|100%| O|  |TAMS 0x0000000080200000, 0x0000000080100000| Untracked 
|   2|0x0000000080200000, 0x0000000080300000, 0x0000000080300000|100%| O|  |TAMS 0x0000000080300000, 0x0000000080200000| Untracked 
|   3|0x0000000080300000, 0x0000000080400000, 0x0000000080400000|100%|HS|  |TAMS 0x0000000080400000, 0x0000000080300000| Complete 
|   4|0x0000000080400000, 0x0000000080500000, 0x0000000080500000|100%|HC|  |TAMS 0x0000000080500000, 0x0000000080400000| Complete 
|   5|0x0000000080500000, 0x0000000080600000, 0x0000000080600000|100%|HC|  |TAMS 0x0000000080600000, 0x0000000080500000| Complete 
|   6|0x0000000080600000, 0x0000000080700000, 0x0000000080700000|100%| O|  |TAMS 0x0000000080700000, 0x0000000080600000| Untracked 
|   7|0x0000000080700000, 0x0000000080800000, 0x0000000080800000|100%| O|  |TAMS 0x0000000080800000, 0x0000000080700000| Untracked 
|   8|0x0000000080800000, 0x0000000080900000, 0x0000000080900000|100%| O|  |TAMS 0x0000000080900000, 0x0000000080800000| Untracked 
|   9|0x0000000080900000, 0x0000000080a00000, 0x0000000080a00000|100%| O|  |TAMS 0x0000000080a00000, 0x0000000080900000| Untracked 
|  10|0x0000000080a00000, 0x0000000080b00000, 0x0000000080b00000|100%| O|  |TAMS 0x0000000080b00000, 0x0000000080a00000| Untracked 
|  11|0x0000000080b00000, 0x0000000080c00000, 0x0000000080c00000|100%| O|  |TAMS 0x0000000080c00000, 0x0000000080b00000| Untracked 
|  12|0x0000000080c00000, 0x0000000080d00000, 0x0000000080d00000|100%| O|  |TAMS 0x0000000080d00000, 0x0000000080c00000| Untracked 
|  13|0x0000000080d00000, 0x0000000080e00000, 0x0000000080e00000|100%|HS|  |TAMS 0x0000000080e00000, 0x0000000080d00000| Complete 
|  14|0x0000000080e00000, 0x0000000080f00000, 0x0000000080f00000|100%|HC|  |TAMS 0x0000000080f00000, 0x0000000080e00000| Complete 
|  15|0x0000000080f00000, 0x0000000081000000, 0x0000000081000000|100%|HS|  |TAMS 0x0000000081000000, 0x0000000080f00000| Complete 
|  16|0x0000000081000000, 0x0000000081100000, 0x0000000081100000|100%|HC|  |TAMS 0x0000000081100000, 0x0000000081000000| Complete 
|  17|0x0000000081100000, 0x0000000081200000, 0x0000000081200000|100%|HC|  |TAMS 0x0000000081200000, 0x0000000081100000| Complete 
|  18|0x0000000081200000, 0x0000000081300000, 0x0000000081300000|100%|HS|  |TAMS 0x0000000081300000, 0x0000000081200000| Complete 
|  19|0x0000000081300000, 0x0000000081400000, 0x0000000081400000|100%|HC|  |TAMS 0x0000000081400000, 0x0000000081300000| Complete 
|  20|0x0000000081400000, 0x0000000081500000, 0x0000000081500000|100%|HC|  |TAMS 0x0000000081500000, 0x0000000081400000| Complete 
|  21|0x0000000081500000, 0x0000000081600000, 0x0000000081600000|100%|HC|  |TAMS 0x0000000081600000, 0x0000000081500000| Complete 
|  22|0x0000000081600000, 0x0000000081700000, 0x0000000081700000|100%|HC|  |TAMS 0x0000000081700000, 0x0000000081600000| Complete 
|  23|0x0000000081700000, 0x0000000081800000, 0x0000000081800000|100%| O|  |TAMS 0x0000000081800000, 0x0000000081700000| Untracked 
|  24|0x0000000081800000, 0x0000000081900000, 0x0000000081900000|100%| O|  |TAMS 0x0000000081900000, 0x0000000081800000| Untracked 
|  25|0x0000000081900000, 0x0000000081a00000, 0x0000000081a00000|100%| O|  |TAMS 0x0000000081a00000, 0x0000000081900000| Untracked 
|  26|0x0000000081a00000, 0x0000000081b00000, 0x0000000081b00000|100%| O|  |TAMS 0x0000000081b00000, 0x0000000081a00000| Untracked 
|  27|0x0000000081b00000, 0x0000000081c00000, 0x0000000081c00000|100%| O|  |TAMS 0x0000000081c00000, 0x0000000081b00000| Untracked 
|  28|0x0000000081c00000, 0x0000000081d00000, 0x0000000081d00000|100%| O|  |TAMS 0x0000000081d00000, 0x0000000081c00000| Untracked 
|  29|0x0000000081d00000, 0x0000000081e00000, 0x0000000081e00000|100%| O|  |TAMS 0x0000000081e00000, 0x0000000081d00000| Untracked 
|  30|0x0000000081e00000, 0x0000000081f00000, 0x0000000081f00000|100%| O|  |TAMS 0x0000000081f00000, 0x0000000081e00000| Untracked 
|  31|0x0000000081f00000, 0x0000000082000000, 0x0000000082000000|100%| O|  |TAMS 0x0000000082000000, 0x0000000081f00000| Untracked 
|  32|0x0000000082000000, 0x0000000082100000, 0x0000000082100000|100%| O|  |TAMS 0x0000000082100000, 0x0000000082000000| Untracked 
|  33|0x0000000082100000, 0x0000000082200000, 0x0000000082200000|100%| O|  |TAMS 0x0000000082200000, 0x0000000082100000| Untracked 
|  34|0x0000000082200000, 0x0000000082300000, 0x0000000082300000|100%| O|  |TAMS 0x0000000082300000, 0x0000000082200000| Untracked 
|  35|0x0000000082300000, 0x0000000082400000, 0x0000000082400000|100%| O|  |TAMS 0x0000000082400000, 0x0000000082300000| Untracked 
|  36|0x0000000082400000, 0x0000000082500000, 0x0000000082500000|100%| O|  |TAMS 0x0000000082500000, 0x0000000082400000| Untracked 
|  37|0x0000000082500000, 0x0000000082600000, 0x0000000082600000|100%| O|  |TAMS 0x0000000082600000, 0x0000000082500000| Untracked 
|  38|0x0000000082600000, 0x0000000082700000, 0x0000000082700000|100%| O|  |TAMS 0x0000000082700000, 0x0000000082600000| Untracked 
|  39|0x0000000082700000, 0x0000000082800000, 0x0000000082800000|100%| O|  |TAMS 0x0000000082800000, 0x0000000082700000| Untracked 
|  40|0x0000000082800000, 0x0000000082900000, 0x0000000082900000|100%| O|  |TAMS 0x0000000082900000, 0x0000000082800000| Untracked 
|  41|0x0000000082900000, 0x0000000082a00000, 0x0000000082a00000|100%| O|  |TAMS 0x0000000082a00000, 0x0000000082900000| Untracked 
|  42|0x0000000082a00000, 0x0000000082b00000, 0x0000000082b00000|100%| O|  |TAMS 0x0000000082b00000, 0x0000000082a00000| Untracked 
|  43|0x0000000082b00000, 0x0000000082c00000, 0x0000000082c00000|100%|HS|  |TAMS 0x0000000082c00000, 0x0000000082b00000| Complete 
|  44|0x0000000082c00000, 0x0000000082d00000, 0x0000000082d00000|100%|HS|  |TAMS 0x0000000082d00000, 0x0000000082c00000| Complete 
|  45|0x0000000082d00000, 0x0000000082e00000, 0x0000000082e00000|100%|HC|  |TAMS 0x0000000082e00000, 0x0000000082d00000| Complete 
|  46|0x0000000082e00000, 0x0000000082f00000, 0x0000000082f00000|100%|HC|  |TAMS 0x0000000082f00000, 0x0000000082e00000| Complete 
|  47|0x0000000082f00000, 0x0000000083000000, 0x0000000083000000|100%|HS|  |TAMS 0x0000000083000000, 0x0000000082f00000| Complete 
|  48|0x0000000083000000, 0x0000000083100000, 0x0000000083100000|100%|HC|  |TAMS 0x0000000083100000, 0x0000000083000000| Complete 
|  49|0x0000000083100000, 0x0000000083200000, 0x0000000083200000|100%| O|  |TAMS 0x0000000083200000, 0x0000000083100000| Untracked 
|  50|0x0000000083200000, 0x0000000083300000, 0x0000000083300000|100%| O|  |TAMS 0x0000000083300000, 0x0000000083200000| Untracked 
|  51|0x0000000083300000, 0x0000000083400000, 0x0000000083400000|100%| O|  |TAMS 0x0000000083400000, 0x0000000083300000| Untracked 
|  52|0x0000000083400000, 0x0000000083500000, 0x0000000083500000|100%| O|  |TAMS 0x0000000083500000, 0x0000000083400000| Untracked 
|  53|0x0000000083500000, 0x0000000083600000, 0x0000000083600000|100%| O|  |TAMS 0x0000000083600000, 0x0000000083500000| Untracked 
|  54|0x0000000083600000, 0x0000000083700000, 0x0000000083700000|100%| O|  |TAMS 0x0000000083700000, 0x0000000083600000| Untracked 
|  55|0x0000000083700000, 0x0000000083800000, 0x0000000083800000|100%| O|  |TAMS 0x0000000083800000, 0x0000000083700000| Untracked 
|  56|0x0000000083800000, 0x0000000083900000, 0x0000000083900000|100%| O|  |TAMS 0x0000000083900000, 0x0000000083800000| Untracked 
|  57|0x0000000083900000, 0x0000000083a00000, 0x0000000083a00000|100%| O|  |TAMS 0x0000000083a00000, 0x0000000083900000| Untracked 
|  58|0x0000000083a00000, 0x0000000083b00000, 0x0000000083b00000|100%| O|  |TAMS 0x0000000083b00000, 0x0000000083a00000| Untracked 
|  59|0x0000000083b00000, 0x0000000083c00000, 0x0000000083c00000|100%| O|  |TAMS 0x0000000083c00000, 0x0000000083b00000| Untracked 
|  60|0x0000000083c00000, 0x0000000083d00000, 0x0000000083d00000|100%| O|  |TAMS 0x0000000083d00000, 0x0000000083c00000| Untracked 
|  61|0x0000000083d00000, 0x0000000083e00000, 0x0000000083e00000|100%| O|  |TAMS 0x0000000083e00000, 0x0000000083d00000| Untracked 
|  62|0x0000000083e00000, 0x0000000083f00000, 0x0000000083f00000|100%| O|  |TAMS 0x0000000083f00000, 0x0000000083e00000| Untracked 
|  63|0x0000000083f00000, 0x0000000084000000, 0x0000000084000000|100%| O|  |TAMS 0x0000000084000000, 0x0000000083f00000| Untracked 
|  64|0x0000000084000000, 0x0000000084100000, 0x0000000084100000|100%| O|  |TAMS 0x0000000084100000, 0x0000000084000000| Untracked 
|  65|0x0000000084100000, 0x0000000084200000, 0x0000000084200000|100%| O|  |TAMS 0x0000000084200000, 0x0000000084100000| Untracked 
|  66|0x0000000084200000, 0x0000000084300000, 0x0000000084300000|100%| O|  |TAMS 0x0000000084300000, 0x0000000084200000| Untracked 
|  67|0x0000000084300000, 0x0000000084400000, 0x0000000084400000|100%| O|  |TAMS 0x0000000084400000, 0x0000000084300000| Untracked 
|  68|0x0000000084400000, 0x0000000084500000, 0x0000000084500000|100%| O|  |TAMS 0x0000000084500000, 0x0000000084400000| Untracked 
|  69|0x0000000084500000, 0x0000000084600000, 0x0000000084600000|100%| O|  |TAMS 0x0000000084600000, 0x0000000084500000| Untracked 
|  70|0x0000000084600000, 0x0000000084700000, 0x0000000084700000|100%| O|  |TAMS 0x0000000084700000, 0x0000000084600000| Untracked 
|  71|0x0000000084700000, 0x0000000084800000, 0x0000000084800000|100%| O|  |TAMS 0x0000000084800000, 0x0000000084700000| Untracked 
|  72|0x0000000084800000, 0x0000000084900000, 0x0000000084900000|100%| O|  |TAMS 0x0000000084900000, 0x0000000084800000| Untracked 
|  73|0x0000000084900000, 0x0000000084a00000, 0x0000000084a00000|100%| O|  |TAMS 0x0000000084a00000, 0x0000000084900000| Untracked 
|  74|0x0000000084a00000, 0x0000000084b00000, 0x0000000084b00000|100%| O|  |TAMS 0x0000000084b00000, 0x0000000084a00000| Untracked 
|  75|0x0000000084b00000, 0x0000000084c00000, 0x0000000084c00000|100%| O|  |TAMS 0x0000000084c00000, 0x0000000084b00000| Untracked 
|  76|0x0000000084c00000, 0x0000000084d00000, 0x0000000084d00000|100%| O|  |TAMS 0x0000000084d00000, 0x0000000084c00000| Untracked 
|  77|0x0000000084d00000, 0x0000000084e00000, 0x0000000084e00000|100%| O|  |TAMS 0x0000000084e00000, 0x0000000084d00000| Untracked 
|  78|0x0000000084e00000, 0x0000000084f00000, 0x0000000084f00000|100%| O|  |TAMS 0x0000000084f00000, 0x0000000084e00000| Untracked 
|  79|0x0000000084f00000, 0x0000000085000000, 0x0000000085000000|100%| O|  |TAMS 0x0000000085000000, 0x0000000084f00000| Untracked 
|  80|0x0000000085000000, 0x0000000085100000, 0x0000000085100000|100%| O|  |TAMS 0x0000000085100000, 0x0000000085000000| Untracked 
|  81|0x0000000085100000, 0x0000000085200000, 0x0000000085200000|100%| O|  |TAMS 0x0000000085200000, 0x0000000085100000| Untracked 
|  82|0x0000000085200000, 0x0000000085300000, 0x0000000085300000|100%| O|  |TAMS 0x0000000085300000, 0x0000000085200000| Untracked 
|  83|0x0000000085300000, 0x0000000085400000, 0x0000000085400000|100%| O|  |TAMS 0x0000000085400000, 0x0000000085300000| Untracked 
|  84|0x0000000085400000, 0x0000000085500000, 0x0000000085500000|100%| O|  |TAMS 0x0000000085500000, 0x0000000085400000| Untracked 
|  85|0x0000000085500000, 0x0000000085600000, 0x0000000085600000|100%| O|  |TAMS 0x0000000085600000, 0x0000000085500000| Untracked 
|  86|0x0000000085600000, 0x0000000085620600, 0x0000000085700000| 12%| O|  |TAMS 0x0000000085620600, 0x0000000085600000| Untracked 
|  87|0x0000000085700000, 0x0000000085700000, 0x0000000085800000|  0%| F|  |TAMS 0x0000000085700000, 0x0000000085700000| Untracked 
|  88|0x0000000085800000, 0x0000000085800000, 0x0000000085900000|  0%| F|  |TAMS 0x0000000085800000, 0x0000000085800000| Untracked 
|  89|0x0000000085900000, 0x0000000085900000, 0x0000000085a00000|  0%| F|  |TAMS 0x0000000085900000, 0x0000000085900000| Untracked 
|  90|0x0000000085a00000, 0x0000000085a00000, 0x0000000085b00000|  0%| F|  |TAMS 0x0000000085a00000, 0x0000000085a00000| Untracked 
|  91|0x0000000085b00000, 0x0000000085b00000, 0x0000000085c00000|  0%| F|  |TAMS 0x0000000085b00000, 0x0000000085b00000| Untracked 
|  92|0x0000000085c00000, 0x0000000085c00000, 0x0000000085d00000|  0%| F|  |TAMS 0x0000000085c00000, 0x0000000085c00000| Untracked 
|  93|0x0000000085d00000, 0x0000000085d00000, 0x0000000085e00000|  0%| F|  |TAMS 0x0000000085d00000, 0x0000000085d00000| Untracked 
|  94|0x0000000085e00000, 0x0000000085e00000, 0x0000000085f00000|  0%| F|  |TAMS 0x0000000085e00000, 0x0000000085e00000| Untracked 
|  95|0x0000000085f00000, 0x0000000085f00000, 0x0000000086000000|  0%| F|  |TAMS 0x0000000085f00000, 0x0000000085f00000| Untracked 
|  96|0x0000000086000000, 0x0000000086000000, 0x0000000086100000|  0%| F|  |TAMS 0x0000000086000000, 0x0000000086000000| Untracked 
|  97|0x0000000086100000, 0x0000000086100000, 0x0000000086200000|  0%| F|  |TAMS 0x0000000086100000, 0x0000000086100000| Untracked 
|  98|0x0000000086200000, 0x0000000086200000, 0x0000000086300000|  0%| F|  |TAMS 0x0000000086200000, 0x0000000086200000| Untracked 
|  99|0x0000000086300000, 0x0000000086300000, 0x0000000086400000|  0%| F|  |TAMS 0x0000000086300000, 0x0000000086300000| Untracked 
| 100|0x0000000086400000, 0x0000000086400000, 0x0000000086500000|  0%| F|  |TAMS 0x0000000086400000, 0x0000000086400000| Untracked 
| 101|0x0000000086500000, 0x0000000086500000, 0x0000000086600000|  0%| F|  |TAMS 0x0000000086500000, 0x0000000086500000| Untracked 
| 102|0x0000000086600000, 0x0000000086600000, 0x0000000086700000|  0%| F|  |TAMS 0x0000000086600000, 0x0000000086600000| Untracked 
| 103|0x0000000086700000, 0x0000000086700000, 0x0000000086800000|  0%| F|  |TAMS 0x0000000086700000, 0x0000000086700000| Untracked 
| 104|0x0000000086800000, 0x0000000086800000, 0x0000000086900000|  0%| F|  |TAMS 0x0000000086800000, 0x0000000086800000| Untracked 
| 105|0x0000000086900000, 0x0000000086900000, 0x0000000086a00000|  0%| F|  |TAMS 0x0000000086900000, 0x0000000086900000| Untracked 
| 106|0x0000000086a00000, 0x0000000086a00000, 0x0000000086b00000|  0%| F|  |TAMS 0x0000000086a00000, 0x0000000086a00000| Untracked 
| 107|0x0000000086b00000, 0x0000000086b00000, 0x0000000086c00000|  0%| F|  |TAMS 0x0000000086b00000, 0x0000000086b00000| Untracked 
| 108|0x0000000086c00000, 0x0000000086c00000, 0x0000000086d00000|  0%| F|  |TAMS 0x0000000086c00000, 0x0000000086c00000| Untracked 
| 109|0x0000000086d00000, 0x0000000086d00000, 0x0000000086e00000|  0%| F|  |TAMS 0x0000000086d00000, 0x0000000086d00000| Untracked 
| 110|0x0000000086e00000, 0x0000000086e00000, 0x0000000086f00000|  0%| F|  |TAMS 0x0000000086e00000, 0x0000000086e00000| Untracked 
| 111|0x0000000086f00000, 0x0000000086f00000, 0x0000000087000000|  0%| F|  |TAMS 0x0000000086f00000, 0x0000000086f00000| Untracked 
| 112|0x0000000087000000, 0x0000000087000000, 0x0000000087100000|  0%| F|  |TAMS 0x0000000087000000, 0x0000000087000000| Untracked 
| 113|0x0000000087100000, 0x0000000087100000, 0x0000000087200000|  0%| F|  |TAMS 0x0000000087100000, 0x0000000087100000| Untracked 
| 114|0x0000000087200000, 0x0000000087200000, 0x0000000087300000|  0%| F|  |TAMS 0x0000000087200000, 0x0000000087200000| Untracked 
| 115|0x0000000087300000, 0x0000000087300000, 0x0000000087400000|  0%| F|  |TAMS 0x0000000087300000, 0x0000000087300000| Untracked 
| 116|0x0000000087400000, 0x00000000874afdd0, 0x0000000087500000| 68%| S|CS|TAMS 0x0000000087400000, 0x0000000087400000| Complete 
| 117|0x0000000087500000, 0x0000000087600000, 0x0000000087600000|100%| S|CS|TAMS 0x0000000087500000, 0x0000000087500000| Complete 
| 118|0x0000000087600000, 0x0000000087700000, 0x0000000087700000|100%| S|CS|TAMS 0x0000000087600000, 0x0000000087600000| Complete 
| 119|0x0000000087700000, 0x0000000087700000, 0x0000000087800000|  0%| F|  |TAMS 0x0000000087700000, 0x0000000087700000| Untracked 
| 120|0x0000000087800000, 0x0000000087800000, 0x0000000087900000|  0%| F|  |TAMS 0x0000000087800000, 0x0000000087800000| Untracked 
| 121|0x0000000087900000, 0x0000000087900000, 0x0000000087a00000|  0%| F|  |TAMS 0x0000000087900000, 0x0000000087900000| Untracked 
| 122|0x0000000087a00000, 0x0000000087a00000, 0x0000000087b00000|  0%| F|  |TAMS 0x0000000087a00000, 0x0000000087a00000| Untracked 
| 123|0x0000000087b00000, 0x0000000087b00000, 0x0000000087c00000|  0%| F|  |TAMS 0x0000000087b00000, 0x0000000087b00000| Untracked 
| 124|0x0000000087c00000, 0x0000000087c00000, 0x0000000087d00000|  0%| F|  |TAMS 0x0000000087c00000, 0x0000000087c00000| Untracked 
| 125|0x0000000087d00000, 0x0000000087d00000, 0x0000000087e00000|  0%| F|  |TAMS 0x0000000087d00000, 0x0000000087d00000| Untracked 
| 126|0x0000000087e00000, 0x0000000087e00000, 0x0000000087f00000|  0%| F|  |TAMS 0x0000000087e00000, 0x0000000087e00000| Untracked 
| 127|0x0000000087f00000, 0x0000000087f00000, 0x0000000088000000|  0%| F|  |TAMS 0x0000000087f00000, 0x0000000087f00000| Untracked 
| 128|0x0000000088000000, 0x0000000088000000, 0x0000000088100000|  0%| F|  |TAMS 0x0000000088000000, 0x0000000088000000| Untracked 
| 129|0x0000000088100000, 0x0000000088100000, 0x0000000088200000|  0%| F|  |TAMS 0x0000000088100000, 0x0000000088100000| Untracked 
| 130|0x0000000088200000, 0x0000000088200000, 0x0000000088300000|  0%| F|  |TAMS 0x0000000088200000, 0x0000000088200000| Untracked 
| 131|0x0000000088300000, 0x0000000088300000, 0x0000000088400000|  0%| F|  |TAMS 0x0000000088300000, 0x0000000088300000| Untracked 
| 132|0x0000000088400000, 0x0000000088400000, 0x0000000088500000|  0%| F|  |TAMS 0x0000000088400000, 0x0000000088400000| Untracked 
| 133|0x0000000088500000, 0x0000000088500000, 0x0000000088600000|  0%| F|  |TAMS 0x0000000088500000, 0x0000000088500000| Untracked 
| 134|0x0000000088600000, 0x0000000088600000, 0x0000000088700000|  0%| F|  |TAMS 0x0000000088600000, 0x0000000088600000| Untracked 
| 135|0x0000000088700000, 0x0000000088700000, 0x0000000088800000|  0%| F|  |TAMS 0x0000000088700000, 0x0000000088700000| Untracked 
| 136|0x0000000088800000, 0x0000000088800000, 0x0000000088900000|  0%| F|  |TAMS 0x0000000088800000, 0x0000000088800000| Untracked 
| 137|0x0000000088900000, 0x0000000088900000, 0x0000000088a00000|  0%| F|  |TAMS 0x0000000088900000, 0x0000000088900000| Untracked 
| 138|0x0000000088a00000, 0x0000000088a00000, 0x0000000088b00000|  0%| F|  |TAMS 0x0000000088a00000, 0x0000000088a00000| Untracked 
| 139|0x0000000088b00000, 0x0000000088b00000, 0x0000000088c00000|  0%| F|  |TAMS 0x0000000088b00000, 0x0000000088b00000| Untracked 
| 140|0x0000000088c00000, 0x0000000088c8d9b8, 0x0000000088d00000| 55%| E|  |TAMS 0x0000000088c00000, 0x0000000088c00000| Complete 
| 141|0x0000000088d00000, 0x0000000088e00000, 0x0000000088e00000|100%| E|CS|TAMS 0x0000000088d00000, 0x0000000088d00000| Complete 
| 142|0x0000000088e00000, 0x0000000088f00000, 0x0000000088f00000|100%| E|CS|TAMS 0x0000000088e00000, 0x0000000088e00000| Complete 
| 143|0x0000000088f00000, 0x0000000089000000, 0x0000000089000000|100%| E|CS|TAMS 0x0000000088f00000, 0x0000000088f00000| Complete 
| 144|0x0000000089000000, 0x0000000089100000, 0x0000000089100000|100%| E|CS|TAMS 0x0000000089000000, 0x0000000089000000| Complete 
| 145|0x0000000089100000, 0x0000000089200000, 0x0000000089200000|100%| E|CS|TAMS 0x0000000089100000, 0x0000000089100000| Complete 
| 146|0x0000000089200000, 0x0000000089300000, 0x0000000089300000|100%| E|CS|TAMS 0x0000000089200000, 0x0000000089200000| Complete 
| 147|0x0000000089300000, 0x0000000089400000, 0x0000000089400000|100%| E|CS|TAMS 0x0000000089300000, 0x0000000089300000| Complete 
| 148|0x0000000089400000, 0x0000000089500000, 0x0000000089500000|100%| E|CS|TAMS 0x0000000089400000, 0x0000000089400000| Complete 
| 149|0x0000000089500000, 0x0000000089600000, 0x0000000089600000|100%| E|CS|TAMS 0x0000000089500000, 0x0000000089500000| Complete 
| 150|0x0000000089600000, 0x0000000089700000, 0x0000000089700000|100%| E|CS|TAMS 0x0000000089600000, 0x0000000089600000| Complete 
| 151|0x0000000089700000, 0x0000000089800000, 0x0000000089800000|100%| E|CS|TAMS 0x0000000089700000, 0x0000000089700000| Complete 

Card table byte_map: [0x000001e6d1230000,0x000001e6d1630000] _byte_map_base: 0x000001e6d0e30000

Marking Bits (Prev, Next): (CMBitMap*) 0x000001e6bc584740, (CMBitMap*) 0x000001e6bc584708
 Prev Bits: [0x000001e6d3a30000, 0x000001e6d5a30000)
 Next Bits: [0x000001e6d1a30000, 0x000001e6d3a30000)

Polling page: 0x000001e6bc620000

Metaspace:

Usage:
  Non-class:     76.41 MB capacity,    75.03 MB ( 98%) used,     1.17 MB (  2%) free+waste,   207.06 KB ( <1%) overhead. 
      Class:     11.50 MB capacity,    10.80 MB ( 94%) used,   616.52 KB (  5%) free+waste,    94.44 KB ( <1%) overhead. 
       Both:     87.91 MB capacity,    85.84 MB ( 98%) used,     1.78 MB (  2%) free+waste,   301.50 KB ( <1%) overhead. 

Virtual space:
  Non-class space:       78.00 MB reserved,      76.46 MB ( 98%) committed 
      Class space:        1.00 GB reserved,      11.50 MB (  1%) committed 
             Both:        1.08 GB reserved,      87.96 MB (  8%) committed 

Chunk freelists:
   Non-Class:  48.00 KB
       Class:  3.00 KB
        Both:  51.00 KB

MaxMetaspaceSize: 17179869184.00 GB
CompressedClassSpaceSize: 1.00 GB

CodeHeap 'non-profiled nmethods': size=120064Kb used=5912Kb max_used=5912Kb free=114152Kb
 bounds [0x000001e6c92d0000, 0x000001e6c98a0000, 0x000001e6d0810000]
CodeHeap 'profiled nmethods': size=120000Kb used=21993Kb max_used=21993Kb free=98007Kb
 bounds [0x000001e6c1da0000, 0x000001e6c3320000, 0x000001e6c92d0000]
CodeHeap 'non-nmethods': size=5696Kb used=2284Kb max_used=2332Kb free=3412Kb
 bounds [0x000001e6c1810000, 0x000001e6c1a80000, 0x000001e6c1da0000]
 total_blobs=10508 nmethods=9623 adapters=796
 compilation: enabled
              stopped_count=0, restarted_count=0
 full_count=0

Compilation events (20 events):
Event: 35.211 Thread 0x000001e6d80b0000 9572       3       org.gradle.internal.execution.steps.BuildOperationStep$1::call (11 bytes)
Event: 35.212 Thread 0x000001e6d80b0000 nmethod 9572 0x000001e6c32ed510 code [0x000001e6c32ed6c0, 0x000001e6c32ed888]
Event: 35.212 Thread 0x000001e6d80b0000 9573       3       org.gradle.api.internal.file.AbstractFileCollection::visitStructure (19 bytes)
Event: 35.213 Thread 0x000001e6d80b0000 nmethod 9573 0x000001e6c32ed990 code [0x000001e6c32edb60, 0x000001e6c32ede38]
Event: 35.213 Thread 0x000001e6d80b0000 9574       3       org.gradle.api.internal.file.AbstractFileCollection::visitContents (11 bytes)
Event: 35.213 Thread 0x000001e6d80b0000 nmethod 9574 0x000001e6c32edf10 code [0x000001e6c32ee0c0, 0x000001e6c32ee288]
Event: 35.214 Thread 0x000001e6d80b0000 9575       3       com.google.common.collect.Iterators::transform (15 bytes)
Event: 35.215 Thread 0x000001e6d80b0000 nmethod 9575 0x000001e6c32ee390 code [0x000001e6c32ee5a0, 0x000001e6c32eec78]
Event: 35.216 Thread 0x000001e6d80b0000 9577       3       org.gradle.api.internal.artifacts.transform.DefaultTransformerInvocationFactory$ImmutableTransformationWorkspaceIdentity::equals (89 bytes)
Event: 35.217 Thread 0x000001e6d80b0000 nmethod 9577 0x000001e6c32eee90 code [0x000001e6c32ef0a0, 0x000001e6c32ef5b8]
Event: 35.217 Thread 0x000001e6d80b0000 9576       3       com.google.common.collect.Iterators$6::<init> (11 bytes)
Event: 35.217 Thread 0x000001e6d80b0000 nmethod 9576 0x000001e6c32ef790 code [0x000001e6c32ef980, 0x000001e6c32efe48]
Event: 35.408 Thread 0x000001e6d80b0000 9578       1       java.util.stream.Sink::cancellationRequested (2 bytes)
Event: 35.408 Thread 0x000001e6d80b0000 nmethod 9578 0x000001e6c9890a90 code [0x000001e6c9890c40, 0x000001e6c9890cf8]
Event: 35.413 Thread 0x000001e6d80b0000 9579       3       org.gradle.internal.logging.sink.ProgressLogEventGenerator$Operation::<init> (12 bytes)
Event: 35.414 Thread 0x000001e6d80b0000 nmethod 9579 0x000001e6c32f0010 code [0x000001e6c32f01c0, 0x000001e6c32f02e8]
Event: 35.414 Thread 0x000001e6d80b0000 9580       3       org.gradle.internal.logging.sink.ProgressLogEventGenerator$Operation::<init> (53 bytes)
Event: 35.415 Thread 0x000001e6d80b0000 nmethod 9580 0x000001e6c32f0390 code [0x000001e6c32f0580, 0x000001e6c32f0968]
Event: 35.415 Thread 0x000001e6d80b0000 9581       3       org.gradle.internal.logging.sink.ProgressLogEventGenerator::onStart (42 bytes)
Event: 35.416 Thread 0x000001e6d80b0000 nmethod 9581 0x000001e6c32f0a90 code [0x000001e6c32f0c80, 0x000001e6c32f10f8]

GC Heap History (20 events):
Event: 21.858 GC heap before
{Heap before GC invocations=17 (full 0):
 garbage-first heap   total 155648K, used 106637K [0x0000000080000000, 0x0000000100000000)
  region size 1024K, 43 young (44032K), 5 survivors (5120K)
 Metaspace       used 66456K, capacity 68097K, committed 68180K, reserved 1110016K
  class space    used 8253K, capacity 8753K, committed 8832K, reserved 1048576K
}
Event: 21.868 GC heap after
{Heap after GC invocations=18 (full 0):
 garbage-first heap   total 155648K, used 70776K [0x0000000080000000, 0x0000000100000000)
  region size 1024K, 4 young (4096K), 4 survivors (4096K)
 Metaspace       used 66456K, capacity 68097K, committed 68180K, reserved 1110016K
  class space    used 8253K, capacity 8753K, committed 8832K, reserved 1048576K
}
Event: 22.550 GC heap before
{Heap before GC invocations=18 (full 0):
 garbage-first heap   total 155648K, used 110712K [0x0000000080000000, 0x0000000100000000)
  region size 1024K, 43 young (44032K), 4 survivors (4096K)
 Metaspace       used 70653K, capacity 72335K, committed 72532K, reserved 1112064K
  class space    used 8935K, capacity 9510K, committed 9600K, reserved 1048576K
}
Event: 22.560 GC heap after
{Heap after GC invocations=19 (full 0):
 garbage-first heap   total 155648K, used 73507K [0x0000000080000000, 0x0000000100000000)
  region size 1024K, 3 young (3072K), 3 survivors (3072K)
 Metaspace       used 70653K, capacity 72335K, committed 72532K, reserved 1112064K
  class space    used 8935K, capacity 9510K, committed 9600K, reserved 1048576K
}
Event: 23.693 GC heap before
{Heap before GC invocations=19 (full 0):
 garbage-first heap   total 155648K, used 114467K [0x0000000080000000, 0x0000000100000000)
  region size 1024K, 43 young (44032K), 3 survivors (3072K)
 Metaspace       used 73784K, capacity 75455K, committed 75732K, reserved 1116160K
  class space    used 9390K, capacity 9962K, committed 9984K, reserved 1048576K
}
Event: 23.702 GC heap after
{Heap after GC invocations=20 (full 0):
 garbage-first heap   total 155648K, used 75411K [0x0000000080000000, 0x0000000100000000)
  region size 1024K, 5 young (5120K), 5 survivors (5120K)
 Metaspace       used 73784K, capacity 75455K, committed 75732K, reserved 1116160K
  class space    used 9390K, capacity 9962K, committed 9984K, reserved 1048576K
}
Event: 26.570 GC heap before
{Heap before GC invocations=21 (full 0):
 garbage-first heap   total 155648K, used 117395K [0x0000000080000000, 0x0000000100000000)
  region size 1024K, 46 young (47104K), 5 survivors (5120K)
 Metaspace       used 76882K, capacity 78803K, committed 79060K, reserved 1118208K
  class space    used 9784K, capacity 10426K, committed 10496K, reserved 1048576K
}
Event: 26.581 GC heap after
{Heap after GC invocations=22 (full 0):
 garbage-first heap   total 155648K, used 78295K [0x0000000080000000, 0x0000000100000000)
  region size 1024K, 5 young (5120K), 5 survivors (5120K)
 Metaspace       used 76882K, capacity 78803K, committed 79060K, reserved 1118208K
  class space    used 9784K, capacity 10426K, committed 10496K, reserved 1048576K
}
Event: 26.773 GC heap before
{Heap before GC invocations=22 (full 0):
 garbage-first heap   total 155648K, used 92631K [0x0000000080000000, 0x0000000100000000)
  region size 1024K, 21 young (21504K), 5 survivors (5120K)
 Metaspace       used 77977K, capacity 79841K, committed 79956K, reserved 1118208K
  class space    used 9905K, capacity 10537K, committed 10624K, reserved 1048576K
}
Event: 26.781 GC heap after
{Heap after GC invocations=23 (full 0):
 garbage-first heap   total 155648K, used 80601K [0x0000000080000000, 0x0000000100000000)
  region size 1024K, 5 young (5120K), 5 survivors (5120K)
 Metaspace       used 77977K, capacity 79841K, committed 79956K, reserved 1118208K
  class space    used 9905K, capacity 10537K, committed 10624K, reserved 1048576K
}
Event: 27.574 GC heap before
{Heap before GC invocations=24 (full 0):
 garbage-first heap   total 155648K, used 116441K [0x0000000080000000, 0x0000000100000000)
  region size 1024K, 39 young (39936K), 5 survivors (5120K)
 Metaspace       used 82432K, capacity 84419K, committed 84564K, reserved 1122304K
  class space    used 10472K, capacity 11115K, committed 11136K, reserved 1048576K
}
Event: 27.591 GC heap after
{Heap after GC invocations=25 (full 0):
 garbage-first heap   total 155648K, used 81167K [0x0000000080000000, 0x0000000100000000)
  region size 1024K, 3 young (3072K), 3 survivors (3072K)
 Metaspace       used 82432K, capacity 84419K, committed 84564K, reserved 1122304K
  class space    used 10472K, capacity 11115K, committed 11136K, reserved 1048576K
}
Event: 28.608 GC heap before
{Heap before GC invocations=25 (full 0):
 garbage-first heap   total 155648K, used 117007K [0x0000000080000000, 0x0000000100000000)
  region size 1024K, 38 young (38912K), 3 survivors (3072K)
 Metaspace       used 85345K, capacity 87345K, committed 87508K, reserved 1126400K
  class space    used 10814K, capacity 11440K, committed 11520K, reserved 1048576K
}
Event: 28.619 GC heap after
{Heap after GC invocations=26 (full 0):
 garbage-first heap   total 155648K, used 83150K [0x0000000080000000, 0x0000000100000000)
  region size 1024K, 5 young (5120K), 5 survivors (5120K)
 Metaspace       used 85345K, capacity 87345K, committed 87508K, reserved 1126400K
  class space    used 10814K, capacity 11440K, committed 11520K, reserved 1048576K
}
Event: 29.527 GC heap before
{Heap before GC invocations=27 (full 0):
 garbage-first heap   total 155648K, used 94414K [0x0000000080000000, 0x0000000100000000)
  region size 1024K, 18 young (18432K), 5 survivors (5120K)
 Metaspace       used 86372K, capacity 88410K, committed 88532K, reserved 1126400K
  class space    used 10966K, capacity 11682K, committed 11776K, reserved 1048576K
}
Event: 29.549 GC heap after
{Heap after GC invocations=28 (full 0):
 garbage-first heap   total 155648K, used 84523K [0x0000000080000000, 0x0000000100000000)
  region size 1024K, 4 young (4096K), 4 survivors (4096K)
 Metaspace       used 86372K, capacity 88410K, committed 88532K, reserved 1126400K
  class space    used 10966K, capacity 11682K, committed 11776K, reserved 1048576K
}
Event: 31.653 GC heap before
{Heap before GC invocations=29 (full 0):
 garbage-first heap   total 155648K, used 120363K [0x0000000080000000, 0x0000000100000000)
  region size 1024K, 39 young (39936K), 4 survivors (4096K)
 Metaspace       used 87273K, capacity 89343K, committed 89556K, reserved 1128448K
  class space    used 11033K, capacity 11731K, committed 11776K, reserved 1048576K
}
Event: 31.689 GC heap after
{Heap after GC invocations=30 (full 0):
 garbage-first heap   total 155648K, used 88825K [0x0000000080000000, 0x0000000100000000)
  region size 1024K, 5 young (5120K), 5 survivors (5120K)
 Metaspace       used 87273K, capacity 89343K, committed 89556K, reserved 1128448K
  class space    used 11033K, capacity 11731K, committed 11776K, reserved 1048576K
}
Event: 34.826 GC heap before
{Heap before GC invocations=30 (full 0):
 garbage-first heap   total 155648K, used 121593K [0x0000000080000000, 0x0000000100000000)
  region size 1024K, 38 young (38912K), 5 survivors (5120K)
 Metaspace       used 87742K, capacity 89771K, committed 89812K, reserved 1128448K
  class space    used 11048K, capacity 11737K, committed 11776K, reserved 1048576K
}
Event: 34.837 GC heap after
{Heap after GC invocations=31 (full 0):
 garbage-first heap   total 155648K, used 90944K [0x0000000080000000, 0x0000000100000000)
  region size 1024K, 3 young (3072K), 3 survivors (3072K)
 Metaspace       used 87742K, capacity 89771K, committed 89812K, reserved 1128448K
  class space    used 11048K, capacity 11737K, committed 11776K, reserved 1048576K
}

Deoptimization events (20 events):
Event: 35.013 Thread 0x000001e6da48e000 Uncommon trap: trap_request=0xffffffbe fr.pc=0x000001e6c988bf98 relative=0x0000000000000758
Event: 35.013 Thread 0x000001e6da48e000 Uncommon trap: reason=profile_predicate action=maybe_recompile pc=0x000001e6c988bf98 method=org.gradle.internal.snapshot.SearchUtil.binarySearch(Ljava/util/List;Ljava/lang/Comparable;)I @ 88 c2
Event: 35.013 Thread 0x000001e6da48e000 DEOPT PACKING pc=0x000001e6c988bf98 sp=0x000000046b6fc4a0
Event: 35.014 Thread 0x000001e6da48e000 DEOPT UNPACKING pc=0x000001e6c18378af sp=0x000000046b6fc428 mode 2
Event: 35.014 Thread 0x000001e6da48e000 Uncommon trap: trap_request=0xffffffbe fr.pc=0x000001e6c988bf98 relative=0x0000000000000758
Event: 35.014 Thread 0x000001e6da48e000 Uncommon trap: reason=profile_predicate action=maybe_recompile pc=0x000001e6c988bf98 method=org.gradle.internal.snapshot.SearchUtil.binarySearch(Ljava/util/List;Ljava/lang/Comparable;)I @ 88 c2
Event: 35.014 Thread 0x000001e6da48e000 DEOPT PACKING pc=0x000001e6c988bf98 sp=0x000000046b6fc050
Event: 35.014 Thread 0x000001e6da48e000 DEOPT UNPACKING pc=0x000001e6c18378af sp=0x000000046b6fbfd8 mode 2
Event: 35.014 Thread 0x000001e6da48e000 Uncommon trap: trap_request=0xffffffbe fr.pc=0x000001e6c988bf98 relative=0x0000000000000758
Event: 35.014 Thread 0x000001e6da48e000 Uncommon trap: reason=profile_predicate action=maybe_recompile pc=0x000001e6c988bf98 method=org.gradle.internal.snapshot.SearchUtil.binarySearch(Ljava/util/List;Ljava/lang/Comparable;)I @ 88 c2
Event: 35.014 Thread 0x000001e6da48e000 DEOPT PACKING pc=0x000001e6c988bf98 sp=0x000000046b6fbc00
Event: 35.014 Thread 0x000001e6da48e000 DEOPT UNPACKING pc=0x000001e6c18378af sp=0x000000046b6fbb88 mode 2
Event: 35.014 Thread 0x000001e6da48e000 Uncommon trap: trap_request=0xffffffbe fr.pc=0x000001e6c988bf98 relative=0x0000000000000758
Event: 35.014 Thread 0x000001e6da48e000 Uncommon trap: reason=profile_predicate action=maybe_recompile pc=0x000001e6c988bf98 method=org.gradle.internal.snapshot.SearchUtil.binarySearch(Ljava/util/List;Ljava/lang/Comparable;)I @ 88 c2
Event: 35.014 Thread 0x000001e6da48e000 DEOPT PACKING pc=0x000001e6c988bf98 sp=0x000000046b6fb7b0
Event: 35.014 Thread 0x000001e6da48e000 DEOPT UNPACKING pc=0x000001e6c18378af sp=0x000000046b6fb738 mode 2
Event: 35.062 Thread 0x000001e6da48e000 Uncommon trap: trap_request=0xffffff4d fr.pc=0x000001e6c9888018 relative=0x0000000000001698
Event: 35.062 Thread 0x000001e6da48e000 Uncommon trap: reason=unstable_if action=reinterpret pc=0x000001e6c9888018 method=java.util.concurrent.ConcurrentHashMap.addCount(JI)V @ 97 c2
Event: 35.062 Thread 0x000001e6da48e000 DEOPT PACKING pc=0x000001e6c9888018 sp=0x000000046b6fe5c0
Event: 35.062 Thread 0x000001e6da48e000 DEOPT UNPACKING pc=0x000001e6c18378af sp=0x000000046b6fe4a0 mode 2

Classes redefined (0 events):
No events

Internal exceptions (20 events):
Event: 26.656 Thread 0x000001e6daa51000 Exception <a 'java/lang/ClassNotFoundException'{0x0000000088f11280}: org/gradle/api/internal/tasks/DefaultSourceSetContainer_DecoratedBeanInfo> (0x0000000088f11280) thrown at [./src/hotspot/share/classfile/systemDictionary.cpp, line 231]
Event: 26.656 Thread 0x000001e6daa51000 Exception <a 'java/lang/ClassNotFoundException'{0x0000000088f2a360}: org/gradle/api/internal/tasks/DefaultSourceSetContainerBeanInfo> (0x0000000088f2a360) thrown at [./src/hotspot/share/classfile/systemDictionary.cpp, line 231]
Event: 26.656 Thread 0x000001e6daa51000 Exception <a 'java/lang/ClassNotFoundException'{0x0000000088f43498}: org/gradle/api/internal/tasks/DefaultSourceSetContainerCustomizer> (0x0000000088f43498) thrown at [./src/hotspot/share/classfile/systemDictionary.cpp, line 231]
Event: 26.657 Thread 0x000001e6daa51000 Exception <a 'java/lang/ClassNotFoundException'{0x0000000088f6a710}: org/gradle/api/internal/tasks/DefaultSourceSetContainer_DecoratedCustomizer> (0x0000000088f6a710) thrown at [./src/hotspot/share/classfile/systemDictionary.cpp, line 231]
Event: 26.979 Thread 0x000001e6daa51000 Exception <a 'sun/nio/fs/WindowsException'{0x00000000892f76d0}> (0x00000000892f76d0) thrown at [./src/hotspot/share/prims/jni.cpp, line 615]
Event: 27.104 Thread 0x000001e6daa51000 Exception <a 'java/lang/NullPointerException'{0x0000000088ab4700}> (0x0000000088ab4700) thrown at [./src/hotspot/share/interpreter/linkResolver.cpp, line 1440]
Event: 27.344 Thread 0x000001e6daa51000 Exception <a 'java/lang/NoSuchMethodError'{0x0000000087680f70}: 'int java.lang.invoke.DirectMethodHandle$Holder.invokeStatic(java.lang.Object, java.lang.Object, int, java.lang.Object)'> (0x0000000087680f70) thrown at [./src/hotspot/share/interpreter/linkResolver.cpp, line 773]
Event: 27.779 Thread 0x000001e6daa51000 Exception <a 'java/lang/reflect/InvocationTargetException'{0x0000000088d9b768}> (0x0000000088d9b768) thrown at [./src/hotspot/share/runtime/reflection.cpp, line 1247]
Event: 28.849 Thread 0x000001e6daa51000 Exception <a 'java/lang/NoSuchMethodError'{0x000000008924f3d0}: 'java.lang.Object java.lang.invoke.DirectMethodHandle$Holder.invokeSpecialIFC(java.lang.Object, java.lang.Object, java.lang.Object)'> (0x000000008924f3d0) thrown at [./src/hotspot/share/interpreter/linkResolver.cpp, line 773]
Event: 29.411 Thread 0x000001e6da491000 Exception <a 'java/lang/NoSuchMethodError'{0x0000000088f7d9e0}: 'void java.lang.invoke.DirectMethodHandle$Holder.invokeStatic(java.lang.Object, java.lang.Object, java.lang.Object, java.lang.Object, java.lang.Object, java.lang.Object, java.lang.Object)'> (0x0000000088f7d9e0) thrown at [./src/hotspot/share/interpreter/linkResolver.cpp, line 773]
Event: 29.411 Thread 0x000001e6da493000 Exception <a 'java/lang/NoSuchMethodError'{0x000000008918eb48}: 'void java.lang.invoke.DirectMethodHandle$Holder.invokeStatic(java.lang.Object, java.lang.Object, java.lang.Object, java.lang.Object, java.lang.Object, java.lang.Object, java.lang.Object)'> (0x000000008918eb48) thrown at [./src/hotspot/share/interpreter/linkResolver.cpp, line 773]
Event: 29.505 Thread 0x000001e6da491000 Exception <a 'java/lang/NoSuchMethodError'{0x0000000088c206d0}: 'void java.lang.invoke.DirectMethodHandle$Holder.invokeVirtual(java.lang.Object, java.lang.Object)'> (0x0000000088c206d0) thrown at [./src/hotspot/share/interpreter/linkResolver.cpp, line 773]
Event: 29.708 Thread 0x000001e6da491000 Exception <a 'sun/nio/fs/WindowsException'{0x000000008916fe48}> (0x000000008916fe48) thrown at [./src/hotspot/share/prims/jni.cpp, line 615]
Event: 29.941 Thread 0x000001e6da493000 Exception <a 'sun/nio/fs/WindowsException'{0x0000000088faddd8}> (0x0000000088faddd8) thrown at [./src/hotspot/share/prims/jni.cpp, line 615]
Event: 31.989 Thread 0x000001e6da491000 Exception <a 'sun/nio/fs/WindowsException'{0x00000000893a1c98}> (0x00000000893a1c98) thrown at [./src/hotspot/share/prims/jni.cpp, line 615]
Event: 32.290 Thread 0x000001e6da48e000 Exception <a 'sun/nio/fs/WindowsException'{0x0000000088f2cb50}> (0x0000000088f2cb50) thrown at [./src/hotspot/share/prims/jni.cpp, line 615]
Event: 32.748 Thread 0x000001e6da493000 Exception <a 'sun/nio/fs/WindowsException'{0x0000000088cd8cc8}> (0x0000000088cd8cc8) thrown at [./src/hotspot/share/prims/jni.cpp, line 615]
Event: 32.760 Thread 0x000001e6da491000 Exception <a 'sun/nio/fs/WindowsException'{0x0000000088b9e1d0}> (0x0000000088b9e1d0) thrown at [./src/hotspot/share/prims/jni.cpp, line 615]
Event: 33.940 Thread 0x000001e6da492000 Exception <a 'sun/nio/fs/WindowsException'{0x0000000088069fc8}> (0x0000000088069fc8) thrown at [./src/hotspot/share/prims/jni.cpp, line 615]
Event: 34.146 Thread 0x000001e6da493000 Exception <a 'sun/nio/fs/WindowsException'{0x0000000087e25508}> (0x0000000087e25508) thrown at [./src/hotspot/share/prims/jni.cpp, line 615]

Events (20 events):
Event: 35.065 Executing VM operation: RevokeBias
Event: 35.065 Executing VM operation: RevokeBias done
Event: 35.070 Executing VM operation: RevokeBias
Event: 35.070 Executing VM operation: RevokeBias done
Event: 35.107 Executing VM operation: RevokeBias
Event: 35.107 Executing coalesced safepoint VM operation: RevokeBias
Event: 35.107 Executing coalesced safepoint VM operation: RevokeBias done
Event: 35.107 Executing VM operation: RevokeBias done
Event: 35.108 Executing VM operation: RevokeBias
Event: 35.109 Executing VM operation: RevokeBias done
Event: 35.114 Executing VM operation: RevokeBias
Event: 35.115 Executing VM operation: RevokeBias done
Event: 35.116 Executing VM operation: RevokeBias
Event: 35.116 Executing VM operation: RevokeBias done
Event: 35.215 Executing VM operation: RevokeBias
Event: 35.216 Executing coalesced safepoint VM operation: RevokeBias
Event: 35.216 Executing coalesced safepoint VM operation: RevokeBias done
Event: 35.216 Executing VM operation: RevokeBias done
Event: 35.424 Executing VM operation: RevokeBias
Event: 35.424 Executing VM operation: RevokeBias done


Dynamic libraries:
0x00007ff629d60000 - 0x00007ff629d6a000 	C:\Program Files\Android\Android Studio\jre\bin\java.exe
0x00007ffc25930000 - 0x00007ffc25b25000 	C:\WINDOWS\SYSTEM32\ntdll.dll
0x00007ffc01170000 - 0x00007ffc01185000 	C:\Program Files\AVG\Antivirus\aswhook.dll
0x00007ffc23ac0000 - 0x00007ffc23b7d000 	C:\WINDOWS\System32\KERNEL32.DLL
0x00007ffc23190000 - 0x00007ffc23459000 	C:\WINDOWS\System32\KERNELBASE.dll
0x00007ffc23510000 - 0x00007ffc23610000 	C:\WINDOWS\System32\ucrtbase.dll
0x00007ffc0b180000 - 0x00007ffc0b199000 	C:\Program Files\Android\Android Studio\jre\bin\jli.dll
0x00007ffc006d0000 - 0x00007ffc006e7000 	C:\Program Files\Android\Android Studio\jre\bin\VCRUNTIME140.dll
0x00007ffc25730000 - 0x00007ffc258d0000 	C:\WINDOWS\System32\USER32.dll
0x00007ffc236f0000 - 0x00007ffc23712000 	C:\WINDOWS\System32\win32u.dll
0x00007ffc23fb0000 - 0x00007ffc23fda000 	C:\WINDOWS\System32\GDI32.dll
0x00007ffc0b4e0000 - 0x00007ffc0b77a000 	C:\WINDOWS\WinSxS\amd64_microsoft.windows.common-controls_6595b64144ccf1df_6.0.19041.1110_none_60b5254171f9507e\COMCTL32.dll
0x00007ffc23880000 - 0x00007ffc2398b000 	C:\WINDOWS\System32\gdi32full.dll
0x00007ffc23de0000 - 0x00007ffc23e7e000 	C:\WINDOWS\System32\msvcrt.dll
0x00007ffc230f0000 - 0x00007ffc2318d000 	C:\WINDOWS\System32\msvcp_win.dll
0x00007ffc25650000 - 0x00007ffc25680000 	C:\WINDOWS\System32\IMM32.DLL
0x00007ffbecda0000 - 0x00007ffbece3d000 	C:\Program Files\Android\Android Studio\jre\bin\msvcp140.dll
0x00007ffbda9e0000 - 0x00007ffbdb4af000 	C:\Program Files\Android\Android Studio\jre\bin\server\jvm.dll
0x00007ffc25240000 - 0x00007ffc252ec000 	C:\WINDOWS\System32\ADVAPI32.dll
0x00007ffc23ce0000 - 0x00007ffc23d7b000 	C:\WINDOWS\System32\sechost.dll
0x00007ffc23ff0000 - 0x00007ffc2411a000 	C:\WINDOWS\System32\RPCRT4.dll
0x00007ffc24e40000 - 0x00007ffc24e48000 	C:\WINDOWS\System32\PSAPI.DLL
0x00007ffc1c9b0000 - 0x00007ffc1c9d7000 	C:\WINDOWS\SYSTEM32\WINMM.dll
0x00007ffc11fa0000 - 0x00007ffc11fa9000 	C:\WINDOWS\SYSTEM32\WSOCK32.dll
0x00007ffc1e7f0000 - 0x00007ffc1e7fa000 	C:\WINDOWS\SYSTEM32\VERSION.dll
0x00007ffc241b0000 - 0x00007ffc2421b000 	C:\WINDOWS\System32\WS2_32.dll
0x00007ffc20f70000 - 0x00007ffc20f82000 	C:\WINDOWS\SYSTEM32\kernel.appcore.dll
0x00007ffc1ae50000 - 0x00007ffc1ae61000 	C:\Program Files\Android\Android Studio\jre\bin\verify.dll
0x00007ffc1b880000 - 0x00007ffc1ba64000 	C:\WINDOWS\SYSTEM32\DBGHELP.DLL
0x00007ffc1be90000 - 0x00007ffc1bebc000 	C:\WINDOWS\SYSTEM32\dbgcore.DLL
0x00007ffc23060000 - 0x00007ffc230e3000 	C:\WINDOWS\System32\bcryptPrimitives.dll
0x00007ffc0a900000 - 0x00007ffc0a929000 	C:\Program Files\Android\Android Studio\jre\bin\java.dll
0x00007ffc20420000 - 0x00007ffc2042b000 	C:\Program Files\Android\Android Studio\jre\bin\jimage.dll
0x00007ffc17f50000 - 0x00007ffc17f68000 	C:\Program Files\Android\Android Studio\jre\bin\zip.dll
0x00007ffc246a0000 - 0x00007ffc24ddf000 	C:\WINDOWS\System32\SHELL32.dll
0x00007ffc21170000 - 0x00007ffc21900000 	C:\WINDOWS\SYSTEM32\windows.storage.dll
0x00007ffc252f0000 - 0x00007ffc25645000 	C:\WINDOWS\System32\combase.dll
0x00007ffc229f0000 - 0x00007ffc22a1c000 	C:\WINDOWS\SYSTEM32\Wldp.dll
0x00007ffc24e50000 - 0x00007ffc24efe000 	C:\WINDOWS\System32\SHCORE.dll
0x00007ffc23d80000 - 0x00007ffc23dd5000 	C:\WINDOWS\System32\shlwapi.dll
0x00007ffc22fa0000 - 0x00007ffc22fbf000 	C:\WINDOWS\SYSTEM32\profapi.dll
0x00007ffc17bf0000 - 0x00007ffc17c0a000 	C:\Program Files\Android\Android Studio\jre\bin\net.dll
0x00007ffc12920000 - 0x00007ffc12a28000 	C:\WINDOWS\SYSTEM32\WINHTTP.dll
0x00007ffc22750000 - 0x00007ffc227ba000 	C:\WINDOWS\system32\mswsock.dll
0x00007ffc154c0000 - 0x00007ffc154d4000 	C:\Program Files\Android\Android Studio\jre\bin\nio.dll
0x00007ffc0c580000 - 0x00007ffc0c5a7000 	C:\Users\Lenovo\.gradle\native\f6784746aeab05261644944871eae4fe03e0ef1612fff0a4a95f87b438bc6780\windows-amd64\native-platform.dll
0x00007ffc1fc70000 - 0x00007ffc1fc7a000 	C:\Program Files\Android\Android Studio\jre\bin\management.dll
0x00007ffc1fa80000 - 0x00007ffc1fa8c000 	C:\Program Files\Android\Android Studio\jre\bin\management_ext.dll
0x00007ffc22950000 - 0x00007ffc22968000 	C:\WINDOWS\SYSTEM32\CRYPTSP.dll
0x00007ffc220d0000 - 0x00007ffc22104000 	C:\WINDOWS\system32\rsaenh.dll
0x00007ffc23610000 - 0x00007ffc23637000 	C:\WINDOWS\System32\bcrypt.dll
0x00007ffc22f60000 - 0x00007ffc22f8e000 	C:\WINDOWS\SYSTEM32\USERENV.dll
0x00007ffc22940000 - 0x00007ffc2294c000 	C:\WINDOWS\SYSTEM32\CRYPTBASE.dll
0x00007ffc22440000 - 0x00007ffc2247b000 	C:\WINDOWS\SYSTEM32\IPHLPAPI.DLL
0x00007ffc23e80000 - 0x00007ffc23e88000 	C:\WINDOWS\System32\NSI.dll
0x00007ffc1c040000 - 0x00007ffc1c057000 	C:\WINDOWS\SYSTEM32\dhcpcsvc6.DLL
0x00007ffc1c230000 - 0x00007ffc1c24d000 	C:\WINDOWS\SYSTEM32\dhcpcsvc.DLL
0x00007ffc22480000 - 0x00007ffc2254c000 	C:\WINDOWS\SYSTEM32\DNSAPI.dll
0x00007ffc1c500000 - 0x00007ffc1c50b000 	C:\WINDOWS\SYSTEM32\WINNSI.DLL
0x00007ffc21d60000 - 0x00007ffc21d93000 	C:\WINDOWS\SYSTEM32\ntmarta.dll

dbghelp: loaded successfully - version: 4.0.5 - missing functions: none
symbol engine: initialized successfully - sym options: 0x614 - pdb path: .;C:\Program Files\Android\Android Studio\jre\bin;C:\WINDOWS\SYSTEM32;C:\Program Files\AVG\Antivirus;C:\WINDOWS\WinSxS\amd64_microsoft.windows.common-controls_6595b64144ccf1df_6.0.19041.1110_none_60b5254171f9507e;C:\Program Files\Android\Android Studio\jre\bin\server;C:\Users\Lenovo\.gradle\native\f6784746aeab05261644944871eae4fe03e0ef1612fff0a4a95f87b438bc6780\windows-amd64

VM Arguments:
jvm_args: --add-opens=java.base/java.util=ALL-UNNAMED --add-opens=java.base/java.lang=ALL-UNNAMED --add-opens=java.base/java.lang.invoke=ALL-UNNAMED --add-opens=java.prefs/java.util.prefs=ALL-UNNAMED -Xmx2048m -Dfile.encoding=UTF-8 -Duser.country=US -Duser.language=en -Duser.variant 
java_command: org.gradle.launcher.daemon.bootstrap.GradleDaemon 6.5
java_class_path (initial): C:\Users\Lenovo\.gradle\wrapper\dists\gradle-6.5-bin\6nifqtx7604sqp1q6g8wikw7p\gradle-6.5\lib\gradle-launcher-6.5.jar
Launcher Type: SUN_STANDARD

[Global flags]
     intx CICompilerCount                          = 3                                         {product} {ergonomic}
     uint ConcGCThreads                            = 1                                         {product} {ergonomic}
     uint G1ConcRefinementThreads                  = 4                                         {product} {ergonomic}
   size_t G1HeapRegionSize                         = 1048576                                   {product} {ergonomic}
    uintx GCDrainStackTargetSize                   = 64                                        {product} {ergonomic}
   size_t InitialHeapSize                          = 132120576                                 {product} {ergonomic}
   size_t MarkStackSize                            = 4194304                                   {product} {ergonomic}
   size_t MaxHeapSize                              = 2147483648                                {product} {command line}
   size_t MaxNewSize                               = 1287651328                                {product} {ergonomic}
   size_t MinHeapDeltaBytes                        = 1048576                                   {product} {ergonomic}
    uintx NonNMethodCodeHeapSize                   = 5830732                                {pd product} {ergonomic}
    uintx NonProfiledCodeHeapSize                  = 122913754                              {pd product} {ergonomic}
    uintx ProfiledCodeHeapSize                     = 122913754                              {pd product} {ergonomic}
    uintx ReservedCodeCacheSize                    = 251658240                              {pd product} {ergonomic}
     bool SegmentedCodeCache                       = true                                      {product} {ergonomic}
     bool UseCompressedClassPointers               = true                                 {lp64_product} {ergonomic}
     bool UseCompressedOops                        = true                                 {lp64_product} {ergonomic}
     bool UseG1GC                                  = true                                      {product} {ergonomic}
     bool UseLargePagesIndividualAllocation        = false                                  {pd product} {ergonomic}

Logging:
Log output configuration:
 #0: stdout all=warning uptime,level,tags
 #1: stderr all=off uptime,level,tags

Environment Variables:
JAVA_HOME=C:\Program Files\Java\jdk1.8.0_261
PATH=C:\Program Files (x86)\Intel\Intel(R) Management Engine Components\iCLS\;C:\Program Files\Intel\Intel(R) Management Engine Components\iCLS\;C:\Program Files (x86)\NVIDIA Corporation\PhysX\Common;C:\Program Files (x86)\Common Files\Intel\Shared Libraries\redist\intel64\compiler;C:\Program Files (x86)\Google\Chrome\Application;C:\Windows\system32;C:\Windows;C:\Windows\System32\Wbem;C:\Windows\System32\WindowsPowerShell\v1.0\;C:\Windows\System32\OpenSSH\;C:\Users\Lenovo\AppData\Local\Microsoft\WindowsApps;C:\adb;C:\WINDOWS\system32;C:\WINDOWS;C:\WINDOWS\System32\Wbem;C:\WINDOWS\System32\WindowsPowerShell\v1.0\;C:\WINDOWS\System32\OpenSSH\;c:\Program Files (x86)\Intel\Intel(R) Management Engine Components\DAL;c:\Program Files\Intel\Intel(R) Management Engine Components\DAL;c:\Program Files (x86)\Intel\Intel(R) Management Engine Components\IPT;c:\Program Files\Intel\Intel(R) Management Engine Components\IPT;D:\3dMax\;C:\Program Files\Common Files\Autodesk Shared\;C:\Program Files\Git\cmd;C:\Users\Lenovo\AppData\Local\Microsoft\WindowsApps;
USERNAME=Lenovo
OS=Windows_NT
PROCESSOR_IDENTIFIER=Intel64 Family 6 Model 142 Stepping 9, GenuineIntel



---------------  S Y S T E M  ---------------

OS: Windows 10 , 64 bit Build 19041 (10.0.19041.1151)
OS uptime: 12 days 23:00 hours

CPU:total 4 (initial active 4) (2 cores per cpu, 2 threads per core) family 6 model 142 stepping 9 microcode 0xde, cmov, cx8, fxsr, mmx, sse, sse2, sse3, ssse3, sse4.1, sse4.2, popcnt, avx, avx2, aes, clmul, erms, 3dnowpref, lzcnt, ht, tsc, tscinvbit, bmi1, bmi2, adx, fma

Memory: 4k page, system-wide physical 8058M (567M free)
TotalPageFile size 12058M (AvailPageFile size 4M)
current process WorkingSet (physical memory assigned to process): 391M, peak: 395M
current process commit charge ("private bytes"): 428M, peak: 430M

vm_info: OpenJDK 64-Bit Server VM (11.0.10+0-b96-7249189) for windows-amd64 JRE (11.0.10+0-b96-7249189), built on Mar 31 2021 21:44:00 by "builder" with MS VC++ 14.0 (VS2015)

END.
