#
# There is insufficient memory for the Java Runtime Environment to continue.
# Native memory allocation (malloc) failed to allocate 1077136 bytes for Chunk::new
# Possible reasons:
#   The system is out of physical RAM or swap space
#   The process is running with CompressedOops enabled, and the Java Heap may be blocking the growth of the native heap
# Possible solutions:
#   Reduce memory load on the system
#   Increase physical memory or swap space
#   Check if swap backing store is full
#   Decrease Java heap size (-Xmx/-Xms)
#   Decrease number of Java threads
#   Decrease Java thread stack sizes (-Xss)
#   Set larger code cache with -XX:ReservedCodeCacheSize=
#   JVM is running with Unscaled Compressed Oops mode in which the Java heap is
#     placed in the first 4GB address space. The Java Heap base address is the
#     maximum limit for the native heap growth. Please use -XX:HeapBaseMinAddress
#     to set the Java Heap base and to place the Java Heap above 4GB virtual address.
# This output file may be truncated or incomplete.
#
#  Out of Memory Error (./src/hotspot/share/memory/arena.cpp:197), pid=13792, tid=3168
#
# JRE version: OpenJDK Runtime Environment (11.0.10) (build 11.0.10+0-b96-7249189)
# Java VM: OpenJDK 64-Bit Server VM (11.0.10+0-b96-7249189, mixed mode, tiered, compressed oops, g1 gc, windows-amd64)
# No core dump will be written. Minidumps are not enabled by default on client versions of Windows
#

---------------  S U M M A R Y ------------

Command Line: --add-opens=java.base/java.util=ALL-UNNAMED --add-opens=java.base/java.lang=ALL-UNNAMED --add-opens=java.base/java.lang.invoke=ALL-UNNAMED --add-opens=java.prefs/java.util.prefs=ALL-UNNAMED -Xmx2048m -Dfile.encoding=UTF-8 -Duser.country=US -Duser.language=en -Duser.variant org.gradle.launcher.daemon.bootstrap.GradleDaemon 6.5

Host: Intel(R) Core(TM) i7-7500U CPU @ 2.70GHz, 4 cores, 7G,  Windows 10 , 64 bit Build 19041 (10.0.19041.1151)
Time: Thu Sep  9 13:31:41 2021 West Asia Standard Time elapsed time: 6.467600 seconds (0d 0h 0m 6s)

---------------  T H R E A D  ---------------

Current thread (0x00000290f2bbd800):  JavaThread "C2 CompilerThread0" daemon [_thread_in_native, id=3168, stack(0x000000b489e00000,0x000000b489f00000)]


Current CompileTask:
C2:   6467 4748       4       java.lang.invoke.MethodType::makeImpl (108 bytes)

Stack: [0x000000b489e00000,0x000000b489f00000]
Native frames: (J=compiled Java code, j=interpreted, Vv=VM code, C=native code)
V  [jvm.dll+0x5ecfaa]
V  [jvm.dll+0x722bd5]
V  [jvm.dll+0x72412d]
V  [jvm.dll+0x7247e3]
V  [jvm.dll+0x242928]
V  [jvm.dll+0xbc4fc]
V  [jvm.dll+0xbca0c]
V  [jvm.dll+0x352d7d]
V  [jvm.dll+0x19800c]
V  [jvm.dll+0x1fb70e]
V  [jvm.dll+0x1fa7f4]
V  [jvm.dll+0x18354c]
V  [jvm.dll+0x208ee7]
V  [jvm.dll+0x207731]
V  [jvm.dll+0x6eb1cf]
V  [jvm.dll+0x6e3d45]
V  [jvm.dll+0x5ebe96]
C  [ucrtbase.dll+0x21bb2]
C  [KERNEL32.DLL+0x17034]
C  [ntdll.dll+0x52651]


---------------  P R O C E S S  ---------------

Threads class SMR info:
_java_thread_list=0x00000290f5d9d8f0, length=148, elements={
0x00000290d7064000, 0x00000290f2b97000, 0x00000290f2b9a000, 0x00000290f2bb7000,
0x00000290f2bb8800, 0x00000290f2bba800, 0x00000290f2bbd800, 0x00000290f2bc0800,
0x00000290f3597000, 0x00000290f36a7800, 0x00000290f5546800, 0x00000290f45ab000,
0x00000290f486c000, 0x00000290f490b000, 0x00000290f4d21800, 0x00000290f50ce800,
0x00000290f547c000, 0x00000290f4f0f800, 0x00000290f46c6800, 0x00000290f5518800,
0x00000290f5519800, 0x00000290f551a000, 0x00000290f5514800, 0x00000290f5617800,
0x00000290f5515000, 0x00000290f551b000, 0x00000290f5516000, 0x00000290f5517000,
0x00000290f5517800, 0x00000290f7e3b000, 0x00000290f7e39800, 0x00000290f7e38000,
0x00000290f7e37000, 0x00000290f7e35800, 0x00000290f7e3c000, 0x00000290f7e3a800,
0x00000290f7e36000, 0x00000290f7e3d800, 0x00000290f7e3e800, 0x00000290f7e3d000,
0x00000290f7e38800, 0x00000290f7e3f000, 0x00000290f7e44000, 0x00000290f7e40000,
0x00000290f7e41000, 0x00000290f7e41800, 0x00000290f7e42800, 0x00000290f7e43800,
0x00000290f815f800, 0x00000290f8166000, 0x00000290f8162800, 0x00000290f8164800,
0x00000290f8161000, 0x00000290f8165000, 0x00000290f8162000, 0x00000290f5384000,
0x00000290f5385800, 0x00000290f5388000, 0x00000290f5384800, 0x00000290f5386000,
0x00000290f5388800, 0x00000290f5383000, 0x00000290f5387000, 0x00000290f538d800,
0x00000290f538f000, 0x00000290f538a800, 0x00000290f538e800, 0x00000290f5389800,
0x00000290f538b000, 0x00000290f5390000, 0x00000290f5391000, 0x00000290f5391800,
0x00000290f538c000, 0x00000290f538d000, 0x00000290f621d800, 0x00000290f6218000,
0x00000290f621e800, 0x00000290f6218800, 0x00000290f621d000, 0x00000290f621b000,
0x00000290f621f000, 0x00000290f621a800, 0x00000290f6219800, 0x00000290f6220000,
0x00000290f6221000, 0x00000290f6221800, 0x00000290f621c000, 0x00000290f6223800,
0x00000290f6222800, 0x00000290f6226800, 0x00000290f6224000, 0x00000290f6225000,
0x00000290f6225800, 0x00000290f7b6b000, 0x00000290f7b69000, 0x00000290f7b6b800,
0x00000290f7b6d800, 0x00000290f7b6e000, 0x00000290f7b6c800, 0x00000290f7b6f000,
0x00000290f7b6f800, 0x00000290f7b6a000, 0x00000290f7b74800, 0x00000290f7b75800,
0x00000290f7b76800, 0x00000290f7b74000, 0x00000290f7b71800, 0x00000290f7b72000,
0x00000290f7b73000, 0x00000290f7b70800, 0x00000290f7b77000, 0x00000290f7b78000,
0x00000290f4fef000, 0x00000290f4ff1800, 0x00000290f4ff0800, 0x00000290f4ff4800,
0x00000290f4ff2000, 0x00000290f4ff4000, 0x00000290f4ff3000, 0x00000290f4ff0000,
0x00000290f4ff9800, 0x00000290f4ff7000, 0x00000290f4ffa800, 0x00000290f4ff9000,
0x00000290f4ff8000, 0x00000290f4ffb000, 0x00000290f4ff5800, 0x00000290f4ffc000,
0x00000290f4ff6800, 0x00000290f4ffd000, 0x00000290f4ffd800, 0x00000290f7d28800,
0x00000290f7d25800, 0x00000290f7d26000, 0x00000290f7d24800, 0x00000290f7d2c000,
0x00000290f7d28000, 0x00000290f7d27000, 0x00000290f7d2d800, 0x00000290f7d2a000,
0x00000290f7d2e800, 0x00000290f7d2b000, 0x00000290f7d2c800, 0x00000290f7d2f000,
0x00000290f7d29800, 0x00000290f7d30800, 0x00000290f7d30000, 0x00000290f7d31800
}

Java Threads: ( => current thread )
  0x00000290d7064000 JavaThread "main" [_thread_blocked, id=4588, stack(0x000000b489200000,0x000000b489300000)]
  0x00000290f2b97000 JavaThread "Reference Handler" daemon [_thread_blocked, id=15340, stack(0x000000b489900000,0x000000b489a00000)]
  0x00000290f2b9a000 JavaThread "Finalizer" daemon [_thread_blocked, id=14352, stack(0x000000b489a00000,0x000000b489b00000)]
  0x00000290f2bb7000 JavaThread "Signal Dispatcher" daemon [_thread_blocked, id=8408, stack(0x000000b489b00000,0x000000b489c00000)]
  0x00000290f2bb8800 JavaThread "Attach Listener" daemon [_thread_blocked, id=3488, stack(0x000000b489c00000,0x000000b489d00000)]
  0x00000290f2bba800 JavaThread "Service Thread" daemon [_thread_blocked, id=17392, stack(0x000000b489d00000,0x000000b489e00000)]
=>0x00000290f2bbd800 JavaThread "C2 CompilerThread0" daemon [_thread_in_native, id=3168, stack(0x000000b489e00000,0x000000b489f00000)]
  0x00000290f2bc0800 JavaThread "C1 CompilerThread0" daemon [_thread_blocked, id=3952, stack(0x000000b489f00000,0x000000b48a000000)]
  0x00000290f3597000 JavaThread "Sweeper thread" daemon [_thread_blocked, id=8820, stack(0x000000b48a000000,0x000000b48a100000)]
  0x00000290f36a7800 JavaThread "Common-Cleaner" daemon [_thread_blocked, id=9336, stack(0x000000b48a100000,0x000000b48a200000)]
  0x00000290f5546800 JavaThread "Daemon health stats" [_thread_blocked, id=12144, stack(0x000000b48a600000,0x000000b48a700000)]
  0x00000290f45ab000 JavaThread "Incoming local TCP Connector on port 58757" [_thread_in_native, id=3392, stack(0x000000b48a800000,0x000000b48a900000)]
  0x00000290f486c000 JavaThread "Daemon periodic checks" [_thread_blocked, id=16428, stack(0x000000b48a900000,0x000000b48aa00000)]
  0x00000290f490b000 JavaThread "Daemon" [_thread_blocked, id=16208, stack(0x000000b48aa00000,0x000000b48ab00000)]
  0x00000290f4d21800 JavaThread "Handler for socket connection from /127.0.0.1:58757 to /127.0.0.1:58758" [_thread_in_native, id=13544, stack(0x000000b48ab00000,0x000000b48ac00000)]
  0x00000290f50ce800 JavaThread "Cancel handler" [_thread_blocked, id=11940, stack(0x000000b48ac00000,0x000000b48ad00000)]
  0x00000290f547c000 JavaThread "Daemon worker" [_thread_in_Java, id=13588, stack(0x000000b48ad00000,0x000000b48ae00000)]
  0x00000290f4f0f800 JavaThread "Asynchronous log dispatcher for DefaultDaemonConnection: socket connection from /127.0.0.1:58757 to /127.0.0.1:58758" [_thread_blocked, id=15844, stack(0x000000b48af00000,0x000000b48b000000)]
  0x00000290f46c6800 JavaThread "Stdin handler" [_thread_blocked, id=10140, stack(0x000000b48b000000,0x000000b48b100000)]
  0x00000290f5518800 JavaThread "Thread-8" [_thread_blocked, id=13568, stack(0x000000b48b100000,0x000000b48b200000)]
  0x00000290f5519800 JavaThread "Cache worker for journal cache (C:\Users\Lenovo\.gradle\caches\journal-1)" [_thread_blocked, id=14704, stack(0x000000b48b200000,0x000000b48b300000)]
  0x00000290f551a000 JavaThread "File lock request listener" [_thread_in_native, id=5724, stack(0x000000b48b400000,0x000000b48b500000)]
  0x00000290f5514800 JavaThread "Cache worker for file hash cache (C:\Users\Lenovo\.gradle\caches\6.5\fileHashes)" [_thread_blocked, id=12872, stack(0x000000b48b500000,0x000000b48b600000)]
  0x00000290f5617800 JavaThread "C2 CompilerThread1" daemon [_thread_in_native, id=4364, stack(0x000000b48ae00000,0x000000b48af00000)]
  0x00000290f5515000 JavaThread "Cache worker for file hash cache (D:\PDP\Android\Homework\lesson29 mediaPlayer\.gradle\6.5\fileHashes)" [_thread_blocked, id=12032, stack(0x000000b48b600000,0x000000b48b700000)]
  0x00000290f551b000 JavaThread "jar transforms" [_thread_blocked, id=15440, stack(0x000000b48b700000,0x000000b48b800000)]
  0x00000290f5516000 JavaThread "jar transforms Thread 2" [_thread_blocked, id=5580, stack(0x000000b48b800000,0x000000b48b900000)]
  0x00000290f5517000 JavaThread "jar transforms Thread 3" [_thread_blocked, id=9508, stack(0x000000b48b900000,0x000000b48ba00000)]
  0x00000290f5517800 JavaThread "jar transforms Thread 4" [_thread_blocked, id=11200, stack(0x000000b48ba00000,0x000000b48bb00000)]
  0x00000290f7e3b000 JavaThread "jar transforms Thread 5" [_thread_blocked, id=6708, stack(0x000000b48bb00000,0x000000b48bc00000)]
  0x00000290f7e39800 JavaThread "jar transforms Thread 6" [_thread_blocked, id=6700, stack(0x000000b48bc00000,0x000000b48bd00000)]
  0x00000290f7e38000 JavaThread "jar transforms Thread 7" [_thread_blocked, id=2232, stack(0x000000b48bd00000,0x000000b48be00000)]
  0x00000290f7e37000 JavaThread "jar transforms Thread 8" [_thread_blocked, id=10780, stack(0x000000b48be00000,0x000000b48bf00000)]
  0x00000290f7e35800 JavaThread "jar transforms Thread 9" [_thread_blocked, id=6496, stack(0x000000b48bf00000,0x000000b48c000000)]
  0x00000290f7e3c000 JavaThread "jar transforms Thread 10" [_thread_blocked, id=860, stack(0x000000b48c000000,0x000000b48c100000)]
  0x00000290f7e3a800 JavaThread "jar transforms Thread 11" [_thread_blocked, id=16096, stack(0x000000b48c100000,0x000000b48c200000)]
  0x00000290f7e36000 JavaThread "jar transforms Thread 12" [_thread_blocked, id=2764, stack(0x000000b48c200000,0x000000b48c300000)]
  0x00000290f7e3d800 JavaThread "jar transforms Thread 13" [_thread_blocked, id=6096, stack(0x000000b48c300000,0x000000b48c400000)]
  0x00000290f7e3e800 JavaThread "jar transforms Thread 14" [_thread_blocked, id=5612, stack(0x000000b48c400000,0x000000b48c500000)]
  0x00000290f7e3d000 JavaThread "jar transforms Thread 15" [_thread_blocked, id=15432, stack(0x000000b48c500000,0x000000b48c600000)]
  0x00000290f7e38800 JavaThread "jar transforms Thread 16" [_thread_blocked, id=16932, stack(0x000000b48c600000,0x000000b48c700000)]
  0x00000290f7e3f000 JavaThread "jar transforms Thread 17" [_thread_blocked, id=15120, stack(0x000000b48c700000,0x000000b48c800000)]
  0x00000290f7e44000 JavaThread "jar transforms Thread 18" [_thread_blocked, id=4652, stack(0x000000b48c800000,0x000000b48c900000)]
  0x00000290f7e40000 JavaThread "jar transforms Thread 19" [_thread_blocked, id=16704, stack(0x000000b48c900000,0x000000b48ca00000)]
  0x00000290f7e41000 JavaThread "jar transforms Thread 20" [_thread_blocked, id=14064, stack(0x000000b48ca00000,0x000000b48cb00000)]
  0x00000290f7e41800 JavaThread "Cache worker for checksums cache (D:\PDP\Android\Homework\lesson29 mediaPlayer\.gradle\checksums)" [_thread_blocked, id=13728, stack(0x000000b48cb00000,0x000000b48cc00000)]
  0x00000290f7e42800 JavaThread "Cache worker for cache directory md-supplier (C:\Users\Lenovo\.gradle\caches\6.5\md-supplier)" [_thread_blocked, id=16720, stack(0x000000b48cc00000,0x000000b48cd00000)]
  0x00000290f7e43800 JavaThread "Cache worker for cache directory md-rule (C:\Users\Lenovo\.gradle\caches\6.5\md-rule)" [_thread_blocked, id=7852, stack(0x000000b48cd00000,0x000000b48ce00000)]
  0x00000290f815f800 JavaThread "Cache worker for execution history cache (C:\Users\Lenovo\.gradle\caches\6.5\executionHistory)" [_thread_blocked, id=3620, stack(0x000000b48ce00000,0x000000b48cf00000)]
  0x00000290f8166000 JavaThread "Cache worker for file content cache (C:\Users\Lenovo\.gradle\caches\6.5\fileContent)" [_thread_blocked, id=2792, stack(0x000000b48cf00000,0x000000b48d000000)]
  0x00000290f8162800 JavaThread "Cache worker for Build Output Cleanup Cache (D:\PDP\Android\Homework\lesson29 mediaPlayer\.gradle\buildOutputCleanup)" [_thread_blocked, id=10640, stack(0x000000b48d000000,0x000000b48d100000)]
  0x00000290f8164800 JavaThread "Build operations" [_thread_blocked, id=1612, stack(0x000000b48d100000,0x000000b48d200000)]
  0x00000290f8161000 JavaThread "Build operations Thread 2" [_thread_blocked, id=2548, stack(0x000000b48d200000,0x000000b48d300000)]
  0x00000290f8165000 JavaThread "Build operations Thread 3" [_thread_blocked, id=580, stack(0x000000b48d300000,0x000000b48d400000)]
  0x00000290f8162000 JavaThread "Build operations Thread 4" [_thread_blocked, id=14808, stack(0x000000b48d400000,0x000000b48d500000)]
  0x00000290f5384000 JavaThread "jar transforms Thread 21" [_thread_blocked, id=2144, stack(0x000000b48d500000,0x000000b48d600000)]
  0x00000290f5385800 JavaThread "jar transforms Thread 22" [_thread_blocked, id=10004, stack(0x000000b48d600000,0x000000b48d700000)]
  0x00000290f5388000 JavaThread "jar transforms Thread 23" [_thread_blocked, id=8664, stack(0x000000b48d700000,0x000000b48d800000)]
  0x00000290f5384800 JavaThread "jar transforms Thread 24" [_thread_blocked, id=6924, stack(0x000000b48d800000,0x000000b48d900000)]
  0x00000290f5386000 JavaThread "jar transforms Thread 25" [_thread_blocked, id=5496, stack(0x000000b48d900000,0x000000b48da00000)]
  0x00000290f5388800 JavaThread "jar transforms Thread 26" [_thread_blocked, id=12804, stack(0x000000b48da00000,0x000000b48db00000)]
  0x00000290f5383000 JavaThread "jar transforms Thread 27" [_thread_blocked, id=5960, stack(0x000000b48db00000,0x000000b48dc00000)]
  0x00000290f5387000 JavaThread "jar transforms Thread 28" [_thread_blocked, id=12640, stack(0x000000b48dc00000,0x000000b48dd00000)]
  0x00000290f538d800 JavaThread "jar transforms Thread 29" [_thread_blocked, id=16572, stack(0x000000b48dd00000,0x000000b48de00000)]
  0x00000290f538f000 JavaThread "jar transforms Thread 30" [_thread_blocked, id=3060, stack(0x000000b48de00000,0x000000b48df00000)]
  0x00000290f538a800 JavaThread "jar transforms Thread 31" [_thread_blocked, id=2892, stack(0x000000b48df00000,0x000000b48e000000)]
  0x00000290f538e800 JavaThread "jar transforms Thread 32" [_thread_blocked, id=12972, stack(0x000000b48e000000,0x000000b48e100000)]
  0x00000290f5389800 JavaThread "jar transforms Thread 33" [_thread_blocked, id=6196, stack(0x000000b48e100000,0x000000b48e200000)]
  0x00000290f538b000 JavaThread "jar transforms Thread 34" [_thread_blocked, id=10572, stack(0x000000b48e200000,0x000000b48e300000)]
  0x00000290f5390000 JavaThread "jar transforms Thread 35" [_thread_blocked, id=14020, stack(0x000000b48e300000,0x000000b48e400000)]
  0x00000290f5391000 JavaThread "jar transforms Thread 36" [_thread_blocked, id=13384, stack(0x000000b48e400000,0x000000b48e500000)]
  0x00000290f5391800 JavaThread "jar transforms Thread 37" [_thread_blocked, id=13552, stack(0x000000b48e500000,0x000000b48e600000)]
  0x00000290f538c000 JavaThread "jar transforms Thread 38" [_thread_blocked, id=10996, stack(0x000000b48e600000,0x000000b48e700000)]
  0x00000290f538d000 JavaThread "jar transforms Thread 39" [_thread_blocked, id=5280, stack(0x000000b48e700000,0x000000b48e800000)]
  0x00000290f621d800 JavaThread "jar transforms Thread 40" [_thread_blocked, id=16660, stack(0x000000b48e800000,0x000000b48e900000)]
  0x00000290f6218000 JavaThread "jar transforms Thread 41" [_thread_blocked, id=13832, stack(0x000000b48e900000,0x000000b48ea00000)]
  0x00000290f621e800 JavaThread "jar transforms Thread 42" [_thread_blocked, id=6484, stack(0x000000b48ea00000,0x000000b48eb00000)]
  0x00000290f6218800 JavaThread "jar transforms Thread 43" [_thread_blocked, id=4276, stack(0x000000b48eb00000,0x000000b48ec00000)]
  0x00000290f621d000 JavaThread "jar transforms Thread 44" [_thread_blocked, id=15180, stack(0x000000b48ec00000,0x000000b48ed00000)]
  0x00000290f621b000 JavaThread "jar transforms Thread 45" [_thread_blocked, id=604, stack(0x000000b48ed00000,0x000000b48ee00000)]
  0x00000290f621f000 JavaThread "jar transforms Thread 46" [_thread_blocked, id=17284, stack(0x000000b48ee00000,0x000000b48ef00000)]
  0x00000290f621a800 JavaThread "jar transforms Thread 47" [_thread_blocked, id=4280, stack(0x000000b48ef00000,0x000000b48f000000)]
  0x00000290f6219800 JavaThread "jar transforms Thread 48" [_thread_blocked, id=13648, stack(0x000000b48f000000,0x000000b48f100000)]
  0x00000290f6220000 JavaThread "jar transforms Thread 49" [_thread_blocked, id=912, stack(0x000000b48f100000,0x000000b48f200000)]
  0x00000290f6221000 JavaThread "jar transforms Thread 50" [_thread_blocked, id=14984, stack(0x000000b48f200000,0x000000b48f300000)]
  0x00000290f6221800 JavaThread "jar transforms Thread 51" [_thread_blocked, id=9792, stack(0x000000b48f300000,0x000000b48f400000)]
  0x00000290f621c000 JavaThread "jar transforms Thread 52" [_thread_blocked, id=10608, stack(0x000000b48f400000,0x000000b48f500000)]
  0x00000290f6223800 JavaThread "jar transforms Thread 53" [_thread_blocked, id=16060, stack(0x000000b48f500000,0x000000b48f600000)]
  0x00000290f6222800 JavaThread "jar transforms Thread 54" [_thread_blocked, id=12520, stack(0x000000b48f600000,0x000000b48f700000)]
  0x00000290f6226800 JavaThread "jar transforms Thread 55" [_thread_blocked, id=14636, stack(0x000000b48f700000,0x000000b48f800000)]
  0x00000290f6224000 JavaThread "jar transforms Thread 56" [_thread_blocked, id=6168, stack(0x000000b48f800000,0x000000b48f900000)]
  0x00000290f6225000 JavaThread "jar transforms Thread 57" [_thread_blocked, id=8424, stack(0x000000b48f900000,0x000000b48fa00000)]
  0x00000290f6225800 JavaThread "jar transforms Thread 58" [_thread_blocked, id=16600, stack(0x000000b48fa00000,0x000000b48fb00000)]
  0x00000290f7b6b000 JavaThread "jar transforms Thread 59" [_thread_blocked, id=7700, stack(0x000000b48fb00000,0x000000b48fc00000)]
  0x00000290f7b69000 JavaThread "jar transforms Thread 60" [_thread_blocked, id=9772, stack(0x000000b48fc00000,0x000000b48fd00000)]
  0x00000290f7b6b800 JavaThread "jar transforms Thread 61" [_thread_blocked, id=7428, stack(0x000000b48fd00000,0x000000b48fe00000)]
  0x00000290f7b6d800 JavaThread "jar transforms Thread 62" [_thread_blocked, id=696, stack(0x000000b48fe00000,0x000000b48ff00000)]
  0x00000290f7b6e000 JavaThread "jar transforms Thread 63" [_thread_blocked, id=9272, stack(0x000000b48ff00000,0x000000b490000000)]
  0x00000290f7b6c800 JavaThread "jar transforms Thread 64" [_thread_blocked, id=9600, stack(0x000000b490000000,0x000000b490100000)]
  0x00000290f7b6f000 JavaThread "jar transforms Thread 65" [_thread_blocked, id=10984, stack(0x000000b490100000,0x000000b490200000)]
  0x00000290f7b6f800 JavaThread "jar transforms Thread 66" [_thread_blocked, id=15656, stack(0x000000b490200000,0x000000b490300000)]
  0x00000290f7b6a000 JavaThread "jar transforms Thread 67" [_thread_blocked, id=17104, stack(0x000000b490300000,0x000000b490400000)]
  0x00000290f7b74800 JavaThread "jar transforms Thread 68" [_thread_blocked, id=15464, stack(0x000000b490400000,0x000000b490500000)]
  0x00000290f7b75800 JavaThread "jar transforms Thread 69" [_thread_blocked, id=7736, stack(0x000000b490500000,0x000000b490600000)]
  0x00000290f7b76800 JavaThread "jar transforms Thread 70" [_thread_blocked, id=1136, stack(0x000000b490600000,0x000000b490700000)]
  0x00000290f7b74000 JavaThread "jar transforms Thread 71" [_thread_blocked, id=17076, stack(0x000000b490700000,0x000000b490800000)]
  0x00000290f7b71800 JavaThread "jar transforms Thread 72" [_thread_blocked, id=6352, stack(0x000000b490800000,0x000000b490900000)]
  0x00000290f7b72000 JavaThread "jar transforms Thread 73" [_thread_blocked, id=16968, stack(0x000000b490900000,0x000000b490a00000)]
  0x00000290f7b73000 JavaThread "jar transforms Thread 74" [_thread_blocked, id=11476, stack(0x000000b490a00000,0x000000b490b00000)]
  0x00000290f7b70800 JavaThread "jar transforms Thread 75" [_thread_blocked, id=12940, stack(0x000000b490b00000,0x000000b490c00000)]
  0x00000290f7b77000 JavaThread "jar transforms Thread 76" [_thread_blocked, id=12748, stack(0x000000b490c00000,0x000000b490d00000)]
  0x00000290f7b78000 JavaThread "jar transforms Thread 77" [_thread_blocked, id=6244, stack(0x000000b490d00000,0x000000b490e00000)]
  0x00000290f4fef000 JavaThread "jar transforms Thread 78" [_thread_blocked, id=6460, stack(0x000000b490e00000,0x000000b490f00000)]
  0x00000290f4ff1800 JavaThread "jar transforms Thread 79" [_thread_blocked, id=13280, stack(0x000000b490f00000,0x000000b491000000)]
  0x00000290f4ff0800 JavaThread "jar transforms Thread 80" [_thread_blocked, id=12360, stack(0x000000b491000000,0x000000b491100000)]
  0x00000290f4ff4800 JavaThread "jar transforms Thread 81" [_thread_blocked, id=10824, stack(0x000000b491100000,0x000000b491200000)]
  0x00000290f4ff2000 JavaThread "jar transforms Thread 82" [_thread_blocked, id=6236, stack(0x000000b491200000,0x000000b491300000)]
  0x00000290f4ff4000 JavaThread "jar transforms Thread 83" [_thread_blocked, id=3584, stack(0x000000b491300000,0x000000b491400000)]
  0x00000290f4ff3000 JavaThread "jar transforms Thread 84" [_thread_blocked, id=11088, stack(0x000000b491400000,0x000000b491500000)]
  0x00000290f4ff0000 JavaThread "jar transforms Thread 85" [_thread_blocked, id=8284, stack(0x000000b491500000,0x000000b491600000)]
  0x00000290f4ff9800 JavaThread "jar transforms Thread 86" [_thread_blocked, id=13320, stack(0x000000b491600000,0x000000b491700000)]
  0x00000290f4ff7000 JavaThread "jar transforms Thread 87" [_thread_blocked, id=15080, stack(0x000000b491700000,0x000000b491800000)]
  0x00000290f4ffa800 JavaThread "jar transforms Thread 88" [_thread_blocked, id=11320, stack(0x000000b491800000,0x000000b491900000)]
  0x00000290f4ff9000 JavaThread "jar transforms Thread 89" [_thread_blocked, id=14460, stack(0x000000b491900000,0x000000b491a00000)]
  0x00000290f4ff8000 JavaThread "jar transforms Thread 90" [_thread_blocked, id=16024, stack(0x000000b491a00000,0x000000b491b00000)]
  0x00000290f4ffb000 JavaThread "jar transforms Thread 91" [_thread_blocked, id=12472, stack(0x000000b491b00000,0x000000b491c00000)]
  0x00000290f4ff5800 JavaThread "jar transforms Thread 92" [_thread_blocked, id=3000, stack(0x000000b491c00000,0x000000b491d00000)]
  0x00000290f4ffc000 JavaThread "jar transforms Thread 93" [_thread_blocked, id=4580, stack(0x000000b491d00000,0x000000b491e00000)]
  0x00000290f4ff6800 JavaThread "jar transforms Thread 94" [_thread_blocked, id=1340, stack(0x000000b491e00000,0x000000b491f00000)]
  0x00000290f4ffd000 JavaThread "jar transforms Thread 95" [_thread_blocked, id=17184, stack(0x000000b491f00000,0x000000b492000000)]
  0x00000290f4ffd800 JavaThread "jar transforms Thread 96" [_thread_blocked, id=4772, stack(0x000000b492000000,0x000000b492100000)]
  0x00000290f7d28800 JavaThread "jar transforms Thread 97" [_thread_blocked, id=16040, stack(0x000000b492100000,0x000000b492200000)]
  0x00000290f7d25800 JavaThread "jar transforms Thread 98" [_thread_blocked, id=7840, stack(0x000000b492200000,0x000000b492300000)]
  0x00000290f7d26000 JavaThread "jar transforms Thread 99" [_thread_blocked, id=6952, stack(0x000000b492300000,0x000000b492400000)]
  0x00000290f7d24800 JavaThread "jar transforms Thread 100" [_thread_blocked, id=15648, stack(0x000000b492400000,0x000000b492500000)]
  0x00000290f7d2c000 JavaThread "jar transforms Thread 101" [_thread_blocked, id=13032, stack(0x000000b492500000,0x000000b492600000)]
  0x00000290f7d28000 JavaThread "jar transforms Thread 102" [_thread_blocked, id=8392, stack(0x000000b492600000,0x000000b492700000)]
  0x00000290f7d27000 JavaThread "jar transforms Thread 103" [_thread_blocked, id=7284, stack(0x000000b492700000,0x000000b492800000)]
  0x00000290f7d2d800 JavaThread "jar transforms Thread 104" [_thread_blocked, id=2852, stack(0x000000b492800000,0x000000b492900000)]
  0x00000290f7d2a000 JavaThread "jar transforms Thread 105" [_thread_blocked, id=7436, stack(0x000000b492900000,0x000000b492a00000)]
  0x00000290f7d2e800 JavaThread "jar transforms Thread 106" [_thread_blocked, id=6804, stack(0x000000b492a00000,0x000000b492b00000)]
  0x00000290f7d2b000 JavaThread "jar transforms Thread 107" [_thread_blocked, id=6568, stack(0x000000b492b00000,0x000000b492c00000)]
  0x00000290f7d2c800 JavaThread "jar transforms Thread 108" [_thread_blocked, id=876, stack(0x000000b492c00000,0x000000b492d00000)]
  0x00000290f7d2f000 JavaThread "jar transforms Thread 109" [_thread_blocked, id=2328, stack(0x000000b492d00000,0x000000b492e00000)]
  0x00000290f7d29800 JavaThread "jar transforms Thread 110" [_thread_blocked, id=9720, stack(0x000000b492e00000,0x000000b492f00000)]
  0x00000290f7d30800 JavaThread "jar transforms Thread 111" [_thread_blocked, id=17012, stack(0x000000b492f00000,0x000000b493000000)]
  0x00000290f7d30000 JavaThread "jar transforms Thread 112" [_thread_blocked, id=13140, stack(0x000000b493000000,0x000000b493100000)]
  0x00000290f7d31800 JavaThread "jar transforms Thread 113" [_thread_blocked, id=7872, stack(0x000000b493100000,0x000000b493200000)]

Other Threads:
  0x00000290f2b92800 VMThread "VM Thread" [stack: 0x000000b489800000,0x000000b489900000] [id=3524]
  0x00000290f36ed000 WatcherThread [stack: 0x000000b48a200000,0x000000b48a300000] [id=15732]
  0x00000290d707d000 GCTaskThread "GC Thread#0" [stack: 0x000000b489300000,0x000000b489400000] [id=10500]
  0x00000290f3aee800 GCTaskThread "GC Thread#1" [stack: 0x000000b48a400000,0x000000b48a500000] [id=13412]
  0x00000290f3e3a000 GCTaskThread "GC Thread#2" [stack: 0x000000b48a500000,0x000000b48a600000] [id=3920]
  0x00000290f5840000 GCTaskThread "GC Thread#3" [stack: 0x000000b48b300000,0x000000b48b400000] [id=8836]
  0x00000290d70ad800 ConcurrentGCThread "G1 Main Marker" [stack: 0x000000b489400000,0x000000b489500000] [id=7916]
  0x00000290d70ae800 ConcurrentGCThread "G1 Conc#0" [stack: 0x000000b489500000,0x000000b489600000] [id=16124]
  0x00000290d713e000 ConcurrentGCThread "G1 Refine#0" [stack: 0x000000b489600000,0x000000b489700000] [id=14920]
  0x00000290f29e4800 ConcurrentGCThread "G1 Young RemSet Sampling" [stack: 0x000000b489700000,0x000000b489800000] [id=11036]

Threads with active compile tasks:
C2 CompilerThread0   6512 4748       4       java.lang.invoke.MethodType::makeImpl (108 bytes)
C2 CompilerThread1   6512 4830       4       org.objectweb.asm.SymbolTable::addConstantUtf8Reference (101 bytes)

VM state:not at safepoint (normal execution)

VM Mutex/Monitor currently owned by a thread: None

Heap address: 0x0000000080000000, size: 2048 MB, Compressed Oops mode: 32-bit
Narrow klass base: 0x0000000000000000, Narrow klass shift: 3
Compressed class space size: 1073741824 Address: 0x0000000100000000

Heap:
 garbage-first heap   total 187392K, used 79623K [0x0000000080000000, 0x0000000100000000)
  region size 1024K, 32 young (32768K), 11 survivors (11264K)
 Metaspace       used 53653K, capacity 55121K, committed 55248K, reserved 1097728K
  class space    used 6817K, capacity 7293K, committed 7296K, reserved 1048576K
Heap Regions: E=young(eden), S=young(survivor), O=old, HS=humongous(starts), HC=humongous(continues), CS=collection set, F=free, A=archive, TAMS=top-at-mark-start (previous, next)
|   0|0x0000000080000000, 0x0000000080100000, 0x0000000080100000|100%| O|  |TAMS 0x0000000080100000, 0x0000000080000000| Untracked 
|   1|0x0000000080100000, 0x0000000080200000, 0x0000000080200000|100%| O|  |TAMS 0x0000000080200000, 0x0000000080100000| Untracked 
|   2|0x0000000080200000, 0x0000000080300000, 0x0000000080300000|100%| O|  |TAMS 0x0000000080300000, 0x0000000080200000| Untracked 
|   3|0x0000000080300000, 0x0000000080400000, 0x0000000080400000|100%|HS|  |TAMS 0x0000000080400000, 0x0000000080300000| Complete 
|   4|0x0000000080400000, 0x0000000080500000, 0x0000000080500000|100%|HC|  |TAMS 0x0000000080500000, 0x0000000080400000| Complete 
|   5|0x0000000080500000, 0x0000000080600000, 0x0000000080600000|100%|HC|  |TAMS 0x0000000080600000, 0x0000000080500000| Complete 
|   6|0x0000000080600000, 0x0000000080700000, 0x0000000080700000|100%| O|  |TAMS 0x0000000080700000, 0x0000000080600000| Untracked 
|   7|0x0000000080700000, 0x0000000080800000, 0x0000000080800000|100%| O|  |TAMS 0x0000000080800000, 0x0000000080700000| Untracked 
|   8|0x0000000080800000, 0x0000000080900000, 0x0000000080900000|100%| O|  |TAMS 0x0000000080900000, 0x0000000080800000| Untracked 
|   9|0x0000000080900000, 0x0000000080a00000, 0x0000000080a00000|100%| O|  |TAMS 0x0000000080a00000, 0x0000000080900000| Untracked 
|  10|0x0000000080a00000, 0x0000000080b00000, 0x0000000080b00000|100%| O|  |TAMS 0x0000000080b00000, 0x0000000080a00000| Untracked 
|  11|0x0000000080b00000, 0x0000000080c00000, 0x0000000080c00000|100%| O|  |TAMS 0x0000000080c00000, 0x0000000080b00000| Untracked 
|  12|0x0000000080c00000, 0x0000000080d00000, 0x0000000080d00000|100%| O|  |TAMS 0x0000000080d00000, 0x0000000080c00000| Untracked 
|  13|0x0000000080d00000, 0x0000000080e00000, 0x0000000080e00000|100%|HS|  |TAMS 0x0000000080e00000, 0x0000000080d00000| Complete 
|  14|0x0000000080e00000, 0x0000000080f00000, 0x0000000080f00000|100%|HC|  |TAMS 0x0000000080f00000, 0x0000000080e00000| Complete 
|  15|0x0000000080f00000, 0x0000000081000000, 0x0000000081000000|100%|HS|  |TAMS 0x0000000081000000, 0x0000000080f00000| Complete 
|  16|0x0000000081000000, 0x0000000081100000, 0x0000000081100000|100%|HC|  |TAMS 0x0000000081100000, 0x0000000081000000| Complete 
|  17|0x0000000081100000, 0x0000000081200000, 0x0000000081200000|100%|HC|  |TAMS 0x0000000081200000, 0x0000000081100000| Complete 
|  18|0x0000000081200000, 0x0000000081300000, 0x0000000081300000|100%|HS|  |TAMS 0x0000000081300000, 0x0000000081200000| Complete 
|  19|0x0000000081300000, 0x0000000081400000, 0x0000000081400000|100%|HC|  |TAMS 0x0000000081400000, 0x0000000081300000| Complete 
|  20|0x0000000081400000, 0x0000000081500000, 0x0000000081500000|100%|HC|  |TAMS 0x0000000081500000, 0x0000000081400000| Complete 
|  21|0x0000000081500000, 0x0000000081600000, 0x0000000081600000|100%|HC|  |TAMS 0x0000000081600000, 0x0000000081500000| Complete 
|  22|0x0000000081600000, 0x0000000081700000, 0x0000000081700000|100%|HC|  |TAMS 0x0000000081700000, 0x0000000081600000| Complete 
|  23|0x0000000081700000, 0x0000000081800000, 0x0000000081800000|100%| O|  |TAMS 0x0000000081800000, 0x0000000081700000| Untracked 
|  24|0x0000000081800000, 0x0000000081900000, 0x0000000081900000|100%| O|  |TAMS 0x0000000081900000, 0x0000000081800000| Untracked 
|  25|0x0000000081900000, 0x0000000081a00000, 0x0000000081a00000|100%| O|  |TAMS 0x0000000081994408, 0x0000000081900000| Untracked 
|  26|0x0000000081a00000, 0x0000000081b00000, 0x0000000081b00000|100%| O|  |TAMS 0x0000000081a00000, 0x0000000081a00000| Untracked 
|  27|0x0000000081b00000, 0x0000000081c00000, 0x0000000081c00000|100%| O|  |TAMS 0x0000000081b00000, 0x0000000081b00000| Untracked 
|  28|0x0000000081c00000, 0x0000000081d00000, 0x0000000081d00000|100%| O|  |TAMS 0x0000000081c00000, 0x0000000081c00000| Untracked 
|  29|0x0000000081d00000, 0x0000000081e00000, 0x0000000081e00000|100%| O|  |TAMS 0x0000000081d00000, 0x0000000081d00000| Untracked 
|  30|0x0000000081e00000, 0x0000000081f00000, 0x0000000081f00000|100%| O|  |TAMS 0x0000000081e00000, 0x0000000081e00000| Untracked 
|  31|0x0000000081f00000, 0x0000000082000000, 0x0000000082000000|100%| O|  |TAMS 0x0000000081f00000, 0x0000000081f00000| Untracked 
|  32|0x0000000082000000, 0x0000000082100000, 0x0000000082100000|100%| O|  |TAMS 0x0000000082000000, 0x0000000082000000| Untracked 
|  33|0x0000000082100000, 0x0000000082200000, 0x0000000082200000|100%| O|  |TAMS 0x0000000082100000, 0x0000000082100000| Untracked 
|  34|0x0000000082200000, 0x0000000082300000, 0x0000000082300000|100%|HS|  |TAMS 0x0000000082200000, 0x0000000082200000| Complete 
|  35|0x0000000082300000, 0x0000000082400000, 0x0000000082400000|100%|HS|  |TAMS 0x0000000082300000, 0x0000000082300000| Complete 
|  36|0x0000000082400000, 0x0000000082500000, 0x0000000082500000|100%|HC|  |TAMS 0x0000000082400000, 0x0000000082400000| Complete 
|  37|0x0000000082500000, 0x0000000082600000, 0x0000000082600000|100%|HC|  |TAMS 0x0000000082500000, 0x0000000082500000| Complete 
|  38|0x0000000082600000, 0x0000000082700000, 0x0000000082700000|100%|HS|  |TAMS 0x0000000082600000, 0x0000000082600000| Complete 
|  39|0x0000000082700000, 0x0000000082800000, 0x0000000082800000|100%|HC|  |TAMS 0x0000000082700000, 0x0000000082700000| Complete 
|  40|0x0000000082800000, 0x0000000082900000, 0x0000000082900000|100%| O|  |TAMS 0x0000000082800000, 0x0000000082800000| Untracked 
|  41|0x0000000082900000, 0x0000000082a00000, 0x0000000082a00000|100%| O|  |TAMS 0x0000000082900000, 0x0000000082900000| Untracked 
|  42|0x0000000082a00000, 0x0000000082b00000, 0x0000000082b00000|100%| O|  |TAMS 0x0000000082a00000, 0x0000000082a00000| Untracked 
|  43|0x0000000082b00000, 0x0000000082c00000, 0x0000000082c00000|100%| O|  |TAMS 0x0000000082b00000, 0x0000000082b00000| Untracked 
|  44|0x0000000082c00000, 0x0000000082d00000, 0x0000000082d00000|100%| O|  |TAMS 0x0000000082c00000, 0x0000000082c00000| Untracked 
|  45|0x0000000082d00000, 0x0000000082e00000, 0x0000000082e00000|100%| O|  |TAMS 0x0000000082d00000, 0x0000000082d00000| Untracked 
|  46|0x0000000082e00000, 0x0000000082ec1c00, 0x0000000082f00000| 75%| O|  |TAMS 0x0000000082e00000, 0x0000000082e00000| Untracked 
|  47|0x0000000082f00000, 0x0000000082f00000, 0x0000000083000000|  0%| F|  |TAMS 0x0000000082f00000, 0x0000000082f00000| Untracked 
|  48|0x0000000083000000, 0x0000000083000000, 0x0000000083100000|  0%| F|  |TAMS 0x0000000083000000, 0x0000000083000000| Untracked 
|  49|0x0000000083100000, 0x0000000083100000, 0x0000000083200000|  0%| F|  |TAMS 0x0000000083100000, 0x0000000083100000| Untracked 
|  50|0x0000000083200000, 0x0000000083200000, 0x0000000083300000|  0%| F|  |TAMS 0x0000000083200000, 0x0000000083200000| Untracked 
|  51|0x0000000083300000, 0x0000000083300000, 0x0000000083400000|  0%| F|  |TAMS 0x0000000083300000, 0x0000000083300000| Untracked 
|  52|0x0000000083400000, 0x0000000083400000, 0x0000000083500000|  0%| F|  |TAMS 0x0000000083400000, 0x0000000083400000| Untracked 
|  53|0x0000000083500000, 0x0000000083500000, 0x0000000083600000|  0%| F|  |TAMS 0x0000000083500000, 0x0000000083500000| Untracked 
|  54|0x0000000083600000, 0x0000000083600000, 0x0000000083700000|  0%| F|  |TAMS 0x0000000083600000, 0x0000000083600000| Untracked 
|  55|0x0000000083700000, 0x0000000083700000, 0x0000000083800000|  0%| F|  |TAMS 0x0000000083700000, 0x0000000083700000| Untracked 
|  56|0x0000000083800000, 0x0000000083800000, 0x0000000083900000|  0%| F|  |TAMS 0x0000000083800000, 0x0000000083800000| Untracked 
|  57|0x0000000083900000, 0x0000000083900000, 0x0000000083a00000|  0%| F|  |TAMS 0x0000000083900000, 0x0000000083900000| Untracked 
|  58|0x0000000083a00000, 0x0000000083a00000, 0x0000000083b00000|  0%| F|  |TAMS 0x0000000083a00000, 0x0000000083a00000| Untracked 
|  59|0x0000000083b00000, 0x0000000083b00000, 0x0000000083c00000|  0%| F|  |TAMS 0x0000000083b00000, 0x0000000083b00000| Untracked 
|  60|0x0000000083c00000, 0x0000000083c00000, 0x0000000083d00000|  0%| F|  |TAMS 0x0000000083c00000, 0x0000000083c00000| Untracked 
|  61|0x0000000083d00000, 0x0000000083d00000, 0x0000000083e00000|  0%| F|  |TAMS 0x0000000083d00000, 0x0000000083d00000| Untracked 
|  62|0x0000000083e00000, 0x0000000083e00000, 0x0000000083f00000|  0%| F|  |TAMS 0x0000000083e00000, 0x0000000083e00000| Untracked 
|  63|0x0000000083f00000, 0x0000000083f00000, 0x0000000084000000|  0%| F|  |TAMS 0x0000000083f00000, 0x0000000083f00000| Untracked 
|  64|0x0000000084000000, 0x0000000084000000, 0x0000000084100000|  0%| F|  |TAMS 0x0000000084000000, 0x0000000084000000| Untracked 
|  65|0x0000000084100000, 0x0000000084100000, 0x0000000084200000|  0%| F|  |TAMS 0x0000000084100000, 0x0000000084100000| Untracked 
|  66|0x0000000084200000, 0x0000000084200000, 0x0000000084300000|  0%| F|  |TAMS 0x0000000084200000, 0x0000000084200000| Untracked 
|  67|0x0000000084300000, 0x0000000084300000, 0x0000000084400000|  0%| F|  |TAMS 0x0000000084300000, 0x0000000084300000| Untracked 
|  68|0x0000000084400000, 0x0000000084400000, 0x0000000084500000|  0%| F|  |TAMS 0x0000000084400000, 0x0000000084400000| Untracked 
|  69|0x0000000084500000, 0x0000000084500000, 0x0000000084600000|  0%| F|  |TAMS 0x0000000084500000, 0x0000000084500000| Untracked 
|  70|0x0000000084600000, 0x0000000084600000, 0x0000000084700000|  0%| F|  |TAMS 0x0000000084600000, 0x0000000084600000| Untracked 
|  71|0x0000000084700000, 0x0000000084700000, 0x0000000084800000|  0%| F|  |TAMS 0x0000000084700000, 0x0000000084700000| Untracked 
|  72|0x0000000084800000, 0x0000000084800000, 0x0000000084900000|  0%| F|  |TAMS 0x0000000084800000, 0x0000000084800000| Untracked 
|  73|0x0000000084900000, 0x0000000084900000, 0x0000000084a00000|  0%| F|  |TAMS 0x0000000084900000, 0x0000000084900000| Untracked 
|  74|0x0000000084a00000, 0x0000000084a00000, 0x0000000084b00000|  0%| F|  |TAMS 0x0000000084a00000, 0x0000000084a00000| Untracked 
|  75|0x0000000084b00000, 0x0000000084b00000, 0x0000000084c00000|  0%| F|  |TAMS 0x0000000084b00000, 0x0000000084b00000| Untracked 
|  76|0x0000000084c00000, 0x0000000084c00000, 0x0000000084d00000|  0%| F|  |TAMS 0x0000000084c00000, 0x0000000084c00000| Untracked 
|  77|0x0000000084d00000, 0x0000000084d00000, 0x0000000084e00000|  0%| F|  |TAMS 0x0000000084d00000, 0x0000000084d00000| Untracked 
|  78|0x0000000084e00000, 0x0000000084e00000, 0x0000000084f00000|  0%| F|  |TAMS 0x0000000084e00000, 0x0000000084e00000| Untracked 
|  79|0x0000000084f00000, 0x0000000084f00000, 0x0000000085000000|  0%| F|  |TAMS 0x0000000084f00000, 0x0000000084f00000| Untracked 
|  80|0x0000000085000000, 0x0000000085000000, 0x0000000085100000|  0%| F|  |TAMS 0x0000000085000000, 0x0000000085000000| Untracked 
|  81|0x0000000085100000, 0x0000000085100000, 0x0000000085200000|  0%| F|  |TAMS 0x0000000085100000, 0x0000000085100000| Untracked 
|  82|0x0000000085200000, 0x0000000085200000, 0x0000000085300000|  0%| F|  |TAMS 0x0000000085200000, 0x0000000085200000| Untracked 
|  83|0x0000000085300000, 0x0000000085300000, 0x0000000085400000|  0%| F|  |TAMS 0x0000000085300000, 0x0000000085300000| Untracked 
|  84|0x0000000085400000, 0x0000000085400000, 0x0000000085500000|  0%| F|  |TAMS 0x0000000085400000, 0x0000000085400000| Untracked 
|  85|0x0000000085500000, 0x0000000085500000, 0x0000000085600000|  0%| F|  |TAMS 0x0000000085500000, 0x0000000085500000| Untracked 
|  86|0x0000000085600000, 0x0000000085600000, 0x0000000085700000|  0%| F|  |TAMS 0x0000000085600000, 0x0000000085600000| Untracked 
|  87|0x0000000085700000, 0x0000000085700000, 0x0000000085800000|  0%| F|  |TAMS 0x0000000085700000, 0x0000000085700000| Untracked 
|  88|0x0000000085800000, 0x0000000085800000, 0x0000000085900000|  0%| F|  |TAMS 0x0000000085800000, 0x0000000085800000| Untracked 
|  89|0x0000000085900000, 0x0000000085900000, 0x0000000085a00000|  0%| F|  |TAMS 0x0000000085900000, 0x0000000085900000| Untracked 
|  90|0x0000000085a00000, 0x0000000085a00000, 0x0000000085b00000|  0%| F|  |TAMS 0x0000000085a00000, 0x0000000085a00000| Untracked 
|  91|0x0000000085b00000, 0x0000000085b00000, 0x0000000085c00000|  0%| F|  |TAMS 0x0000000085b00000, 0x0000000085b00000| Untracked 
|  92|0x0000000085c00000, 0x0000000085c00000, 0x0000000085d00000|  0%| F|  |TAMS 0x0000000085c00000, 0x0000000085c00000| Untracked 
|  93|0x0000000085d00000, 0x0000000085d00000, 0x0000000085e00000|  0%| F|  |TAMS 0x0000000085d00000, 0x0000000085d00000| Untracked 
|  94|0x0000000085e00000, 0x0000000085e00000, 0x0000000085f00000|  0%| F|  |TAMS 0x0000000085e00000, 0x0000000085e00000| Untracked 
|  95|0x0000000085f00000, 0x0000000085f00000, 0x0000000086000000|  0%| F|  |TAMS 0x0000000085f00000, 0x0000000085f00000| Untracked 
|  96|0x0000000086000000, 0x0000000086000000, 0x0000000086100000|  0%| F|  |TAMS 0x0000000086000000, 0x0000000086000000| Untracked 
|  97|0x0000000086100000, 0x0000000086100000, 0x0000000086200000|  0%| F|  |TAMS 0x0000000086100000, 0x0000000086100000| Untracked 
|  98|0x0000000086200000, 0x0000000086200000, 0x0000000086300000|  0%| F|  |TAMS 0x0000000086200000, 0x0000000086200000| Untracked 
|  99|0x0000000086300000, 0x0000000086300000, 0x0000000086400000|  0%| F|  |TAMS 0x0000000086300000, 0x0000000086300000| Untracked 
| 100|0x0000000086400000, 0x0000000086500000, 0x0000000086500000|100%| S|CS|TAMS 0x0000000086400000, 0x0000000086400000| Complete 
| 101|0x0000000086500000, 0x0000000086600000, 0x0000000086600000|100%| S|CS|TAMS 0x0000000086500000, 0x0000000086500000| Complete 
| 102|0x0000000086600000, 0x0000000086700000, 0x0000000086700000|100%| S|CS|TAMS 0x0000000086600000, 0x0000000086600000| Complete 
| 103|0x0000000086700000, 0x0000000086800000, 0x0000000086800000|100%| S|CS|TAMS 0x0000000086700000, 0x0000000086700000| Complete 
| 104|0x0000000086800000, 0x0000000086900000, 0x0000000086900000|100%| S|CS|TAMS 0x0000000086800000, 0x0000000086800000| Complete 
| 105|0x0000000086900000, 0x0000000086a00000, 0x0000000086a00000|100%| S|CS|TAMS 0x0000000086900000, 0x0000000086900000| Complete 
| 106|0x0000000086a00000, 0x0000000086b00000, 0x0000000086b00000|100%| S|CS|TAMS 0x0000000086a00000, 0x0000000086a00000| Complete 
| 107|0x0000000086b00000, 0x0000000086c00000, 0x0000000086c00000|100%| S|CS|TAMS 0x0000000086b00000, 0x0000000086b00000| Complete 
| 108|0x0000000086c00000, 0x0000000086d00000, 0x0000000086d00000|100%| S|CS|TAMS 0x0000000086c00000, 0x0000000086c00000| Complete 
| 109|0x0000000086d00000, 0x0000000086e00000, 0x0000000086e00000|100%| S|CS|TAMS 0x0000000086d00000, 0x0000000086d00000| Complete 
| 110|0x0000000086e00000, 0x0000000086f00000, 0x0000000086f00000|100%| S|CS|TAMS 0x0000000086e00000, 0x0000000086e00000| Complete 
| 111|0x0000000086f00000, 0x0000000086f00000, 0x0000000087000000|  0%| F|  |TAMS 0x0000000086f00000, 0x0000000086f00000| Untracked 
| 112|0x0000000087000000, 0x0000000087000000, 0x0000000087100000|  0%| F|  |TAMS 0x0000000087000000, 0x0000000087000000| Untracked 
| 113|0x0000000087100000, 0x0000000087100000, 0x0000000087200000|  0%| F|  |TAMS 0x0000000087100000, 0x0000000087100000| Untracked 
| 114|0x0000000087200000, 0x0000000087200000, 0x0000000087300000|  0%| F|  |TAMS 0x0000000087200000, 0x0000000087200000| Untracked 
| 115|0x0000000087300000, 0x0000000087300000, 0x0000000087400000|  0%| F|  |TAMS 0x0000000087300000, 0x0000000087300000| Untracked 
| 116|0x0000000087400000, 0x0000000087400000, 0x0000000087500000|  0%| F|  |TAMS 0x0000000087400000, 0x0000000087400000| Untracked 
| 117|0x0000000087500000, 0x0000000087500000, 0x0000000087600000|  0%| F|  |TAMS 0x0000000087500000, 0x0000000087500000| Untracked 
| 118|0x0000000087600000, 0x0000000087600000, 0x0000000087700000|  0%| F|  |TAMS 0x0000000087600000, 0x0000000087600000| Untracked 
| 119|0x0000000087700000, 0x0000000087700000, 0x0000000087800000|  0%| F|  |TAMS 0x0000000087700000, 0x0000000087700000| Untracked 
| 120|0x0000000087800000, 0x0000000087800000, 0x0000000087900000|  0%| F|  |TAMS 0x0000000087800000, 0x0000000087800000| Untracked 
| 121|0x0000000087900000, 0x0000000087900000, 0x0000000087a00000|  0%| F|  |TAMS 0x0000000087900000, 0x0000000087900000| Untracked 
| 122|0x0000000087a00000, 0x0000000087a00000, 0x0000000087b00000|  0%| F|  |TAMS 0x0000000087a00000, 0x0000000087a00000| Untracked 
| 123|0x0000000087b00000, 0x0000000087b00000, 0x0000000087c00000|  0%| F|  |TAMS 0x0000000087b00000, 0x0000000087b00000| Untracked 
| 124|0x0000000087c00000, 0x0000000087c00000, 0x0000000087d00000|  0%| F|  |TAMS 0x0000000087c00000, 0x0000000087c00000| Untracked 
| 125|0x0000000087d00000, 0x0000000087d00000, 0x0000000087e00000|  0%| F|  |TAMS 0x0000000087d00000, 0x0000000087d00000| Untracked 
| 126|0x0000000087e00000, 0x0000000087e00000, 0x0000000087f00000|  0%| F|  |TAMS 0x0000000087e00000, 0x0000000087e00000| Untracked 
| 127|0x0000000087f00000, 0x0000000087f00000, 0x0000000088000000|  0%| F|  |TAMS 0x0000000087f00000, 0x0000000087f00000| Untracked 
| 128|0x0000000088000000, 0x0000000088000000, 0x0000000088100000|  0%| F|  |TAMS 0x0000000088000000, 0x0000000088000000| Untracked 
| 129|0x0000000088100000, 0x0000000088100000, 0x0000000088200000|  0%| F|  |TAMS 0x0000000088100000, 0x0000000088100000| Untracked 
| 130|0x0000000088200000, 0x0000000088200000, 0x0000000088300000|  0%| F|  |TAMS 0x0000000088200000, 0x0000000088200000| Untracked 
| 131|0x0000000088300000, 0x0000000088300000, 0x0000000088400000|  0%| F|  |TAMS 0x0000000088300000, 0x0000000088300000| Untracked 
| 132|0x0000000088400000, 0x0000000088400000, 0x0000000088500000|  0%| F|  |TAMS 0x0000000088400000, 0x0000000088400000| Untracked 
| 133|0x0000000088500000, 0x0000000088500000, 0x0000000088600000|  0%| F|  |TAMS 0x0000000088500000, 0x0000000088500000| Untracked 
| 134|0x0000000088600000, 0x0000000088600000, 0x0000000088700000|  0%| F|  |TAMS 0x0000000088600000, 0x0000000088600000| Untracked 
| 135|0x0000000088700000, 0x0000000088700000, 0x0000000088800000|  0%| F|  |TAMS 0x0000000088700000, 0x0000000088700000| Untracked 
| 136|0x0000000088800000, 0x0000000088800000, 0x0000000088900000|  0%| F|  |TAMS 0x0000000088800000, 0x0000000088800000| Untracked 
| 137|0x0000000088900000, 0x0000000088900000, 0x0000000088a00000|  0%| F|  |TAMS 0x0000000088900000, 0x0000000088900000| Untracked 
| 138|0x0000000088a00000, 0x0000000088a00000, 0x0000000088b00000|  0%| F|  |TAMS 0x0000000088a00000, 0x0000000088a00000| Untracked 
| 139|0x0000000088b00000, 0x0000000088b00000, 0x0000000088c00000|  0%| F|  |TAMS 0x0000000088b00000, 0x0000000088b00000| Untracked 
| 140|0x0000000088c00000, 0x0000000088c00000, 0x0000000088d00000|  0%| F|  |TAMS 0x0000000088c00000, 0x0000000088c00000| Untracked 
| 141|0x0000000088d00000, 0x0000000088d00000, 0x0000000088e00000|  0%| F|  |TAMS 0x0000000088d00000, 0x0000000088d00000| Untracked 
| 142|0x0000000088e00000, 0x0000000088e00000, 0x0000000088f00000|  0%| F|  |TAMS 0x0000000088e00000, 0x0000000088e00000| Untracked 
| 143|0x0000000088f00000, 0x0000000088f00000, 0x0000000089000000|  0%| F|  |TAMS 0x0000000088f00000, 0x0000000088f00000| Untracked 
| 144|0x0000000089000000, 0x0000000089000000, 0x0000000089100000|  0%| F|  |TAMS 0x0000000089000000, 0x0000000089000000| Untracked 
| 145|0x0000000089100000, 0x0000000089100000, 0x0000000089200000|  0%| F|  |TAMS 0x0000000089100000, 0x0000000089100000| Untracked 
| 146|0x0000000089200000, 0x0000000089200000, 0x0000000089300000|  0%| F|  |TAMS 0x0000000089200000, 0x0000000089200000| Untracked 
| 147|0x0000000089300000, 0x0000000089300000, 0x0000000089400000|  0%| F|  |TAMS 0x0000000089300000, 0x0000000089300000| Untracked 
| 148|0x0000000089400000, 0x0000000089400000, 0x0000000089500000|  0%| F|  |TAMS 0x0000000089400000, 0x0000000089400000| Untracked 
| 149|0x0000000089500000, 0x0000000089500000, 0x0000000089600000|  0%| F|  |TAMS 0x0000000089500000, 0x0000000089500000| Untracked 
| 150|0x0000000089600000, 0x0000000089600000, 0x0000000089700000|  0%| F|  |TAMS 0x0000000089600000, 0x0000000089600000| Untracked 
| 151|0x0000000089700000, 0x0000000089700000, 0x0000000089800000|  0%| F|  |TAMS 0x0000000089700000, 0x0000000089700000| Untracked 
| 152|0x0000000089800000, 0x0000000089800000, 0x0000000089900000|  0%| F|  |TAMS 0x0000000089800000, 0x0000000089800000| Untracked 
| 153|0x0000000089900000, 0x0000000089900000, 0x0000000089a00000|  0%| F|  |TAMS 0x0000000089900000, 0x0000000089900000| Untracked 
| 154|0x0000000089a00000, 0x0000000089a00000, 0x0000000089b00000|  0%| F|  |TAMS 0x0000000089a00000, 0x0000000089a00000| Untracked 
| 155|0x0000000089b00000, 0x0000000089b00000, 0x0000000089c00000|  0%| F|  |TAMS 0x0000000089b00000, 0x0000000089b00000| Untracked 
| 156|0x0000000089c00000, 0x0000000089c00000, 0x0000000089d00000|  0%| F|  |TAMS 0x0000000089c00000, 0x0000000089c00000| Untracked 
| 157|0x0000000089d00000, 0x0000000089d00000, 0x0000000089e00000|  0%| F|  |TAMS 0x0000000089d00000, 0x0000000089d00000| Untracked 
| 158|0x0000000089e00000, 0x0000000089e00000, 0x0000000089f00000|  0%| F|  |TAMS 0x0000000089e00000, 0x0000000089e00000| Untracked 
| 159|0x0000000089f00000, 0x0000000089f00000, 0x000000008a000000|  0%| F|  |TAMS 0x0000000089f00000, 0x0000000089f00000| Untracked 
| 160|0x000000008a000000, 0x000000008a000000, 0x000000008a100000|  0%| F|  |TAMS 0x000000008a000000, 0x000000008a000000| Untracked 
| 161|0x000000008a100000, 0x000000008a100000, 0x000000008a200000|  0%| F|  |TAMS 0x000000008a100000, 0x000000008a100000| Untracked 
| 162|0x000000008a200000, 0x000000008a300000, 0x000000008a300000|100%| E|  |TAMS 0x000000008a200000, 0x000000008a200000| Complete 
| 163|0x000000008a300000, 0x000000008a400000, 0x000000008a400000|100%| E|CS|TAMS 0x000000008a300000, 0x000000008a300000| Complete 
| 164|0x000000008a400000, 0x000000008a500000, 0x000000008a500000|100%| E|CS|TAMS 0x000000008a400000, 0x000000008a400000| Complete 
| 165|0x000000008a500000, 0x000000008a600000, 0x000000008a600000|100%| E|CS|TAMS 0x000000008a500000, 0x000000008a500000| Complete 
| 166|0x000000008a600000, 0x000000008a700000, 0x000000008a700000|100%| E|CS|TAMS 0x000000008a600000, 0x000000008a600000| Complete 
| 167|0x000000008a700000, 0x000000008a800000, 0x000000008a800000|100%| E|CS|TAMS 0x000000008a700000, 0x000000008a700000| Complete 
| 168|0x000000008a800000, 0x000000008a900000, 0x000000008a900000|100%| E|CS|TAMS 0x000000008a800000, 0x000000008a800000| Complete 
| 169|0x000000008a900000, 0x000000008aa00000, 0x000000008aa00000|100%| E|CS|TAMS 0x000000008a900000, 0x000000008a900000| Complete 
| 170|0x000000008aa00000, 0x000000008ab00000, 0x000000008ab00000|100%| E|CS|TAMS 0x000000008aa00000, 0x000000008aa00000| Complete 
| 171|0x000000008ab00000, 0x000000008ac00000, 0x000000008ac00000|100%| E|CS|TAMS 0x000000008ab00000, 0x000000008ab00000| Complete 
| 172|0x000000008ac00000, 0x000000008ad00000, 0x000000008ad00000|100%| E|CS|TAMS 0x000000008ac00000, 0x000000008ac00000| Complete 
| 173|0x000000008ad00000, 0x000000008ae00000, 0x000000008ae00000|100%| E|CS|TAMS 0x000000008ad00000, 0x000000008ad00000| Complete 
| 174|0x000000008ae00000, 0x000000008af00000, 0x000000008af00000|100%| E|CS|TAMS 0x000000008ae00000, 0x000000008ae00000| Complete 
| 175|0x000000008af00000, 0x000000008b000000, 0x000000008b000000|100%| E|CS|TAMS 0x000000008af00000, 0x000000008af00000| Complete 
| 176|0x000000008b000000, 0x000000008b100000, 0x000000008b100000|100%| E|CS|TAMS 0x000000008b000000, 0x000000008b000000| Complete 
| 177|0x000000008b100000, 0x000000008b200000, 0x000000008b200000|100%| E|CS|TAMS 0x000000008b100000, 0x000000008b100000| Complete 
| 178|0x000000008b200000, 0x000000008b300000, 0x000000008b300000|100%| E|CS|TAMS 0x000000008b200000, 0x000000008b200000| Complete 
| 179|0x000000008b300000, 0x000000008b400000, 0x000000008b400000|100%| E|CS|TAMS 0x000000008b300000, 0x000000008b300000| Complete 
| 180|0x000000008b400000, 0x000000008b500000, 0x000000008b500000|100%| E|CS|TAMS 0x000000008b400000, 0x000000008b400000| Complete 
| 181|0x000000008b500000, 0x000000008b600000, 0x000000008b600000|100%| E|CS|TAMS 0x000000008b500000, 0x000000008b500000| Complete 
| 182|0x000000008b600000, 0x000000008b700000, 0x000000008b700000|100%| E|CS|TAMS 0x000000008b600000, 0x000000008b600000| Complete 

Card table byte_map: [0x00000290ebda0000,0x00000290ec1a0000] _byte_map_base: 0x00000290eb9a0000

Marking Bits (Prev, Next): (CMBitMap*) 0x00000290d70a4848, (CMBitMap*) 0x00000290d70a4880
 Prev Bits: [0x00000290ec5a0000, 0x00000290ee5a0000)
 Next Bits: [0x00000290ee5a0000, 0x00000290f05a0000)

Polling page: 0x00000290d6e50000

Metaspace:

Usage:
  Non-class:     46.71 MB capacity,    45.76 MB ( 98%) used,   852.63 KB (  2%) free+waste,   119.38 KB ( <1%) overhead. 
      Class:      7.12 MB capacity,     6.66 MB ( 94%) used,   413.20 KB (  6%) free+waste,    57.31 KB ( <1%) overhead. 
       Both:     53.83 MB capacity,    52.42 MB ( 97%) used,     1.24 MB (  2%) free+waste,   176.69 KB ( <1%) overhead. 

Virtual space:
  Non-class space:       48.00 MB reserved,      46.83 MB ( 98%) committed 
      Class space:        1.00 GB reserved,       7.13 MB ( <1%) committed 
             Both:        1.05 GB reserved,      53.95 MB (  5%) committed 

Chunk freelists:
   Non-Class:  60.00 KB
       Class:  3.00 KB
        Both:  63.00 KB

MaxMetaspaceSize: 17179869184.00 GB
CompressedClassSpaceSize: 1.00 GB

CodeHeap 'non-profiled nmethods': size=120064Kb used=2481Kb max_used=2481Kb free=117582Kb
 bounds [0x00000290e3e40000, 0x00000290e40b0000, 0x00000290eb380000]
CodeHeap 'profiled nmethods': size=120000Kb used=10350Kb max_used=10350Kb free=109649Kb
 bounds [0x00000290dc910000, 0x00000290dd330000, 0x00000290e3e40000]
CodeHeap 'non-nmethods': size=5696Kb used=2219Kb max_used=2249Kb free=3476Kb
 bounds [0x00000290dc380000, 0x00000290dc5f0000, 0x00000290dc910000]
 total_blobs=5660 nmethods=4867 adapters=704
 compilation: enabled
              stopped_count=0, restarted_count=0
 full_count=0

Compilation events (20 events):
Event: 6.442 Thread 0x00000290f2bc0800 nmethod 4838 0x00000290dd2fc210 code [0x00000290dd2fc3c0, 0x00000290dd2fc5a8]
Event: 6.442 Thread 0x00000290f2bc0800 4839       3       jdk.internal.org.objectweb.asm.MethodVisitor::visitEnd (15 bytes)
Event: 6.442 Thread 0x00000290f2bc0800 nmethod 4839 0x00000290dd2fc690 code [0x00000290dd2fc840, 0x00000290dd2fca28]
Event: 6.442 Thread 0x00000290f2bc0800 4842       3       java.lang.invoke.AbstractValidatingLambdaMetafactory::validateMetafactoryArgs (607 bytes)
Event: 6.448 Thread 0x00000290f2bc0800 nmethod 4842 0x00000290dd2fcb10 code [0x00000290dd2fd660, 0x00000290dd305018]
Event: 6.448 Thread 0x00000290f2bc0800 4840       3       java.lang.invoke.InnerClassLambdaMetafactory::<init> (240 bytes)
Event: 6.450 Thread 0x00000290f2bc0800 nmethod 4840 0x00000290dd307a10 code [0x00000290dd307e80, 0x00000290dd309f78]
Event: 6.450 Thread 0x00000290f2bc0800 4843       3       java.lang.invoke.AbstractValidatingLambdaMetafactory::checkDescriptor (133 bytes)
Event: 6.452 Thread 0x00000290f2bc0800 nmethod 4843 0x00000290dd30aa90 code [0x00000290dd30aee0, 0x00000290dd30d278]
Event: 6.452 Thread 0x00000290f2bc0800 4848       2       java.util.HashSet::contains (9 bytes)
Event: 6.453 Thread 0x00000290f2bc0800 nmethod 4848 0x00000290dd30de10 code [0x00000290dd30dfc0, 0x00000290dd30e0e8]
Event: 6.453 Thread 0x00000290f2bc0800 4847       3       java.lang.invoke.InnerClassLambdaMetafactory::spinInnerClass (521 bytes)
Event: 6.455 Thread 0x00000290f2bc0800 nmethod 4847 0x00000290dd30e190 code [0x00000290dd30e6c0, 0x00000290dd310c78]
Event: 6.456 Thread 0x00000290f2bc0800 4841       3       java.lang.invoke.AbstractValidatingLambdaMetafactory::<init> (474 bytes)
Event: 6.463 Thread 0x00000290f2bc0800 nmethod 4841 0x00000290dd311b90 code [0x00000290dd3124a0, 0x00000290dd317938]
Event: 6.463 Thread 0x00000290f2bc0800 4844       3       java.lang.invoke.AbstractValidatingLambdaMetafactory::isAdaptableToAsReturnStrict (34 bytes)
Event: 6.463 Thread 0x00000290f2bc0800 nmethod 4844 0x00000290dd319390 code [0x00000290dd319580, 0x00000290dd319b08]
Event: 6.463 Thread 0x00000290f2bc0800 4846   !   3       java.lang.invoke.MethodHandles$Lookup::revealDirect (209 bytes)
Event: 6.465 Thread 0x00000290f2bc0800 nmethod 4846 0x00000290dd319c90 code [0x00000290dd31a040, 0x00000290dd31b718]
Event: 6.465 Thread 0x00000290f2bc0800 4849       3       org.gradle.internal.operations.DefaultBuildOperationExecutor::assertParentRunning (49 bytes)

GC Heap History (20 events):
Event: 0.500 GC heap before
{Heap before GC invocations=0 (full 0):
 garbage-first heap   total 129024K, used 19456K [0x0000000080000000, 0x0000000100000000)
  region size 1024K, 14 young (14336K), 0 survivors (0K)
 Metaspace       used 7566K, capacity 7733K, committed 7936K, reserved 1056768K
  class space    used 705K, capacity 749K, committed 768K, reserved 1048576K
}
Event: 0.504 GC heap after
{Heap after GC invocations=1 (full 0):
 garbage-first heap   total 129024K, used 7665K [0x0000000080000000, 0x0000000100000000)
  region size 1024K, 2 young (2048K), 2 survivors (2048K)
 Metaspace       used 7566K, capacity 7733K, committed 7936K, reserved 1056768K
  class space    used 705K, capacity 749K, committed 768K, reserved 1048576K
}
Event: 0.800 GC heap before
{Heap before GC invocations=1 (full 0):
 garbage-first heap   total 129024K, used 19953K [0x0000000080000000, 0x0000000100000000)
  region size 1024K, 14 young (14336K), 2 survivors (2048K)
 Metaspace       used 10497K, capacity 10761K, committed 11008K, reserved 1058816K
  class space    used 1104K, capacity 1164K, committed 1280K, reserved 1048576K
}
Event: 0.803 GC heap after
{Heap after GC invocations=2 (full 0):
 garbage-first heap   total 129024K, used 8556K [0x0000000080000000, 0x0000000100000000)
  region size 1024K, 1 young (1024K), 1 survivors (1024K)
 Metaspace       used 10497K, capacity 10761K, committed 11008K, reserved 1058816K
  class space    used 1104K, capacity 1164K, committed 1280K, reserved 1048576K
}
Event: 1.131 GC heap before
{Heap before GC invocations=2 (full 0):
 garbage-first heap   total 129024K, used 37228K [0x0000000080000000, 0x0000000100000000)
  region size 1024K, 30 young (30720K), 1 survivors (1024K)
 Metaspace       used 10750K, capacity 11041K, committed 11264K, reserved 1058816K
  class space    used 1133K, capacity 1236K, committed 1280K, reserved 1048576K
}
Event: 1.136 GC heap after
{Heap after GC invocations=3 (full 0):
 garbage-first heap   total 129024K, used 12797K [0x0000000080000000, 0x0000000100000000)
  region size 1024K, 4 young (4096K), 4 survivors (4096K)
 Metaspace       used 10750K, capacity 11041K, committed 11264K, reserved 1058816K
  class space    used 1133K, capacity 1236K, committed 1280K, reserved 1048576K
}
Event: 2.269 GC heap before
{Heap before GC invocations=3 (full 0):
 garbage-first heap   total 129024K, used 55805K [0x0000000080000000, 0x0000000100000000)
  region size 1024K, 46 young (47104K), 4 survivors (4096K)
 Metaspace       used 19428K, capacity 19810K, committed 19968K, reserved 1067008K
  class space    used 2354K, capacity 2479K, committed 2560K, reserved 1048576K
}
Event: 2.275 GC heap after
{Heap after GC invocations=4 (full 0):
 garbage-first heap   total 129024K, used 15792K [0x0000000080000000, 0x0000000100000000)
  region size 1024K, 3 young (3072K), 3 survivors (3072K)
 Metaspace       used 19428K, capacity 19810K, committed 19968K, reserved 1067008K
  class space    used 2354K, capacity 2479K, committed 2560K, reserved 1048576K
}
Event: 2.356 GC heap before
{Heap before GC invocations=4 (full 0):
 garbage-first heap   total 129024K, used 19888K [0x0000000080000000, 0x0000000100000000)
  region size 1024K, 8 young (8192K), 3 survivors (3072K)
 Metaspace       used 20686K, capacity 21175K, committed 21296K, reserved 1069056K
  class space    used 2435K, capacity 2617K, committed 2688K, reserved 1048576K
}
Event: 2.367 GC heap after
{Heap after GC invocations=5 (full 0):
 garbage-first heap   total 155648K, used 15969K [0x0000000080000000, 0x0000000100000000)
  region size 1024K, 4 young (4096K), 4 survivors (4096K)
 Metaspace       used 20686K, capacity 21175K, committed 21296K, reserved 1069056K
  class space    used 2435K, capacity 2617K, committed 2688K, reserved 1048576K
}
Event: 3.059 GC heap before
{Heap before GC invocations=6 (full 0):
 garbage-first heap   total 155648K, used 76385K [0x0000000080000000, 0x0000000100000000)
  region size 1024K, 54 young (55296K), 4 survivors (4096K)
 Metaspace       used 26098K, capacity 26811K, committed 27056K, reserved 1073152K
  class space    used 3321K, capacity 3570K, committed 3584K, reserved 1048576K
}
Event: 3.069 GC heap after
{Heap after GC invocations=7 (full 0):
 garbage-first heap   total 155648K, used 30974K [0x0000000080000000, 0x0000000100000000)
  region size 1024K, 7 young (7168K), 7 survivors (7168K)
 Metaspace       used 26098K, capacity 26811K, committed 27056K, reserved 1073152K
  class space    used 3321K, capacity 3570K, committed 3584K, reserved 1048576K
}
Event: 3.735 GC heap before
{Heap before GC invocations=7 (full 0):
 garbage-first heap   total 155648K, used 83198K [0x0000000080000000, 0x0000000100000000)
  region size 1024K, 59 young (60416K), 7 survivors (7168K)
 Metaspace       used 35003K, capacity 35733K, committed 35920K, reserved 1081344K
  class space    used 4454K, capacity 4749K, committed 4864K, reserved 1048576K
}
Event: 3.746 GC heap after
{Heap after GC invocations=8 (full 0):
 garbage-first heap   total 155648K, used 34351K [0x0000000080000000, 0x0000000100000000)
  region size 1024K, 8 young (8192K), 8 survivors (8192K)
 Metaspace       used 35003K, capacity 35733K, committed 35920K, reserved 1081344K
  class space    used 4454K, capacity 4749K, committed 4864K, reserved 1048576K
}
Event: 4.625 GC heap before
{Heap before GC invocations=9 (full 0):
 garbage-first heap   total 155648K, used 94767K [0x0000000080000000, 0x0000000100000000)
  region size 1024K, 65 young (66560K), 8 survivors (8192K)
 Metaspace       used 40636K, capacity 41676K, committed 41808K, reserved 1085440K
  class space    used 5128K, capacity 5509K, committed 5632K, reserved 1048576K
}
Event: 4.639 GC heap after
{Heap after GC invocations=10 (full 0):
 garbage-first heap   total 155648K, used 39574K [0x0000000080000000, 0x0000000100000000)
  region size 1024K, 9 young (9216K), 9 survivors (9216K)
 Metaspace       used 40636K, capacity 41676K, committed 41808K, reserved 1085440K
  class space    used 5128K, capacity 5509K, committed 5632K, reserved 1048576K
}
Event: 5.278 GC heap before
{Heap before GC invocations=10 (full 0):
 garbage-first heap   total 155648K, used 99990K [0x0000000080000000, 0x0000000100000000)
  region size 1024K, 68 young (69632K), 9 survivors (9216K)
 Metaspace       used 44664K, capacity 45835K, committed 46032K, reserved 1089536K
  class space    used 5755K, capacity 6145K, committed 6272K, reserved 1048576K
}
Event: 5.294 GC heap after
{Heap after GC invocations=11 (full 0):
 garbage-first heap   total 187392K, used 43576K [0x0000000080000000, 0x0000000100000000)
  region size 1024K, 9 young (9216K), 9 survivors (9216K)
 Metaspace       used 44664K, capacity 45835K, committed 46032K, reserved 1089536K
  class space    used 5755K, capacity 6145K, committed 6272K, reserved 1048576K
}
Event: 6.146 GC heap before
{Heap before GC invocations=11 (full 0):
 garbage-first heap   total 187392K, used 123448K [0x0000000080000000, 0x0000000100000000)
  region size 1024K, 81 young (82944K), 9 survivors (9216K)
 Metaspace       used 49526K, capacity 50980K, committed 51280K, reserved 1093632K
  class space    used 6385K, capacity 6831K, committed 6912K, reserved 1048576K
}
Event: 6.162 GC heap after
{Heap after GC invocations=12 (full 0):
 garbage-first heap   total 187392K, used 59143K [0x0000000080000000, 0x0000000100000000)
  region size 1024K, 11 young (11264K), 11 survivors (11264K)
 Metaspace       used 49526K, capacity 50980K, committed 51280K, reserved 1093632K
  class space    used 6385K, capacity 6831K, committed 6912K, reserved 1048576K
}

Deoptimization events (20 events):
Event: 6.238 Thread 0x00000290f547c000 Uncommon trap: trap_request=0xffffff45 fr.pc=0x00000290e3f5e674 relative=0x0000000000000214
Event: 6.238 Thread 0x00000290f547c000 Uncommon trap: reason=unstable_fused_if action=reinterpret pc=0x00000290e3f5e674 method=org.objectweb.asm.ByteVector.putUTF8(Ljava/lang/String;)Lorg/objectweb/asm/ByteVector; @ 93 c2
Event: 6.238 Thread 0x00000290f547c000 DEOPT PACKING pc=0x00000290e3f5e674 sp=0x000000b48adf93f0
Event: 6.238 Thread 0x00000290f547c000 DEOPT UNPACKING pc=0x00000290dc3a78af sp=0x000000b48adf9370 mode 2
Event: 6.278 Thread 0x00000290f547c000 Uncommon trap: trap_request=0xffffff4d fr.pc=0x00000290e402da5c relative=0x0000000000001d3c
Event: 6.278 Thread 0x00000290f547c000 Uncommon trap: reason=unstable_if action=reinterpret pc=0x00000290e402da5c method=java.util.concurrent.ConcurrentHashMap.computeIfAbsent(Ljava/lang/Object;Ljava/util/function/Function;)Ljava/lang/Object; @ 312 c2
Event: 6.278 Thread 0x00000290f547c000 DEOPT PACKING pc=0x00000290e402da5c sp=0x000000b48adf5c00
Event: 6.278 Thread 0x00000290f547c000 DEOPT UNPACKING pc=0x00000290dc3a78af sp=0x000000b48adf5b88 mode 2
Event: 6.431 Thread 0x00000290f547c000 Uncommon trap: trap_request=0xffffffde fr.pc=0x00000290e401b484 relative=0x00000000000014e4
Event: 6.431 Thread 0x00000290f547c000 Uncommon trap: reason=class_check action=maybe_recompile pc=0x00000290e401b484 method=jdk.internal.loader.BuiltinClassLoader.loadClassOrNull(Ljava/lang/String;Z)Ljava/lang/Class; @ 86 c2
Event: 6.431 Thread 0x00000290f547c000 DEOPT PACKING pc=0x00000290e401b484 sp=0x000000b48adf76b0
Event: 6.431 Thread 0x00000290f547c000 DEOPT UNPACKING pc=0x00000290dc3a78af sp=0x000000b48adf7618 mode 2
Event: 6.449 Thread 0x00000290f547c000 Uncommon trap: trap_request=0xffffffde fr.pc=0x00000290e3fe69e4 relative=0x0000000000000224
Event: 6.449 Thread 0x00000290f547c000 Uncommon trap: reason=class_check action=maybe_recompile pc=0x00000290e3fe69e4 method=java.util.HashSet.contains(Ljava/lang/Object;)Z @ 5 c2
Event: 6.449 Thread 0x00000290f547c000 DEOPT PACKING pc=0x00000290e3fe69e4 sp=0x000000b48adf9a10
Event: 6.449 Thread 0x00000290f547c000 DEOPT UNPACKING pc=0x00000290dc3a78af sp=0x000000b48adf99b8 mode 2
Event: 6.449 Thread 0x00000290f547c000 Uncommon trap: trap_request=0xffffffde fr.pc=0x00000290e3fe69e4 relative=0x0000000000000224
Event: 6.449 Thread 0x00000290f547c000 Uncommon trap: reason=class_check action=maybe_recompile pc=0x00000290e3fe69e4 method=java.util.HashSet.contains(Ljava/lang/Object;)Z @ 5 c2
Event: 6.449 Thread 0x00000290f547c000 DEOPT PACKING pc=0x00000290e3fe69e4 sp=0x000000b48adf9a10
Event: 6.449 Thread 0x00000290f547c000 DEOPT UNPACKING pc=0x00000290dc3a78af sp=0x000000b48adf99b8 mode 2

Classes redefined (0 events):
No events

Internal exceptions (20 events):
Event: 5.854 Thread 0x00000290f547c000 Exception <a 'java/lang/ClassNotFoundException'{0x0000000088971f68}: org/gradle/api/tasks/DeleteBeanInfo> (0x0000000088971f68) thrown at [./src/hotspot/share/classfile/systemDictionary.cpp, line 231]
Event: 5.855 Thread 0x00000290f547c000 Exception <a 'java/lang/ClassNotFoundException'{0x0000000088994ff8}: org/gradle/api/internal/ConventionTaskBeanInfo> (0x0000000088994ff8) thrown at [./src/hotspot/share/classfile/systemDictionary.cpp, line 231]
Event: 5.858 Thread 0x00000290f547c000 Exception <a 'java/lang/ClassNotFoundException'{0x00000000889b4f40}: org/gradle/api/DefaultTaskBeanInfo> (0x00000000889b4f40) thrown at [./src/hotspot/share/classfile/systemDictionary.cpp, line 231]
Event: 5.859 Thread 0x00000290f547c000 Exception <a 'java/lang/ClassNotFoundException'{0x00000000889d7c78}: org/gradle/api/internal/AbstractTaskBeanInfo> (0x00000000889d7c78) thrown at [./src/hotspot/share/classfile/systemDictionary.cpp, line 231]
Event: 5.860 Thread 0x00000290f547c000 Exception <a 'java/lang/ClassNotFoundException'{0x00000000889faaa0}: org/gradle/api/internal/AbstractTaskCustomizer> (0x00000000889faaa0) thrown at [./src/hotspot/share/classfile/systemDictionary.cpp, line 231]
Event: 5.862 Thread 0x00000290f547c000 Exception <a 'java/lang/ClassNotFoundException'{0x000000008885df08}: org/gradle/api/DefaultTaskCustomizer> (0x000000008885df08) thrown at [./src/hotspot/share/classfile/systemDictionary.cpp, line 231]
Event: 5.863 Thread 0x00000290f547c000 Exception <a 'java/lang/ClassNotFoundException'{0x000000008888d028}: org/gradle/api/internal/ConventionTaskCustomizer> (0x000000008888d028) thrown at [./src/hotspot/share/classfile/systemDictionary.cpp, line 231]
Event: 5.864 Thread 0x00000290f547c000 Exception <a 'java/lang/ClassNotFoundException'{0x00000000888bcbd0}: org/gradle/api/tasks/DeleteCustomizer> (0x00000000888bcbd0) thrown at [./src/hotspot/share/classfile/systemDictionary.cpp, line 231]
Event: 5.865 Thread 0x00000290f547c000 Exception <a 'java/lang/ClassNotFoundException'{0x00000000888f28b0}: org/gradle/api/tasks/Delete_DecoratedCustomizer> (0x00000000888f28b0) thrown at [./src/hotspot/share/classfile/systemDictionary.cpp, line 231]
Event: 5.884 Thread 0x00000290f547c000 Exception <a 'java/lang/ClassNotFoundException'{0x00000000887f9960}: build_42kyt4bysl03j67a0fxz2mcfkBeanInfo> (0x00000000887f9960) thrown at [./src/hotspot/share/classfile/systemDictionary.cpp, line 231]
Event: 5.884 Thread 0x00000290f547c000 Exception <a 'java/lang/ClassNotFoundException'{0x0000000088614910}: build_42kyt4bysl03j67a0fxz2mcfkCustomizer> (0x0000000088614910) thrown at [./src/hotspot/share/classfile/systemDictionary.cpp, line 231]
Event: 5.891 Thread 0x00000290f547c000 Exception <a 'java/lang/ClassNotFoundException'{0x0000000088683bf8}: org/gradle/plugin/use/internal/PluginRequestCollector$PluginDependenciesSpecImplBeanInfo> (0x0000000088683bf8) thrown at [./src/hotspot/share/classfile/systemDictionary.cpp, line 231]
Event: 5.891 Thread 0x00000290f547c000 Exception <a 'java/lang/ClassNotFoundException'{0x00000000886a7188}: org/gradle/plugin/use/internal/PluginRequestCollector$PluginDependenciesSpecImplCustomizer> (0x00000000886a7188) thrown at [./src/hotspot/share/classfile/systemDictionary.cpp, line 231]
Event: 5.896 Thread 0x00000290f547c000 Exception <a 'java/lang/NoSuchMethodError'{0x000000008850da10}: 'void java.lang.invoke.DirectMethodHandle$Holder.invokeInterface(java.lang.Object, java.lang.Object)'> (0x000000008850da10) thrown at [./src/hotspot/share/interpreter/linkResolver.cpp, line 773]
Event: 5.965 Thread 0x00000290f547c000 Exception <a 'java/lang/NoSuchMethodError'{0x0000000087f06668}: 'void java.lang.invoke.DirectMethodHandle$Holder.invokeStatic(java.lang.Object, java.lang.Object, java.lang.Object, java.lang.Object, java.lang.Object)'> (0x0000000087f06668) thrown at [./src/hotspot/share/interpreter/linkResolver.cpp, line 773]
Event: 6.062 Thread 0x00000290f547c000 Exception <a 'java/lang/NoSuchMethodError'{0x00000000878ed9a0}: 'java.lang.Object java.lang.invoke.DirectMethodHandle$Holder.invokeStatic(java.lang.Object, java.lang.Object, java.lang.Object, java.lang.Object, int)'> (0x00000000878ed9a0) thrown at [./src/hotspot/share/interpreter/linkResolver.cpp, line 773]
Event: 6.062 Thread 0x00000290f547c000 Exception <a 'java/lang/NoSuchMethodError'{0x00000000878f2398}: 'java.lang.Object java.lang.invoke.DirectMethodHandle$Holder.invokeSpecial(java.lang.Object, java.lang.Object, java.lang.Object, java.lang.Object, java.lang.Object, int)'> (0x00000000878f2398) thrown at [./src/hotspot/share/interpreter/linkResolver.cpp, line 773]
Event: 6.062 Thread 0x00000290f547c000 Exception <a 'java/lang/NoSuchMethodError'{0x00000000878f69d8}: 'java.lang.Object java.lang.invoke.Invokers$Holder.linkToTargetMethod(java.lang.Object, java.lang.Object, java.lang.Object, int, java.lang.Object)'> (0x00000000878f69d8) thrown at [./src/hotspot/share/interpreter/linkResolver.cpp, line 773]
Event: 6.252 Thread 0x00000290f547c000 Exception <a 'java/lang/IncompatibleClassChangeError'{0x000000008b037078}: Found class java.lang.Object, but interface was expected> (0x000000008b037078) thrown at [./src/hotspot/share/interpreter/linkResolver.cpp, line 839]
Event: 6.448 Thread 0x00000290f547c000 Exception <a 'java/lang/NoSuchMethodError'{0x000000008a544568}: 'void java.lang.invoke.DirectMethodHandle$Holder.invokeInterface(java.lang.Object, java.lang.Object, java.lang.Object, java.lang.Object)'> (0x000000008a544568) thrown at [./src/hotspot/share/interpreter/linkResolver.cpp, line 773]

Events (20 events):
Event: 6.450 loading class com/android/build/gradle/internal/utils/DependencyInfo
Event: 6.450 loading class com/android/build/gradle/internal/utils/DependencyInfo done
Event: 6.451 loading class java/util/regex/Pattern$2
Event: 6.451 loading class java/util/regex/Pattern$2 done
Event: 6.451 loading class com/android/build/gradle/internal/utils/GradlePluginUtils$enforceMinimumVersionsOfPlugins$1
Event: 6.451 loading class com/android/build/gradle/internal/utils/GradlePluginUtils$enforceMinimumVersionsOfPlugins$1 done
Event: 6.453 loading class org/gradle/api/plugins/JavaBasePlugin
Event: 6.453 loading class org/gradle/api/plugins/JavaBasePlugin done
Event: 6.453 loading class org/gradle/api/plugins/JavaBasePlugin
Event: 6.453 loading class org/gradle/api/plugins/JavaBasePlugin done
Event: 6.459 loading class org/gradle/api/plugins/JavaPluginConvention
Event: 6.459 loading class org/gradle/api/plugins/JavaPluginConvention done
Event: 6.462 loading class org/gradle/api/plugins/internal/DefaultJavaPluginConvention
Event: 6.462 loading class org/gradle/api/plugins/internal/DefaultJavaPluginConvention done
Event: 6.463 loading class org/gradle/api/tasks/SourceSet
Event: 6.463 loading class org/gradle/api/tasks/SourceSet done
Event: 6.464 loading class org/gradle/api/plugins/BasePlugin
Event: 6.464 loading class org/gradle/api/plugins/BasePlugin done
Event: 6.465 loading class org/gradle/api/plugins/BasePluginConvention
Event: 6.465 loading class org/gradle/api/plugins/BasePluginConvention done


Dynamic libraries:
0x00007ff629d60000 - 0x00007ff629d6a000 	C:\Program Files\Android\Android Studio\jre\bin\java.exe
0x00007ffc25930000 - 0x00007ffc25b25000 	C:\WINDOWS\SYSTEM32\ntdll.dll
0x00007ffc01170000 - 0x00007ffc01185000 	C:\Program Files\AVG\Antivirus\aswhook.dll
0x00007ffc23ac0000 - 0x00007ffc23b7d000 	C:\WINDOWS\System32\KERNEL32.DLL
0x00007ffc23190000 - 0x00007ffc23459000 	C:\WINDOWS\System32\KERNELBASE.dll
0x00007ffc23510000 - 0x00007ffc23610000 	C:\WINDOWS\System32\ucrtbase.dll
0x00007ffc0b180000 - 0x00007ffc0b199000 	C:\Program Files\Android\Android Studio\jre\bin\jli.dll
0x00007ffc006d0000 - 0x00007ffc006e7000 	C:\Program Files\Android\Android Studio\jre\bin\VCRUNTIME140.dll
0x00007ffc25730000 - 0x00007ffc258d0000 	C:\WINDOWS\System32\USER32.dll
0x00007ffc236f0000 - 0x00007ffc23712000 	C:\WINDOWS\System32\win32u.dll
0x00007ffc23fb0000 - 0x00007ffc23fda000 	C:\WINDOWS\System32\GDI32.dll
0x00007ffc0b4e0000 - 0x00007ffc0b77a000 	C:\WINDOWS\WinSxS\amd64_microsoft.windows.common-controls_6595b64144ccf1df_6.0.19041.1110_none_60b5254171f9507e\COMCTL32.dll
0x00007ffc23880000 - 0x00007ffc2398b000 	C:\WINDOWS\System32\gdi32full.dll
0x00007ffc230f0000 - 0x00007ffc2318d000 	C:\WINDOWS\System32\msvcp_win.dll
0x00007ffc23de0000 - 0x00007ffc23e7e000 	C:\WINDOWS\System32\msvcrt.dll
0x00007ffc25650000 - 0x00007ffc25680000 	C:\WINDOWS\System32\IMM32.DLL
0x00007ffbecda0000 - 0x00007ffbece3d000 	C:\Program Files\Android\Android Studio\jre\bin\msvcp140.dll
0x00007ffbda9e0000 - 0x00007ffbdb4af000 	C:\Program Files\Android\Android Studio\jre\bin\server\jvm.dll
0x00007ffc25240000 - 0x00007ffc252ec000 	C:\WINDOWS\System32\ADVAPI32.dll
0x00007ffc23ce0000 - 0x00007ffc23d7b000 	C:\WINDOWS\System32\sechost.dll
0x00007ffc23ff0000 - 0x00007ffc2411a000 	C:\WINDOWS\System32\RPCRT4.dll
0x00007ffc24e40000 - 0x00007ffc24e48000 	C:\WINDOWS\System32\PSAPI.DLL
0x00007ffc1c9b0000 - 0x00007ffc1c9d7000 	C:\WINDOWS\SYSTEM32\WINMM.dll
0x00007ffc11fa0000 - 0x00007ffc11fa9000 	C:\WINDOWS\SYSTEM32\WSOCK32.dll
0x00007ffc1e7f0000 - 0x00007ffc1e7fa000 	C:\WINDOWS\SYSTEM32\VERSION.dll
0x00007ffc241b0000 - 0x00007ffc2421b000 	C:\WINDOWS\System32\WS2_32.dll
0x00007ffc20f70000 - 0x00007ffc20f82000 	C:\WINDOWS\SYSTEM32\kernel.appcore.dll
0x00007ffc1ae50000 - 0x00007ffc1ae61000 	C:\Program Files\Android\Android Studio\jre\bin\verify.dll
0x00007ffc1b880000 - 0x00007ffc1ba64000 	C:\WINDOWS\SYSTEM32\DBGHELP.DLL
0x00007ffc1be90000 - 0x00007ffc1bebc000 	C:\WINDOWS\SYSTEM32\dbgcore.DLL
0x00007ffc23060000 - 0x00007ffc230e3000 	C:\WINDOWS\System32\bcryptPrimitives.dll
0x00007ffc0a900000 - 0x00007ffc0a929000 	C:\Program Files\Android\Android Studio\jre\bin\java.dll
0x00007ffc20420000 - 0x00007ffc2042b000 	C:\Program Files\Android\Android Studio\jre\bin\jimage.dll
0x00007ffc17f50000 - 0x00007ffc17f68000 	C:\Program Files\Android\Android Studio\jre\bin\zip.dll
0x00007ffc246a0000 - 0x00007ffc24ddf000 	C:\WINDOWS\System32\SHELL32.dll
0x00007ffc21170000 - 0x00007ffc21900000 	C:\WINDOWS\SYSTEM32\windows.storage.dll
0x00007ffc252f0000 - 0x00007ffc25645000 	C:\WINDOWS\System32\combase.dll
0x00007ffc229f0000 - 0x00007ffc22a1c000 	C:\WINDOWS\SYSTEM32\Wldp.dll
0x00007ffc24e50000 - 0x00007ffc24efe000 	C:\WINDOWS\System32\SHCORE.dll
0x00007ffc23d80000 - 0x00007ffc23dd5000 	C:\WINDOWS\System32\shlwapi.dll
0x00007ffc22fa0000 - 0x00007ffc22fbf000 	C:\WINDOWS\SYSTEM32\profapi.dll
0x00007ffc17bf0000 - 0x00007ffc17c0a000 	C:\Program Files\Android\Android Studio\jre\bin\net.dll
0x00007ffc12920000 - 0x00007ffc12a28000 	C:\WINDOWS\SYSTEM32\WINHTTP.dll
0x00007ffc22750000 - 0x00007ffc227ba000 	C:\WINDOWS\system32\mswsock.dll
0x00007ffc154c0000 - 0x00007ffc154d4000 	C:\Program Files\Android\Android Studio\jre\bin\nio.dll
0x00007ffc0c580000 - 0x00007ffc0c5a7000 	C:\Users\Lenovo\.gradle\native\f6784746aeab05261644944871eae4fe03e0ef1612fff0a4a95f87b438bc6780\windows-amd64\native-platform.dll
0x00007ffc1fc70000 - 0x00007ffc1fc7a000 	C:\Program Files\Android\Android Studio\jre\bin\management.dll
0x00007ffc1fa80000 - 0x00007ffc1fa8c000 	C:\Program Files\Android\Android Studio\jre\bin\management_ext.dll
0x00007ffc22950000 - 0x00007ffc22968000 	C:\WINDOWS\SYSTEM32\CRYPTSP.dll
0x00007ffc220d0000 - 0x00007ffc22104000 	C:\WINDOWS\system32\rsaenh.dll
0x00007ffc23610000 - 0x00007ffc23637000 	C:\WINDOWS\System32\bcrypt.dll
0x00007ffc22f60000 - 0x00007ffc22f8e000 	C:\WINDOWS\SYSTEM32\USERENV.dll
0x00007ffc22940000 - 0x00007ffc2294c000 	C:\WINDOWS\SYSTEM32\CRYPTBASE.dll
0x00007ffc22440000 - 0x00007ffc2247b000 	C:\WINDOWS\SYSTEM32\IPHLPAPI.DLL
0x00007ffc23e80000 - 0x00007ffc23e88000 	C:\WINDOWS\System32\NSI.dll
0x00007ffc1c040000 - 0x00007ffc1c057000 	C:\WINDOWS\SYSTEM32\dhcpcsvc6.DLL
0x00007ffc1c230000 - 0x00007ffc1c24d000 	C:\WINDOWS\SYSTEM32\dhcpcsvc.DLL
0x00007ffc22480000 - 0x00007ffc2254c000 	C:\WINDOWS\SYSTEM32\DNSAPI.dll
0x00007ffc1c500000 - 0x00007ffc1c50b000 	C:\WINDOWS\SYSTEM32\WINNSI.DLL

dbghelp: loaded successfully - version: 4.0.5 - missing functions: none
symbol engine: initialized successfully - sym options: 0x614 - pdb path: .;C:\Program Files\Android\Android Studio\jre\bin;C:\WINDOWS\SYSTEM32;C:\Program Files\AVG\Antivirus;C:\WINDOWS\WinSxS\amd64_microsoft.windows.common-controls_6595b64144ccf1df_6.0.19041.1110_none_60b5254171f9507e;C:\Program Files\Android\Android Studio\jre\bin\server;C:\Users\Lenovo\.gradle\native\f6784746aeab05261644944871eae4fe03e0ef1612fff0a4a95f87b438bc6780\windows-amd64

VM Arguments:
jvm_args: --add-opens=java.base/java.util=ALL-UNNAMED --add-opens=java.base/java.lang=ALL-UNNAMED --add-opens=java.base/java.lang.invoke=ALL-UNNAMED --add-opens=java.prefs/java.util.prefs=ALL-UNNAMED -Xmx2048m -Dfile.encoding=UTF-8 -Duser.country=US -Duser.language=en -Duser.variant 
java_command: org.gradle.launcher.daemon.bootstrap.GradleDaemon 6.5
java_class_path (initial): C:\Users\Lenovo\.gradle\wrapper\dists\gradle-6.5-bin\6nifqtx7604sqp1q6g8wikw7p\gradle-6.5\lib\gradle-launcher-6.5.jar
Launcher Type: SUN_STANDARD

[Global flags]
     intx CICompilerCount                          = 3                                         {product} {ergonomic}
     uint ConcGCThreads                            = 1                                         {product} {ergonomic}
     uint G1ConcRefinementThreads                  = 4                                         {product} {ergonomic}
   size_t G1HeapRegionSize                         = 1048576                                   {product} {ergonomic}
    uintx GCDrainStackTargetSize                   = 64                                        {product} {ergonomic}
   size_t InitialHeapSize                          = 132120576                                 {product} {ergonomic}
   size_t MarkStackSize                            = 4194304                                   {product} {ergonomic}
   size_t MaxHeapSize                              = 2147483648                                {product} {command line}
   size_t MaxNewSize                               = 1287651328                                {product} {ergonomic}
   size_t MinHeapDeltaBytes                        = 1048576                                   {product} {ergonomic}
    uintx NonNMethodCodeHeapSize                   = 5830732                                {pd product} {ergonomic}
    uintx NonProfiledCodeHeapSize                  = 122913754                              {pd product} {ergonomic}
    uintx ProfiledCodeHeapSize                     = 122913754                              {pd product} {ergonomic}
    uintx ReservedCodeCacheSize                    = 251658240                              {pd product} {ergonomic}
     bool SegmentedCodeCache                       = true                                      {product} {ergonomic}
     bool UseCompressedClassPointers               = true                                 {lp64_product} {ergonomic}
     bool UseCompressedOops                        = true                                 {lp64_product} {ergonomic}
     bool UseG1GC                                  = true                                      {product} {ergonomic}
     bool UseLargePagesIndividualAllocation        = false                                  {pd product} {ergonomic}

Logging:
Log output configuration:
 #0: stdout all=warning uptime,level,tags
 #1: stderr all=off uptime,level,tags

Environment Variables:
JAVA_HOME=C:\Program Files\Java\jdk1.8.0_261
PATH=C:\Program Files (x86)\Intel\Intel(R) Management Engine Components\iCLS\;C:\Program Files\Intel\Intel(R) Management Engine Components\iCLS\;C:\Program Files (x86)\NVIDIA Corporation\PhysX\Common;C:\Program Files (x86)\Common Files\Intel\Shared Libraries\redist\intel64\compiler;C:\Program Files (x86)\Google\Chrome\Application;C:\Windows\system32;C:\Windows;C:\Windows\System32\Wbem;C:\Windows\System32\WindowsPowerShell\v1.0\;C:\Windows\System32\OpenSSH\;C:\Users\Lenovo\AppData\Local\Microsoft\WindowsApps;C:\adb;C:\WINDOWS\system32;C:\WINDOWS;C:\WINDOWS\System32\Wbem;C:\WINDOWS\System32\WindowsPowerShell\v1.0\;C:\WINDOWS\System32\OpenSSH\;c:\Program Files (x86)\Intel\Intel(R) Management Engine Components\DAL;c:\Program Files\Intel\Intel(R) Management Engine Components\DAL;c:\Program Files (x86)\Intel\Intel(R) Management Engine Components\IPT;c:\Program Files\Intel\Intel(R) Management Engine Components\IPT;D:\3dMax\;C:\Program Files\Common Files\Autodesk Shared\;C:\Program Files\Git\cmd;C:\Users\Lenovo\AppData\Local\Microsoft\WindowsApps;
USERNAME=Lenovo
OS=Windows_NT
PROCESSOR_IDENTIFIER=Intel64 Family 6 Model 142 Stepping 9, GenuineIntel



---------------  S Y S T E M  ---------------

OS: Windows 10 , 64 bit Build 19041 (10.0.19041.1151)
OS uptime: 12 days 23:02 hours

CPU:total 4 (initial active 4) (2 cores per cpu, 2 threads per core) family 6 model 142 stepping 9 microcode 0xde, cmov, cx8, fxsr, mmx, sse, sse2, sse3, ssse3, sse4.1, sse4.2, popcnt, avx, avx2, aes, clmul, erms, 3dnowpref, lzcnt, ht, tsc, tscinvbit, bmi1, bmi2, adx, fma

Memory: 4k page, system-wide physical 8058M (594M free)
TotalPageFile size 12058M (AvailPageFile size 5M)
current process WorkingSet (physical memory assigned to process): 323M, peak: 323M
current process commit charge ("private bytes"): 394M, peak: 395M

vm_info: OpenJDK 64-Bit Server VM (11.0.10+0-b96-7249189) for windows-amd64 JRE (11.0.10+0-b96-7249189), built on Mar 31 2021 21:44:00 by "builder" with MS VC++ 14.0 (VS2015)

END.
